<?xml version="1.0" encoding="UTF-8"?>
<testsuite xmlns:xsi="http://www.w3.org/2001/XMLSchema-instance" xsi:noNamespaceSchemaLocation="https://maven.apache.org/surefire/maven-surefire-plugin/xsd/surefire-test-report-3.0.xsd" version="3.0" name="com.example.springbatchtutorial.ScenarioIntegrationTests" time="72.505" tests="6" errors="0" skipped="0" failures="0">
  <properties>
    <property name="java.specification.version" value="17"/>
    <property name="sun.jnu.encoding" value="UTF-8"/>
    <property name="java.class.path" value="/Users/jurgenroos/spring-batch-tutorial/target/test-classes:/Users/jurgenroos/spring-batch-tutorial/target/classes:/Users/jurgenroos/.m2/repository/org/springframework/boot/spring-boot-starter-batch/3.2.0/spring-boot-starter-batch-3.2.0.jar:/Users/jurgenroos/.m2/repository/org/springframework/boot/spring-boot-starter/3.2.0/spring-boot-starter-3.2.0.jar:/Users/jurgenroos/.m2/repository/org/springframework/boot/spring-boot/3.2.0/spring-boot-3.2.0.jar:/Users/jurgenroos/.m2/repository/org/springframework/boot/spring-boot-autoconfigure/3.2.0/spring-boot-autoconfigure-3.2.0.jar:/Users/jurgenroos/.m2/repository/org/springframework/boot/spring-boot-starter-logging/3.2.0/spring-boot-starter-logging-3.2.0.jar:/Users/jurgenroos/.m2/repository/ch/qos/logback/logback-classic/1.4.11/logback-classic-1.4.11.jar:/Users/jurgenroos/.m2/repository/ch/qos/logback/logback-core/1.4.11/logback-core-1.4.11.jar:/Users/jurgenroos/.m2/repository/org/apache/logging/log4j/log4j-to-slf4j/2.21.1/log4j-to-slf4j-2.21.1.jar:/Users/jurgenroos/.m2/repository/org/apache/logging/log4j/log4j-api/2.21.1/log4j-api-2.21.1.jar:/Users/jurgenroos/.m2/repository/org/slf4j/jul-to-slf4j/2.0.9/jul-to-slf4j-2.0.9.jar:/Users/jurgenroos/.m2/repository/jakarta/annotation/jakarta.annotation-api/2.1.1/jakarta.annotation-api-2.1.1.jar:/Users/jurgenroos/.m2/repository/org/yaml/snakeyaml/2.2/snakeyaml-2.2.jar:/Users/jurgenroos/.m2/repository/org/springframework/boot/spring-boot-starter-jdbc/3.2.0/spring-boot-starter-jdbc-3.2.0.jar:/Users/jurgenroos/.m2/repository/com/zaxxer/HikariCP/5.0.1/HikariCP-5.0.1.jar:/Users/jurgenroos/.m2/repository/org/springframework/batch/spring-batch-core/5.1.0/spring-batch-core-5.1.0.jar:/Users/jurgenroos/.m2/repository/org/springframework/batch/spring-batch-infrastructure/5.1.0/spring-batch-infrastructure-5.1.0.jar:/Users/jurgenroos/.m2/repository/org/springframework/retry/spring-retry/2.0.4/spring-retry-2.0.4.jar:/Users/jurgenroos/.m2/repository/org/springframework/spring-aop/6.1.1/spring-aop-6.1.1.jar:/Users/jurgenroos/.m2/repository/org/springframework/spring-beans/6.1.1/spring-beans-6.1.1.jar:/Users/jurgenroos/.m2/repository/org/springframework/spring-context/6.1.1/spring-context-6.1.1.jar:/Users/jurgenroos/.m2/repository/org/springframework/spring-tx/6.1.1/spring-tx-6.1.1.jar:/Users/jurgenroos/.m2/repository/io/micrometer/micrometer-core/1.12.0/micrometer-core-1.12.0.jar:/Users/jurgenroos/.m2/repository/org/hdrhistogram/HdrHistogram/2.1.12/HdrHistogram-2.1.12.jar:/Users/jurgenroos/.m2/repository/org/latencyutils/LatencyUtils/2.0.3/LatencyUtils-2.0.3.jar:/Users/jurgenroos/.m2/repository/org/springframework/boot/spring-boot-starter-web/3.2.0/spring-boot-starter-web-3.2.0.jar:/Users/jurgenroos/.m2/repository/org/springframework/boot/spring-boot-starter-json/3.2.0/spring-boot-starter-json-3.2.0.jar:/Users/jurgenroos/.m2/repository/com/fasterxml/jackson/core/jackson-databind/2.15.3/jackson-databind-2.15.3.jar:/Users/jurgenroos/.m2/repository/com/fasterxml/jackson/core/jackson-annotations/2.15.3/jackson-annotations-2.15.3.jar:/Users/jurgenroos/.m2/repository/com/fasterxml/jackson/core/jackson-core/2.15.3/jackson-core-2.15.3.jar:/Users/jurgenroos/.m2/repository/com/fasterxml/jackson/datatype/jackson-datatype-jdk8/2.15.3/jackson-datatype-jdk8-2.15.3.jar:/Users/jurgenroos/.m2/repository/com/fasterxml/jackson/datatype/jackson-datatype-jsr310/2.15.3/jackson-datatype-jsr310-2.15.3.jar:/Users/jurgenroos/.m2/repository/com/fasterxml/jackson/module/jackson-module-parameter-names/2.15.3/jackson-module-parameter-names-2.15.3.jar:/Users/jurgenroos/.m2/repository/org/springframework/boot/spring-boot-starter-tomcat/3.2.0/spring-boot-starter-tomcat-3.2.0.jar:/Users/jurgenroos/.m2/repository/org/apache/tomcat/embed/tomcat-embed-core/10.1.16/tomcat-embed-core-10.1.16.jar:/Users/jurgenroos/.m2/repository/org/apache/tomcat/embed/tomcat-embed-websocket/10.1.16/tomcat-embed-websocket-10.1.16.jar:/Users/jurgenroos/.m2/repository/org/springframework/spring-web/6.1.1/spring-web-6.1.1.jar:/Users/jurgenroos/.m2/repository/org/springframework/spring-webmvc/6.1.1/spring-webmvc-6.1.1.jar:/Users/jurgenroos/.m2/repository/org/springframework/spring-expression/6.1.1/spring-expression-6.1.1.jar:/Users/jurgenroos/.m2/repository/org/springframework/boot/spring-boot-starter-actuator/3.2.0/spring-boot-starter-actuator-3.2.0.jar:/Users/jurgenroos/.m2/repository/org/springframework/boot/spring-boot-actuator-autoconfigure/3.2.0/spring-boot-actuator-autoconfigure-3.2.0.jar:/Users/jurgenroos/.m2/repository/org/springframework/boot/spring-boot-actuator/3.2.0/spring-boot-actuator-3.2.0.jar:/Users/jurgenroos/.m2/repository/io/micrometer/micrometer-observation/1.12.0/micrometer-observation-1.12.0.jar:/Users/jurgenroos/.m2/repository/io/micrometer/micrometer-commons/1.12.0/micrometer-commons-1.12.0.jar:/Users/jurgenroos/.m2/repository/io/micrometer/micrometer-jakarta9/1.12.0/micrometer-jakarta9-1.12.0.jar:/Users/jurgenroos/.m2/repository/org/springframework/boot/spring-boot-starter-data-jpa/3.2.0/spring-boot-starter-data-jpa-3.2.0.jar:/Users/jurgenroos/.m2/repository/org/springframework/boot/spring-boot-starter-aop/3.2.0/spring-boot-starter-aop-3.2.0.jar:/Users/jurgenroos/.m2/repository/org/aspectj/aspectjweaver/1.9.20.1/aspectjweaver-1.9.20.1.jar:/Users/jurgenroos/.m2/repository/org/hibernate/orm/hibernate-core/6.3.1.Final/hibernate-core-6.3.1.Final.jar:/Users/jurgenroos/.m2/repository/jakarta/persistence/jakarta.persistence-api/3.1.0/jakarta.persistence-api-3.1.0.jar:/Users/jurgenroos/.m2/repository/jakarta/transaction/jakarta.transaction-api/2.0.1/jakarta.transaction-api-2.0.1.jar:/Users/jurgenroos/.m2/repository/org/jboss/logging/jboss-logging/3.5.3.Final/jboss-logging-3.5.3.Final.jar:/Users/jurgenroos/.m2/repository/org/hibernate/common/hibernate-commons-annotations/6.0.6.Final/hibernate-commons-annotations-6.0.6.Final.jar:/Users/jurgenroos/.m2/repository/io/smallrye/jandex/3.1.2/jandex-3.1.2.jar:/Users/jurgenroos/.m2/repository/com/fasterxml/classmate/1.6.0/classmate-1.6.0.jar:/Users/jurgenroos/.m2/repository/net/bytebuddy/byte-buddy/1.14.10/byte-buddy-1.14.10.jar:/Users/jurgenroos/.m2/repository/org/glassfish/jaxb/jaxb-runtime/4.0.4/jaxb-runtime-4.0.4.jar:/Users/jurgenroos/.m2/repository/org/glassfish/jaxb/jaxb-core/4.0.4/jaxb-core-4.0.4.jar:/Users/jurgenroos/.m2/repository/org/eclipse/angus/angus-activation/2.0.1/angus-activation-2.0.1.jar:/Users/jurgenroos/.m2/repository/org/glassfish/jaxb/txw2/4.0.4/txw2-4.0.4.jar:/Users/jurgenroos/.m2/repository/com/sun/istack/istack-commons-runtime/4.1.2/istack-commons-runtime-4.1.2.jar:/Users/jurgenroos/.m2/repository/jakarta/inject/jakarta.inject-api/2.0.1/jakarta.inject-api-2.0.1.jar:/Users/jurgenroos/.m2/repository/org/antlr/antlr4-runtime/4.10.1/antlr4-runtime-4.10.1.jar:/Users/jurgenroos/.m2/repository/org/springframework/data/spring-data-jpa/3.2.0/spring-data-jpa-3.2.0.jar:/Users/jurgenroos/.m2/repository/org/springframework/data/spring-data-commons/3.2.0/spring-data-commons-3.2.0.jar:/Users/jurgenroos/.m2/repository/org/springframework/spring-orm/6.1.1/spring-orm-6.1.1.jar:/Users/jurgenroos/.m2/repository/org/slf4j/slf4j-api/2.0.9/slf4j-api-2.0.9.jar:/Users/jurgenroos/.m2/repository/org/springframework/spring-aspects/6.1.1/spring-aspects-6.1.1.jar:/Users/jurgenroos/.m2/repository/org/springframework/boot/spring-boot-starter-validation/3.2.0/spring-boot-starter-validation-3.2.0.jar:/Users/jurgenroos/.m2/repository/org/apache/tomcat/embed/tomcat-embed-el/10.1.16/tomcat-embed-el-10.1.16.jar:/Users/jurgenroos/.m2/repository/org/hibernate/validator/hibernate-validator/8.0.1.Final/hibernate-validator-8.0.1.Final.jar:/Users/jurgenroos/.m2/repository/jakarta/validation/jakarta.validation-api/3.0.2/jakarta.validation-api-3.0.2.jar:/Users/jurgenroos/.m2/repository/com/h2database/h2/2.2.224/h2-2.2.224.jar:/Users/jurgenroos/.m2/repository/com/opencsv/opencsv/5.8/opencsv-5.8.jar:/Users/jurgenroos/.m2/repository/org/apache/commons/commons-lang3/3.13.0/commons-lang3-3.13.0.jar:/Users/jurgenroos/.m2/repository/org/apache/commons/commons-text/1.10.0/commons-text-1.10.0.jar:/Users/jurgenroos/.m2/repository/commons-beanutils/commons-beanutils/1.9.4/commons-beanutils-1.9.4.jar:/Users/jurgenroos/.m2/repository/commons-logging/commons-logging/1.2/commons-logging-1.2.jar:/Users/jurgenroos/.m2/repository/commons-collections/commons-collections/3.2.2/commons-collections-3.2.2.jar:/Users/jurgenroos/.m2/repository/org/apache/commons/commons-collections4/4.4/commons-collections4-4.4.jar:/Users/jurgenroos/.m2/repository/org/projectlombok/lombok/1.18.30/lombok-1.18.30.jar:/Users/jurgenroos/.m2/repository/org/springframework/boot/spring-boot-starter-test/3.2.0/spring-boot-starter-test-3.2.0.jar:/Users/jurgenroos/.m2/repository/org/springframework/boot/spring-boot-test/3.2.0/spring-boot-test-3.2.0.jar:/Users/jurgenroos/.m2/repository/org/springframework/boot/spring-boot-test-autoconfigure/3.2.0/spring-boot-test-autoconfigure-3.2.0.jar:/Users/jurgenroos/.m2/repository/com/jayway/jsonpath/json-path/2.8.0/json-path-2.8.0.jar:/Users/jurgenroos/.m2/repository/jakarta/xml/bind/jakarta.xml.bind-api/4.0.1/jakarta.xml.bind-api-4.0.1.jar:/Users/jurgenroos/.m2/repository/jakarta/activation/jakarta.activation-api/2.1.2/jakarta.activation-api-2.1.2.jar:/Users/jurgenroos/.m2/repository/net/minidev/json-smart/2.5.0/json-smart-2.5.0.jar:/Users/jurgenroos/.m2/repository/net/minidev/accessors-smart/2.5.0/accessors-smart-2.5.0.jar:/Users/jurgenroos/.m2/repository/org/ow2/asm/asm/9.3/asm-9.3.jar:/Users/jurgenroos/.m2/repository/org/assertj/assertj-core/3.24.2/assertj-core-3.24.2.jar:/Users/jurgenroos/.m2/repository/org/awaitility/awaitility/4.2.0/awaitility-4.2.0.jar:/Users/jurgenroos/.m2/repository/org/hamcrest/hamcrest/2.2/hamcrest-2.2.jar:/Users/jurgenroos/.m2/repository/org/junit/jupiter/junit-jupiter/5.10.1/junit-jupiter-5.10.1.jar:/Users/jurgenroos/.m2/repository/org/junit/jupiter/junit-jupiter-api/5.10.1/junit-jupiter-api-5.10.1.jar:/Users/jurgenroos/.m2/repository/org/opentest4j/opentest4j/1.3.0/opentest4j-1.3.0.jar:/Users/jurgenroos/.m2/repository/org/junit/platform/junit-platform-commons/1.10.1/junit-platform-commons-1.10.1.jar:/Users/jurgenroos/.m2/repository/org/apiguardian/apiguardian-api/1.1.2/apiguardian-api-1.1.2.jar:/Users/jurgenroos/.m2/repository/org/junit/jupiter/junit-jupiter-params/5.10.1/junit-jupiter-params-5.10.1.jar:/Users/jurgenroos/.m2/repository/org/junit/jupiter/junit-jupiter-engine/5.10.1/junit-jupiter-engine-5.10.1.jar:/Users/jurgenroos/.m2/repository/org/junit/platform/junit-platform-engine/1.10.1/junit-platform-engine-1.10.1.jar:/Users/jurgenroos/.m2/repository/org/mockito/mockito-core/5.7.0/mockito-core-5.7.0.jar:/Users/jurgenroos/.m2/repository/net/bytebuddy/byte-buddy-agent/1.14.10/byte-buddy-agent-1.14.10.jar:/Users/jurgenroos/.m2/repository/org/objenesis/objenesis/3.3/objenesis-3.3.jar:/Users/jurgenroos/.m2/repository/org/mockito/mockito-junit-jupiter/5.7.0/mockito-junit-jupiter-5.7.0.jar:/Users/jurgenroos/.m2/repository/org/skyscreamer/jsonassert/1.5.1/jsonassert-1.5.1.jar:/Users/jurgenroos/.m2/repository/com/vaadin/external/google/android-json/0.0.20131108.vaadin1/android-json-0.0.20131108.vaadin1.jar:/Users/jurgenroos/.m2/repository/org/springframework/spring-core/6.1.1/spring-core-6.1.1.jar:/Users/jurgenroos/.m2/repository/org/springframework/spring-jcl/6.1.1/spring-jcl-6.1.1.jar:/Users/jurgenroos/.m2/repository/org/springframework/spring-test/6.1.1/spring-test-6.1.1.jar:/Users/jurgenroos/.m2/repository/org/xmlunit/xmlunit-core/2.9.1/xmlunit-core-2.9.1.jar:/Users/jurgenroos/.m2/repository/org/springframework/batch/spring-batch-test/5.1.0/spring-batch-test-5.1.0.jar:/Users/jurgenroos/.m2/repository/org/springframework/spring-jdbc/6.1.1/spring-jdbc-6.1.1.jar:"/>
    <property name="java.vm.vendor" value="Amazon.com Inc."/>
    <property name="sun.arch.data.model" value="64"/>
    <property name="java.vendor.url" value="https://aws.amazon.com/corretto/"/>
    <property name="user.timezone" value="Africa/Johannesburg"/>
    <property name="org.jboss.logging.provider" value="slf4j"/>
    <property name="os.name" value="Mac OS X"/>
    <property name="java.vm.specification.version" value="17"/>
    <property name="sun.java.launcher" value="SUN_STANDARD"/>
    <property name="user.country" value="ZA"/>
    <property name="sun.boot.library.path" value="/Users/jurgenroos/Library/Java/JavaVirtualMachines/corretto-17.0.10/Contents/Home/lib"/>
    <property name="sun.java.command" value="/Users/jurgenroos/spring-batch-tutorial/target/surefire/surefirebooter-20250813222216656_3.jar /Users/jurgenroos/spring-batch-tutorial/target/surefire 2025-08-13T22-22-16_619-jvmRun1 surefire-20250813222216656_1tmp surefire_0-20250813222216656_2tmp"/>
    <property name="http.nonProxyHosts" value="local|*.local|169.254/16|*.169.254/16"/>
    <property name="jdk.debug" value="release"/>
    <property name="surefire.test.class.path" value="/Users/jurgenroos/spring-batch-tutorial/target/test-classes:/Users/jurgenroos/spring-batch-tutorial/target/classes:/Users/jurgenroos/.m2/repository/org/springframework/boot/spring-boot-starter-batch/3.2.0/spring-boot-starter-batch-3.2.0.jar:/Users/jurgenroos/.m2/repository/org/springframework/boot/spring-boot-starter/3.2.0/spring-boot-starter-3.2.0.jar:/Users/jurgenroos/.m2/repository/org/springframework/boot/spring-boot/3.2.0/spring-boot-3.2.0.jar:/Users/jurgenroos/.m2/repository/org/springframework/boot/spring-boot-autoconfigure/3.2.0/spring-boot-autoconfigure-3.2.0.jar:/Users/jurgenroos/.m2/repository/org/springframework/boot/spring-boot-starter-logging/3.2.0/spring-boot-starter-logging-3.2.0.jar:/Users/jurgenroos/.m2/repository/ch/qos/logback/logback-classic/1.4.11/logback-classic-1.4.11.jar:/Users/jurgenroos/.m2/repository/ch/qos/logback/logback-core/1.4.11/logback-core-1.4.11.jar:/Users/jurgenroos/.m2/repository/org/apache/logging/log4j/log4j-to-slf4j/2.21.1/log4j-to-slf4j-2.21.1.jar:/Users/jurgenroos/.m2/repository/org/apache/logging/log4j/log4j-api/2.21.1/log4j-api-2.21.1.jar:/Users/jurgenroos/.m2/repository/org/slf4j/jul-to-slf4j/2.0.9/jul-to-slf4j-2.0.9.jar:/Users/jurgenroos/.m2/repository/jakarta/annotation/jakarta.annotation-api/2.1.1/jakarta.annotation-api-2.1.1.jar:/Users/jurgenroos/.m2/repository/org/yaml/snakeyaml/2.2/snakeyaml-2.2.jar:/Users/jurgenroos/.m2/repository/org/springframework/boot/spring-boot-starter-jdbc/3.2.0/spring-boot-starter-jdbc-3.2.0.jar:/Users/jurgenroos/.m2/repository/com/zaxxer/HikariCP/5.0.1/HikariCP-5.0.1.jar:/Users/jurgenroos/.m2/repository/org/springframework/batch/spring-batch-core/5.1.0/spring-batch-core-5.1.0.jar:/Users/jurgenroos/.m2/repository/org/springframework/batch/spring-batch-infrastructure/5.1.0/spring-batch-infrastructure-5.1.0.jar:/Users/jurgenroos/.m2/repository/org/springframework/retry/spring-retry/2.0.4/spring-retry-2.0.4.jar:/Users/jurgenroos/.m2/repository/org/springframework/spring-aop/6.1.1/spring-aop-6.1.1.jar:/Users/jurgenroos/.m2/repository/org/springframework/spring-beans/6.1.1/spring-beans-6.1.1.jar:/Users/jurgenroos/.m2/repository/org/springframework/spring-context/6.1.1/spring-context-6.1.1.jar:/Users/jurgenroos/.m2/repository/org/springframework/spring-tx/6.1.1/spring-tx-6.1.1.jar:/Users/jurgenroos/.m2/repository/io/micrometer/micrometer-core/1.12.0/micrometer-core-1.12.0.jar:/Users/jurgenroos/.m2/repository/org/hdrhistogram/HdrHistogram/2.1.12/HdrHistogram-2.1.12.jar:/Users/jurgenroos/.m2/repository/org/latencyutils/LatencyUtils/2.0.3/LatencyUtils-2.0.3.jar:/Users/jurgenroos/.m2/repository/org/springframework/boot/spring-boot-starter-web/3.2.0/spring-boot-starter-web-3.2.0.jar:/Users/jurgenroos/.m2/repository/org/springframework/boot/spring-boot-starter-json/3.2.0/spring-boot-starter-json-3.2.0.jar:/Users/jurgenroos/.m2/repository/com/fasterxml/jackson/core/jackson-databind/2.15.3/jackson-databind-2.15.3.jar:/Users/jurgenroos/.m2/repository/com/fasterxml/jackson/core/jackson-annotations/2.15.3/jackson-annotations-2.15.3.jar:/Users/jurgenroos/.m2/repository/com/fasterxml/jackson/core/jackson-core/2.15.3/jackson-core-2.15.3.jar:/Users/jurgenroos/.m2/repository/com/fasterxml/jackson/datatype/jackson-datatype-jdk8/2.15.3/jackson-datatype-jdk8-2.15.3.jar:/Users/jurgenroos/.m2/repository/com/fasterxml/jackson/datatype/jackson-datatype-jsr310/2.15.3/jackson-datatype-jsr310-2.15.3.jar:/Users/jurgenroos/.m2/repository/com/fasterxml/jackson/module/jackson-module-parameter-names/2.15.3/jackson-module-parameter-names-2.15.3.jar:/Users/jurgenroos/.m2/repository/org/springframework/boot/spring-boot-starter-tomcat/3.2.0/spring-boot-starter-tomcat-3.2.0.jar:/Users/jurgenroos/.m2/repository/org/apache/tomcat/embed/tomcat-embed-core/10.1.16/tomcat-embed-core-10.1.16.jar:/Users/jurgenroos/.m2/repository/org/apache/tomcat/embed/tomcat-embed-websocket/10.1.16/tomcat-embed-websocket-10.1.16.jar:/Users/jurgenroos/.m2/repository/org/springframework/spring-web/6.1.1/spring-web-6.1.1.jar:/Users/jurgenroos/.m2/repository/org/springframework/spring-webmvc/6.1.1/spring-webmvc-6.1.1.jar:/Users/jurgenroos/.m2/repository/org/springframework/spring-expression/6.1.1/spring-expression-6.1.1.jar:/Users/jurgenroos/.m2/repository/org/springframework/boot/spring-boot-starter-actuator/3.2.0/spring-boot-starter-actuator-3.2.0.jar:/Users/jurgenroos/.m2/repository/org/springframework/boot/spring-boot-actuator-autoconfigure/3.2.0/spring-boot-actuator-autoconfigure-3.2.0.jar:/Users/jurgenroos/.m2/repository/org/springframework/boot/spring-boot-actuator/3.2.0/spring-boot-actuator-3.2.0.jar:/Users/jurgenroos/.m2/repository/io/micrometer/micrometer-observation/1.12.0/micrometer-observation-1.12.0.jar:/Users/jurgenroos/.m2/repository/io/micrometer/micrometer-commons/1.12.0/micrometer-commons-1.12.0.jar:/Users/jurgenroos/.m2/repository/io/micrometer/micrometer-jakarta9/1.12.0/micrometer-jakarta9-1.12.0.jar:/Users/jurgenroos/.m2/repository/org/springframework/boot/spring-boot-starter-data-jpa/3.2.0/spring-boot-starter-data-jpa-3.2.0.jar:/Users/jurgenroos/.m2/repository/org/springframework/boot/spring-boot-starter-aop/3.2.0/spring-boot-starter-aop-3.2.0.jar:/Users/jurgenroos/.m2/repository/org/aspectj/aspectjweaver/1.9.20.1/aspectjweaver-1.9.20.1.jar:/Users/jurgenroos/.m2/repository/org/hibernate/orm/hibernate-core/6.3.1.Final/hibernate-core-6.3.1.Final.jar:/Users/jurgenroos/.m2/repository/jakarta/persistence/jakarta.persistence-api/3.1.0/jakarta.persistence-api-3.1.0.jar:/Users/jurgenroos/.m2/repository/jakarta/transaction/jakarta.transaction-api/2.0.1/jakarta.transaction-api-2.0.1.jar:/Users/jurgenroos/.m2/repository/org/jboss/logging/jboss-logging/3.5.3.Final/jboss-logging-3.5.3.Final.jar:/Users/jurgenroos/.m2/repository/org/hibernate/common/hibernate-commons-annotations/6.0.6.Final/hibernate-commons-annotations-6.0.6.Final.jar:/Users/jurgenroos/.m2/repository/io/smallrye/jandex/3.1.2/jandex-3.1.2.jar:/Users/jurgenroos/.m2/repository/com/fasterxml/classmate/1.6.0/classmate-1.6.0.jar:/Users/jurgenroos/.m2/repository/net/bytebuddy/byte-buddy/1.14.10/byte-buddy-1.14.10.jar:/Users/jurgenroos/.m2/repository/org/glassfish/jaxb/jaxb-runtime/4.0.4/jaxb-runtime-4.0.4.jar:/Users/jurgenroos/.m2/repository/org/glassfish/jaxb/jaxb-core/4.0.4/jaxb-core-4.0.4.jar:/Users/jurgenroos/.m2/repository/org/eclipse/angus/angus-activation/2.0.1/angus-activation-2.0.1.jar:/Users/jurgenroos/.m2/repository/org/glassfish/jaxb/txw2/4.0.4/txw2-4.0.4.jar:/Users/jurgenroos/.m2/repository/com/sun/istack/istack-commons-runtime/4.1.2/istack-commons-runtime-4.1.2.jar:/Users/jurgenroos/.m2/repository/jakarta/inject/jakarta.inject-api/2.0.1/jakarta.inject-api-2.0.1.jar:/Users/jurgenroos/.m2/repository/org/antlr/antlr4-runtime/4.10.1/antlr4-runtime-4.10.1.jar:/Users/jurgenroos/.m2/repository/org/springframework/data/spring-data-jpa/3.2.0/spring-data-jpa-3.2.0.jar:/Users/jurgenroos/.m2/repository/org/springframework/data/spring-data-commons/3.2.0/spring-data-commons-3.2.0.jar:/Users/jurgenroos/.m2/repository/org/springframework/spring-orm/6.1.1/spring-orm-6.1.1.jar:/Users/jurgenroos/.m2/repository/org/slf4j/slf4j-api/2.0.9/slf4j-api-2.0.9.jar:/Users/jurgenroos/.m2/repository/org/springframework/spring-aspects/6.1.1/spring-aspects-6.1.1.jar:/Users/jurgenroos/.m2/repository/org/springframework/boot/spring-boot-starter-validation/3.2.0/spring-boot-starter-validation-3.2.0.jar:/Users/jurgenroos/.m2/repository/org/apache/tomcat/embed/tomcat-embed-el/10.1.16/tomcat-embed-el-10.1.16.jar:/Users/jurgenroos/.m2/repository/org/hibernate/validator/hibernate-validator/8.0.1.Final/hibernate-validator-8.0.1.Final.jar:/Users/jurgenroos/.m2/repository/jakarta/validation/jakarta.validation-api/3.0.2/jakarta.validation-api-3.0.2.jar:/Users/jurgenroos/.m2/repository/com/h2database/h2/2.2.224/h2-2.2.224.jar:/Users/jurgenroos/.m2/repository/com/opencsv/opencsv/5.8/opencsv-5.8.jar:/Users/jurgenroos/.m2/repository/org/apache/commons/commons-lang3/3.13.0/commons-lang3-3.13.0.jar:/Users/jurgenroos/.m2/repository/org/apache/commons/commons-text/1.10.0/commons-text-1.10.0.jar:/Users/jurgenroos/.m2/repository/commons-beanutils/commons-beanutils/1.9.4/commons-beanutils-1.9.4.jar:/Users/jurgenroos/.m2/repository/commons-logging/commons-logging/1.2/commons-logging-1.2.jar:/Users/jurgenroos/.m2/repository/commons-collections/commons-collections/3.2.2/commons-collections-3.2.2.jar:/Users/jurgenroos/.m2/repository/org/apache/commons/commons-collections4/4.4/commons-collections4-4.4.jar:/Users/jurgenroos/.m2/repository/org/projectlombok/lombok/1.18.30/lombok-1.18.30.jar:/Users/jurgenroos/.m2/repository/org/springframework/boot/spring-boot-starter-test/3.2.0/spring-boot-starter-test-3.2.0.jar:/Users/jurgenroos/.m2/repository/org/springframework/boot/spring-boot-test/3.2.0/spring-boot-test-3.2.0.jar:/Users/jurgenroos/.m2/repository/org/springframework/boot/spring-boot-test-autoconfigure/3.2.0/spring-boot-test-autoconfigure-3.2.0.jar:/Users/jurgenroos/.m2/repository/com/jayway/jsonpath/json-path/2.8.0/json-path-2.8.0.jar:/Users/jurgenroos/.m2/repository/jakarta/xml/bind/jakarta.xml.bind-api/4.0.1/jakarta.xml.bind-api-4.0.1.jar:/Users/jurgenroos/.m2/repository/jakarta/activation/jakarta.activation-api/2.1.2/jakarta.activation-api-2.1.2.jar:/Users/jurgenroos/.m2/repository/net/minidev/json-smart/2.5.0/json-smart-2.5.0.jar:/Users/jurgenroos/.m2/repository/net/minidev/accessors-smart/2.5.0/accessors-smart-2.5.0.jar:/Users/jurgenroos/.m2/repository/org/ow2/asm/asm/9.3/asm-9.3.jar:/Users/jurgenroos/.m2/repository/org/assertj/assertj-core/3.24.2/assertj-core-3.24.2.jar:/Users/jurgenroos/.m2/repository/org/awaitility/awaitility/4.2.0/awaitility-4.2.0.jar:/Users/jurgenroos/.m2/repository/org/hamcrest/hamcrest/2.2/hamcrest-2.2.jar:/Users/jurgenroos/.m2/repository/org/junit/jupiter/junit-jupiter/5.10.1/junit-jupiter-5.10.1.jar:/Users/jurgenroos/.m2/repository/org/junit/jupiter/junit-jupiter-api/5.10.1/junit-jupiter-api-5.10.1.jar:/Users/jurgenroos/.m2/repository/org/opentest4j/opentest4j/1.3.0/opentest4j-1.3.0.jar:/Users/jurgenroos/.m2/repository/org/junit/platform/junit-platform-commons/1.10.1/junit-platform-commons-1.10.1.jar:/Users/jurgenroos/.m2/repository/org/apiguardian/apiguardian-api/1.1.2/apiguardian-api-1.1.2.jar:/Users/jurgenroos/.m2/repository/org/junit/jupiter/junit-jupiter-params/5.10.1/junit-jupiter-params-5.10.1.jar:/Users/jurgenroos/.m2/repository/org/junit/jupiter/junit-jupiter-engine/5.10.1/junit-jupiter-engine-5.10.1.jar:/Users/jurgenroos/.m2/repository/org/junit/platform/junit-platform-engine/1.10.1/junit-platform-engine-1.10.1.jar:/Users/jurgenroos/.m2/repository/org/mockito/mockito-core/5.7.0/mockito-core-5.7.0.jar:/Users/jurgenroos/.m2/repository/net/bytebuddy/byte-buddy-agent/1.14.10/byte-buddy-agent-1.14.10.jar:/Users/jurgenroos/.m2/repository/org/objenesis/objenesis/3.3/objenesis-3.3.jar:/Users/jurgenroos/.m2/repository/org/mockito/mockito-junit-jupiter/5.7.0/mockito-junit-jupiter-5.7.0.jar:/Users/jurgenroos/.m2/repository/org/skyscreamer/jsonassert/1.5.1/jsonassert-1.5.1.jar:/Users/jurgenroos/.m2/repository/com/vaadin/external/google/android-json/0.0.20131108.vaadin1/android-json-0.0.20131108.vaadin1.jar:/Users/jurgenroos/.m2/repository/org/springframework/spring-core/6.1.1/spring-core-6.1.1.jar:/Users/jurgenroos/.m2/repository/org/springframework/spring-jcl/6.1.1/spring-jcl-6.1.1.jar:/Users/jurgenroos/.m2/repository/org/springframework/spring-test/6.1.1/spring-test-6.1.1.jar:/Users/jurgenroos/.m2/repository/org/xmlunit/xmlunit-core/2.9.1/xmlunit-core-2.9.1.jar:/Users/jurgenroos/.m2/repository/org/springframework/batch/spring-batch-test/5.1.0/spring-batch-test-5.1.0.jar:/Users/jurgenroos/.m2/repository/org/springframework/spring-jdbc/6.1.1/spring-jdbc-6.1.1.jar:"/>
    <property name="sun.cpu.endian" value="little"/>
    <property name="user.home" value="/Users/jurgenroos"/>
    <property name="user.language" value="en"/>
    <property name="java.specification.vendor" value="Oracle Corporation"/>
    <property name="java.version.date" value="2024-01-16"/>
    <property name="java.home" value="/Users/jurgenroos/Library/Java/JavaVirtualMachines/corretto-17.0.10/Contents/Home"/>
    <property name="file.separator" value="/"/>
    <property name="basedir" value="/Users/jurgenroos/spring-batch-tutorial"/>
    <property name="java.vm.compressedOopsMode" value="Zero based"/>
    <property name="line.separator" value="&#10;"/>
    <property name="java.vm.specification.vendor" value="Oracle Corporation"/>
    <property name="java.specification.name" value="Java Platform API Specification"/>
    <property name="FILE_LOG_CHARSET" value="UTF-8"/>
    <property name="java.awt.headless" value="true"/>
    <property name="surefire.real.class.path" value="/Users/jurgenroos/spring-batch-tutorial/target/surefire/surefirebooter-20250813222216656_3.jar"/>
    <property name="sun.management.compiler" value="HotSpot 64-Bit Tiered Compilers"/>
    <property name="ftp.nonProxyHosts" value="local|*.local|169.254/16|*.169.254/16"/>
    <property name="java.runtime.version" value="17.0.10+7-LTS"/>
    <property name="user.name" value="jurgenroos"/>
    <property name="path.separator" value=":"/>
    <property name="os.version" value="15.6"/>
    <property name="java.runtime.name" value="OpenJDK Runtime Environment"/>
    <property name="file.encoding" value="UTF-8"/>
    <property name="java.vm.name" value="OpenJDK 64-Bit Server VM"/>
    <property name="java.vendor.version" value="Corretto-17.0.10.7.1"/>
    <property name="localRepository" value="/Users/jurgenroos/.m2/repository"/>
    <property name="java.vendor.url.bug" value="https://github.com/corretto/corretto-17/issues/"/>
    <property name="java.io.tmpdir" value="/var/folders/p6/nndp753d2sj1m25bfhydsj5w0000gn/T/"/>
    <property name="com.zaxxer.hikari.pool_number" value="2"/>
    <property name="java.version" value="17.0.10"/>
    <property name="user.dir" value="/Users/jurgenroos/spring-batch-tutorial"/>
    <property name="os.arch" value="aarch64"/>
    <property name="java.vm.specification.name" value="Java Virtual Machine Specification"/>
    <property name="PID" value="48422"/>
    <property name="CONSOLE_LOG_CHARSET" value="UTF-8"/>
    <property name="native.encoding" value="UTF-8"/>
    <property name="java.library.path" value="/Users/jurgenroos/Library/Java/Extensions:/Library/Java/Extensions:/Network/Library/Java/Extensions:/System/Library/Java/Extensions:/usr/lib/java:."/>
    <property name="java.vm.info" value="mixed mode, sharing"/>
    <property name="java.vendor" value="Amazon.com Inc."/>
    <property name="java.vm.version" value="17.0.10+7-LTS"/>
    <property name="sun.io.unicode.encoding" value="UnicodeBig"/>
    <property name="socksNonProxyHosts" value="local|*.local|169.254/16|*.169.254/16"/>
    <property name="java.class.version" value="61.0"/>
    <property name="CONSOLE_LOG_PATTERN" value="%d{yyyy-MM-dd HH:mm:ss} - %msg%n"/>
    <property name="LOGGED_APPLICATION_NAME" value="[spring-batch-tutorial] "/>
  </properties>
  <testcase name="largeVolume_retryable_retriesThenCompletes" classname="com.example.springbatchtutorial.ScenarioIntegrationTests" time="70.792">
    <system-out><![CDATA[2025-08-13 22:22:20 - Could not detect default configuration classes for test class [com.example.springbatchtutorial.ScenarioIntegrationTests]: ScenarioIntegrationTests does not declare any static, non-private, non-final, nested classes annotated with @Configuration.
2025-08-13 22:22:20 - Found @SpringBootConfiguration com.example.springbatchtutorial.SpringBatchTutorialApplication for test class com.example.springbatchtutorial.ScenarioIntegrationTests

  .   ____          _            __ _ _
 /\\ / ___'_ __ _ _(_)_ __  __ _ \ \ \ \
( ( )\___ | '_ | '_| | '_ \/ _` | \ \ \ \
 \\/  ___)| |_)| | | | | || (_| |  ) ) ) )
  '  |____| .__|_| |_|_| |_\__, | / / / /
 =========|_|==============|___/=/_/_/_/
 :: Spring Boot ::                (v3.2.0)

2025-08-13 22:22:20 - Starting ScenarioIntegrationTests using Java 17.0.10 with PID 48422 (started by jurgenroos in /Users/jurgenroos/spring-batch-tutorial)
2025-08-13 22:22:20 - The following 1 profile is active: "test"
2025-08-13 22:22:20 - Bootstrapping Spring Data JPA repositories in DEFAULT mode.
2025-08-13 22:22:20 - Finished Spring Data repository scanning in 4 ms. Found 1 JPA repository interface.
2025-08-13 22:22:20 - Bean 'org.springframework.boot.autoconfigure.jdbc.DataSourceConfiguration$Hikari' of type [org.springframework.boot.autoconfigure.jdbc.DataSourceConfiguration$Hikari] is not eligible for getting processed by all BeanPostProcessors (for example: not eligible for auto-proxying). Is this bean getting eagerly injected into a currently created BeanPostProcessor [jobRegistryBeanPostProcessor]? Check the corresponding BeanPostProcessor declaration and its dependencies.
2025-08-13 22:22:20 - Bean 'spring.datasource-org.springframework.boot.autoconfigure.jdbc.DataSourceProperties' of type [org.springframework.boot.autoconfigure.jdbc.DataSourceProperties] is not eligible for getting processed by all BeanPostProcessors (for example: not eligible for auto-proxying). Is this bean getting eagerly injected into a currently created BeanPostProcessor [jobRegistryBeanPostProcessor]? Check the corresponding BeanPostProcessor declaration and its dependencies.
2025-08-13 22:22:20 - Bean 'org.springframework.boot.autoconfigure.jdbc.DataSourceAutoConfiguration$PooledDataSourceConfiguration' of type [org.springframework.boot.autoconfigure.jdbc.DataSourceAutoConfiguration$PooledDataSourceConfiguration] is not eligible for getting processed by all BeanPostProcessors (for example: not eligible for auto-proxying). Is this bean getting eagerly injected into a currently created BeanPostProcessor [jobRegistryBeanPostProcessor]? Check the corresponding BeanPostProcessor declaration and its dependencies.
2025-08-13 22:22:20 - Bean 'jdbcConnectionDetails' of type [org.springframework.boot.autoconfigure.jdbc.PropertiesJdbcConnectionDetails] is not eligible for getting processed by all BeanPostProcessors (for example: not eligible for auto-proxying). Is this bean getting eagerly injected into a currently created BeanPostProcessor [jobRegistryBeanPostProcessor]? Check the corresponding BeanPostProcessor declaration and its dependencies.
2025-08-13 22:22:20 - Bean 'dataSource' of type [com.zaxxer.hikari.HikariDataSource] is not eligible for getting processed by all BeanPostProcessors (for example: not eligible for auto-proxying). Is this bean getting eagerly injected into a currently created BeanPostProcessor [jobRegistryBeanPostProcessor]? Check the corresponding BeanPostProcessor declaration and its dependencies.
2025-08-13 22:22:20 - Bean 'spring.jpa-org.springframework.boot.autoconfigure.orm.jpa.JpaProperties' of type [org.springframework.boot.autoconfigure.orm.jpa.JpaProperties] is not eligible for getting processed by all BeanPostProcessors (for example: not eligible for auto-proxying). Is this bean getting eagerly injected into a currently created BeanPostProcessor [jobRegistryBeanPostProcessor]? Check the corresponding BeanPostProcessor declaration and its dependencies.
2025-08-13 22:22:20 - Bean 'spring.jpa.hibernate-org.springframework.boot.autoconfigure.orm.jpa.HibernateProperties' of type [org.springframework.boot.autoconfigure.orm.jpa.HibernateProperties] is not eligible for getting processed by all BeanPostProcessors (for example: not eligible for auto-proxying). Is this bean getting eagerly injected into a currently created BeanPostProcessor [jobRegistryBeanPostProcessor]? Check the corresponding BeanPostProcessor declaration and its dependencies.
2025-08-13 22:22:20 - Bean 'org.springframework.boot.autoconfigure.jdbc.metadata.DataSourcePoolMetadataProvidersConfiguration$HikariPoolDataSourceMetadataProviderConfiguration' of type [org.springframework.boot.autoconfigure.jdbc.metadata.DataSourcePoolMetadataProvidersConfiguration$HikariPoolDataSourceMetadataProviderConfiguration] is not eligible for getting processed by all BeanPostProcessors (for example: not eligible for auto-proxying). Is this bean getting eagerly injected into a currently created BeanPostProcessor [jobRegistryBeanPostProcessor]? Check the corresponding BeanPostProcessor declaration and its dependencies.
2025-08-13 22:22:20 - Bean 'hikariPoolDataSourceMetadataProvider' of type [org.springframework.boot.autoconfigure.jdbc.metadata.DataSourcePoolMetadataProvidersConfiguration$HikariPoolDataSourceMetadataProviderConfiguration$$Lambda$934/0x000000a0014b5f38] is not eligible for getting processed by all BeanPostProcessors (for example: not eligible for auto-proxying). Is this bean getting eagerly injected into a currently created BeanPostProcessor [jobRegistryBeanPostProcessor]? Check the corresponding BeanPostProcessor declaration and its dependencies.
2025-08-13 22:22:20 - Bean 'org.springframework.boot.autoconfigure.orm.jpa.HibernateJpaConfiguration' of type [org.springframework.boot.autoconfigure.orm.jpa.HibernateJpaConfiguration] is not eligible for getting processed by all BeanPostProcessors (for example: not eligible for auto-proxying). Is this bean getting eagerly injected into a currently created BeanPostProcessor [jobRegistryBeanPostProcessor]? Check the corresponding BeanPostProcessor declaration and its dependencies.
2025-08-13 22:22:20 - Bean 'org.springframework.boot.autoconfigure.transaction.TransactionManagerCustomizationAutoConfiguration' of type [org.springframework.boot.autoconfigure.transaction.TransactionManagerCustomizationAutoConfiguration] is not eligible for getting processed by all BeanPostProcessors (for example: not eligible for auto-proxying). Is this bean getting eagerly injected into a currently created BeanPostProcessor [jobRegistryBeanPostProcessor]? Check the corresponding BeanPostProcessor declaration and its dependencies.
2025-08-13 22:22:20 - Bean 'transactionExecutionListeners' of type [org.springframework.boot.autoconfigure.transaction.ExecutionListenersTransactionManagerCustomizer] is not eligible for getting processed by all BeanPostProcessors (for example: not eligible for auto-proxying). Is this bean getting eagerly injected into a currently created BeanPostProcessor [jobRegistryBeanPostProcessor]? Check the corresponding BeanPostProcessor declaration and its dependencies.
2025-08-13 22:22:20 - Bean 'spring.transaction-org.springframework.boot.autoconfigure.transaction.TransactionProperties' of type [org.springframework.boot.autoconfigure.transaction.TransactionProperties] is not eligible for getting processed by all BeanPostProcessors (for example: not eligible for auto-proxying). Is this bean getting eagerly injected into a currently created BeanPostProcessor [jobRegistryBeanPostProcessor]? Check the corresponding BeanPostProcessor declaration and its dependencies.
2025-08-13 22:22:20 - Bean 'platformTransactionManagerCustomizers' of type [org.springframework.boot.autoconfigure.transaction.TransactionManagerCustomizers] is not eligible for getting processed by all BeanPostProcessors (for example: not eligible for auto-proxying). Is this bean getting eagerly injected into a currently created BeanPostProcessor [jobRegistryBeanPostProcessor]? Check the corresponding BeanPostProcessor declaration and its dependencies.
2025-08-13 22:22:20 - Bean 'org.springframework.boot.autoconfigure.sql.init.DataSourceInitializationConfiguration' of type [org.springframework.boot.autoconfigure.sql.init.DataSourceInitializationConfiguration] is not eligible for getting processed by all BeanPostProcessors (for example: not eligible for auto-proxying). Is this bean getting eagerly injected into a currently created BeanPostProcessor [jobRegistryBeanPostProcessor]? Check the corresponding BeanPostProcessor declaration and its dependencies.
2025-08-13 22:22:20 - Bean 'spring.sql.init-org.springframework.boot.autoconfigure.sql.init.SqlInitializationProperties' of type [org.springframework.boot.autoconfigure.sql.init.SqlInitializationProperties] is not eligible for getting processed by all BeanPostProcessors (for example: not eligible for auto-proxying). Is this bean getting eagerly injected into a currently created BeanPostProcessor [jobRegistryBeanPostProcessor]? Check the corresponding BeanPostProcessor declaration and its dependencies.
2025-08-13 22:22:20 - Bean 'dataSourceScriptDatabaseInitializer' of type [org.springframework.boot.autoconfigure.sql.init.SqlDataSourceScriptDatabaseInitializer] is not eligible for getting processed by all BeanPostProcessors (for example: not eligible for auto-proxying). Is this bean getting eagerly injected into a currently created BeanPostProcessor [jobRegistryBeanPostProcessor]? Check the corresponding BeanPostProcessor declaration and its dependencies.
2025-08-13 22:22:20 - Bean 'org.springframework.boot.autoconfigure.batch.BatchAutoConfiguration$DataSourceInitializerConfiguration' of type [org.springframework.boot.autoconfigure.batch.BatchAutoConfiguration$DataSourceInitializerConfiguration] is not eligible for getting processed by all BeanPostProcessors (for example: not eligible for auto-proxying). Is this bean getting eagerly injected into a currently created BeanPostProcessor [jobRegistryBeanPostProcessor]? Check the corresponding BeanPostProcessor declaration and its dependencies.
2025-08-13 22:22:20 - Bean 'spring.batch-org.springframework.boot.autoconfigure.batch.BatchProperties' of type [org.springframework.boot.autoconfigure.batch.BatchProperties] is not eligible for getting processed by all BeanPostProcessors (for example: not eligible for auto-proxying). Is this bean getting eagerly injected into a currently created BeanPostProcessor [jobRegistryBeanPostProcessor]? Check the corresponding BeanPostProcessor declaration and its dependencies.
2025-08-13 22:22:20 - HikariPool-2 - Starting...
2025-08-13 22:22:20 - HikariPool-2 - Added connection conn10: url=jdbc:h2:mem:testdb user=SA
2025-08-13 22:22:20 - HikariPool-2 - Start completed.
2025-08-13 22:22:20 - Bean 'batchDataSourceInitializer' of type [org.springframework.boot.autoconfigure.batch.BatchDataSourceScriptDatabaseInitializer] is not eligible for getting processed by all BeanPostProcessors (for example: not eligible for auto-proxying). Is this bean getting eagerly injected into a currently created BeanPostProcessor [jobRegistryBeanPostProcessor]? Check the corresponding BeanPostProcessor declaration and its dependencies.
2025-08-13 22:22:20 - Bean 'jpaVendorAdapter' of type [org.springframework.orm.jpa.vendor.HibernateJpaVendorAdapter] is not eligible for getting processed by all BeanPostProcessors (for example: not eligible for auto-proxying). Is this bean getting eagerly injected into a currently created BeanPostProcessor [jobRegistryBeanPostProcessor]? Check the corresponding BeanPostProcessor declaration and its dependencies.
2025-08-13 22:22:20 - Bean 'entityManagerFactoryBuilder' of type [org.springframework.boot.orm.jpa.EntityManagerFactoryBuilder] is not eligible for getting processed by all BeanPostProcessors (for example: not eligible for auto-proxying). Is this bean getting eagerly injected into a currently created BeanPostProcessor [jobRegistryBeanPostProcessor]? Check the corresponding BeanPostProcessor declaration and its dependencies.
2025-08-13 22:22:20 - Bean 'persistenceManagedTypes' of type [org.springframework.orm.jpa.persistenceunit.SimplePersistenceManagedTypes] is not eligible for getting processed by all BeanPostProcessors (for example: not eligible for auto-proxying). Is this bean getting eagerly injected into a currently created BeanPostProcessor [jobRegistryBeanPostProcessor]? Check the corresponding BeanPostProcessor declaration and its dependencies.
2025-08-13 22:22:20 - No LoadTimeWeaver setup: ignoring JPA class transformer
2025-08-13 22:22:20 - Initialized JPA EntityManagerFactory for persistence unit 'default'
2025-08-13 22:22:20 - Bean 'entityManagerFactory' of type [org.springframework.orm.jpa.LocalContainerEntityManagerFactoryBean] is not eligible for getting processed by all BeanPostProcessors (for example: not eligible for auto-proxying). Is this bean getting eagerly injected into a currently created BeanPostProcessor [jobRegistryBeanPostProcessor]? Check the corresponding BeanPostProcessor declaration and its dependencies.
2025-08-13 22:22:20 - Bean 'entityManagerFactory' of type [jdk.proxy2.$Proxy135] is not eligible for getting processed by all BeanPostProcessors (for example: not eligible for auto-proxying). Is this bean getting eagerly injected into a currently created BeanPostProcessor [jobRegistryBeanPostProcessor]? Check the corresponding BeanPostProcessor declaration and its dependencies.
2025-08-13 22:22:20 - Bean 'transactionManager' of type [org.springframework.orm.jpa.JpaTransactionManager] is not eligible for getting processed by all BeanPostProcessors (for example: not eligible for auto-proxying). Is this bean getting eagerly injected into a currently created BeanPostProcessor [jobRegistryBeanPostProcessor]? Check the corresponding BeanPostProcessor declaration and its dependencies.
2025-08-13 22:22:20 - Bean 'org.springframework.boot.autoconfigure.batch.BatchAutoConfiguration$SpringBootBatchConfiguration' of type [org.springframework.boot.autoconfigure.batch.BatchAutoConfiguration$SpringBootBatchConfiguration] is not eligible for getting processed by all BeanPostProcessors (for example: not eligible for auto-proxying). The currently created BeanPostProcessor [jobRegistryBeanPostProcessor] is declared through a non-static factory method on that class; consider declaring it as static instead.
2025-08-13 22:22:20 - 🔧 Creating Spring Batch job: processPersonJob
2025-08-13 22:22:20 - 📝 Configuring Step 1: Save CSV data to database
2025-08-13 22:22:20 - org.springframework.batch.item.ItemReader is an interface. The implementing class will not be queried for annotation based listener configurations. If using @StepScope on a @Bean method, be sure to return the implementing class so listener annotations can be used.
2025-08-13 22:22:20 - 🧮 Configuring Step 2: Calculate age for all persons
2025-08-13 22:22:20 - org.springframework.batch.item.ItemReader is an interface. The implementing class will not be queried for annotation based listener configurations. If using @StepScope on a @Bean method, be sure to return the implementing class so listener annotations can be used.
2025-08-13 22:22:20 - org.springframework.batch.item.ItemProcessor is an interface. The implementing class will not be queried for annotation based listener configurations. If using @StepScope on a @Bean method, be sure to return the implementing class so listener annotations can be used.
2025-08-13 22:22:20 - org.springframework.batch.item.ItemReader is an interface. The implementing class will not be queried for annotation based listener configurations. If using @StepScope on a @Bean method, be sure to return the implementing class so listener annotations can be used.
2025-08-13 22:22:20 - org.springframework.batch.item.ItemProcessor is an interface. The implementing class will not be queried for annotation based listener configurations. If using @StepScope on a @Bean method, be sure to return the implementing class so listener annotations can be used.
2025-08-13 22:22:20 - 📄 Configuring Step 3: Write results to output file
2025-08-13 22:22:20 - org.springframework.batch.item.ItemReader is an interface. The implementing class will not be queried for annotation based listener configurations. If using @StepScope on a @Bean method, be sure to return the implementing class so listener annotations can be used.
2025-08-13 22:22:20 - 💾 Creating JPA item writer with duplicate handling
2025-08-13 22:22:20 - 📄 Creating flat file item writer
2025-08-13 22:22:20 - spring.jpa.open-in-view is enabled by default. Therefore, database queries may be performed during view rendering. Explicitly configure spring.jpa.open-in-view to disable this warning
2025-08-13 22:22:20 - Adding welcome page: class path resource [static/index.html]
2025-08-13 22:22:20 - H2 console available at '/h2-console'. Database available at 'jdbc:h2:mem:testdb'
2025-08-13 22:22:20 - Exposing 1 endpoint(s) beneath base path '/actuator'
2025-08-13 22:22:20 - Started ScenarioIntegrationTests in 0.518 seconds (process running for 3.942)
2025-08-13 22:22:20 - Job: [SimpleJob: [name=processPersonJob]] launched with the following parameters: [{'csvPath':'{value=input/persons.csv, type=class java.lang.String, identifying=true}','time':'{value=9c65ac05-67cd-435d-b2a0-4419a37a71f5, type=class java.lang.String, identifying=true}','scenario':'{value=RETRYABLE, type=class java.lang.String, identifying=true}','retryAttempts':'{value=2, type=class java.lang.String, identifying=true}'}]
2025-08-13 22:22:20 - 

🎬 ========================================
2025-08-13 22:22:20 - 🚀 JOB STARTING: processPersonJob
2025-08-13 22:22:20 - 📋 Job Instance ID: 1
2025-08-13 22:22:20 - 🆔 Job Execution ID: 1
2025-08-13 22:22:20 - ⏰ Start Time: 2025-08-13T22:22:20.678631
2025-08-13 22:22:20 - 📊 Job Parameters: {'csvPath':'{value=input/persons.csv, type=class java.lang.String, identifying=true}','time':'{value=9c65ac05-67cd-435d-b2a0-4419a37a71f5, type=class java.lang.String, identifying=true}','scenario':'{value=RETRYABLE, type=class java.lang.String, identifying=true}','retryAttempts':'{value=2, type=class java.lang.String, identifying=true}'}
2025-08-13 22:22:20 - 🎯 Expected Steps: processPersonJob
2025-08-13 22:22:20 - ========================================


2025-08-13 22:22:20 - Executing step: [step1SaveToDatabase]
2025-08-13 22:22:20 - 🚀 Starting Step 1: Reading CSV and saving to database
2025-08-13 22:22:20 -    - Chunk size: 100
2025-08-13 22:22:20 -    - Step name: step1SaveToDatabase
2025-08-13 22:22:20 - 📖 Creating CSV item reader
2025-08-13 22:22:20 - 🔄 Initializing CSV reader - loading data from file
2025-08-13 22:22:20 - 📂 Reading CSV file: input/persons.csv
2025-08-13 22:22:20 - 📄 File exists, size: 596075 bytes
2025-08-13 22:22:20 - 📋 CSV Header: FirstName, LastName, Email, DateOfBirth
2025-08-13 22:22:20 - ⚠️ Line 8: Invalid email format: invalid-7.example.com
2025-08-13 22:22:20 - ⚠️ Line 15: Invalid email format: invalid-14.example.com
2025-08-13 22:22:20 - ⚠️ Line 22: Invalid email format: invalid-21.example.com
2025-08-13 22:22:20 - ⚠️ Line 29: Invalid email format: invalid-28.example.com
2025-08-13 22:22:20 - ⚠️ Line 36: Invalid email format: invalid-35.example.com
2025-08-13 22:22:20 - ⚠️ Line 43: Invalid email format: invalid-42.example.com
2025-08-13 22:22:20 - ⚠️ Line 50: Invalid email format: invalid-49.example.com
2025-08-13 22:22:20 - ⚠️ Line 57: Invalid email format: invalid-56.example.com
2025-08-13 22:22:20 - ⚠️ Line 64: Invalid email format: invalid-63.example.com
2025-08-13 22:22:20 - ⚠️ Line 71: Invalid email format: invalid-70.example.com
2025-08-13 22:22:20 - ⚠️ Line 78: Invalid email format: invalid-77.example.com
2025-08-13 22:22:20 - ⚠️ Line 85: Invalid email format: invalid-84.example.com
2025-08-13 22:22:20 - ⚠️ Line 92: Invalid email format: invalid-91.example.com
2025-08-13 22:22:20 - ⚠️ Line 99: Invalid email format: invalid-98.example.com
2025-08-13 22:22:20 - ⚠️ Line 106: Invalid email format: invalid-105.example.com
2025-08-13 22:22:20 - ⚠️ Line 113: Invalid email format: invalid-112.example.com
2025-08-13 22:22:20 - ⚠️ Line 120: Invalid email format: invalid-119.example.com
2025-08-13 22:22:20 - ⚠️ Line 127: Invalid email format: invalid-126.example.com
2025-08-13 22:22:20 - ⚠️ Line 134: Invalid email format: invalid-133.example.com
2025-08-13 22:22:20 - ⚠️ Line 141: Invalid email format: invalid-140.example.com
2025-08-13 22:22:20 - ⚠️ Line 148: Invalid email format: invalid-147.example.com
2025-08-13 22:22:20 - ⚠️ Line 155: Invalid email format: invalid-154.example.com
2025-08-13 22:22:20 - ⚠️ Line 162: Invalid email format: invalid-161.example.com
2025-08-13 22:22:20 - ⚠️ Line 169: Invalid email format: invalid-168.example.com
2025-08-13 22:22:20 - ⚠️ Line 176: Invalid email format: invalid-175.example.com
2025-08-13 22:22:20 - ⚠️ Line 183: Invalid email format: invalid-182.example.com
2025-08-13 22:22:20 - ⚠️ Line 190: Invalid email format: invalid-189.example.com
2025-08-13 22:22:20 - ⚠️ Line 197: Invalid email format: invalid-196.example.com
2025-08-13 22:22:20 - ⚠️ Line 204: Invalid email format: invalid-203.example.com
2025-08-13 22:22:20 - ⚠️ Line 211: Invalid email format: invalid-210.example.com
2025-08-13 22:22:20 - ⚠️ Line 218: Invalid email format: invalid-217.example.com
2025-08-13 22:22:20 - ⚠️ Line 225: Invalid email format: invalid-224.example.com
2025-08-13 22:22:20 - ⚠️ Line 232: Invalid email format: invalid-231.example.com
2025-08-13 22:22:20 - ⚠️ Line 239: Invalid email format: invalid-238.example.com
2025-08-13 22:22:20 - ⚠️ Line 246: Invalid email format: invalid-245.example.com
2025-08-13 22:22:20 - ⚠️ Line 253: Invalid email format: invalid-252.example.com
2025-08-13 22:22:20 - ⚠️ Line 260: Invalid email format: invalid-259.example.com
2025-08-13 22:22:20 - ⚠️ Line 267: Invalid email format: invalid-266.example.com
2025-08-13 22:22:20 - ⚠️ Line 274: Invalid email format: invalid-273.example.com
2025-08-13 22:22:20 - ⚠️ Line 281: Invalid email format: invalid-280.example.com
2025-08-13 22:22:20 - ⚠️ Line 288: Invalid email format: invalid-287.example.com
2025-08-13 22:22:20 - ⚠️ Line 295: Invalid email format: invalid-294.example.com
2025-08-13 22:22:20 - ⚠️ Line 302: Invalid email format: invalid-301.example.com
2025-08-13 22:22:20 - ⚠️ Line 309: Invalid email format: invalid-308.example.com
2025-08-13 22:22:20 - ⚠️ Line 316: Invalid email format: invalid-315.example.com
2025-08-13 22:22:20 - ⚠️ Line 323: Invalid email format: invalid-322.example.com
2025-08-13 22:22:20 - ⚠️ Line 330: Invalid email format: invalid-329.example.com
2025-08-13 22:22:20 - ⚠️ Line 337: Invalid email format: invalid-336.example.com
2025-08-13 22:22:20 - ⚠️ Line 344: Invalid email format: invalid-343.example.com
2025-08-13 22:22:20 - ⚠️ Line 351: Invalid email format: invalid-350.example.com
2025-08-13 22:22:20 - ⚠️ Line 358: Invalid email format: invalid-357.example.com
2025-08-13 22:22:20 - ⚠️ Line 365: Invalid email format: invalid-364.example.com
2025-08-13 22:22:20 - ⚠️ Line 372: Invalid email format: invalid-371.example.com
2025-08-13 22:22:20 - ⚠️ Line 379: Invalid email format: invalid-378.example.com
2025-08-13 22:22:20 - ⚠️ Line 386: Invalid email format: invalid-385.example.com
2025-08-13 22:22:20 - ⚠️ Line 393: Invalid email format: invalid-392.example.com
2025-08-13 22:22:20 - ⚠️ Line 400: Invalid email format: invalid-399.example.com
2025-08-13 22:22:20 - ⚠️ Line 407: Invalid email format: invalid-406.example.com
2025-08-13 22:22:20 - ⚠️ Line 414: Invalid email format: invalid-413.example.com
2025-08-13 22:22:20 - ⚠️ Line 421: Invalid email format: invalid-420.example.com
2025-08-13 22:22:20 - ⚠️ Line 428: Invalid email format: invalid-427.example.com
2025-08-13 22:22:20 - ⚠️ Line 435: Invalid email format: invalid-434.example.com
2025-08-13 22:22:20 - ⚠️ Line 442: Invalid email format: invalid-441.example.com
2025-08-13 22:22:20 - ⚠️ Line 449: Invalid email format: invalid-448.example.com
2025-08-13 22:22:20 - ⚠️ Line 456: Invalid email format: invalid-455.example.com
2025-08-13 22:22:20 - ⚠️ Line 463: Invalid email format: invalid-462.example.com
2025-08-13 22:22:20 - ⚠️ Line 470: Invalid email format: invalid-469.example.com
2025-08-13 22:22:20 - ⚠️ Line 477: Invalid email format: invalid-476.example.com
2025-08-13 22:22:20 - ⚠️ Line 484: Invalid email format: invalid-483.example.com
2025-08-13 22:22:20 - ⚠️ Line 491: Invalid email format: invalid-490.example.com
2025-08-13 22:22:20 - ⚠️ Line 498: Invalid email format: invalid-497.example.com
2025-08-13 22:22:20 - ⚠️ Line 505: Invalid email format: invalid-504.example.com
2025-08-13 22:22:20 - ⚠️ Line 512: Invalid email format: invalid-511.example.com
2025-08-13 22:22:20 - ⚠️ Line 519: Invalid email format: invalid-518.example.com
2025-08-13 22:22:20 - ⚠️ Line 526: Invalid email format: invalid-525.example.com
2025-08-13 22:22:20 - ⚠️ Line 533: Invalid email format: invalid-532.example.com
2025-08-13 22:22:20 - ⚠️ Line 540: Invalid email format: invalid-539.example.com
2025-08-13 22:22:20 - ⚠️ Line 547: Invalid email format: invalid-546.example.com
2025-08-13 22:22:20 - ⚠️ Line 554: Invalid email format: invalid-553.example.com
2025-08-13 22:22:20 - ⚠️ Line 561: Invalid email format: invalid-560.example.com
2025-08-13 22:22:20 - ⚠️ Line 568: Invalid email format: invalid-567.example.com
2025-08-13 22:22:20 - ⚠️ Line 575: Invalid email format: invalid-574.example.com
2025-08-13 22:22:20 - ⚠️ Line 582: Invalid email format: invalid-581.example.com
2025-08-13 22:22:20 - ⚠️ Line 589: Invalid email format: invalid-588.example.com
2025-08-13 22:22:20 - ⚠️ Line 596: Invalid email format: invalid-595.example.com
2025-08-13 22:22:20 - ⚠️ Line 603: Invalid email format: invalid-602.example.com
2025-08-13 22:22:20 - ⚠️ Line 610: Invalid email format: invalid-609.example.com
2025-08-13 22:22:20 - ⚠️ Line 617: Invalid email format: invalid-616.example.com
2025-08-13 22:22:20 - ⚠️ Line 624: Invalid email format: invalid-623.example.com
2025-08-13 22:22:20 - ⚠️ Line 631: Invalid email format: invalid-630.example.com
2025-08-13 22:22:20 - ⚠️ Line 638: Invalid email format: invalid-637.example.com
2025-08-13 22:22:20 - ⚠️ Line 645: Invalid email format: invalid-644.example.com
2025-08-13 22:22:20 - ⚠️ Line 652: Invalid email format: invalid-651.example.com
2025-08-13 22:22:20 - ⚠️ Line 659: Invalid email format: invalid-658.example.com
2025-08-13 22:22:20 - ⚠️ Line 666: Invalid email format: invalid-665.example.com
2025-08-13 22:22:20 - ⚠️ Line 673: Invalid email format: invalid-672.example.com
2025-08-13 22:22:20 - ⚠️ Line 680: Invalid email format: invalid-679.example.com
2025-08-13 22:22:20 - ⚠️ Line 687: Invalid email format: invalid-686.example.com
2025-08-13 22:22:20 - ⚠️ Line 694: Invalid email format: invalid-693.example.com
2025-08-13 22:22:20 - ⚠️ Line 701: Invalid email format: invalid-700.example.com
2025-08-13 22:22:20 - ⚠️ Line 708: Invalid email format: invalid-707.example.com
2025-08-13 22:22:20 - ⚠️ Line 715: Invalid email format: invalid-714.example.com
2025-08-13 22:22:20 - ⚠️ Line 722: Invalid email format: invalid-721.example.com
2025-08-13 22:22:20 - ⚠️ Line 729: Invalid email format: invalid-728.example.com
2025-08-13 22:22:20 - ⚠️ Line 736: Invalid email format: invalid-735.example.com
2025-08-13 22:22:20 - ⚠️ Line 743: Invalid email format: invalid-742.example.com
2025-08-13 22:22:20 - ⚠️ Line 750: Invalid email format: invalid-749.example.com
2025-08-13 22:22:20 - ⚠️ Line 757: Invalid email format: invalid-756.example.com
2025-08-13 22:22:20 - ⚠️ Line 764: Invalid email format: invalid-763.example.com
2025-08-13 22:22:20 - ⚠️ Line 771: Invalid email format: invalid-770.example.com
2025-08-13 22:22:20 - ⚠️ Line 778: Invalid email format: invalid-777.example.com
2025-08-13 22:22:20 - ⚠️ Line 785: Invalid email format: invalid-784.example.com
2025-08-13 22:22:20 - ⚠️ Line 792: Invalid email format: invalid-791.example.com
2025-08-13 22:22:20 - ⚠️ Line 799: Invalid email format: invalid-798.example.com
2025-08-13 22:22:20 - ⚠️ Line 806: Invalid email format: invalid-805.example.com
2025-08-13 22:22:20 - ⚠️ Line 813: Invalid email format: invalid-812.example.com
2025-08-13 22:22:20 - ⚠️ Line 820: Invalid email format: invalid-819.example.com
2025-08-13 22:22:20 - ⚠️ Line 827: Invalid email format: invalid-826.example.com
2025-08-13 22:22:20 - ⚠️ Line 834: Invalid email format: invalid-833.example.com
2025-08-13 22:22:20 - ⚠️ Line 841: Invalid email format: invalid-840.example.com
2025-08-13 22:22:20 - ⚠️ Line 848: Invalid email format: invalid-847.example.com
2025-08-13 22:22:20 - ⚠️ Line 855: Invalid email format: invalid-854.example.com
2025-08-13 22:22:20 - ⚠️ Line 862: Invalid email format: invalid-861.example.com
2025-08-13 22:22:20 - ⚠️ Line 869: Invalid email format: invalid-868.example.com
2025-08-13 22:22:20 - ⚠️ Line 876: Invalid email format: invalid-875.example.com
2025-08-13 22:22:20 - ⚠️ Line 883: Invalid email format: invalid-882.example.com
2025-08-13 22:22:20 - ⚠️ Line 890: Invalid email format: invalid-889.example.com
2025-08-13 22:22:20 - ⚠️ Line 897: Invalid email format: invalid-896.example.com
2025-08-13 22:22:20 - ⚠️ Line 904: Invalid email format: invalid-903.example.com
2025-08-13 22:22:20 - ⚠️ Line 911: Invalid email format: invalid-910.example.com
2025-08-13 22:22:20 - ⚠️ Line 918: Invalid email format: invalid-917.example.com
2025-08-13 22:22:20 - ⚠️ Line 925: Invalid email format: invalid-924.example.com
2025-08-13 22:22:20 - ⚠️ Line 932: Invalid email format: invalid-931.example.com
2025-08-13 22:22:20 - ⚠️ Line 939: Invalid email format: invalid-938.example.com
2025-08-13 22:22:20 - ⚠️ Line 946: Invalid email format: invalid-945.example.com
2025-08-13 22:22:20 - ⚠️ Line 953: Invalid email format: invalid-952.example.com
2025-08-13 22:22:20 - ⚠️ Line 960: Invalid email format: invalid-959.example.com
2025-08-13 22:22:20 - ⚠️ Line 967: Invalid email format: invalid-966.example.com
2025-08-13 22:22:20 - ⚠️ Line 974: Invalid email format: invalid-973.example.com
2025-08-13 22:22:20 - ⚠️ Line 981: Invalid email format: invalid-980.example.com
2025-08-13 22:22:20 - ⚠️ Line 988: Invalid email format: invalid-987.example.com
2025-08-13 22:22:20 - ⚠️ Line 995: Invalid email format: invalid-994.example.com
2025-08-13 22:22:20 - ⚠️ Line 1002: Invalid email format: invalid-1001.example.com
2025-08-13 22:22:20 - ⚠️ Line 1009: Invalid email format: invalid-1008.example.com
2025-08-13 22:22:20 - ⚠️ Line 1016: Invalid email format: invalid-1015.example.com
2025-08-13 22:22:20 - ⚠️ Line 1023: Invalid email format: invalid-1022.example.com
2025-08-13 22:22:20 - ⚠️ Line 1030: Invalid email format: invalid-1029.example.com
2025-08-13 22:22:20 - ⚠️ Line 1037: Invalid email format: invalid-1036.example.com
2025-08-13 22:22:20 - ⚠️ Line 1044: Invalid email format: invalid-1043.example.com
2025-08-13 22:22:20 - ⚠️ Line 1051: Invalid email format: invalid-1050.example.com
2025-08-13 22:22:20 - ⚠️ Line 1058: Invalid email format: invalid-1057.example.com
2025-08-13 22:22:20 - ⚠️ Line 1065: Invalid email format: invalid-1064.example.com
2025-08-13 22:22:20 - ⚠️ Line 1072: Invalid email format: invalid-1071.example.com
2025-08-13 22:22:20 - ⚠️ Line 1079: Invalid email format: invalid-1078.example.com
2025-08-13 22:22:20 - ⚠️ Line 1086: Invalid email format: invalid-1085.example.com
2025-08-13 22:22:20 - ⚠️ Line 1093: Invalid email format: invalid-1092.example.com
2025-08-13 22:22:20 - ⚠️ Line 1100: Invalid email format: invalid-1099.example.com
2025-08-13 22:22:20 - ⚠️ Line 1107: Invalid email format: invalid-1106.example.com
2025-08-13 22:22:20 - ⚠️ Line 1114: Invalid email format: invalid-1113.example.com
2025-08-13 22:22:20 - ⚠️ Line 1121: Invalid email format: invalid-1120.example.com
2025-08-13 22:22:20 - ⚠️ Line 1128: Invalid email format: invalid-1127.example.com
2025-08-13 22:22:20 - ⚠️ Line 1135: Invalid email format: invalid-1134.example.com
2025-08-13 22:22:20 - ⚠️ Line 1142: Invalid email format: invalid-1141.example.com
2025-08-13 22:22:20 - ⚠️ Line 1149: Invalid email format: invalid-1148.example.com
2025-08-13 22:22:20 - ⚠️ Line 1156: Invalid email format: invalid-1155.example.com
2025-08-13 22:22:20 - ⚠️ Line 1163: Invalid email format: invalid-1162.example.com
2025-08-13 22:22:20 - ⚠️ Line 1170: Invalid email format: invalid-1169.example.com
2025-08-13 22:22:20 - ⚠️ Line 1177: Invalid email format: invalid-1176.example.com
2025-08-13 22:22:20 - ⚠️ Line 1184: Invalid email format: invalid-1183.example.com
2025-08-13 22:22:20 - ⚠️ Line 1191: Invalid email format: invalid-1190.example.com
2025-08-13 22:22:20 - ⚠️ Line 1198: Invalid email format: invalid-1197.example.com
2025-08-13 22:22:20 - ⚠️ Line 1205: Invalid email format: invalid-1204.example.com
2025-08-13 22:22:20 - ⚠️ Line 1212: Invalid email format: invalid-1211.example.com
2025-08-13 22:22:20 - ⚠️ Line 1219: Invalid email format: invalid-1218.example.com
2025-08-13 22:22:20 - ⚠️ Line 1226: Invalid email format: invalid-1225.example.com
2025-08-13 22:22:20 - ⚠️ Line 1233: Invalid email format: invalid-1232.example.com
2025-08-13 22:22:20 - ⚠️ Line 1240: Invalid email format: invalid-1239.example.com
2025-08-13 22:22:20 - ⚠️ Line 1247: Invalid email format: invalid-1246.example.com
2025-08-13 22:22:20 - ⚠️ Line 1254: Invalid email format: invalid-1253.example.com
2025-08-13 22:22:20 - ⚠️ Line 1261: Invalid email format: invalid-1260.example.com
2025-08-13 22:22:20 - ⚠️ Line 1268: Invalid email format: invalid-1267.example.com
2025-08-13 22:22:20 - ⚠️ Line 1275: Invalid email format: invalid-1274.example.com
2025-08-13 22:22:20 - ⚠️ Line 1282: Invalid email format: invalid-1281.example.com
2025-08-13 22:22:20 - ⚠️ Line 1289: Invalid email format: invalid-1288.example.com
2025-08-13 22:22:20 - ⚠️ Line 1296: Invalid email format: invalid-1295.example.com
2025-08-13 22:22:20 - ⚠️ Line 1303: Invalid email format: invalid-1302.example.com
2025-08-13 22:22:20 - ⚠️ Line 1310: Invalid email format: invalid-1309.example.com
2025-08-13 22:22:20 - ⚠️ Line 1317: Invalid email format: invalid-1316.example.com
2025-08-13 22:22:20 - ⚠️ Line 1324: Invalid email format: invalid-1323.example.com
2025-08-13 22:22:20 - ⚠️ Line 1331: Invalid email format: invalid-1330.example.com
2025-08-13 22:22:20 - ⚠️ Line 1338: Invalid email format: invalid-1337.example.com
2025-08-13 22:22:20 - ⚠️ Line 1345: Invalid email format: invalid-1344.example.com
2025-08-13 22:22:20 - ⚠️ Line 1352: Invalid email format: invalid-1351.example.com
2025-08-13 22:22:20 - ⚠️ Line 1359: Invalid email format: invalid-1358.example.com
2025-08-13 22:22:20 - ⚠️ Line 1366: Invalid email format: invalid-1365.example.com
2025-08-13 22:22:20 - ⚠️ Line 1373: Invalid email format: invalid-1372.example.com
2025-08-13 22:22:20 - ⚠️ Line 1380: Invalid email format: invalid-1379.example.com
2025-08-13 22:22:20 - ⚠️ Line 1387: Invalid email format: invalid-1386.example.com
2025-08-13 22:22:20 - ⚠️ Line 1394: Invalid email format: invalid-1393.example.com
2025-08-13 22:22:20 - ⚠️ Line 1401: Invalid email format: invalid-1400.example.com
2025-08-13 22:22:20 - ⚠️ Line 1408: Invalid email format: invalid-1407.example.com
2025-08-13 22:22:20 - ⚠️ Line 1415: Invalid email format: invalid-1414.example.com
2025-08-13 22:22:20 - ⚠️ Line 1422: Invalid email format: invalid-1421.example.com
2025-08-13 22:22:20 - ⚠️ Line 1429: Invalid email format: invalid-1428.example.com
2025-08-13 22:22:20 - ⚠️ Line 1436: Invalid email format: invalid-1435.example.com
2025-08-13 22:22:20 - ⚠️ Line 1443: Invalid email format: invalid-1442.example.com
2025-08-13 22:22:20 - ⚠️ Line 1450: Invalid email format: invalid-1449.example.com
2025-08-13 22:22:20 - ⚠️ Line 1457: Invalid email format: invalid-1456.example.com
2025-08-13 22:22:20 - ⚠️ Line 1464: Invalid email format: invalid-1463.example.com
2025-08-13 22:22:20 - ⚠️ Line 1471: Invalid email format: invalid-1470.example.com
2025-08-13 22:22:20 - ⚠️ Line 1478: Invalid email format: invalid-1477.example.com
2025-08-13 22:22:20 - ⚠️ Line 1485: Invalid email format: invalid-1484.example.com
2025-08-13 22:22:20 - ⚠️ Line 1492: Invalid email format: invalid-1491.example.com
2025-08-13 22:22:20 - ⚠️ Line 1499: Invalid email format: invalid-1498.example.com
2025-08-13 22:22:20 - ⚠️ Line 1506: Invalid email format: invalid-1505.example.com
2025-08-13 22:22:20 - ⚠️ Line 1513: Invalid email format: invalid-1512.example.com
2025-08-13 22:22:20 - ⚠️ Line 1520: Invalid email format: invalid-1519.example.com
2025-08-13 22:22:20 - ⚠️ Line 1527: Invalid email format: invalid-1526.example.com
2025-08-13 22:22:20 - ⚠️ Line 1534: Invalid email format: invalid-1533.example.com
2025-08-13 22:22:20 - ⚠️ Line 1541: Invalid email format: invalid-1540.example.com
2025-08-13 22:22:20 - ⚠️ Line 1548: Invalid email format: invalid-1547.example.com
2025-08-13 22:22:20 - ⚠️ Line 1555: Invalid email format: invalid-1554.example.com
2025-08-13 22:22:20 - ⚠️ Line 1562: Invalid email format: invalid-1561.example.com
2025-08-13 22:22:20 - ⚠️ Line 1569: Invalid email format: invalid-1568.example.com
2025-08-13 22:22:20 - ⚠️ Line 1576: Invalid email format: invalid-1575.example.com
2025-08-13 22:22:20 - ⚠️ Line 1583: Invalid email format: invalid-1582.example.com
2025-08-13 22:22:20 - ⚠️ Line 1590: Invalid email format: invalid-1589.example.com
2025-08-13 22:22:20 - ⚠️ Line 1597: Invalid email format: invalid-1596.example.com
2025-08-13 22:22:20 - ⚠️ Line 1604: Invalid email format: invalid-1603.example.com
2025-08-13 22:22:20 - ⚠️ Line 1611: Invalid email format: invalid-1610.example.com
2025-08-13 22:22:20 - ⚠️ Line 1618: Invalid email format: invalid-1617.example.com
2025-08-13 22:22:20 - ⚠️ Line 1625: Invalid email format: invalid-1624.example.com
2025-08-13 22:22:20 - ⚠️ Line 1632: Invalid email format: invalid-1631.example.com
2025-08-13 22:22:20 - ⚠️ Line 1639: Invalid email format: invalid-1638.example.com
2025-08-13 22:22:20 - ⚠️ Line 1646: Invalid email format: invalid-1645.example.com
2025-08-13 22:22:20 - ⚠️ Line 1653: Invalid email format: invalid-1652.example.com
2025-08-13 22:22:20 - ⚠️ Line 1660: Invalid email format: invalid-1659.example.com
2025-08-13 22:22:20 - ⚠️ Line 1667: Invalid email format: invalid-1666.example.com
2025-08-13 22:22:20 - ⚠️ Line 1674: Invalid email format: invalid-1673.example.com
2025-08-13 22:22:20 - ⚠️ Line 1681: Invalid email format: invalid-1680.example.com
2025-08-13 22:22:20 - ⚠️ Line 1688: Invalid email format: invalid-1687.example.com
2025-08-13 22:22:20 - ⚠️ Line 1695: Invalid email format: invalid-1694.example.com
2025-08-13 22:22:20 - ⚠️ Line 1702: Invalid email format: invalid-1701.example.com
2025-08-13 22:22:20 - ⚠️ Line 1709: Invalid email format: invalid-1708.example.com
2025-08-13 22:22:20 - ⚠️ Line 1716: Invalid email format: invalid-1715.example.com
2025-08-13 22:22:20 - ⚠️ Line 1723: Invalid email format: invalid-1722.example.com
2025-08-13 22:22:20 - ⚠️ Line 1730: Invalid email format: invalid-1729.example.com
2025-08-13 22:22:20 - ⚠️ Line 1737: Invalid email format: invalid-1736.example.com
2025-08-13 22:22:20 - ⚠️ Line 1744: Invalid email format: invalid-1743.example.com
2025-08-13 22:22:20 - ⚠️ Line 1751: Invalid email format: invalid-1750.example.com
2025-08-13 22:22:20 - ⚠️ Line 1758: Invalid email format: invalid-1757.example.com
2025-08-13 22:22:20 - ⚠️ Line 1765: Invalid email format: invalid-1764.example.com
2025-08-13 22:22:20 - ⚠️ Line 1772: Invalid email format: invalid-1771.example.com
2025-08-13 22:22:20 - ⚠️ Line 1779: Invalid email format: invalid-1778.example.com
2025-08-13 22:22:20 - ⚠️ Line 1786: Invalid email format: invalid-1785.example.com
2025-08-13 22:22:20 - ⚠️ Line 1793: Invalid email format: invalid-1792.example.com
2025-08-13 22:22:20 - ⚠️ Line 1800: Invalid email format: invalid-1799.example.com
2025-08-13 22:22:20 - ⚠️ Line 1807: Invalid email format: invalid-1806.example.com
2025-08-13 22:22:20 - ⚠️ Line 1814: Invalid email format: invalid-1813.example.com
2025-08-13 22:22:20 - ⚠️ Line 1821: Invalid email format: invalid-1820.example.com
2025-08-13 22:22:20 - ⚠️ Line 1828: Invalid email format: invalid-1827.example.com
2025-08-13 22:22:20 - ⚠️ Line 1835: Invalid email format: invalid-1834.example.com
2025-08-13 22:22:20 - ⚠️ Line 1842: Invalid email format: invalid-1841.example.com
2025-08-13 22:22:20 - ⚠️ Line 1849: Invalid email format: invalid-1848.example.com
2025-08-13 22:22:20 - ⚠️ Line 1856: Invalid email format: invalid-1855.example.com
2025-08-13 22:22:20 - ⚠️ Line 1863: Invalid email format: invalid-1862.example.com
2025-08-13 22:22:20 - ⚠️ Line 1870: Invalid email format: invalid-1869.example.com
2025-08-13 22:22:20 - ⚠️ Line 1877: Invalid email format: invalid-1876.example.com
2025-08-13 22:22:20 - ⚠️ Line 1884: Invalid email format: invalid-1883.example.com
2025-08-13 22:22:20 - ⚠️ Line 1891: Invalid email format: invalid-1890.example.com
2025-08-13 22:22:20 - ⚠️ Line 1898: Invalid email format: invalid-1897.example.com
2025-08-13 22:22:20 - ⚠️ Line 1905: Invalid email format: invalid-1904.example.com
2025-08-13 22:22:20 - ⚠️ Line 1912: Invalid email format: invalid-1911.example.com
2025-08-13 22:22:20 - ⚠️ Line 1919: Invalid email format: invalid-1918.example.com
2025-08-13 22:22:20 - ⚠️ Line 1926: Invalid email format: invalid-1925.example.com
2025-08-13 22:22:20 - ⚠️ Line 1933: Invalid email format: invalid-1932.example.com
2025-08-13 22:22:20 - ⚠️ Line 1940: Invalid email format: invalid-1939.example.com
2025-08-13 22:22:20 - ⚠️ Line 1947: Invalid email format: invalid-1946.example.com
2025-08-13 22:22:20 - ⚠️ Line 1954: Invalid email format: invalid-1953.example.com
2025-08-13 22:22:20 - ⚠️ Line 1961: Invalid email format: invalid-1960.example.com
2025-08-13 22:22:20 - ⚠️ Line 1968: Invalid email format: invalid-1967.example.com
2025-08-13 22:22:20 - ⚠️ Line 1975: Invalid email format: invalid-1974.example.com
2025-08-13 22:22:20 - ⚠️ Line 1982: Invalid email format: invalid-1981.example.com
2025-08-13 22:22:20 - ⚠️ Line 1989: Invalid email format: invalid-1988.example.com
2025-08-13 22:22:20 - ⚠️ Line 1996: Invalid email format: invalid-1995.example.com
2025-08-13 22:22:20 - ⚠️ Line 2003: Invalid email format: invalid-2002.example.com
2025-08-13 22:22:20 - ⚠️ Line 2010: Invalid email format: invalid-2009.example.com
2025-08-13 22:22:20 - ⚠️ Line 2017: Invalid email format: invalid-2016.example.com
2025-08-13 22:22:20 - ⚠️ Line 2024: Invalid email format: invalid-2023.example.com
2025-08-13 22:22:20 - ⚠️ Line 2031: Invalid email format: invalid-2030.example.com
2025-08-13 22:22:20 - ⚠️ Line 2038: Invalid email format: invalid-2037.example.com
2025-08-13 22:22:20 - ⚠️ Line 2045: Invalid email format: invalid-2044.example.com
2025-08-13 22:22:20 - ⚠️ Line 2052: Invalid email format: invalid-2051.example.com
2025-08-13 22:22:20 - ⚠️ Line 2059: Invalid email format: invalid-2058.example.com
2025-08-13 22:22:20 - ⚠️ Line 2066: Invalid email format: invalid-2065.example.com
2025-08-13 22:22:20 - ⚠️ Line 2073: Invalid email format: invalid-2072.example.com
2025-08-13 22:22:20 - ⚠️ Line 2080: Invalid email format: invalid-2079.example.com
2025-08-13 22:22:20 - ⚠️ Line 2087: Invalid email format: invalid-2086.example.com
2025-08-13 22:22:20 - ⚠️ Line 2094: Invalid email format: invalid-2093.example.com
2025-08-13 22:22:20 - ⚠️ Line 2101: Invalid email format: invalid-2100.example.com
2025-08-13 22:22:20 - ⚠️ Line 2108: Invalid email format: invalid-2107.example.com
2025-08-13 22:22:20 - ⚠️ Line 2115: Invalid email format: invalid-2114.example.com
2025-08-13 22:22:20 - ⚠️ Line 2122: Invalid email format: invalid-2121.example.com
2025-08-13 22:22:20 - ⚠️ Line 2129: Invalid email format: invalid-2128.example.com
2025-08-13 22:22:20 - ⚠️ Line 2136: Invalid email format: invalid-2135.example.com
2025-08-13 22:22:20 - ⚠️ Line 2143: Invalid email format: invalid-2142.example.com
2025-08-13 22:22:20 - ⚠️ Line 2150: Invalid email format: invalid-2149.example.com
2025-08-13 22:22:20 - ⚠️ Line 2157: Invalid email format: invalid-2156.example.com
2025-08-13 22:22:20 - ⚠️ Line 2164: Invalid email format: invalid-2163.example.com
2025-08-13 22:22:20 - ⚠️ Line 2171: Invalid email format: invalid-2170.example.com
2025-08-13 22:22:20 - ⚠️ Line 2178: Invalid email format: invalid-2177.example.com
2025-08-13 22:22:20 - ⚠️ Line 2185: Invalid email format: invalid-2184.example.com
2025-08-13 22:22:20 - ⚠️ Line 2192: Invalid email format: invalid-2191.example.com
2025-08-13 22:22:20 - ⚠️ Line 2199: Invalid email format: invalid-2198.example.com
2025-08-13 22:22:20 - ⚠️ Line 2206: Invalid email format: invalid-2205.example.com
2025-08-13 22:22:20 - ⚠️ Line 2213: Invalid email format: invalid-2212.example.com
2025-08-13 22:22:20 - ⚠️ Line 2220: Invalid email format: invalid-2219.example.com
2025-08-13 22:22:20 - ⚠️ Line 2227: Invalid email format: invalid-2226.example.com
2025-08-13 22:22:20 - ⚠️ Line 2234: Invalid email format: invalid-2233.example.com
2025-08-13 22:22:20 - ⚠️ Line 2241: Invalid email format: invalid-2240.example.com
2025-08-13 22:22:20 - ⚠️ Line 2248: Invalid email format: invalid-2247.example.com
2025-08-13 22:22:20 - ⚠️ Line 2255: Invalid email format: invalid-2254.example.com
2025-08-13 22:22:20 - ⚠️ Line 2262: Invalid email format: invalid-2261.example.com
2025-08-13 22:22:20 - ⚠️ Line 2269: Invalid email format: invalid-2268.example.com
2025-08-13 22:22:20 - ⚠️ Line 2276: Invalid email format: invalid-2275.example.com
2025-08-13 22:22:20 - ⚠️ Line 2283: Invalid email format: invalid-2282.example.com
2025-08-13 22:22:20 - ⚠️ Line 2290: Invalid email format: invalid-2289.example.com
2025-08-13 22:22:20 - ⚠️ Line 2297: Invalid email format: invalid-2296.example.com
2025-08-13 22:22:20 - ⚠️ Line 2304: Invalid email format: invalid-2303.example.com
2025-08-13 22:22:20 - ⚠️ Line 2311: Invalid email format: invalid-2310.example.com
2025-08-13 22:22:20 - ⚠️ Line 2318: Invalid email format: invalid-2317.example.com
2025-08-13 22:22:20 - ⚠️ Line 2325: Invalid email format: invalid-2324.example.com
2025-08-13 22:22:20 - ⚠️ Line 2332: Invalid email format: invalid-2331.example.com
2025-08-13 22:22:20 - ⚠️ Line 2339: Invalid email format: invalid-2338.example.com
2025-08-13 22:22:20 - ⚠️ Line 2346: Invalid email format: invalid-2345.example.com
2025-08-13 22:22:20 - ⚠️ Line 2353: Invalid email format: invalid-2352.example.com
2025-08-13 22:22:20 - ⚠️ Line 2360: Invalid email format: invalid-2359.example.com
2025-08-13 22:22:20 - ⚠️ Line 2367: Invalid email format: invalid-2366.example.com
2025-08-13 22:22:20 - ⚠️ Line 2374: Invalid email format: invalid-2373.example.com
2025-08-13 22:22:20 - ⚠️ Line 2381: Invalid email format: invalid-2380.example.com
2025-08-13 22:22:20 - ⚠️ Line 2388: Invalid email format: invalid-2387.example.com
2025-08-13 22:22:20 - ⚠️ Line 2395: Invalid email format: invalid-2394.example.com
2025-08-13 22:22:20 - ⚠️ Line 2402: Invalid email format: invalid-2401.example.com
2025-08-13 22:22:20 - ⚠️ Line 2409: Invalid email format: invalid-2408.example.com
2025-08-13 22:22:20 - ⚠️ Line 2416: Invalid email format: invalid-2415.example.com
2025-08-13 22:22:20 - ⚠️ Line 2423: Invalid email format: invalid-2422.example.com
2025-08-13 22:22:20 - ⚠️ Line 2430: Invalid email format: invalid-2429.example.com
2025-08-13 22:22:20 - ⚠️ Line 2437: Invalid email format: invalid-2436.example.com
2025-08-13 22:22:20 - ⚠️ Line 2444: Invalid email format: invalid-2443.example.com
2025-08-13 22:22:20 - ⚠️ Line 2451: Invalid email format: invalid-2450.example.com
2025-08-13 22:22:20 - ⚠️ Line 2458: Invalid email format: invalid-2457.example.com
2025-08-13 22:22:20 - ⚠️ Line 2465: Invalid email format: invalid-2464.example.com
2025-08-13 22:22:20 - ⚠️ Line 2472: Invalid email format: invalid-2471.example.com
2025-08-13 22:22:20 - ⚠️ Line 2479: Invalid email format: invalid-2478.example.com
2025-08-13 22:22:20 - ⚠️ Line 2486: Invalid email format: invalid-2485.example.com
2025-08-13 22:22:20 - ⚠️ Line 2493: Invalid email format: invalid-2492.example.com
2025-08-13 22:22:20 - ⚠️ Line 2500: Invalid email format: invalid-2499.example.com
2025-08-13 22:22:20 - ⚠️ Line 2507: Invalid email format: invalid-2506.example.com
2025-08-13 22:22:20 - ⚠️ Line 2514: Invalid email format: invalid-2513.example.com
2025-08-13 22:22:20 - ⚠️ Line 2521: Invalid email format: invalid-2520.example.com
2025-08-13 22:22:20 - ⚠️ Line 2528: Invalid email format: invalid-2527.example.com
2025-08-13 22:22:20 - ⚠️ Line 2535: Invalid email format: invalid-2534.example.com
2025-08-13 22:22:20 - ⚠️ Line 2542: Invalid email format: invalid-2541.example.com
2025-08-13 22:22:20 - ⚠️ Line 2549: Invalid email format: invalid-2548.example.com
2025-08-13 22:22:20 - ⚠️ Line 2556: Invalid email format: invalid-2555.example.com
2025-08-13 22:22:20 - ⚠️ Line 2563: Invalid email format: invalid-2562.example.com
2025-08-13 22:22:20 - ⚠️ Line 2570: Invalid email format: invalid-2569.example.com
2025-08-13 22:22:20 - ⚠️ Line 2577: Invalid email format: invalid-2576.example.com
2025-08-13 22:22:20 - ⚠️ Line 2584: Invalid email format: invalid-2583.example.com
2025-08-13 22:22:20 - ⚠️ Line 2591: Invalid email format: invalid-2590.example.com
2025-08-13 22:22:20 - ⚠️ Line 2598: Invalid email format: invalid-2597.example.com
2025-08-13 22:22:20 - ⚠️ Line 2605: Invalid email format: invalid-2604.example.com
2025-08-13 22:22:20 - ⚠️ Line 2612: Invalid email format: invalid-2611.example.com
2025-08-13 22:22:20 - ⚠️ Line 2619: Invalid email format: invalid-2618.example.com
2025-08-13 22:22:20 - ⚠️ Line 2626: Invalid email format: invalid-2625.example.com
2025-08-13 22:22:20 - ⚠️ Line 2633: Invalid email format: invalid-2632.example.com
2025-08-13 22:22:20 - ⚠️ Line 2640: Invalid email format: invalid-2639.example.com
2025-08-13 22:22:20 - ⚠️ Line 2647: Invalid email format: invalid-2646.example.com
2025-08-13 22:22:20 - ⚠️ Line 2654: Invalid email format: invalid-2653.example.com
2025-08-13 22:22:20 - ⚠️ Line 2661: Invalid email format: invalid-2660.example.com
2025-08-13 22:22:20 - ⚠️ Line 2668: Invalid email format: invalid-2667.example.com
2025-08-13 22:22:20 - ⚠️ Line 2675: Invalid email format: invalid-2674.example.com
2025-08-13 22:22:20 - ⚠️ Line 2682: Invalid email format: invalid-2681.example.com
2025-08-13 22:22:20 - ⚠️ Line 2689: Invalid email format: invalid-2688.example.com
2025-08-13 22:22:20 - ⚠️ Line 2696: Invalid email format: invalid-2695.example.com
2025-08-13 22:22:20 - ⚠️ Line 2703: Invalid email format: invalid-2702.example.com
2025-08-13 22:22:20 - ⚠️ Line 2710: Invalid email format: invalid-2709.example.com
2025-08-13 22:22:20 - ⚠️ Line 2717: Invalid email format: invalid-2716.example.com
2025-08-13 22:22:20 - ⚠️ Line 2724: Invalid email format: invalid-2723.example.com
2025-08-13 22:22:20 - ⚠️ Line 2731: Invalid email format: invalid-2730.example.com
2025-08-13 22:22:20 - ⚠️ Line 2738: Invalid email format: invalid-2737.example.com
2025-08-13 22:22:20 - ⚠️ Line 2745: Invalid email format: invalid-2744.example.com
2025-08-13 22:22:20 - ⚠️ Line 2752: Invalid email format: invalid-2751.example.com
2025-08-13 22:22:20 - ⚠️ Line 2759: Invalid email format: invalid-2758.example.com
2025-08-13 22:22:20 - ⚠️ Line 2766: Invalid email format: invalid-2765.example.com
2025-08-13 22:22:20 - ⚠️ Line 2773: Invalid email format: invalid-2772.example.com
2025-08-13 22:22:20 - ⚠️ Line 2780: Invalid email format: invalid-2779.example.com
2025-08-13 22:22:20 - ⚠️ Line 2787: Invalid email format: invalid-2786.example.com
2025-08-13 22:22:20 - ⚠️ Line 2794: Invalid email format: invalid-2793.example.com
2025-08-13 22:22:20 - ⚠️ Line 2801: Invalid email format: invalid-2800.example.com
2025-08-13 22:22:20 - ⚠️ Line 2808: Invalid email format: invalid-2807.example.com
2025-08-13 22:22:20 - ⚠️ Line 2815: Invalid email format: invalid-2814.example.com
2025-08-13 22:22:20 - ⚠️ Line 2822: Invalid email format: invalid-2821.example.com
2025-08-13 22:22:20 - ⚠️ Line 2829: Invalid email format: invalid-2828.example.com
2025-08-13 22:22:20 - ⚠️ Line 2836: Invalid email format: invalid-2835.example.com
2025-08-13 22:22:20 - ⚠️ Line 2843: Invalid email format: invalid-2842.example.com
2025-08-13 22:22:20 - ⚠️ Line 2850: Invalid email format: invalid-2849.example.com
2025-08-13 22:22:20 - ⚠️ Line 2857: Invalid email format: invalid-2856.example.com
2025-08-13 22:22:20 - ⚠️ Line 2864: Invalid email format: invalid-2863.example.com
2025-08-13 22:22:20 - ⚠️ Line 2871: Invalid email format: invalid-2870.example.com
2025-08-13 22:22:20 - ⚠️ Line 2878: Invalid email format: invalid-2877.example.com
2025-08-13 22:22:20 - ⚠️ Line 2885: Invalid email format: invalid-2884.example.com
2025-08-13 22:22:20 - ⚠️ Line 2892: Invalid email format: invalid-2891.example.com
2025-08-13 22:22:20 - ⚠️ Line 2899: Invalid email format: invalid-2898.example.com
2025-08-13 22:22:20 - ⚠️ Line 2906: Invalid email format: invalid-2905.example.com
2025-08-13 22:22:20 - ⚠️ Line 2913: Invalid email format: invalid-2912.example.com
2025-08-13 22:22:20 - ⚠️ Line 2920: Invalid email format: invalid-2919.example.com
2025-08-13 22:22:20 - ⚠️ Line 2927: Invalid email format: invalid-2926.example.com
2025-08-13 22:22:20 - ⚠️ Line 2934: Invalid email format: invalid-2933.example.com
2025-08-13 22:22:20 - ⚠️ Line 2941: Invalid email format: invalid-2940.example.com
2025-08-13 22:22:20 - ⚠️ Line 2948: Invalid email format: invalid-2947.example.com
2025-08-13 22:22:20 - ⚠️ Line 2955: Invalid email format: invalid-2954.example.com
2025-08-13 22:22:20 - ⚠️ Line 2962: Invalid email format: invalid-2961.example.com
2025-08-13 22:22:20 - ⚠️ Line 2969: Invalid email format: invalid-2968.example.com
2025-08-13 22:22:20 - ⚠️ Line 2976: Invalid email format: invalid-2975.example.com
2025-08-13 22:22:20 - ⚠️ Line 2983: Invalid email format: invalid-2982.example.com
2025-08-13 22:22:20 - ⚠️ Line 2990: Invalid email format: invalid-2989.example.com
2025-08-13 22:22:20 - ⚠️ Line 2997: Invalid email format: invalid-2996.example.com
2025-08-13 22:22:20 - ⚠️ Line 3004: Invalid email format: invalid-3003.example.com
2025-08-13 22:22:20 - ⚠️ Line 3011: Invalid email format: invalid-3010.example.com
2025-08-13 22:22:20 - ⚠️ Line 3018: Invalid email format: invalid-3017.example.com
2025-08-13 22:22:20 - ⚠️ Line 3025: Invalid email format: invalid-3024.example.com
2025-08-13 22:22:20 - ⚠️ Line 3032: Invalid email format: invalid-3031.example.com
2025-08-13 22:22:20 - ⚠️ Line 3039: Invalid email format: invalid-3038.example.com
2025-08-13 22:22:20 - ⚠️ Line 3046: Invalid email format: invalid-3045.example.com
2025-08-13 22:22:20 - ⚠️ Line 3053: Invalid email format: invalid-3052.example.com
2025-08-13 22:22:20 - ⚠️ Line 3060: Invalid email format: invalid-3059.example.com
2025-08-13 22:22:20 - ⚠️ Line 3067: Invalid email format: invalid-3066.example.com
2025-08-13 22:22:20 - ⚠️ Line 3074: Invalid email format: invalid-3073.example.com
2025-08-13 22:22:20 - ⚠️ Line 3081: Invalid email format: invalid-3080.example.com
2025-08-13 22:22:20 - ⚠️ Line 3088: Invalid email format: invalid-3087.example.com
2025-08-13 22:22:20 - ⚠️ Line 3095: Invalid email format: invalid-3094.example.com
2025-08-13 22:22:20 - ⚠️ Line 3102: Invalid email format: invalid-3101.example.com
2025-08-13 22:22:20 - ⚠️ Line 3109: Invalid email format: invalid-3108.example.com
2025-08-13 22:22:20 - ⚠️ Line 3116: Invalid email format: invalid-3115.example.com
2025-08-13 22:22:20 - ⚠️ Line 3123: Invalid email format: invalid-3122.example.com
2025-08-13 22:22:20 - ⚠️ Line 3130: Invalid email format: invalid-3129.example.com
2025-08-13 22:22:20 - ⚠️ Line 3137: Invalid email format: invalid-3136.example.com
2025-08-13 22:22:20 - ⚠️ Line 3144: Invalid email format: invalid-3143.example.com
2025-08-13 22:22:20 - ⚠️ Line 3151: Invalid email format: invalid-3150.example.com
2025-08-13 22:22:20 - ⚠️ Line 3158: Invalid email format: invalid-3157.example.com
2025-08-13 22:22:20 - ⚠️ Line 3165: Invalid email format: invalid-3164.example.com
2025-08-13 22:22:20 - ⚠️ Line 3172: Invalid email format: invalid-3171.example.com
2025-08-13 22:22:20 - ⚠️ Line 3179: Invalid email format: invalid-3178.example.com
2025-08-13 22:22:20 - ⚠️ Line 3186: Invalid email format: invalid-3185.example.com
2025-08-13 22:22:20 - ⚠️ Line 3193: Invalid email format: invalid-3192.example.com
2025-08-13 22:22:20 - ⚠️ Line 3200: Invalid email format: invalid-3199.example.com
2025-08-13 22:22:20 - ⚠️ Line 3207: Invalid email format: invalid-3206.example.com
2025-08-13 22:22:20 - ⚠️ Line 3214: Invalid email format: invalid-3213.example.com
2025-08-13 22:22:20 - ⚠️ Line 3221: Invalid email format: invalid-3220.example.com
2025-08-13 22:22:20 - ⚠️ Line 3228: Invalid email format: invalid-3227.example.com
2025-08-13 22:22:20 - ⚠️ Line 3235: Invalid email format: invalid-3234.example.com
2025-08-13 22:22:20 - ⚠️ Line 3242: Invalid email format: invalid-3241.example.com
2025-08-13 22:22:20 - ⚠️ Line 3249: Invalid email format: invalid-3248.example.com
2025-08-13 22:22:20 - ⚠️ Line 3256: Invalid email format: invalid-3255.example.com
2025-08-13 22:22:20 - ⚠️ Line 3263: Invalid email format: invalid-3262.example.com
2025-08-13 22:22:20 - ⚠️ Line 3270: Invalid email format: invalid-3269.example.com
2025-08-13 22:22:20 - ⚠️ Line 3277: Invalid email format: invalid-3276.example.com
2025-08-13 22:22:20 - ⚠️ Line 3284: Invalid email format: invalid-3283.example.com
2025-08-13 22:22:20 - ⚠️ Line 3291: Invalid email format: invalid-3290.example.com
2025-08-13 22:22:20 - ⚠️ Line 3298: Invalid email format: invalid-3297.example.com
2025-08-13 22:22:20 - ⚠️ Line 3305: Invalid email format: invalid-3304.example.com
2025-08-13 22:22:20 - ⚠️ Line 3312: Invalid email format: invalid-3311.example.com
2025-08-13 22:22:20 - ⚠️ Line 3319: Invalid email format: invalid-3318.example.com
2025-08-13 22:22:20 - ⚠️ Line 3326: Invalid email format: invalid-3325.example.com
2025-08-13 22:22:20 - ⚠️ Line 3333: Invalid email format: invalid-3332.example.com
2025-08-13 22:22:20 - ⚠️ Line 3340: Invalid email format: invalid-3339.example.com
2025-08-13 22:22:20 - ⚠️ Line 3347: Invalid email format: invalid-3346.example.com
2025-08-13 22:22:20 - ⚠️ Line 3354: Invalid email format: invalid-3353.example.com
2025-08-13 22:22:20 - ⚠️ Line 3361: Invalid email format: invalid-3360.example.com
2025-08-13 22:22:20 - ⚠️ Line 3368: Invalid email format: invalid-3367.example.com
2025-08-13 22:22:20 - ⚠️ Line 3375: Invalid email format: invalid-3374.example.com
2025-08-13 22:22:20 - ⚠️ Line 3382: Invalid email format: invalid-3381.example.com
2025-08-13 22:22:20 - ⚠️ Line 3389: Invalid email format: invalid-3388.example.com
2025-08-13 22:22:20 - ⚠️ Line 3396: Invalid email format: invalid-3395.example.com
2025-08-13 22:22:20 - ⚠️ Line 3403: Invalid email format: invalid-3402.example.com
2025-08-13 22:22:20 - ⚠️ Line 3410: Invalid email format: invalid-3409.example.com
2025-08-13 22:22:20 - ⚠️ Line 3417: Invalid email format: invalid-3416.example.com
2025-08-13 22:22:20 - ⚠️ Line 3424: Invalid email format: invalid-3423.example.com
2025-08-13 22:22:20 - ⚠️ Line 3431: Invalid email format: invalid-3430.example.com
2025-08-13 22:22:20 - ⚠️ Line 3438: Invalid email format: invalid-3437.example.com
2025-08-13 22:22:20 - ⚠️ Line 3445: Invalid email format: invalid-3444.example.com
2025-08-13 22:22:20 - ⚠️ Line 3452: Invalid email format: invalid-3451.example.com
2025-08-13 22:22:20 - ⚠️ Line 3459: Invalid email format: invalid-3458.example.com
2025-08-13 22:22:20 - ⚠️ Line 3466: Invalid email format: invalid-3465.example.com
2025-08-13 22:22:20 - ⚠️ Line 3473: Invalid email format: invalid-3472.example.com
2025-08-13 22:22:20 - ⚠️ Line 3480: Invalid email format: invalid-3479.example.com
2025-08-13 22:22:20 - ⚠️ Line 3487: Invalid email format: invalid-3486.example.com
2025-08-13 22:22:20 - ⚠️ Line 3494: Invalid email format: invalid-3493.example.com
2025-08-13 22:22:20 - ⚠️ Line 3501: Invalid email format: invalid-3500.example.com
2025-08-13 22:22:20 - ⚠️ Line 3508: Invalid email format: invalid-3507.example.com
2025-08-13 22:22:20 - ⚠️ Line 3515: Invalid email format: invalid-3514.example.com
2025-08-13 22:22:20 - ⚠️ Line 3522: Invalid email format: invalid-3521.example.com
2025-08-13 22:22:20 - ⚠️ Line 3529: Invalid email format: invalid-3528.example.com
2025-08-13 22:22:20 - ⚠️ Line 3536: Invalid email format: invalid-3535.example.com
2025-08-13 22:22:20 - ⚠️ Line 3543: Invalid email format: invalid-3542.example.com
2025-08-13 22:22:20 - ⚠️ Line 3550: Invalid email format: invalid-3549.example.com
2025-08-13 22:22:20 - ⚠️ Line 3557: Invalid email format: invalid-3556.example.com
2025-08-13 22:22:20 - ⚠️ Line 3564: Invalid email format: invalid-3563.example.com
2025-08-13 22:22:20 - ⚠️ Line 3571: Invalid email format: invalid-3570.example.com
2025-08-13 22:22:20 - ⚠️ Line 3578: Invalid email format: invalid-3577.example.com
2025-08-13 22:22:20 - ⚠️ Line 3585: Invalid email format: invalid-3584.example.com
2025-08-13 22:22:20 - ⚠️ Line 3592: Invalid email format: invalid-3591.example.com
2025-08-13 22:22:20 - ⚠️ Line 3599: Invalid email format: invalid-3598.example.com
2025-08-13 22:22:20 - ⚠️ Line 3606: Invalid email format: invalid-3605.example.com
2025-08-13 22:22:20 - ⚠️ Line 3613: Invalid email format: invalid-3612.example.com
2025-08-13 22:22:20 - ⚠️ Line 3620: Invalid email format: invalid-3619.example.com
2025-08-13 22:22:20 - ⚠️ Line 3627: Invalid email format: invalid-3626.example.com
2025-08-13 22:22:20 - ⚠️ Line 3634: Invalid email format: invalid-3633.example.com
2025-08-13 22:22:20 - ⚠️ Line 3641: Invalid email format: invalid-3640.example.com
2025-08-13 22:22:20 - ⚠️ Line 3648: Invalid email format: invalid-3647.example.com
2025-08-13 22:22:20 - ⚠️ Line 3655: Invalid email format: invalid-3654.example.com
2025-08-13 22:22:20 - ⚠️ Line 3662: Invalid email format: invalid-3661.example.com
2025-08-13 22:22:20 - ⚠️ Line 3669: Invalid email format: invalid-3668.example.com
2025-08-13 22:22:20 - ⚠️ Line 3676: Invalid email format: invalid-3675.example.com
2025-08-13 22:22:20 - ⚠️ Line 3683: Invalid email format: invalid-3682.example.com
2025-08-13 22:22:20 - ⚠️ Line 3690: Invalid email format: invalid-3689.example.com
2025-08-13 22:22:20 - ⚠️ Line 3697: Invalid email format: invalid-3696.example.com
2025-08-13 22:22:20 - ⚠️ Line 3704: Invalid email format: invalid-3703.example.com
2025-08-13 22:22:20 - ⚠️ Line 3711: Invalid email format: invalid-3710.example.com
2025-08-13 22:22:20 - ⚠️ Line 3718: Invalid email format: invalid-3717.example.com
2025-08-13 22:22:20 - ⚠️ Line 3725: Invalid email format: invalid-3724.example.com
2025-08-13 22:22:20 - ⚠️ Line 3732: Invalid email format: invalid-3731.example.com
2025-08-13 22:22:20 - ⚠️ Line 3739: Invalid email format: invalid-3738.example.com
2025-08-13 22:22:20 - ⚠️ Line 3746: Invalid email format: invalid-3745.example.com
2025-08-13 22:22:20 - ⚠️ Line 3753: Invalid email format: invalid-3752.example.com
2025-08-13 22:22:20 - ⚠️ Line 3760: Invalid email format: invalid-3759.example.com
2025-08-13 22:22:20 - ⚠️ Line 3767: Invalid email format: invalid-3766.example.com
2025-08-13 22:22:20 - ⚠️ Line 3774: Invalid email format: invalid-3773.example.com
2025-08-13 22:22:20 - ⚠️ Line 3781: Invalid email format: invalid-3780.example.com
2025-08-13 22:22:20 - ⚠️ Line 3788: Invalid email format: invalid-3787.example.com
2025-08-13 22:22:20 - ⚠️ Line 3795: Invalid email format: invalid-3794.example.com
2025-08-13 22:22:20 - ⚠️ Line 3802: Invalid email format: invalid-3801.example.com
2025-08-13 22:22:20 - ⚠️ Line 3809: Invalid email format: invalid-3808.example.com
2025-08-13 22:22:20 - ⚠️ Line 3816: Invalid email format: invalid-3815.example.com
2025-08-13 22:22:20 - ⚠️ Line 3823: Invalid email format: invalid-3822.example.com
2025-08-13 22:22:20 - ⚠️ Line 3830: Invalid email format: invalid-3829.example.com
2025-08-13 22:22:20 - ⚠️ Line 3837: Invalid email format: invalid-3836.example.com
2025-08-13 22:22:20 - ⚠️ Line 3844: Invalid email format: invalid-3843.example.com
2025-08-13 22:22:20 - ⚠️ Line 3851: Invalid email format: invalid-3850.example.com
2025-08-13 22:22:20 - ⚠️ Line 3858: Invalid email format: invalid-3857.example.com
2025-08-13 22:22:20 - ⚠️ Line 3865: Invalid email format: invalid-3864.example.com
2025-08-13 22:22:20 - ⚠️ Line 3872: Invalid email format: invalid-3871.example.com
2025-08-13 22:22:20 - ⚠️ Line 3879: Invalid email format: invalid-3878.example.com
2025-08-13 22:22:20 - ⚠️ Line 3886: Invalid email format: invalid-3885.example.com
2025-08-13 22:22:20 - ⚠️ Line 3893: Invalid email format: invalid-3892.example.com
2025-08-13 22:22:20 - ⚠️ Line 3900: Invalid email format: invalid-3899.example.com
2025-08-13 22:22:20 - ⚠️ Line 3907: Invalid email format: invalid-3906.example.com
2025-08-13 22:22:20 - ⚠️ Line 3914: Invalid email format: invalid-3913.example.com
2025-08-13 22:22:20 - ⚠️ Line 3921: Invalid email format: invalid-3920.example.com
2025-08-13 22:22:20 - ⚠️ Line 3928: Invalid email format: invalid-3927.example.com
2025-08-13 22:22:20 - ⚠️ Line 3935: Invalid email format: invalid-3934.example.com
2025-08-13 22:22:20 - ⚠️ Line 3942: Invalid email format: invalid-3941.example.com
2025-08-13 22:22:20 - ⚠️ Line 3949: Invalid email format: invalid-3948.example.com
2025-08-13 22:22:20 - ⚠️ Line 3956: Invalid email format: invalid-3955.example.com
2025-08-13 22:22:20 - ⚠️ Line 3963: Invalid email format: invalid-3962.example.com
2025-08-13 22:22:20 - ⚠️ Line 3970: Invalid email format: invalid-3969.example.com
2025-08-13 22:22:20 - ⚠️ Line 3977: Invalid email format: invalid-3976.example.com
2025-08-13 22:22:20 - ⚠️ Line 3984: Invalid email format: invalid-3983.example.com
2025-08-13 22:22:20 - ⚠️ Line 3991: Invalid email format: invalid-3990.example.com
2025-08-13 22:22:20 - ⚠️ Line 3998: Invalid email format: invalid-3997.example.com
2025-08-13 22:22:20 - ⚠️ Line 4005: Invalid email format: invalid-4004.example.com
2025-08-13 22:22:20 - ⚠️ Line 4012: Invalid email format: invalid-4011.example.com
2025-08-13 22:22:20 - ⚠️ Line 4019: Invalid email format: invalid-4018.example.com
2025-08-13 22:22:20 - ⚠️ Line 4026: Invalid email format: invalid-4025.example.com
2025-08-13 22:22:20 - ⚠️ Line 4033: Invalid email format: invalid-4032.example.com
2025-08-13 22:22:20 - ⚠️ Line 4040: Invalid email format: invalid-4039.example.com
2025-08-13 22:22:20 - ⚠️ Line 4047: Invalid email format: invalid-4046.example.com
2025-08-13 22:22:20 - ⚠️ Line 4054: Invalid email format: invalid-4053.example.com
2025-08-13 22:22:20 - ⚠️ Line 4061: Invalid email format: invalid-4060.example.com
2025-08-13 22:22:20 - ⚠️ Line 4068: Invalid email format: invalid-4067.example.com
2025-08-13 22:22:20 - ⚠️ Line 4075: Invalid email format: invalid-4074.example.com
2025-08-13 22:22:20 - ⚠️ Line 4082: Invalid email format: invalid-4081.example.com
2025-08-13 22:22:20 - ⚠️ Line 4089: Invalid email format: invalid-4088.example.com
2025-08-13 22:22:20 - ⚠️ Line 4096: Invalid email format: invalid-4095.example.com
2025-08-13 22:22:20 - ⚠️ Line 4103: Invalid email format: invalid-4102.example.com
2025-08-13 22:22:20 - ⚠️ Line 4110: Invalid email format: invalid-4109.example.com
2025-08-13 22:22:20 - ⚠️ Line 4117: Invalid email format: invalid-4116.example.com
2025-08-13 22:22:20 - ⚠️ Line 4124: Invalid email format: invalid-4123.example.com
2025-08-13 22:22:20 - ⚠️ Line 4131: Invalid email format: invalid-4130.example.com
2025-08-13 22:22:20 - ⚠️ Line 4138: Invalid email format: invalid-4137.example.com
2025-08-13 22:22:20 - ⚠️ Line 4145: Invalid email format: invalid-4144.example.com
2025-08-13 22:22:20 - ⚠️ Line 4152: Invalid email format: invalid-4151.example.com
2025-08-13 22:22:20 - ⚠️ Line 4159: Invalid email format: invalid-4158.example.com
2025-08-13 22:22:20 - ⚠️ Line 4166: Invalid email format: invalid-4165.example.com
2025-08-13 22:22:20 - ⚠️ Line 4173: Invalid email format: invalid-4172.example.com
2025-08-13 22:22:20 - ⚠️ Line 4180: Invalid email format: invalid-4179.example.com
2025-08-13 22:22:20 - ⚠️ Line 4187: Invalid email format: invalid-4186.example.com
2025-08-13 22:22:20 - ⚠️ Line 4194: Invalid email format: invalid-4193.example.com
2025-08-13 22:22:20 - ⚠️ Line 4201: Invalid email format: invalid-4200.example.com
2025-08-13 22:22:20 - ⚠️ Line 4208: Invalid email format: invalid-4207.example.com
2025-08-13 22:22:20 - ⚠️ Line 4215: Invalid email format: invalid-4214.example.com
2025-08-13 22:22:20 - ⚠️ Line 4222: Invalid email format: invalid-4221.example.com
2025-08-13 22:22:20 - ⚠️ Line 4229: Invalid email format: invalid-4228.example.com
2025-08-13 22:22:20 - ⚠️ Line 4236: Invalid email format: invalid-4235.example.com
2025-08-13 22:22:20 - ⚠️ Line 4243: Invalid email format: invalid-4242.example.com
2025-08-13 22:22:20 - ⚠️ Line 4250: Invalid email format: invalid-4249.example.com
2025-08-13 22:22:20 - ⚠️ Line 4257: Invalid email format: invalid-4256.example.com
2025-08-13 22:22:20 - ⚠️ Line 4264: Invalid email format: invalid-4263.example.com
2025-08-13 22:22:20 - ⚠️ Line 4271: Invalid email format: invalid-4270.example.com
2025-08-13 22:22:20 - ⚠️ Line 4278: Invalid email format: invalid-4277.example.com
2025-08-13 22:22:20 - ⚠️ Line 4285: Invalid email format: invalid-4284.example.com
2025-08-13 22:22:20 - ⚠️ Line 4292: Invalid email format: invalid-4291.example.com
2025-08-13 22:22:20 - ⚠️ Line 4299: Invalid email format: invalid-4298.example.com
2025-08-13 22:22:20 - ⚠️ Line 4306: Invalid email format: invalid-4305.example.com
2025-08-13 22:22:20 - ⚠️ Line 4313: Invalid email format: invalid-4312.example.com
2025-08-13 22:22:20 - ⚠️ Line 4320: Invalid email format: invalid-4319.example.com
2025-08-13 22:22:20 - ⚠️ Line 4327: Invalid email format: invalid-4326.example.com
2025-08-13 22:22:20 - ⚠️ Line 4334: Invalid email format: invalid-4333.example.com
2025-08-13 22:22:20 - ⚠️ Line 4341: Invalid email format: invalid-4340.example.com
2025-08-13 22:22:20 - ⚠️ Line 4348: Invalid email format: invalid-4347.example.com
2025-08-13 22:22:20 - ⚠️ Line 4355: Invalid email format: invalid-4354.example.com
2025-08-13 22:22:20 - ⚠️ Line 4362: Invalid email format: invalid-4361.example.com
2025-08-13 22:22:20 - ⚠️ Line 4369: Invalid email format: invalid-4368.example.com
2025-08-13 22:22:20 - ⚠️ Line 4376: Invalid email format: invalid-4375.example.com
2025-08-13 22:22:20 - ⚠️ Line 4383: Invalid email format: invalid-4382.example.com
2025-08-13 22:22:20 - ⚠️ Line 4390: Invalid email format: invalid-4389.example.com
2025-08-13 22:22:20 - ⚠️ Line 4397: Invalid email format: invalid-4396.example.com
2025-08-13 22:22:20 - ⚠️ Line 4404: Invalid email format: invalid-4403.example.com
2025-08-13 22:22:20 - ⚠️ Line 4411: Invalid email format: invalid-4410.example.com
2025-08-13 22:22:20 - ⚠️ Line 4418: Invalid email format: invalid-4417.example.com
2025-08-13 22:22:20 - ⚠️ Line 4425: Invalid email format: invalid-4424.example.com
2025-08-13 22:22:20 - ⚠️ Line 4432: Invalid email format: invalid-4431.example.com
2025-08-13 22:22:20 - ⚠️ Line 4439: Invalid email format: invalid-4438.example.com
2025-08-13 22:22:20 - ⚠️ Line 4446: Invalid email format: invalid-4445.example.com
2025-08-13 22:22:20 - ⚠️ Line 4453: Invalid email format: invalid-4452.example.com
2025-08-13 22:22:20 - ⚠️ Line 4460: Invalid email format: invalid-4459.example.com
2025-08-13 22:22:20 - ⚠️ Line 4467: Invalid email format: invalid-4466.example.com
2025-08-13 22:22:20 - ⚠️ Line 4474: Invalid email format: invalid-4473.example.com
2025-08-13 22:22:20 - ⚠️ Line 4481: Invalid email format: invalid-4480.example.com
2025-08-13 22:22:20 - ⚠️ Line 4488: Invalid email format: invalid-4487.example.com
2025-08-13 22:22:20 - ⚠️ Line 4495: Invalid email format: invalid-4494.example.com
2025-08-13 22:22:20 - ⚠️ Line 4502: Invalid email format: invalid-4501.example.com
2025-08-13 22:22:20 - ⚠️ Line 4509: Invalid email format: invalid-4508.example.com
2025-08-13 22:22:20 - ⚠️ Line 4516: Invalid email format: invalid-4515.example.com
2025-08-13 22:22:20 - ⚠️ Line 4523: Invalid email format: invalid-4522.example.com
2025-08-13 22:22:20 - ⚠️ Line 4530: Invalid email format: invalid-4529.example.com
2025-08-13 22:22:20 - ⚠️ Line 4537: Invalid email format: invalid-4536.example.com
2025-08-13 22:22:20 - ⚠️ Line 4544: Invalid email format: invalid-4543.example.com
2025-08-13 22:22:20 - ⚠️ Line 4551: Invalid email format: invalid-4550.example.com
2025-08-13 22:22:20 - ⚠️ Line 4558: Invalid email format: invalid-4557.example.com
2025-08-13 22:22:20 - ⚠️ Line 4565: Invalid email format: invalid-4564.example.com
2025-08-13 22:22:20 - ⚠️ Line 4572: Invalid email format: invalid-4571.example.com
2025-08-13 22:22:20 - ⚠️ Line 4579: Invalid email format: invalid-4578.example.com
2025-08-13 22:22:20 - ⚠️ Line 4586: Invalid email format: invalid-4585.example.com
2025-08-13 22:22:20 - ⚠️ Line 4593: Invalid email format: invalid-4592.example.com
2025-08-13 22:22:20 - ⚠️ Line 4600: Invalid email format: invalid-4599.example.com
2025-08-13 22:22:20 - ⚠️ Line 4607: Invalid email format: invalid-4606.example.com
2025-08-13 22:22:20 - ⚠️ Line 4614: Invalid email format: invalid-4613.example.com
2025-08-13 22:22:20 - ⚠️ Line 4621: Invalid email format: invalid-4620.example.com
2025-08-13 22:22:20 - ⚠️ Line 4628: Invalid email format: invalid-4627.example.com
2025-08-13 22:22:20 - ⚠️ Line 4635: Invalid email format: invalid-4634.example.com
2025-08-13 22:22:20 - ⚠️ Line 4642: Invalid email format: invalid-4641.example.com
2025-08-13 22:22:20 - ⚠️ Line 4649: Invalid email format: invalid-4648.example.com
2025-08-13 22:22:20 - ⚠️ Line 4656: Invalid email format: invalid-4655.example.com
2025-08-13 22:22:20 - ⚠️ Line 4663: Invalid email format: invalid-4662.example.com
2025-08-13 22:22:20 - ⚠️ Line 4670: Invalid email format: invalid-4669.example.com
2025-08-13 22:22:20 - ⚠️ Line 4677: Invalid email format: invalid-4676.example.com
2025-08-13 22:22:20 - ⚠️ Line 4684: Invalid email format: invalid-4683.example.com
2025-08-13 22:22:20 - ⚠️ Line 4691: Invalid email format: invalid-4690.example.com
2025-08-13 22:22:20 - ⚠️ Line 4698: Invalid email format: invalid-4697.example.com
2025-08-13 22:22:20 - ⚠️ Line 4705: Invalid email format: invalid-4704.example.com
2025-08-13 22:22:20 - ⚠️ Line 4712: Invalid email format: invalid-4711.example.com
2025-08-13 22:22:20 - ⚠️ Line 4719: Invalid email format: invalid-4718.example.com
2025-08-13 22:22:20 - ⚠️ Line 4726: Invalid email format: invalid-4725.example.com
2025-08-13 22:22:20 - ⚠️ Line 4733: Invalid email format: invalid-4732.example.com
2025-08-13 22:22:20 - ⚠️ Line 4740: Invalid email format: invalid-4739.example.com
2025-08-13 22:22:20 - ⚠️ Line 4747: Invalid email format: invalid-4746.example.com
2025-08-13 22:22:20 - ⚠️ Line 4754: Invalid email format: invalid-4753.example.com
2025-08-13 22:22:20 - ⚠️ Line 4761: Invalid email format: invalid-4760.example.com
2025-08-13 22:22:20 - ⚠️ Line 4768: Invalid email format: invalid-4767.example.com
2025-08-13 22:22:20 - ⚠️ Line 4775: Invalid email format: invalid-4774.example.com
2025-08-13 22:22:20 - ⚠️ Line 4782: Invalid email format: invalid-4781.example.com
2025-08-13 22:22:20 - ⚠️ Line 4789: Invalid email format: invalid-4788.example.com
2025-08-13 22:22:20 - ⚠️ Line 4796: Invalid email format: invalid-4795.example.com
2025-08-13 22:22:20 - ⚠️ Line 4803: Invalid email format: invalid-4802.example.com
2025-08-13 22:22:20 - ⚠️ Line 4810: Invalid email format: invalid-4809.example.com
2025-08-13 22:22:20 - ⚠️ Line 4817: Invalid email format: invalid-4816.example.com
2025-08-13 22:22:20 - ⚠️ Line 4824: Invalid email format: invalid-4823.example.com
2025-08-13 22:22:20 - ⚠️ Line 4831: Invalid email format: invalid-4830.example.com
2025-08-13 22:22:20 - ⚠️ Line 4838: Invalid email format: invalid-4837.example.com
2025-08-13 22:22:20 - ⚠️ Line 4845: Invalid email format: invalid-4844.example.com
2025-08-13 22:22:20 - ⚠️ Line 4852: Invalid email format: invalid-4851.example.com
2025-08-13 22:22:20 - ⚠️ Line 4859: Invalid email format: invalid-4858.example.com
2025-08-13 22:22:20 - ⚠️ Line 4866: Invalid email format: invalid-4865.example.com
2025-08-13 22:22:20 - ⚠️ Line 4873: Invalid email format: invalid-4872.example.com
2025-08-13 22:22:20 - ⚠️ Line 4880: Invalid email format: invalid-4879.example.com
2025-08-13 22:22:20 - ⚠️ Line 4887: Invalid email format: invalid-4886.example.com
2025-08-13 22:22:20 - ⚠️ Line 4894: Invalid email format: invalid-4893.example.com
2025-08-13 22:22:20 - ⚠️ Line 4901: Invalid email format: invalid-4900.example.com
2025-08-13 22:22:20 - ⚠️ Line 4908: Invalid email format: invalid-4907.example.com
2025-08-13 22:22:20 - ⚠️ Line 4915: Invalid email format: invalid-4914.example.com
2025-08-13 22:22:20 - ⚠️ Line 4922: Invalid email format: invalid-4921.example.com
2025-08-13 22:22:20 - ⚠️ Line 4929: Invalid email format: invalid-4928.example.com
2025-08-13 22:22:20 - ⚠️ Line 4936: Invalid email format: invalid-4935.example.com
2025-08-13 22:22:20 - ⚠️ Line 4943: Invalid email format: invalid-4942.example.com
2025-08-13 22:22:20 - ⚠️ Line 4950: Invalid email format: invalid-4949.example.com
2025-08-13 22:22:20 - ⚠️ Line 4957: Invalid email format: invalid-4956.example.com
2025-08-13 22:22:20 - ⚠️ Line 4964: Invalid email format: invalid-4963.example.com
2025-08-13 22:22:20 - ⚠️ Line 4971: Invalid email format: invalid-4970.example.com
2025-08-13 22:22:20 - ⚠️ Line 4978: Invalid email format: invalid-4977.example.com
2025-08-13 22:22:20 - ⚠️ Line 4985: Invalid email format: invalid-4984.example.com
2025-08-13 22:22:20 - ⚠️ Line 4992: Invalid email format: invalid-4991.example.com
2025-08-13 22:22:20 - ⚠️ Line 4999: Invalid email format: invalid-4998.example.com
2025-08-13 22:22:20 - ⚠️ Line 5006: Invalid email format: invalid-5005.example.com
2025-08-13 22:22:20 - ⚠️ Line 5013: Invalid email format: invalid-5012.example.com
2025-08-13 22:22:20 - ⚠️ Line 5020: Invalid email format: invalid-5019.example.com
2025-08-13 22:22:20 - ⚠️ Line 5027: Invalid email format: invalid-5026.example.com
2025-08-13 22:22:20 - ⚠️ Line 5034: Invalid email format: invalid-5033.example.com
2025-08-13 22:22:20 - ⚠️ Line 5041: Invalid email format: invalid-5040.example.com
2025-08-13 22:22:20 - ⚠️ Line 5048: Invalid email format: invalid-5047.example.com
2025-08-13 22:22:20 - ⚠️ Line 5055: Invalid email format: invalid-5054.example.com
2025-08-13 22:22:20 - ⚠️ Line 5062: Invalid email format: invalid-5061.example.com
2025-08-13 22:22:20 - ⚠️ Line 5069: Invalid email format: invalid-5068.example.com
2025-08-13 22:22:20 - ⚠️ Line 5076: Invalid email format: invalid-5075.example.com
2025-08-13 22:22:20 - ⚠️ Line 5083: Invalid email format: invalid-5082.example.com
2025-08-13 22:22:20 - ⚠️ Line 5090: Invalid email format: invalid-5089.example.com
2025-08-13 22:22:20 - ⚠️ Line 5097: Invalid email format: invalid-5096.example.com
2025-08-13 22:22:20 - ⚠️ Line 5104: Invalid email format: invalid-5103.example.com
2025-08-13 22:22:20 - ⚠️ Line 5111: Invalid email format: invalid-5110.example.com
2025-08-13 22:22:20 - ⚠️ Line 5118: Invalid email format: invalid-5117.example.com
2025-08-13 22:22:20 - ⚠️ Line 5125: Invalid email format: invalid-5124.example.com
2025-08-13 22:22:20 - ⚠️ Line 5132: Invalid email format: invalid-5131.example.com
2025-08-13 22:22:20 - ⚠️ Line 5139: Invalid email format: invalid-5138.example.com
2025-08-13 22:22:20 - ⚠️ Line 5146: Invalid email format: invalid-5145.example.com
2025-08-13 22:22:20 - ⚠️ Line 5153: Invalid email format: invalid-5152.example.com
2025-08-13 22:22:20 - ⚠️ Line 5160: Invalid email format: invalid-5159.example.com
2025-08-13 22:22:20 - ⚠️ Line 5167: Invalid email format: invalid-5166.example.com
2025-08-13 22:22:20 - ⚠️ Line 5174: Invalid email format: invalid-5173.example.com
2025-08-13 22:22:20 - ⚠️ Line 5181: Invalid email format: invalid-5180.example.com
2025-08-13 22:22:20 - ⚠️ Line 5188: Invalid email format: invalid-5187.example.com
2025-08-13 22:22:20 - ⚠️ Line 5195: Invalid email format: invalid-5194.example.com
2025-08-13 22:22:20 - ⚠️ Line 5202: Invalid email format: invalid-5201.example.com
2025-08-13 22:22:20 - ⚠️ Line 5209: Invalid email format: invalid-5208.example.com
2025-08-13 22:22:20 - ⚠️ Line 5216: Invalid email format: invalid-5215.example.com
2025-08-13 22:22:20 - ⚠️ Line 5223: Invalid email format: invalid-5222.example.com
2025-08-13 22:22:20 - ⚠️ Line 5230: Invalid email format: invalid-5229.example.com
2025-08-13 22:22:20 - ⚠️ Line 5237: Invalid email format: invalid-5236.example.com
2025-08-13 22:22:20 - ⚠️ Line 5244: Invalid email format: invalid-5243.example.com
2025-08-13 22:22:20 - ⚠️ Line 5251: Invalid email format: invalid-5250.example.com
2025-08-13 22:22:20 - ⚠️ Line 5258: Invalid email format: invalid-5257.example.com
2025-08-13 22:22:20 - ⚠️ Line 5265: Invalid email format: invalid-5264.example.com
2025-08-13 22:22:20 - ⚠️ Line 5272: Invalid email format: invalid-5271.example.com
2025-08-13 22:22:20 - ⚠️ Line 5279: Invalid email format: invalid-5278.example.com
2025-08-13 22:22:20 - ⚠️ Line 5286: Invalid email format: invalid-5285.example.com
2025-08-13 22:22:20 - ⚠️ Line 5293: Invalid email format: invalid-5292.example.com
2025-08-13 22:22:20 - ⚠️ Line 5300: Invalid email format: invalid-5299.example.com
2025-08-13 22:22:20 - ⚠️ Line 5307: Invalid email format: invalid-5306.example.com
2025-08-13 22:22:20 - ⚠️ Line 5314: Invalid email format: invalid-5313.example.com
2025-08-13 22:22:20 - ⚠️ Line 5321: Invalid email format: invalid-5320.example.com
2025-08-13 22:22:20 - ⚠️ Line 5328: Invalid email format: invalid-5327.example.com
2025-08-13 22:22:20 - ⚠️ Line 5335: Invalid email format: invalid-5334.example.com
2025-08-13 22:22:20 - ⚠️ Line 5342: Invalid email format: invalid-5341.example.com
2025-08-13 22:22:20 - ⚠️ Line 5349: Invalid email format: invalid-5348.example.com
2025-08-13 22:22:20 - ⚠️ Line 5356: Invalid email format: invalid-5355.example.com
2025-08-13 22:22:20 - ⚠️ Line 5363: Invalid email format: invalid-5362.example.com
2025-08-13 22:22:20 - ⚠️ Line 5370: Invalid email format: invalid-5369.example.com
2025-08-13 22:22:20 - ⚠️ Line 5377: Invalid email format: invalid-5376.example.com
2025-08-13 22:22:20 - ⚠️ Line 5384: Invalid email format: invalid-5383.example.com
2025-08-13 22:22:20 - ⚠️ Line 5391: Invalid email format: invalid-5390.example.com
2025-08-13 22:22:20 - ⚠️ Line 5398: Invalid email format: invalid-5397.example.com
2025-08-13 22:22:20 - ⚠️ Line 5405: Invalid email format: invalid-5404.example.com
2025-08-13 22:22:20 - ⚠️ Line 5412: Invalid email format: invalid-5411.example.com
2025-08-13 22:22:20 - ⚠️ Line 5419: Invalid email format: invalid-5418.example.com
2025-08-13 22:22:20 - ⚠️ Line 5426: Invalid email format: invalid-5425.example.com
2025-08-13 22:22:20 - ⚠️ Line 5433: Invalid email format: invalid-5432.example.com
2025-08-13 22:22:20 - ⚠️ Line 5440: Invalid email format: invalid-5439.example.com
2025-08-13 22:22:20 - ⚠️ Line 5447: Invalid email format: invalid-5446.example.com
2025-08-13 22:22:20 - ⚠️ Line 5454: Invalid email format: invalid-5453.example.com
2025-08-13 22:22:20 - ⚠️ Line 5461: Invalid email format: invalid-5460.example.com
2025-08-13 22:22:20 - ⚠️ Line 5468: Invalid email format: invalid-5467.example.com
2025-08-13 22:22:20 - ⚠️ Line 5475: Invalid email format: invalid-5474.example.com
2025-08-13 22:22:20 - ⚠️ Line 5482: Invalid email format: invalid-5481.example.com
2025-08-13 22:22:20 - ⚠️ Line 5489: Invalid email format: invalid-5488.example.com
2025-08-13 22:22:20 - ⚠️ Line 5496: Invalid email format: invalid-5495.example.com
2025-08-13 22:22:20 - ⚠️ Line 5503: Invalid email format: invalid-5502.example.com
2025-08-13 22:22:20 - ⚠️ Line 5510: Invalid email format: invalid-5509.example.com
2025-08-13 22:22:20 - ⚠️ Line 5517: Invalid email format: invalid-5516.example.com
2025-08-13 22:22:20 - ⚠️ Line 5524: Invalid email format: invalid-5523.example.com
2025-08-13 22:22:20 - ⚠️ Line 5531: Invalid email format: invalid-5530.example.com
2025-08-13 22:22:20 - ⚠️ Line 5538: Invalid email format: invalid-5537.example.com
2025-08-13 22:22:20 - ⚠️ Line 5545: Invalid email format: invalid-5544.example.com
2025-08-13 22:22:20 - ⚠️ Line 5552: Invalid email format: invalid-5551.example.com
2025-08-13 22:22:20 - ⚠️ Line 5559: Invalid email format: invalid-5558.example.com
2025-08-13 22:22:20 - ⚠️ Line 5566: Invalid email format: invalid-5565.example.com
2025-08-13 22:22:20 - ⚠️ Line 5573: Invalid email format: invalid-5572.example.com
2025-08-13 22:22:20 - ⚠️ Line 5580: Invalid email format: invalid-5579.example.com
2025-08-13 22:22:20 - ⚠️ Line 5587: Invalid email format: invalid-5586.example.com
2025-08-13 22:22:20 - ⚠️ Line 5594: Invalid email format: invalid-5593.example.com
2025-08-13 22:22:20 - ⚠️ Line 5601: Invalid email format: invalid-5600.example.com
2025-08-13 22:22:20 - ⚠️ Line 5608: Invalid email format: invalid-5607.example.com
2025-08-13 22:22:20 - ⚠️ Line 5615: Invalid email format: invalid-5614.example.com
2025-08-13 22:22:20 - ⚠️ Line 5622: Invalid email format: invalid-5621.example.com
2025-08-13 22:22:20 - ⚠️ Line 5629: Invalid email format: invalid-5628.example.com
2025-08-13 22:22:20 - ⚠️ Line 5636: Invalid email format: invalid-5635.example.com
2025-08-13 22:22:20 - ⚠️ Line 5643: Invalid email format: invalid-5642.example.com
2025-08-13 22:22:20 - ⚠️ Line 5650: Invalid email format: invalid-5649.example.com
2025-08-13 22:22:20 - ⚠️ Line 5657: Invalid email format: invalid-5656.example.com
2025-08-13 22:22:20 - ⚠️ Line 5664: Invalid email format: invalid-5663.example.com
2025-08-13 22:22:20 - ⚠️ Line 5671: Invalid email format: invalid-5670.example.com
2025-08-13 22:22:20 - ⚠️ Line 5678: Invalid email format: invalid-5677.example.com
2025-08-13 22:22:20 - ⚠️ Line 5685: Invalid email format: invalid-5684.example.com
2025-08-13 22:22:20 - ⚠️ Line 5692: Invalid email format: invalid-5691.example.com
2025-08-13 22:22:20 - ⚠️ Line 5699: Invalid email format: invalid-5698.example.com
2025-08-13 22:22:20 - ⚠️ Line 5706: Invalid email format: invalid-5705.example.com
2025-08-13 22:22:20 - ⚠️ Line 5713: Invalid email format: invalid-5712.example.com
2025-08-13 22:22:20 - ⚠️ Line 5720: Invalid email format: invalid-5719.example.com
2025-08-13 22:22:20 - ⚠️ Line 5727: Invalid email format: invalid-5726.example.com
2025-08-13 22:22:20 - ⚠️ Line 5734: Invalid email format: invalid-5733.example.com
2025-08-13 22:22:20 - ⚠️ Line 5741: Invalid email format: invalid-5740.example.com
2025-08-13 22:22:20 - ⚠️ Line 5748: Invalid email format: invalid-5747.example.com
2025-08-13 22:22:20 - ⚠️ Line 5755: Invalid email format: invalid-5754.example.com
2025-08-13 22:22:20 - ⚠️ Line 5762: Invalid email format: invalid-5761.example.com
2025-08-13 22:22:20 - ⚠️ Line 5769: Invalid email format: invalid-5768.example.com
2025-08-13 22:22:20 - ⚠️ Line 5776: Invalid email format: invalid-5775.example.com
2025-08-13 22:22:20 - ⚠️ Line 5783: Invalid email format: invalid-5782.example.com
2025-08-13 22:22:20 - ⚠️ Line 5790: Invalid email format: invalid-5789.example.com
2025-08-13 22:22:20 - ⚠️ Line 5797: Invalid email format: invalid-5796.example.com
2025-08-13 22:22:20 - ⚠️ Line 5804: Invalid email format: invalid-5803.example.com
2025-08-13 22:22:20 - ⚠️ Line 5811: Invalid email format: invalid-5810.example.com
2025-08-13 22:22:20 - ⚠️ Line 5818: Invalid email format: invalid-5817.example.com
2025-08-13 22:22:20 - ⚠️ Line 5825: Invalid email format: invalid-5824.example.com
2025-08-13 22:22:20 - ⚠️ Line 5832: Invalid email format: invalid-5831.example.com
2025-08-13 22:22:20 - ⚠️ Line 5839: Invalid email format: invalid-5838.example.com
2025-08-13 22:22:20 - ⚠️ Line 5846: Invalid email format: invalid-5845.example.com
2025-08-13 22:22:20 - ⚠️ Line 5853: Invalid email format: invalid-5852.example.com
2025-08-13 22:22:20 - ⚠️ Line 5860: Invalid email format: invalid-5859.example.com
2025-08-13 22:22:20 - ⚠️ Line 5867: Invalid email format: invalid-5866.example.com
2025-08-13 22:22:20 - ⚠️ Line 5874: Invalid email format: invalid-5873.example.com
2025-08-13 22:22:20 - ⚠️ Line 5881: Invalid email format: invalid-5880.example.com
2025-08-13 22:22:20 - ⚠️ Line 5888: Invalid email format: invalid-5887.example.com
2025-08-13 22:22:20 - ⚠️ Line 5895: Invalid email format: invalid-5894.example.com
2025-08-13 22:22:20 - ⚠️ Line 5902: Invalid email format: invalid-5901.example.com
2025-08-13 22:22:20 - ⚠️ Line 5909: Invalid email format: invalid-5908.example.com
2025-08-13 22:22:20 - ⚠️ Line 5916: Invalid email format: invalid-5915.example.com
2025-08-13 22:22:20 - ⚠️ Line 5923: Invalid email format: invalid-5922.example.com
2025-08-13 22:22:20 - ⚠️ Line 5930: Invalid email format: invalid-5929.example.com
2025-08-13 22:22:20 - ⚠️ Line 5937: Invalid email format: invalid-5936.example.com
2025-08-13 22:22:20 - ⚠️ Line 5944: Invalid email format: invalid-5943.example.com
2025-08-13 22:22:20 - ⚠️ Line 5951: Invalid email format: invalid-5950.example.com
2025-08-13 22:22:20 - ⚠️ Line 5958: Invalid email format: invalid-5957.example.com
2025-08-13 22:22:20 - ⚠️ Line 5965: Invalid email format: invalid-5964.example.com
2025-08-13 22:22:20 - ⚠️ Line 5972: Invalid email format: invalid-5971.example.com
2025-08-13 22:22:20 - ⚠️ Line 5979: Invalid email format: invalid-5978.example.com
2025-08-13 22:22:20 - ⚠️ Line 5986: Invalid email format: invalid-5985.example.com
2025-08-13 22:22:20 - ⚠️ Line 5993: Invalid email format: invalid-5992.example.com
2025-08-13 22:22:20 - ⚠️ Line 6000: Invalid email format: invalid-5999.example.com
2025-08-13 22:22:20 - ⚠️ Line 6007: Invalid email format: invalid-6006.example.com
2025-08-13 22:22:20 - ⚠️ Line 6014: Invalid email format: invalid-6013.example.com
2025-08-13 22:22:20 - ⚠️ Line 6021: Invalid email format: invalid-6020.example.com
2025-08-13 22:22:20 - ⚠️ Line 6028: Invalid email format: invalid-6027.example.com
2025-08-13 22:22:20 - ⚠️ Line 6035: Invalid email format: invalid-6034.example.com
2025-08-13 22:22:20 - ⚠️ Line 6042: Invalid email format: invalid-6041.example.com
2025-08-13 22:22:20 - ⚠️ Line 6049: Invalid email format: invalid-6048.example.com
2025-08-13 22:22:20 - ⚠️ Line 6056: Invalid email format: invalid-6055.example.com
2025-08-13 22:22:20 - ⚠️ Line 6063: Invalid email format: invalid-6062.example.com
2025-08-13 22:22:20 - ⚠️ Line 6070: Invalid email format: invalid-6069.example.com
2025-08-13 22:22:20 - ⚠️ Line 6077: Invalid email format: invalid-6076.example.com
2025-08-13 22:22:20 - ⚠️ Line 6084: Invalid email format: invalid-6083.example.com
2025-08-13 22:22:20 - ⚠️ Line 6091: Invalid email format: invalid-6090.example.com
2025-08-13 22:22:20 - ⚠️ Line 6098: Invalid email format: invalid-6097.example.com
2025-08-13 22:22:20 - ⚠️ Line 6105: Invalid email format: invalid-6104.example.com
2025-08-13 22:22:20 - ⚠️ Line 6112: Invalid email format: invalid-6111.example.com
2025-08-13 22:22:20 - ⚠️ Line 6119: Invalid email format: invalid-6118.example.com
2025-08-13 22:22:20 - ⚠️ Line 6126: Invalid email format: invalid-6125.example.com
2025-08-13 22:22:20 - ⚠️ Line 6133: Invalid email format: invalid-6132.example.com
2025-08-13 22:22:20 - ⚠️ Line 6140: Invalid email format: invalid-6139.example.com
2025-08-13 22:22:20 - ⚠️ Line 6147: Invalid email format: invalid-6146.example.com
2025-08-13 22:22:20 - ⚠️ Line 6154: Invalid email format: invalid-6153.example.com
2025-08-13 22:22:20 - ⚠️ Line 6161: Invalid email format: invalid-6160.example.com
2025-08-13 22:22:20 - ⚠️ Line 6168: Invalid email format: invalid-6167.example.com
2025-08-13 22:22:20 - ⚠️ Line 6175: Invalid email format: invalid-6174.example.com
2025-08-13 22:22:20 - ⚠️ Line 6182: Invalid email format: invalid-6181.example.com
2025-08-13 22:22:20 - ⚠️ Line 6189: Invalid email format: invalid-6188.example.com
2025-08-13 22:22:20 - ⚠️ Line 6196: Invalid email format: invalid-6195.example.com
2025-08-13 22:22:20 - ⚠️ Line 6203: Invalid email format: invalid-6202.example.com
2025-08-13 22:22:20 - ⚠️ Line 6210: Invalid email format: invalid-6209.example.com
2025-08-13 22:22:20 - ⚠️ Line 6217: Invalid email format: invalid-6216.example.com
2025-08-13 22:22:20 - ⚠️ Line 6224: Invalid email format: invalid-6223.example.com
2025-08-13 22:22:20 - ⚠️ Line 6231: Invalid email format: invalid-6230.example.com
2025-08-13 22:22:20 - ⚠️ Line 6238: Invalid email format: invalid-6237.example.com
2025-08-13 22:22:20 - ⚠️ Line 6245: Invalid email format: invalid-6244.example.com
2025-08-13 22:22:20 - ⚠️ Line 6252: Invalid email format: invalid-6251.example.com
2025-08-13 22:22:20 - ⚠️ Line 6259: Invalid email format: invalid-6258.example.com
2025-08-13 22:22:20 - ⚠️ Line 6266: Invalid email format: invalid-6265.example.com
2025-08-13 22:22:20 - ⚠️ Line 6273: Invalid email format: invalid-6272.example.com
2025-08-13 22:22:20 - ⚠️ Line 6280: Invalid email format: invalid-6279.example.com
2025-08-13 22:22:20 - ⚠️ Line 6287: Invalid email format: invalid-6286.example.com
2025-08-13 22:22:20 - ⚠️ Line 6294: Invalid email format: invalid-6293.example.com
2025-08-13 22:22:20 - ⚠️ Line 6301: Invalid email format: invalid-6300.example.com
2025-08-13 22:22:20 - ⚠️ Line 6308: Invalid email format: invalid-6307.example.com
2025-08-13 22:22:20 - ⚠️ Line 6315: Invalid email format: invalid-6314.example.com
2025-08-13 22:22:20 - ⚠️ Line 6322: Invalid email format: invalid-6321.example.com
2025-08-13 22:22:20 - ⚠️ Line 6329: Invalid email format: invalid-6328.example.com
2025-08-13 22:22:20 - ⚠️ Line 6336: Invalid email format: invalid-6335.example.com
2025-08-13 22:22:20 - ⚠️ Line 6343: Invalid email format: invalid-6342.example.com
2025-08-13 22:22:20 - ⚠️ Line 6350: Invalid email format: invalid-6349.example.com
2025-08-13 22:22:20 - ⚠️ Line 6357: Invalid email format: invalid-6356.example.com
2025-08-13 22:22:20 - ⚠️ Line 6364: Invalid email format: invalid-6363.example.com
2025-08-13 22:22:20 - ⚠️ Line 6371: Invalid email format: invalid-6370.example.com
2025-08-13 22:22:20 - ⚠️ Line 6378: Invalid email format: invalid-6377.example.com
2025-08-13 22:22:20 - ⚠️ Line 6385: Invalid email format: invalid-6384.example.com
2025-08-13 22:22:20 - ⚠️ Line 6392: Invalid email format: invalid-6391.example.com
2025-08-13 22:22:20 - ⚠️ Line 6399: Invalid email format: invalid-6398.example.com
2025-08-13 22:22:20 - ⚠️ Line 6406: Invalid email format: invalid-6405.example.com
2025-08-13 22:22:20 - ⚠️ Line 6413: Invalid email format: invalid-6412.example.com
2025-08-13 22:22:20 - ⚠️ Line 6420: Invalid email format: invalid-6419.example.com
2025-08-13 22:22:20 - ⚠️ Line 6427: Invalid email format: invalid-6426.example.com
2025-08-13 22:22:20 - ⚠️ Line 6434: Invalid email format: invalid-6433.example.com
2025-08-13 22:22:20 - ⚠️ Line 6441: Invalid email format: invalid-6440.example.com
2025-08-13 22:22:20 - ⚠️ Line 6448: Invalid email format: invalid-6447.example.com
2025-08-13 22:22:20 - ⚠️ Line 6455: Invalid email format: invalid-6454.example.com
2025-08-13 22:22:20 - ⚠️ Line 6462: Invalid email format: invalid-6461.example.com
2025-08-13 22:22:20 - ⚠️ Line 6469: Invalid email format: invalid-6468.example.com
2025-08-13 22:22:20 - ⚠️ Line 6476: Invalid email format: invalid-6475.example.com
2025-08-13 22:22:20 - ⚠️ Line 6483: Invalid email format: invalid-6482.example.com
2025-08-13 22:22:20 - ⚠️ Line 6490: Invalid email format: invalid-6489.example.com
2025-08-13 22:22:20 - ⚠️ Line 6497: Invalid email format: invalid-6496.example.com
2025-08-13 22:22:20 - ⚠️ Line 6504: Invalid email format: invalid-6503.example.com
2025-08-13 22:22:20 - ⚠️ Line 6511: Invalid email format: invalid-6510.example.com
2025-08-13 22:22:20 - ⚠️ Line 6518: Invalid email format: invalid-6517.example.com
2025-08-13 22:22:20 - ⚠️ Line 6525: Invalid email format: invalid-6524.example.com
2025-08-13 22:22:20 - ⚠️ Line 6532: Invalid email format: invalid-6531.example.com
2025-08-13 22:22:20 - ⚠️ Line 6539: Invalid email format: invalid-6538.example.com
2025-08-13 22:22:20 - ⚠️ Line 6546: Invalid email format: invalid-6545.example.com
2025-08-13 22:22:20 - ⚠️ Line 6553: Invalid email format: invalid-6552.example.com
2025-08-13 22:22:20 - ⚠️ Line 6560: Invalid email format: invalid-6559.example.com
2025-08-13 22:22:20 - ⚠️ Line 6567: Invalid email format: invalid-6566.example.com
2025-08-13 22:22:20 - ⚠️ Line 6574: Invalid email format: invalid-6573.example.com
2025-08-13 22:22:20 - ⚠️ Line 6581: Invalid email format: invalid-6580.example.com
2025-08-13 22:22:20 - ⚠️ Line 6588: Invalid email format: invalid-6587.example.com
2025-08-13 22:22:20 - ⚠️ Line 6595: Invalid email format: invalid-6594.example.com
2025-08-13 22:22:20 - ⚠️ Line 6602: Invalid email format: invalid-6601.example.com
2025-08-13 22:22:20 - ⚠️ Line 6609: Invalid email format: invalid-6608.example.com
2025-08-13 22:22:20 - ⚠️ Line 6616: Invalid email format: invalid-6615.example.com
2025-08-13 22:22:20 - ⚠️ Line 6623: Invalid email format: invalid-6622.example.com
2025-08-13 22:22:20 - ⚠️ Line 6630: Invalid email format: invalid-6629.example.com
2025-08-13 22:22:20 - ⚠️ Line 6637: Invalid email format: invalid-6636.example.com
2025-08-13 22:22:20 - ⚠️ Line 6644: Invalid email format: invalid-6643.example.com
2025-08-13 22:22:20 - ⚠️ Line 6651: Invalid email format: invalid-6650.example.com
2025-08-13 22:22:20 - ⚠️ Line 6658: Invalid email format: invalid-6657.example.com
2025-08-13 22:22:20 - ⚠️ Line 6665: Invalid email format: invalid-6664.example.com
2025-08-13 22:22:20 - ⚠️ Line 6672: Invalid email format: invalid-6671.example.com
2025-08-13 22:22:20 - ⚠️ Line 6679: Invalid email format: invalid-6678.example.com
2025-08-13 22:22:20 - ⚠️ Line 6686: Invalid email format: invalid-6685.example.com
2025-08-13 22:22:20 - ⚠️ Line 6693: Invalid email format: invalid-6692.example.com
2025-08-13 22:22:20 - ⚠️ Line 6700: Invalid email format: invalid-6699.example.com
2025-08-13 22:22:20 - ⚠️ Line 6707: Invalid email format: invalid-6706.example.com
2025-08-13 22:22:20 - ⚠️ Line 6714: Invalid email format: invalid-6713.example.com
2025-08-13 22:22:20 - ⚠️ Line 6721: Invalid email format: invalid-6720.example.com
2025-08-13 22:22:20 - ⚠️ Line 6728: Invalid email format: invalid-6727.example.com
2025-08-13 22:22:20 - ⚠️ Line 6735: Invalid email format: invalid-6734.example.com
2025-08-13 22:22:20 - ⚠️ Line 6742: Invalid email format: invalid-6741.example.com
2025-08-13 22:22:20 - ⚠️ Line 6749: Invalid email format: invalid-6748.example.com
2025-08-13 22:22:20 - ⚠️ Line 6756: Invalid email format: invalid-6755.example.com
2025-08-13 22:22:20 - ⚠️ Line 6763: Invalid email format: invalid-6762.example.com
2025-08-13 22:22:20 - ⚠️ Line 6770: Invalid email format: invalid-6769.example.com
2025-08-13 22:22:20 - ⚠️ Line 6777: Invalid email format: invalid-6776.example.com
2025-08-13 22:22:20 - ⚠️ Line 6784: Invalid email format: invalid-6783.example.com
2025-08-13 22:22:20 - ⚠️ Line 6791: Invalid email format: invalid-6790.example.com
2025-08-13 22:22:20 - ⚠️ Line 6798: Invalid email format: invalid-6797.example.com
2025-08-13 22:22:20 - ⚠️ Line 6805: Invalid email format: invalid-6804.example.com
2025-08-13 22:22:20 - ⚠️ Line 6812: Invalid email format: invalid-6811.example.com
2025-08-13 22:22:20 - ⚠️ Line 6819: Invalid email format: invalid-6818.example.com
2025-08-13 22:22:20 - ⚠️ Line 6826: Invalid email format: invalid-6825.example.com
2025-08-13 22:22:20 - ⚠️ Line 6833: Invalid email format: invalid-6832.example.com
2025-08-13 22:22:20 - ⚠️ Line 6840: Invalid email format: invalid-6839.example.com
2025-08-13 22:22:20 - ⚠️ Line 6847: Invalid email format: invalid-6846.example.com
2025-08-13 22:22:20 - ⚠️ Line 6854: Invalid email format: invalid-6853.example.com
2025-08-13 22:22:20 - ⚠️ Line 6861: Invalid email format: invalid-6860.example.com
2025-08-13 22:22:20 - ⚠️ Line 6868: Invalid email format: invalid-6867.example.com
2025-08-13 22:22:20 - ⚠️ Line 6875: Invalid email format: invalid-6874.example.com
2025-08-13 22:22:20 - ⚠️ Line 6882: Invalid email format: invalid-6881.example.com
2025-08-13 22:22:20 - ⚠️ Line 6889: Invalid email format: invalid-6888.example.com
2025-08-13 22:22:20 - ⚠️ Line 6896: Invalid email format: invalid-6895.example.com
2025-08-13 22:22:20 - ⚠️ Line 6903: Invalid email format: invalid-6902.example.com
2025-08-13 22:22:20 - ⚠️ Line 6910: Invalid email format: invalid-6909.example.com
2025-08-13 22:22:20 - ⚠️ Line 6917: Invalid email format: invalid-6916.example.com
2025-08-13 22:22:20 - ⚠️ Line 6924: Invalid email format: invalid-6923.example.com
2025-08-13 22:22:20 - ⚠️ Line 6931: Invalid email format: invalid-6930.example.com
2025-08-13 22:22:20 - ⚠️ Line 6938: Invalid email format: invalid-6937.example.com
2025-08-13 22:22:20 - ⚠️ Line 6945: Invalid email format: invalid-6944.example.com
2025-08-13 22:22:20 - ⚠️ Line 6952: Invalid email format: invalid-6951.example.com
2025-08-13 22:22:20 - ⚠️ Line 6959: Invalid email format: invalid-6958.example.com
2025-08-13 22:22:20 - ⚠️ Line 6966: Invalid email format: invalid-6965.example.com
2025-08-13 22:22:20 - ⚠️ Line 6973: Invalid email format: invalid-6972.example.com
2025-08-13 22:22:20 - ⚠️ Line 6980: Invalid email format: invalid-6979.example.com
2025-08-13 22:22:20 - ⚠️ Line 6987: Invalid email format: invalid-6986.example.com
2025-08-13 22:22:20 - ⚠️ Line 6994: Invalid email format: invalid-6993.example.com
2025-08-13 22:22:20 - ⚠️ Line 7001: Invalid email format: invalid-7000.example.com
2025-08-13 22:22:20 - ⚠️ Line 7008: Invalid email format: invalid-7007.example.com
2025-08-13 22:22:20 - ⚠️ Line 7015: Invalid email format: invalid-7014.example.com
2025-08-13 22:22:20 - ⚠️ Line 7022: Invalid email format: invalid-7021.example.com
2025-08-13 22:22:20 - ⚠️ Line 7029: Invalid email format: invalid-7028.example.com
2025-08-13 22:22:20 - ⚠️ Line 7036: Invalid email format: invalid-7035.example.com
2025-08-13 22:22:20 - ⚠️ Line 7043: Invalid email format: invalid-7042.example.com
2025-08-13 22:22:20 - ⚠️ Line 7050: Invalid email format: invalid-7049.example.com
2025-08-13 22:22:20 - ⚠️ Line 7057: Invalid email format: invalid-7056.example.com
2025-08-13 22:22:20 - ⚠️ Line 7064: Invalid email format: invalid-7063.example.com
2025-08-13 22:22:20 - ⚠️ Line 7071: Invalid email format: invalid-7070.example.com
2025-08-13 22:22:20 - ⚠️ Line 7078: Invalid email format: invalid-7077.example.com
2025-08-13 22:22:20 - ⚠️ Line 7085: Invalid email format: invalid-7084.example.com
2025-08-13 22:22:20 - ⚠️ Line 7092: Invalid email format: invalid-7091.example.com
2025-08-13 22:22:20 - ⚠️ Line 7099: Invalid email format: invalid-7098.example.com
2025-08-13 22:22:20 - ⚠️ Line 7106: Invalid email format: invalid-7105.example.com
2025-08-13 22:22:20 - ⚠️ Line 7113: Invalid email format: invalid-7112.example.com
2025-08-13 22:22:20 - ⚠️ Line 7120: Invalid email format: invalid-7119.example.com
2025-08-13 22:22:20 - ⚠️ Line 7127: Invalid email format: invalid-7126.example.com
2025-08-13 22:22:20 - ⚠️ Line 7134: Invalid email format: invalid-7133.example.com
2025-08-13 22:22:20 - ⚠️ Line 7141: Invalid email format: invalid-7140.example.com
2025-08-13 22:22:20 - ⚠️ Line 7148: Invalid email format: invalid-7147.example.com
2025-08-13 22:22:20 - ⚠️ Line 7155: Invalid email format: invalid-7154.example.com
2025-08-13 22:22:20 - ⚠️ Line 7162: Invalid email format: invalid-7161.example.com
2025-08-13 22:22:20 - ⚠️ Line 7169: Invalid email format: invalid-7168.example.com
2025-08-13 22:22:20 - ⚠️ Line 7176: Invalid email format: invalid-7175.example.com
2025-08-13 22:22:20 - ⚠️ Line 7183: Invalid email format: invalid-7182.example.com
2025-08-13 22:22:20 - ⚠️ Line 7190: Invalid email format: invalid-7189.example.com
2025-08-13 22:22:20 - ⚠️ Line 7197: Invalid email format: invalid-7196.example.com
2025-08-13 22:22:20 - ⚠️ Line 7204: Invalid email format: invalid-7203.example.com
2025-08-13 22:22:20 - ⚠️ Line 7211: Invalid email format: invalid-7210.example.com
2025-08-13 22:22:20 - ⚠️ Line 7218: Invalid email format: invalid-7217.example.com
2025-08-13 22:22:20 - ⚠️ Line 7225: Invalid email format: invalid-7224.example.com
2025-08-13 22:22:20 - ⚠️ Line 7232: Invalid email format: invalid-7231.example.com
2025-08-13 22:22:20 - ⚠️ Line 7239: Invalid email format: invalid-7238.example.com
2025-08-13 22:22:20 - ⚠️ Line 7246: Invalid email format: invalid-7245.example.com
2025-08-13 22:22:20 - ⚠️ Line 7253: Invalid email format: invalid-7252.example.com
2025-08-13 22:22:20 - ⚠️ Line 7260: Invalid email format: invalid-7259.example.com
2025-08-13 22:22:20 - ⚠️ Line 7267: Invalid email format: invalid-7266.example.com
2025-08-13 22:22:20 - ⚠️ Line 7274: Invalid email format: invalid-7273.example.com
2025-08-13 22:22:20 - ⚠️ Line 7281: Invalid email format: invalid-7280.example.com
2025-08-13 22:22:20 - ⚠️ Line 7288: Invalid email format: invalid-7287.example.com
2025-08-13 22:22:20 - ⚠️ Line 7295: Invalid email format: invalid-7294.example.com
2025-08-13 22:22:20 - ⚠️ Line 7302: Invalid email format: invalid-7301.example.com
2025-08-13 22:22:20 - ⚠️ Line 7309: Invalid email format: invalid-7308.example.com
2025-08-13 22:22:20 - ⚠️ Line 7316: Invalid email format: invalid-7315.example.com
2025-08-13 22:22:20 - ⚠️ Line 7323: Invalid email format: invalid-7322.example.com
2025-08-13 22:22:20 - ⚠️ Line 7330: Invalid email format: invalid-7329.example.com
2025-08-13 22:22:20 - ⚠️ Line 7337: Invalid email format: invalid-7336.example.com
2025-08-13 22:22:20 - ⚠️ Line 7344: Invalid email format: invalid-7343.example.com
2025-08-13 22:22:20 - ⚠️ Line 7351: Invalid email format: invalid-7350.example.com
2025-08-13 22:22:20 - ⚠️ Line 7358: Invalid email format: invalid-7357.example.com
2025-08-13 22:22:20 - ⚠️ Line 7365: Invalid email format: invalid-7364.example.com
2025-08-13 22:22:20 - ⚠️ Line 7372: Invalid email format: invalid-7371.example.com
2025-08-13 22:22:20 - ⚠️ Line 7379: Invalid email format: invalid-7378.example.com
2025-08-13 22:22:20 - ⚠️ Line 7386: Invalid email format: invalid-7385.example.com
2025-08-13 22:22:20 - ⚠️ Line 7393: Invalid email format: invalid-7392.example.com
2025-08-13 22:22:20 - ⚠️ Line 7400: Invalid email format: invalid-7399.example.com
2025-08-13 22:22:20 - ⚠️ Line 7407: Invalid email format: invalid-7406.example.com
2025-08-13 22:22:20 - ⚠️ Line 7414: Invalid email format: invalid-7413.example.com
2025-08-13 22:22:20 - ⚠️ Line 7421: Invalid email format: invalid-7420.example.com
2025-08-13 22:22:20 - ⚠️ Line 7428: Invalid email format: invalid-7427.example.com
2025-08-13 22:22:20 - ⚠️ Line 7435: Invalid email format: invalid-7434.example.com
2025-08-13 22:22:20 - ⚠️ Line 7442: Invalid email format: invalid-7441.example.com
2025-08-13 22:22:20 - ⚠️ Line 7449: Invalid email format: invalid-7448.example.com
2025-08-13 22:22:20 - ⚠️ Line 7456: Invalid email format: invalid-7455.example.com
2025-08-13 22:22:20 - ⚠️ Line 7463: Invalid email format: invalid-7462.example.com
2025-08-13 22:22:20 - ⚠️ Line 7470: Invalid email format: invalid-7469.example.com
2025-08-13 22:22:20 - ⚠️ Line 7477: Invalid email format: invalid-7476.example.com
2025-08-13 22:22:20 - ⚠️ Line 7484: Invalid email format: invalid-7483.example.com
2025-08-13 22:22:20 - ⚠️ Line 7491: Invalid email format: invalid-7490.example.com
2025-08-13 22:22:20 - ⚠️ Line 7498: Invalid email format: invalid-7497.example.com
2025-08-13 22:22:20 - ⚠️ Line 7505: Invalid email format: invalid-7504.example.com
2025-08-13 22:22:20 - ⚠️ Line 7512: Invalid email format: invalid-7511.example.com
2025-08-13 22:22:20 - ⚠️ Line 7519: Invalid email format: invalid-7518.example.com
2025-08-13 22:22:20 - ⚠️ Line 7526: Invalid email format: invalid-7525.example.com
2025-08-13 22:22:20 - ⚠️ Line 7533: Invalid email format: invalid-7532.example.com
2025-08-13 22:22:20 - ⚠️ Line 7540: Invalid email format: invalid-7539.example.com
2025-08-13 22:22:20 - ⚠️ Line 7547: Invalid email format: invalid-7546.example.com
2025-08-13 22:22:20 - ⚠️ Line 7554: Invalid email format: invalid-7553.example.com
2025-08-13 22:22:20 - ⚠️ Line 7561: Invalid email format: invalid-7560.example.com
2025-08-13 22:22:20 - ⚠️ Line 7568: Invalid email format: invalid-7567.example.com
2025-08-13 22:22:20 - ⚠️ Line 7575: Invalid email format: invalid-7574.example.com
2025-08-13 22:22:20 - ⚠️ Line 7582: Invalid email format: invalid-7581.example.com
2025-08-13 22:22:20 - ⚠️ Line 7589: Invalid email format: invalid-7588.example.com
2025-08-13 22:22:20 - ⚠️ Line 7596: Invalid email format: invalid-7595.example.com
2025-08-13 22:22:20 - ⚠️ Line 7603: Invalid email format: invalid-7602.example.com
2025-08-13 22:22:20 - ⚠️ Line 7610: Invalid email format: invalid-7609.example.com
2025-08-13 22:22:20 - ⚠️ Line 7617: Invalid email format: invalid-7616.example.com
2025-08-13 22:22:20 - ⚠️ Line 7624: Invalid email format: invalid-7623.example.com
2025-08-13 22:22:20 - ⚠️ Line 7631: Invalid email format: invalid-7630.example.com
2025-08-13 22:22:20 - ⚠️ Line 7638: Invalid email format: invalid-7637.example.com
2025-08-13 22:22:20 - ⚠️ Line 7645: Invalid email format: invalid-7644.example.com
2025-08-13 22:22:20 - ⚠️ Line 7652: Invalid email format: invalid-7651.example.com
2025-08-13 22:22:20 - ⚠️ Line 7659: Invalid email format: invalid-7658.example.com
2025-08-13 22:22:20 - ⚠️ Line 7666: Invalid email format: invalid-7665.example.com
2025-08-13 22:22:20 - ⚠️ Line 7673: Invalid email format: invalid-7672.example.com
2025-08-13 22:22:20 - ⚠️ Line 7680: Invalid email format: invalid-7679.example.com
2025-08-13 22:22:20 - ⚠️ Line 7687: Invalid email format: invalid-7686.example.com
2025-08-13 22:22:20 - ⚠️ Line 7694: Invalid email format: invalid-7693.example.com
2025-08-13 22:22:20 - ⚠️ Line 7701: Invalid email format: invalid-7700.example.com
2025-08-13 22:22:20 - ⚠️ Line 7708: Invalid email format: invalid-7707.example.com
2025-08-13 22:22:20 - ⚠️ Line 7715: Invalid email format: invalid-7714.example.com
2025-08-13 22:22:20 - ⚠️ Line 7722: Invalid email format: invalid-7721.example.com
2025-08-13 22:22:20 - ⚠️ Line 7729: Invalid email format: invalid-7728.example.com
2025-08-13 22:22:20 - ⚠️ Line 7736: Invalid email format: invalid-7735.example.com
2025-08-13 22:22:20 - ⚠️ Line 7743: Invalid email format: invalid-7742.example.com
2025-08-13 22:22:20 - ⚠️ Line 7750: Invalid email format: invalid-7749.example.com
2025-08-13 22:22:20 - ⚠️ Line 7757: Invalid email format: invalid-7756.example.com
2025-08-13 22:22:20 - ⚠️ Line 7764: Invalid email format: invalid-7763.example.com
2025-08-13 22:22:20 - ⚠️ Line 7771: Invalid email format: invalid-7770.example.com
2025-08-13 22:22:20 - ⚠️ Line 7778: Invalid email format: invalid-7777.example.com
2025-08-13 22:22:20 - ⚠️ Line 7785: Invalid email format: invalid-7784.example.com
2025-08-13 22:22:20 - ⚠️ Line 7792: Invalid email format: invalid-7791.example.com
2025-08-13 22:22:20 - ⚠️ Line 7799: Invalid email format: invalid-7798.example.com
2025-08-13 22:22:20 - ⚠️ Line 7806: Invalid email format: invalid-7805.example.com
2025-08-13 22:22:20 - ⚠️ Line 7813: Invalid email format: invalid-7812.example.com
2025-08-13 22:22:20 - ⚠️ Line 7820: Invalid email format: invalid-7819.example.com
2025-08-13 22:22:20 - ⚠️ Line 7827: Invalid email format: invalid-7826.example.com
2025-08-13 22:22:20 - ⚠️ Line 7834: Invalid email format: invalid-7833.example.com
2025-08-13 22:22:20 - ⚠️ Line 7841: Invalid email format: invalid-7840.example.com
2025-08-13 22:22:20 - ⚠️ Line 7848: Invalid email format: invalid-7847.example.com
2025-08-13 22:22:20 - ⚠️ Line 7855: Invalid email format: invalid-7854.example.com
2025-08-13 22:22:20 - ⚠️ Line 7862: Invalid email format: invalid-7861.example.com
2025-08-13 22:22:20 - ⚠️ Line 7869: Invalid email format: invalid-7868.example.com
2025-08-13 22:22:20 - ⚠️ Line 7876: Invalid email format: invalid-7875.example.com
2025-08-13 22:22:20 - ⚠️ Line 7883: Invalid email format: invalid-7882.example.com
2025-08-13 22:22:20 - ⚠️ Line 7890: Invalid email format: invalid-7889.example.com
2025-08-13 22:22:20 - ⚠️ Line 7897: Invalid email format: invalid-7896.example.com
2025-08-13 22:22:20 - ⚠️ Line 7904: Invalid email format: invalid-7903.example.com
2025-08-13 22:22:20 - ⚠️ Line 7911: Invalid email format: invalid-7910.example.com
2025-08-13 22:22:20 - ⚠️ Line 7918: Invalid email format: invalid-7917.example.com
2025-08-13 22:22:20 - ⚠️ Line 7925: Invalid email format: invalid-7924.example.com
2025-08-13 22:22:20 - ⚠️ Line 7932: Invalid email format: invalid-7931.example.com
2025-08-13 22:22:20 - ⚠️ Line 7939: Invalid email format: invalid-7938.example.com
2025-08-13 22:22:20 - ⚠️ Line 7946: Invalid email format: invalid-7945.example.com
2025-08-13 22:22:20 - ⚠️ Line 7953: Invalid email format: invalid-7952.example.com
2025-08-13 22:22:20 - ⚠️ Line 7960: Invalid email format: invalid-7959.example.com
2025-08-13 22:22:20 - ⚠️ Line 7967: Invalid email format: invalid-7966.example.com
2025-08-13 22:22:20 - ⚠️ Line 7974: Invalid email format: invalid-7973.example.com
2025-08-13 22:22:20 - ⚠️ Line 7981: Invalid email format: invalid-7980.example.com
2025-08-13 22:22:20 - ⚠️ Line 7988: Invalid email format: invalid-7987.example.com
2025-08-13 22:22:20 - ⚠️ Line 7995: Invalid email format: invalid-7994.example.com
2025-08-13 22:22:20 - ⚠️ Line 8002: Invalid email format: invalid-8001.example.com
2025-08-13 22:22:20 - ⚠️ Line 8009: Invalid email format: invalid-8008.example.com
2025-08-13 22:22:20 - ⚠️ Line 8016: Invalid email format: invalid-8015.example.com
2025-08-13 22:22:20 - ⚠️ Line 8023: Invalid email format: invalid-8022.example.com
2025-08-13 22:22:20 - ⚠️ Line 8030: Invalid email format: invalid-8029.example.com
2025-08-13 22:22:20 - ⚠️ Line 8037: Invalid email format: invalid-8036.example.com
2025-08-13 22:22:20 - ⚠️ Line 8044: Invalid email format: invalid-8043.example.com
2025-08-13 22:22:20 - ⚠️ Line 8051: Invalid email format: invalid-8050.example.com
2025-08-13 22:22:20 - ⚠️ Line 8058: Invalid email format: invalid-8057.example.com
2025-08-13 22:22:20 - ⚠️ Line 8065: Invalid email format: invalid-8064.example.com
2025-08-13 22:22:20 - ⚠️ Line 8072: Invalid email format: invalid-8071.example.com
2025-08-13 22:22:20 - ⚠️ Line 8079: Invalid email format: invalid-8078.example.com
2025-08-13 22:22:20 - ⚠️ Line 8086: Invalid email format: invalid-8085.example.com
2025-08-13 22:22:20 - ⚠️ Line 8093: Invalid email format: invalid-8092.example.com
2025-08-13 22:22:20 - ⚠️ Line 8100: Invalid email format: invalid-8099.example.com
2025-08-13 22:22:20 - ⚠️ Line 8107: Invalid email format: invalid-8106.example.com
2025-08-13 22:22:20 - ⚠️ Line 8114: Invalid email format: invalid-8113.example.com
2025-08-13 22:22:20 - ⚠️ Line 8121: Invalid email format: invalid-8120.example.com
2025-08-13 22:22:20 - ⚠️ Line 8128: Invalid email format: invalid-8127.example.com
2025-08-13 22:22:20 - ⚠️ Line 8135: Invalid email format: invalid-8134.example.com
2025-08-13 22:22:20 - ⚠️ Line 8142: Invalid email format: invalid-8141.example.com
2025-08-13 22:22:20 - ⚠️ Line 8149: Invalid email format: invalid-8148.example.com
2025-08-13 22:22:20 - ⚠️ Line 8156: Invalid email format: invalid-8155.example.com
2025-08-13 22:22:20 - ⚠️ Line 8163: Invalid email format: invalid-8162.example.com
2025-08-13 22:22:20 - ⚠️ Line 8170: Invalid email format: invalid-8169.example.com
2025-08-13 22:22:20 - ⚠️ Line 8177: Invalid email format: invalid-8176.example.com
2025-08-13 22:22:20 - ⚠️ Line 8184: Invalid email format: invalid-8183.example.com
2025-08-13 22:22:20 - ⚠️ Line 8191: Invalid email format: invalid-8190.example.com
2025-08-13 22:22:20 - ⚠️ Line 8198: Invalid email format: invalid-8197.example.com
2025-08-13 22:22:20 - ⚠️ Line 8205: Invalid email format: invalid-8204.example.com
2025-08-13 22:22:20 - ⚠️ Line 8212: Invalid email format: invalid-8211.example.com
2025-08-13 22:22:20 - ⚠️ Line 8219: Invalid email format: invalid-8218.example.com
2025-08-13 22:22:20 - ⚠️ Line 8226: Invalid email format: invalid-8225.example.com
2025-08-13 22:22:20 - ⚠️ Line 8233: Invalid email format: invalid-8232.example.com
2025-08-13 22:22:20 - ⚠️ Line 8240: Invalid email format: invalid-8239.example.com
2025-08-13 22:22:20 - ⚠️ Line 8247: Invalid email format: invalid-8246.example.com
2025-08-13 22:22:20 - ⚠️ Line 8254: Invalid email format: invalid-8253.example.com
2025-08-13 22:22:20 - ⚠️ Line 8261: Invalid email format: invalid-8260.example.com
2025-08-13 22:22:20 - ⚠️ Line 8268: Invalid email format: invalid-8267.example.com
2025-08-13 22:22:20 - ⚠️ Line 8275: Invalid email format: invalid-8274.example.com
2025-08-13 22:22:20 - ⚠️ Line 8282: Invalid email format: invalid-8281.example.com
2025-08-13 22:22:20 - ⚠️ Line 8289: Invalid email format: invalid-8288.example.com
2025-08-13 22:22:20 - ⚠️ Line 8296: Invalid email format: invalid-8295.example.com
2025-08-13 22:22:20 - ⚠️ Line 8303: Invalid email format: invalid-8302.example.com
2025-08-13 22:22:20 - ⚠️ Line 8310: Invalid email format: invalid-8309.example.com
2025-08-13 22:22:20 - ⚠️ Line 8317: Invalid email format: invalid-8316.example.com
2025-08-13 22:22:20 - ⚠️ Line 8324: Invalid email format: invalid-8323.example.com
2025-08-13 22:22:20 - ⚠️ Line 8331: Invalid email format: invalid-8330.example.com
2025-08-13 22:22:20 - ⚠️ Line 8338: Invalid email format: invalid-8337.example.com
2025-08-13 22:22:20 - ⚠️ Line 8345: Invalid email format: invalid-8344.example.com
2025-08-13 22:22:20 - ⚠️ Line 8352: Invalid email format: invalid-8351.example.com
2025-08-13 22:22:20 - ⚠️ Line 8359: Invalid email format: invalid-8358.example.com
2025-08-13 22:22:20 - ⚠️ Line 8366: Invalid email format: invalid-8365.example.com
2025-08-13 22:22:20 - ⚠️ Line 8373: Invalid email format: invalid-8372.example.com
2025-08-13 22:22:20 - ⚠️ Line 8380: Invalid email format: invalid-8379.example.com
2025-08-13 22:22:20 - ⚠️ Line 8387: Invalid email format: invalid-8386.example.com
2025-08-13 22:22:20 - ⚠️ Line 8394: Invalid email format: invalid-8393.example.com
2025-08-13 22:22:20 - ⚠️ Line 8401: Invalid email format: invalid-8400.example.com
2025-08-13 22:22:20 - ⚠️ Line 8408: Invalid email format: invalid-8407.example.com
2025-08-13 22:22:20 - ⚠️ Line 8415: Invalid email format: invalid-8414.example.com
2025-08-13 22:22:20 - ⚠️ Line 8422: Invalid email format: invalid-8421.example.com
2025-08-13 22:22:20 - ⚠️ Line 8429: Invalid email format: invalid-8428.example.com
2025-08-13 22:22:20 - ⚠️ Line 8436: Invalid email format: invalid-8435.example.com
2025-08-13 22:22:20 - ⚠️ Line 8443: Invalid email format: invalid-8442.example.com
2025-08-13 22:22:20 - ⚠️ Line 8450: Invalid email format: invalid-8449.example.com
2025-08-13 22:22:20 - ⚠️ Line 8457: Invalid email format: invalid-8456.example.com
2025-08-13 22:22:20 - ⚠️ Line 8464: Invalid email format: invalid-8463.example.com
2025-08-13 22:22:20 - ⚠️ Line 8471: Invalid email format: invalid-8470.example.com
2025-08-13 22:22:20 - ⚠️ Line 8478: Invalid email format: invalid-8477.example.com
2025-08-13 22:22:20 - ⚠️ Line 8485: Invalid email format: invalid-8484.example.com
2025-08-13 22:22:20 - ⚠️ Line 8492: Invalid email format: invalid-8491.example.com
2025-08-13 22:22:20 - ⚠️ Line 8499: Invalid email format: invalid-8498.example.com
2025-08-13 22:22:20 - ⚠️ Line 8506: Invalid email format: invalid-8505.example.com
2025-08-13 22:22:20 - ⚠️ Line 8513: Invalid email format: invalid-8512.example.com
2025-08-13 22:22:20 - ⚠️ Line 8520: Invalid email format: invalid-8519.example.com
2025-08-13 22:22:20 - ⚠️ Line 8527: Invalid email format: invalid-8526.example.com
2025-08-13 22:22:20 - ⚠️ Line 8534: Invalid email format: invalid-8533.example.com
2025-08-13 22:22:20 - ⚠️ Line 8541: Invalid email format: invalid-8540.example.com
2025-08-13 22:22:20 - ⚠️ Line 8548: Invalid email format: invalid-8547.example.com
2025-08-13 22:22:20 - ⚠️ Line 8555: Invalid email format: invalid-8554.example.com
2025-08-13 22:22:20 - ⚠️ Line 8562: Invalid email format: invalid-8561.example.com
2025-08-13 22:22:20 - ⚠️ Line 8569: Invalid email format: invalid-8568.example.com
2025-08-13 22:22:20 - ⚠️ Line 8576: Invalid email format: invalid-8575.example.com
2025-08-13 22:22:20 - ⚠️ Line 8583: Invalid email format: invalid-8582.example.com
2025-08-13 22:22:20 - ⚠️ Line 8590: Invalid email format: invalid-8589.example.com
2025-08-13 22:22:20 - ⚠️ Line 8597: Invalid email format: invalid-8596.example.com
2025-08-13 22:22:20 - ⚠️ Line 8604: Invalid email format: invalid-8603.example.com
2025-08-13 22:22:20 - ⚠️ Line 8611: Invalid email format: invalid-8610.example.com
2025-08-13 22:22:20 - ⚠️ Line 8618: Invalid email format: invalid-8617.example.com
2025-08-13 22:22:20 - ⚠️ Line 8625: Invalid email format: invalid-8624.example.com
2025-08-13 22:22:20 - ⚠️ Line 8632: Invalid email format: invalid-8631.example.com
2025-08-13 22:22:20 - ⚠️ Line 8639: Invalid email format: invalid-8638.example.com
2025-08-13 22:22:20 - ⚠️ Line 8646: Invalid email format: invalid-8645.example.com
2025-08-13 22:22:20 - ⚠️ Line 8653: Invalid email format: invalid-8652.example.com
2025-08-13 22:22:20 - ⚠️ Line 8660: Invalid email format: invalid-8659.example.com
2025-08-13 22:22:20 - ⚠️ Line 8667: Invalid email format: invalid-8666.example.com
2025-08-13 22:22:20 - ⚠️ Line 8674: Invalid email format: invalid-8673.example.com
2025-08-13 22:22:20 - ⚠️ Line 8681: Invalid email format: invalid-8680.example.com
2025-08-13 22:22:20 - ⚠️ Line 8688: Invalid email format: invalid-8687.example.com
2025-08-13 22:22:20 - ⚠️ Line 8695: Invalid email format: invalid-8694.example.com
2025-08-13 22:22:20 - ⚠️ Line 8702: Invalid email format: invalid-8701.example.com
2025-08-13 22:22:20 - ⚠️ Line 8709: Invalid email format: invalid-8708.example.com
2025-08-13 22:22:20 - ⚠️ Line 8716: Invalid email format: invalid-8715.example.com
2025-08-13 22:22:20 - ⚠️ Line 8723: Invalid email format: invalid-8722.example.com
2025-08-13 22:22:20 - ⚠️ Line 8730: Invalid email format: invalid-8729.example.com
2025-08-13 22:22:20 - ⚠️ Line 8737: Invalid email format: invalid-8736.example.com
2025-08-13 22:22:20 - ⚠️ Line 8744: Invalid email format: invalid-8743.example.com
2025-08-13 22:22:20 - ⚠️ Line 8751: Invalid email format: invalid-8750.example.com
2025-08-13 22:22:20 - ⚠️ Line 8758: Invalid email format: invalid-8757.example.com
2025-08-13 22:22:20 - ⚠️ Line 8765: Invalid email format: invalid-8764.example.com
2025-08-13 22:22:20 - ⚠️ Line 8772: Invalid email format: invalid-8771.example.com
2025-08-13 22:22:20 - ⚠️ Line 8779: Invalid email format: invalid-8778.example.com
2025-08-13 22:22:20 - ⚠️ Line 8786: Invalid email format: invalid-8785.example.com
2025-08-13 22:22:20 - ⚠️ Line 8793: Invalid email format: invalid-8792.example.com
2025-08-13 22:22:20 - ⚠️ Line 8800: Invalid email format: invalid-8799.example.com
2025-08-13 22:22:20 - ⚠️ Line 8807: Invalid email format: invalid-8806.example.com
2025-08-13 22:22:20 - ⚠️ Line 8814: Invalid email format: invalid-8813.example.com
2025-08-13 22:22:20 - ⚠️ Line 8821: Invalid email format: invalid-8820.example.com
2025-08-13 22:22:20 - ⚠️ Line 8828: Invalid email format: invalid-8827.example.com
2025-08-13 22:22:20 - ⚠️ Line 8835: Invalid email format: invalid-8834.example.com
2025-08-13 22:22:20 - ⚠️ Line 8842: Invalid email format: invalid-8841.example.com
2025-08-13 22:22:20 - ⚠️ Line 8849: Invalid email format: invalid-8848.example.com
2025-08-13 22:22:20 - ⚠️ Line 8856: Invalid email format: invalid-8855.example.com
2025-08-13 22:22:20 - ⚠️ Line 8863: Invalid email format: invalid-8862.example.com
2025-08-13 22:22:20 - ⚠️ Line 8870: Invalid email format: invalid-8869.example.com
2025-08-13 22:22:20 - ⚠️ Line 8877: Invalid email format: invalid-8876.example.com
2025-08-13 22:22:20 - ⚠️ Line 8884: Invalid email format: invalid-8883.example.com
2025-08-13 22:22:20 - ⚠️ Line 8891: Invalid email format: invalid-8890.example.com
2025-08-13 22:22:20 - ⚠️ Line 8898: Invalid email format: invalid-8897.example.com
2025-08-13 22:22:20 - ⚠️ Line 8905: Invalid email format: invalid-8904.example.com
2025-08-13 22:22:20 - ⚠️ Line 8912: Invalid email format: invalid-8911.example.com
2025-08-13 22:22:20 - ⚠️ Line 8919: Invalid email format: invalid-8918.example.com
2025-08-13 22:22:20 - ⚠️ Line 8926: Invalid email format: invalid-8925.example.com
2025-08-13 22:22:20 - ⚠️ Line 8933: Invalid email format: invalid-8932.example.com
2025-08-13 22:22:20 - ⚠️ Line 8940: Invalid email format: invalid-8939.example.com
2025-08-13 22:22:20 - ⚠️ Line 8947: Invalid email format: invalid-8946.example.com
2025-08-13 22:22:20 - ⚠️ Line 8954: Invalid email format: invalid-8953.example.com
2025-08-13 22:22:20 - ⚠️ Line 8961: Invalid email format: invalid-8960.example.com
2025-08-13 22:22:20 - ⚠️ Line 8968: Invalid email format: invalid-8967.example.com
2025-08-13 22:22:20 - ⚠️ Line 8975: Invalid email format: invalid-8974.example.com
2025-08-13 22:22:20 - ⚠️ Line 8982: Invalid email format: invalid-8981.example.com
2025-08-13 22:22:20 - ⚠️ Line 8989: Invalid email format: invalid-8988.example.com
2025-08-13 22:22:20 - ⚠️ Line 8996: Invalid email format: invalid-8995.example.com
2025-08-13 22:22:20 - ⚠️ Line 9003: Invalid email format: invalid-9002.example.com
2025-08-13 22:22:20 - ⚠️ Line 9010: Invalid email format: invalid-9009.example.com
2025-08-13 22:22:20 - ⚠️ Line 9017: Invalid email format: invalid-9016.example.com
2025-08-13 22:22:20 - ⚠️ Line 9024: Invalid email format: invalid-9023.example.com
2025-08-13 22:22:20 - ⚠️ Line 9031: Invalid email format: invalid-9030.example.com
2025-08-13 22:22:20 - ⚠️ Line 9038: Invalid email format: invalid-9037.example.com
2025-08-13 22:22:20 - ⚠️ Line 9045: Invalid email format: invalid-9044.example.com
2025-08-13 22:22:20 - ⚠️ Line 9052: Invalid email format: invalid-9051.example.com
2025-08-13 22:22:20 - ⚠️ Line 9059: Invalid email format: invalid-9058.example.com
2025-08-13 22:22:20 - ⚠️ Line 9066: Invalid email format: invalid-9065.example.com
2025-08-13 22:22:20 - ⚠️ Line 9073: Invalid email format: invalid-9072.example.com
2025-08-13 22:22:20 - ⚠️ Line 9080: Invalid email format: invalid-9079.example.com
2025-08-13 22:22:20 - ⚠️ Line 9087: Invalid email format: invalid-9086.example.com
2025-08-13 22:22:20 - ⚠️ Line 9094: Invalid email format: invalid-9093.example.com
2025-08-13 22:22:20 - ⚠️ Line 9101: Invalid email format: invalid-9100.example.com
2025-08-13 22:22:20 - ⚠️ Line 9108: Invalid email format: invalid-9107.example.com
2025-08-13 22:22:20 - ⚠️ Line 9115: Invalid email format: invalid-9114.example.com
2025-08-13 22:22:20 - ⚠️ Line 9122: Invalid email format: invalid-9121.example.com
2025-08-13 22:22:20 - ⚠️ Line 9129: Invalid email format: invalid-9128.example.com
2025-08-13 22:22:20 - ⚠️ Line 9136: Invalid email format: invalid-9135.example.com
2025-08-13 22:22:20 - ⚠️ Line 9143: Invalid email format: invalid-9142.example.com
2025-08-13 22:22:20 - ⚠️ Line 9150: Invalid email format: invalid-9149.example.com
2025-08-13 22:22:20 - ⚠️ Line 9157: Invalid email format: invalid-9156.example.com
2025-08-13 22:22:20 - ⚠️ Line 9164: Invalid email format: invalid-9163.example.com
2025-08-13 22:22:20 - ⚠️ Line 9171: Invalid email format: invalid-9170.example.com
2025-08-13 22:22:20 - ⚠️ Line 9178: Invalid email format: invalid-9177.example.com
2025-08-13 22:22:20 - ⚠️ Line 9185: Invalid email format: invalid-9184.example.com
2025-08-13 22:22:20 - ⚠️ Line 9192: Invalid email format: invalid-9191.example.com
2025-08-13 22:22:20 - ⚠️ Line 9199: Invalid email format: invalid-9198.example.com
2025-08-13 22:22:20 - ⚠️ Line 9206: Invalid email format: invalid-9205.example.com
2025-08-13 22:22:20 - ⚠️ Line 9213: Invalid email format: invalid-9212.example.com
2025-08-13 22:22:20 - ⚠️ Line 9220: Invalid email format: invalid-9219.example.com
2025-08-13 22:22:20 - ⚠️ Line 9227: Invalid email format: invalid-9226.example.com
2025-08-13 22:22:20 - ⚠️ Line 9234: Invalid email format: invalid-9233.example.com
2025-08-13 22:22:20 - ⚠️ Line 9241: Invalid email format: invalid-9240.example.com
2025-08-13 22:22:20 - ⚠️ Line 9248: Invalid email format: invalid-9247.example.com
2025-08-13 22:22:20 - ⚠️ Line 9255: Invalid email format: invalid-9254.example.com
2025-08-13 22:22:20 - ⚠️ Line 9262: Invalid email format: invalid-9261.example.com
2025-08-13 22:22:20 - ⚠️ Line 9269: Invalid email format: invalid-9268.example.com
2025-08-13 22:22:20 - ⚠️ Line 9276: Invalid email format: invalid-9275.example.com
2025-08-13 22:22:20 - ⚠️ Line 9283: Invalid email format: invalid-9282.example.com
2025-08-13 22:22:20 - ⚠️ Line 9290: Invalid email format: invalid-9289.example.com
2025-08-13 22:22:20 - ⚠️ Line 9297: Invalid email format: invalid-9296.example.com
2025-08-13 22:22:20 - ⚠️ Line 9304: Invalid email format: invalid-9303.example.com
2025-08-13 22:22:20 - ⚠️ Line 9311: Invalid email format: invalid-9310.example.com
2025-08-13 22:22:20 - ⚠️ Line 9318: Invalid email format: invalid-9317.example.com
2025-08-13 22:22:20 - ⚠️ Line 9325: Invalid email format: invalid-9324.example.com
2025-08-13 22:22:20 - ⚠️ Line 9332: Invalid email format: invalid-9331.example.com
2025-08-13 22:22:20 - ⚠️ Line 9339: Invalid email format: invalid-9338.example.com
2025-08-13 22:22:20 - ⚠️ Line 9346: Invalid email format: invalid-9345.example.com
2025-08-13 22:22:20 - ⚠️ Line 9353: Invalid email format: invalid-9352.example.com
2025-08-13 22:22:20 - ⚠️ Line 9360: Invalid email format: invalid-9359.example.com
2025-08-13 22:22:20 - ⚠️ Line 9367: Invalid email format: invalid-9366.example.com
2025-08-13 22:22:20 - ⚠️ Line 9374: Invalid email format: invalid-9373.example.com
2025-08-13 22:22:20 - ⚠️ Line 9381: Invalid email format: invalid-9380.example.com
2025-08-13 22:22:20 - ⚠️ Line 9388: Invalid email format: invalid-9387.example.com
2025-08-13 22:22:20 - ⚠️ Line 9395: Invalid email format: invalid-9394.example.com
2025-08-13 22:22:20 - ⚠️ Line 9402: Invalid email format: invalid-9401.example.com
2025-08-13 22:22:20 - ⚠️ Line 9409: Invalid email format: invalid-9408.example.com
2025-08-13 22:22:20 - ⚠️ Line 9416: Invalid email format: invalid-9415.example.com
2025-08-13 22:22:20 - ⚠️ Line 9423: Invalid email format: invalid-9422.example.com
2025-08-13 22:22:20 - ⚠️ Line 9430: Invalid email format: invalid-9429.example.com
2025-08-13 22:22:20 - ⚠️ Line 9437: Invalid email format: invalid-9436.example.com
2025-08-13 22:22:20 - ⚠️ Line 9444: Invalid email format: invalid-9443.example.com
2025-08-13 22:22:20 - ⚠️ Line 9451: Invalid email format: invalid-9450.example.com
2025-08-13 22:22:20 - ⚠️ Line 9458: Invalid email format: invalid-9457.example.com
2025-08-13 22:22:20 - ⚠️ Line 9465: Invalid email format: invalid-9464.example.com
2025-08-13 22:22:20 - ⚠️ Line 9472: Invalid email format: invalid-9471.example.com
2025-08-13 22:22:20 - ⚠️ Line 9479: Invalid email format: invalid-9478.example.com
2025-08-13 22:22:20 - ⚠️ Line 9486: Invalid email format: invalid-9485.example.com
2025-08-13 22:22:20 - ⚠️ Line 9493: Invalid email format: invalid-9492.example.com
2025-08-13 22:22:20 - ⚠️ Line 9500: Invalid email format: invalid-9499.example.com
2025-08-13 22:22:20 - ⚠️ Line 9507: Invalid email format: invalid-9506.example.com
2025-08-13 22:22:20 - ⚠️ Line 9514: Invalid email format: invalid-9513.example.com
2025-08-13 22:22:20 - ⚠️ Line 9521: Invalid email format: invalid-9520.example.com
2025-08-13 22:22:20 - ⚠️ Line 9528: Invalid email format: invalid-9527.example.com
2025-08-13 22:22:20 - ⚠️ Line 9535: Invalid email format: invalid-9534.example.com
2025-08-13 22:22:20 - ⚠️ Line 9542: Invalid email format: invalid-9541.example.com
2025-08-13 22:22:20 - ⚠️ Line 9549: Invalid email format: invalid-9548.example.com
2025-08-13 22:22:20 - ⚠️ Line 9556: Invalid email format: invalid-9555.example.com
2025-08-13 22:22:20 - ⚠️ Line 9563: Invalid email format: invalid-9562.example.com
2025-08-13 22:22:20 - ⚠️ Line 9570: Invalid email format: invalid-9569.example.com
2025-08-13 22:22:20 - ⚠️ Line 9577: Invalid email format: invalid-9576.example.com
2025-08-13 22:22:20 - ⚠️ Line 9584: Invalid email format: invalid-9583.example.com
2025-08-13 22:22:20 - ⚠️ Line 9591: Invalid email format: invalid-9590.example.com
2025-08-13 22:22:20 - ⚠️ Line 9598: Invalid email format: invalid-9597.example.com
2025-08-13 22:22:20 - ⚠️ Line 9605: Invalid email format: invalid-9604.example.com
2025-08-13 22:22:20 - ⚠️ Line 9612: Invalid email format: invalid-9611.example.com
2025-08-13 22:22:20 - ⚠️ Line 9619: Invalid email format: invalid-9618.example.com
2025-08-13 22:22:20 - ⚠️ Line 9626: Invalid email format: invalid-9625.example.com
2025-08-13 22:22:20 - ⚠️ Line 9633: Invalid email format: invalid-9632.example.com
2025-08-13 22:22:20 - ⚠️ Line 9640: Invalid email format: invalid-9639.example.com
2025-08-13 22:22:20 - ⚠️ Line 9647: Invalid email format: invalid-9646.example.com
2025-08-13 22:22:20 - ⚠️ Line 9654: Invalid email format: invalid-9653.example.com
2025-08-13 22:22:20 - ⚠️ Line 9661: Invalid email format: invalid-9660.example.com
2025-08-13 22:22:20 - ⚠️ Line 9668: Invalid email format: invalid-9667.example.com
2025-08-13 22:22:20 - ⚠️ Line 9675: Invalid email format: invalid-9674.example.com
2025-08-13 22:22:20 - ⚠️ Line 9682: Invalid email format: invalid-9681.example.com
2025-08-13 22:22:20 - ⚠️ Line 9689: Invalid email format: invalid-9688.example.com
2025-08-13 22:22:20 - ⚠️ Line 9696: Invalid email format: invalid-9695.example.com
2025-08-13 22:22:20 - ⚠️ Line 9703: Invalid email format: invalid-9702.example.com
2025-08-13 22:22:20 - ⚠️ Line 9710: Invalid email format: invalid-9709.example.com
2025-08-13 22:22:20 - ⚠️ Line 9717: Invalid email format: invalid-9716.example.com
2025-08-13 22:22:20 - ⚠️ Line 9724: Invalid email format: invalid-9723.example.com
2025-08-13 22:22:20 - ⚠️ Line 9731: Invalid email format: invalid-9730.example.com
2025-08-13 22:22:20 - ⚠️ Line 9738: Invalid email format: invalid-9737.example.com
2025-08-13 22:22:20 - ⚠️ Line 9745: Invalid email format: invalid-9744.example.com
2025-08-13 22:22:20 - ⚠️ Line 9752: Invalid email format: invalid-9751.example.com
2025-08-13 22:22:20 - ⚠️ Line 9759: Invalid email format: invalid-9758.example.com
2025-08-13 22:22:20 - ⚠️ Line 9766: Invalid email format: invalid-9765.example.com
2025-08-13 22:22:20 - ⚠️ Line 9773: Invalid email format: invalid-9772.example.com
2025-08-13 22:22:20 - ⚠️ Line 9780: Invalid email format: invalid-9779.example.com
2025-08-13 22:22:20 - ⚠️ Line 9787: Invalid email format: invalid-9786.example.com
2025-08-13 22:22:20 - ⚠️ Line 9794: Invalid email format: invalid-9793.example.com
2025-08-13 22:22:20 - ⚠️ Line 9801: Invalid email format: invalid-9800.example.com
2025-08-13 22:22:20 - ⚠️ Line 9808: Invalid email format: invalid-9807.example.com
2025-08-13 22:22:20 - ⚠️ Line 9815: Invalid email format: invalid-9814.example.com
2025-08-13 22:22:20 - ⚠️ Line 9822: Invalid email format: invalid-9821.example.com
2025-08-13 22:22:20 - ⚠️ Line 9829: Invalid email format: invalid-9828.example.com
2025-08-13 22:22:20 - ⚠️ Line 9836: Invalid email format: invalid-9835.example.com
2025-08-13 22:22:20 - ⚠️ Line 9843: Invalid email format: invalid-9842.example.com
2025-08-13 22:22:20 - ⚠️ Line 9850: Invalid email format: invalid-9849.example.com
2025-08-13 22:22:20 - ⚠️ Line 9857: Invalid email format: invalid-9856.example.com
2025-08-13 22:22:20 - ⚠️ Line 9864: Invalid email format: invalid-9863.example.com
2025-08-13 22:22:20 - ⚠️ Line 9871: Invalid email format: invalid-9870.example.com
2025-08-13 22:22:20 - ⚠️ Line 9878: Invalid email format: invalid-9877.example.com
2025-08-13 22:22:20 - ⚠️ Line 9885: Invalid email format: invalid-9884.example.com
2025-08-13 22:22:20 - ⚠️ Line 9892: Invalid email format: invalid-9891.example.com
2025-08-13 22:22:20 - ⚠️ Line 9899: Invalid email format: invalid-9898.example.com
2025-08-13 22:22:20 - ⚠️ Line 9906: Invalid email format: invalid-9905.example.com
2025-08-13 22:22:20 - ⚠️ Line 9913: Invalid email format: invalid-9912.example.com
2025-08-13 22:22:20 - ⚠️ Line 9920: Invalid email format: invalid-9919.example.com
2025-08-13 22:22:20 - ⚠️ Line 9927: Invalid email format: invalid-9926.example.com
2025-08-13 22:22:20 - ⚠️ Line 9934: Invalid email format: invalid-9933.example.com
2025-08-13 22:22:20 - ⚠️ Line 9941: Invalid email format: invalid-9940.example.com
2025-08-13 22:22:20 - ⚠️ Line 9948: Invalid email format: invalid-9947.example.com
2025-08-13 22:22:20 - ⚠️ Line 9955: Invalid email format: invalid-9954.example.com
2025-08-13 22:22:20 - ⚠️ Line 9962: Invalid email format: invalid-9961.example.com
2025-08-13 22:22:20 - ⚠️ Line 9969: Invalid email format: invalid-9968.example.com
2025-08-13 22:22:20 - ⚠️ Line 9976: Invalid email format: invalid-9975.example.com
2025-08-13 22:22:20 - ⚠️ Line 9983: Invalid email format: invalid-9982.example.com
2025-08-13 22:22:20 - ⚠️ Line 9990: Invalid email format: invalid-9989.example.com
2025-08-13 22:22:20 - ⚠️ Line 9997: Invalid email format: invalid-9996.example.com
2025-08-13 22:22:20 - 📊 CSV Processing Summary:
2025-08-13 22:22:20 -    - Total lines processed: 10000
2025-08-13 22:22:20 -    - Valid records: 8572
2025-08-13 22:22:20 -    - Invalid records: 1428
2025-08-13 22:22:20 -    - Success rate: 86%
2025-08-13 22:22:20 - ⚠️ Validation Errors Summary:
2025-08-13 22:22:20 -    - Line 8: Invalid email format: invalid-7.example.com
2025-08-13 22:22:20 -    - Line 15: Invalid email format: invalid-14.example.com
2025-08-13 22:22:20 -    - Line 22: Invalid email format: invalid-21.example.com
2025-08-13 22:22:20 -    - Line 29: Invalid email format: invalid-28.example.com
2025-08-13 22:22:20 -    - Line 36: Invalid email format: invalid-35.example.com
2025-08-13 22:22:20 -    - Line 43: Invalid email format: invalid-42.example.com
2025-08-13 22:22:20 -    - Line 50: Invalid email format: invalid-49.example.com
2025-08-13 22:22:20 -    - Line 57: Invalid email format: invalid-56.example.com
2025-08-13 22:22:20 -    - Line 64: Invalid email format: invalid-63.example.com
2025-08-13 22:22:20 -    - Line 71: Invalid email format: invalid-70.example.com
2025-08-13 22:22:20 -    - Line 78: Invalid email format: invalid-77.example.com
2025-08-13 22:22:20 -    - Line 85: Invalid email format: invalid-84.example.com
2025-08-13 22:22:20 -    - Line 92: Invalid email format: invalid-91.example.com
2025-08-13 22:22:20 -    - Line 99: Invalid email format: invalid-98.example.com
2025-08-13 22:22:20 -    - Line 106: Invalid email format: invalid-105.example.com
2025-08-13 22:22:20 -    - Line 113: Invalid email format: invalid-112.example.com
2025-08-13 22:22:20 -    - Line 120: Invalid email format: invalid-119.example.com
2025-08-13 22:22:20 -    - Line 127: Invalid email format: invalid-126.example.com
2025-08-13 22:22:20 -    - Line 134: Invalid email format: invalid-133.example.com
2025-08-13 22:22:20 -    - Line 141: Invalid email format: invalid-140.example.com
2025-08-13 22:22:20 -    - Line 148: Invalid email format: invalid-147.example.com
2025-08-13 22:22:20 -    - Line 155: Invalid email format: invalid-154.example.com
2025-08-13 22:22:20 -    - Line 162: Invalid email format: invalid-161.example.com
2025-08-13 22:22:20 -    - Line 169: Invalid email format: invalid-168.example.com
2025-08-13 22:22:20 -    - Line 176: Invalid email format: invalid-175.example.com
2025-08-13 22:22:20 -    - Line 183: Invalid email format: invalid-182.example.com
2025-08-13 22:22:20 -    - Line 190: Invalid email format: invalid-189.example.com
2025-08-13 22:22:20 -    - Line 197: Invalid email format: invalid-196.example.com
2025-08-13 22:22:20 -    - Line 204: Invalid email format: invalid-203.example.com
2025-08-13 22:22:20 -    - Line 211: Invalid email format: invalid-210.example.com
2025-08-13 22:22:20 -    - Line 218: Invalid email format: invalid-217.example.com
2025-08-13 22:22:20 -    - Line 225: Invalid email format: invalid-224.example.com
2025-08-13 22:22:20 -    - Line 232: Invalid email format: invalid-231.example.com
2025-08-13 22:22:20 -    - Line 239: Invalid email format: invalid-238.example.com
2025-08-13 22:22:20 -    - Line 246: Invalid email format: invalid-245.example.com
2025-08-13 22:22:20 -    - Line 253: Invalid email format: invalid-252.example.com
2025-08-13 22:22:20 -    - Line 260: Invalid email format: invalid-259.example.com
2025-08-13 22:22:20 -    - Line 267: Invalid email format: invalid-266.example.com
2025-08-13 22:22:20 -    - Line 274: Invalid email format: invalid-273.example.com
2025-08-13 22:22:20 -    - Line 281: Invalid email format: invalid-280.example.com
2025-08-13 22:22:20 -    - Line 288: Invalid email format: invalid-287.example.com
2025-08-13 22:22:20 -    - Line 295: Invalid email format: invalid-294.example.com
2025-08-13 22:22:20 -    - Line 302: Invalid email format: invalid-301.example.com
2025-08-13 22:22:20 -    - Line 309: Invalid email format: invalid-308.example.com
2025-08-13 22:22:20 -    - Line 316: Invalid email format: invalid-315.example.com
2025-08-13 22:22:20 -    - Line 323: Invalid email format: invalid-322.example.com
2025-08-13 22:22:20 -    - Line 330: Invalid email format: invalid-329.example.com
2025-08-13 22:22:20 -    - Line 337: Invalid email format: invalid-336.example.com
2025-08-13 22:22:20 -    - Line 344: Invalid email format: invalid-343.example.com
2025-08-13 22:22:20 -    - Line 351: Invalid email format: invalid-350.example.com
2025-08-13 22:22:20 -    - Line 358: Invalid email format: invalid-357.example.com
2025-08-13 22:22:20 -    - Line 365: Invalid email format: invalid-364.example.com
2025-08-13 22:22:20 -    - Line 372: Invalid email format: invalid-371.example.com
2025-08-13 22:22:20 -    - Line 379: Invalid email format: invalid-378.example.com
2025-08-13 22:22:20 -    - Line 386: Invalid email format: invalid-385.example.com
2025-08-13 22:22:20 -    - Line 393: Invalid email format: invalid-392.example.com
2025-08-13 22:22:20 -    - Line 400: Invalid email format: invalid-399.example.com
2025-08-13 22:22:20 -    - Line 407: Invalid email format: invalid-406.example.com
2025-08-13 22:22:20 -    - Line 414: Invalid email format: invalid-413.example.com
2025-08-13 22:22:20 -    - Line 421: Invalid email format: invalid-420.example.com
2025-08-13 22:22:20 -    - Line 428: Invalid email format: invalid-427.example.com
2025-08-13 22:22:20 -    - Line 435: Invalid email format: invalid-434.example.com
2025-08-13 22:22:20 -    - Line 442: Invalid email format: invalid-441.example.com
2025-08-13 22:22:20 -    - Line 449: Invalid email format: invalid-448.example.com
2025-08-13 22:22:20 -    - Line 456: Invalid email format: invalid-455.example.com
2025-08-13 22:22:20 -    - Line 463: Invalid email format: invalid-462.example.com
2025-08-13 22:22:20 -    - Line 470: Invalid email format: invalid-469.example.com
2025-08-13 22:22:20 -    - Line 477: Invalid email format: invalid-476.example.com
2025-08-13 22:22:20 -    - Line 484: Invalid email format: invalid-483.example.com
2025-08-13 22:22:20 -    - Line 491: Invalid email format: invalid-490.example.com
2025-08-13 22:22:20 -    - Line 498: Invalid email format: invalid-497.example.com
2025-08-13 22:22:20 -    - Line 505: Invalid email format: invalid-504.example.com
2025-08-13 22:22:20 -    - Line 512: Invalid email format: invalid-511.example.com
2025-08-13 22:22:20 -    - Line 519: Invalid email format: invalid-518.example.com
2025-08-13 22:22:20 -    - Line 526: Invalid email format: invalid-525.example.com
2025-08-13 22:22:20 -    - Line 533: Invalid email format: invalid-532.example.com
2025-08-13 22:22:20 -    - Line 540: Invalid email format: invalid-539.example.com
2025-08-13 22:22:20 -    - Line 547: Invalid email format: invalid-546.example.com
2025-08-13 22:22:20 -    - Line 554: Invalid email format: invalid-553.example.com
2025-08-13 22:22:20 -    - Line 561: Invalid email format: invalid-560.example.com
2025-08-13 22:22:20 -    - Line 568: Invalid email format: invalid-567.example.com
2025-08-13 22:22:20 -    - Line 575: Invalid email format: invalid-574.example.com
2025-08-13 22:22:20 -    - Line 582: Invalid email format: invalid-581.example.com
2025-08-13 22:22:20 -    - Line 589: Invalid email format: invalid-588.example.com
2025-08-13 22:22:20 -    - Line 596: Invalid email format: invalid-595.example.com
2025-08-13 22:22:20 -    - Line 603: Invalid email format: invalid-602.example.com
2025-08-13 22:22:20 -    - Line 610: Invalid email format: invalid-609.example.com
2025-08-13 22:22:20 -    - Line 617: Invalid email format: invalid-616.example.com
2025-08-13 22:22:20 -    - Line 624: Invalid email format: invalid-623.example.com
2025-08-13 22:22:20 -    - Line 631: Invalid email format: invalid-630.example.com
2025-08-13 22:22:20 -    - Line 638: Invalid email format: invalid-637.example.com
2025-08-13 22:22:20 -    - Line 645: Invalid email format: invalid-644.example.com
2025-08-13 22:22:20 -    - Line 652: Invalid email format: invalid-651.example.com
2025-08-13 22:22:20 -    - Line 659: Invalid email format: invalid-658.example.com
2025-08-13 22:22:20 -    - Line 666: Invalid email format: invalid-665.example.com
2025-08-13 22:22:20 -    - Line 673: Invalid email format: invalid-672.example.com
2025-08-13 22:22:20 -    - Line 680: Invalid email format: invalid-679.example.com
2025-08-13 22:22:20 -    - Line 687: Invalid email format: invalid-686.example.com
2025-08-13 22:22:20 -    - Line 694: Invalid email format: invalid-693.example.com
2025-08-13 22:22:20 -    - Line 701: Invalid email format: invalid-700.example.com
2025-08-13 22:22:20 -    - Line 708: Invalid email format: invalid-707.example.com
2025-08-13 22:22:20 -    - Line 715: Invalid email format: invalid-714.example.com
2025-08-13 22:22:20 -    - Line 722: Invalid email format: invalid-721.example.com
2025-08-13 22:22:20 -    - Line 729: Invalid email format: invalid-728.example.com
2025-08-13 22:22:20 -    - Line 736: Invalid email format: invalid-735.example.com
2025-08-13 22:22:20 -    - Line 743: Invalid email format: invalid-742.example.com
2025-08-13 22:22:20 -    - Line 750: Invalid email format: invalid-749.example.com
2025-08-13 22:22:20 -    - Line 757: Invalid email format: invalid-756.example.com
2025-08-13 22:22:20 -    - Line 764: Invalid email format: invalid-763.example.com
2025-08-13 22:22:20 -    - Line 771: Invalid email format: invalid-770.example.com
2025-08-13 22:22:20 -    - Line 778: Invalid email format: invalid-777.example.com
2025-08-13 22:22:20 -    - Line 785: Invalid email format: invalid-784.example.com
2025-08-13 22:22:20 -    - Line 792: Invalid email format: invalid-791.example.com
2025-08-13 22:22:20 -    - Line 799: Invalid email format: invalid-798.example.com
2025-08-13 22:22:20 -    - Line 806: Invalid email format: invalid-805.example.com
2025-08-13 22:22:20 -    - Line 813: Invalid email format: invalid-812.example.com
2025-08-13 22:22:20 -    - Line 820: Invalid email format: invalid-819.example.com
2025-08-13 22:22:20 -    - Line 827: Invalid email format: invalid-826.example.com
2025-08-13 22:22:20 -    - Line 834: Invalid email format: invalid-833.example.com
2025-08-13 22:22:20 -    - Line 841: Invalid email format: invalid-840.example.com
2025-08-13 22:22:20 -    - Line 848: Invalid email format: invalid-847.example.com
2025-08-13 22:22:20 -    - Line 855: Invalid email format: invalid-854.example.com
2025-08-13 22:22:20 -    - Line 862: Invalid email format: invalid-861.example.com
2025-08-13 22:22:20 -    - Line 869: Invalid email format: invalid-868.example.com
2025-08-13 22:22:20 -    - Line 876: Invalid email format: invalid-875.example.com
2025-08-13 22:22:20 -    - Line 883: Invalid email format: invalid-882.example.com
2025-08-13 22:22:20 -    - Line 890: Invalid email format: invalid-889.example.com
2025-08-13 22:22:20 -    - Line 897: Invalid email format: invalid-896.example.com
2025-08-13 22:22:20 -    - Line 904: Invalid email format: invalid-903.example.com
2025-08-13 22:22:20 -    - Line 911: Invalid email format: invalid-910.example.com
2025-08-13 22:22:20 -    - Line 918: Invalid email format: invalid-917.example.com
2025-08-13 22:22:20 -    - Line 925: Invalid email format: invalid-924.example.com
2025-08-13 22:22:20 -    - Line 932: Invalid email format: invalid-931.example.com
2025-08-13 22:22:20 -    - Line 939: Invalid email format: invalid-938.example.com
2025-08-13 22:22:20 -    - Line 946: Invalid email format: invalid-945.example.com
2025-08-13 22:22:20 -    - Line 953: Invalid email format: invalid-952.example.com
2025-08-13 22:22:20 -    - Line 960: Invalid email format: invalid-959.example.com
2025-08-13 22:22:20 -    - Line 967: Invalid email format: invalid-966.example.com
2025-08-13 22:22:20 -    - Line 974: Invalid email format: invalid-973.example.com
2025-08-13 22:22:20 -    - Line 981: Invalid email format: invalid-980.example.com
2025-08-13 22:22:20 -    - Line 988: Invalid email format: invalid-987.example.com
2025-08-13 22:22:20 -    - Line 995: Invalid email format: invalid-994.example.com
2025-08-13 22:22:20 -    - Line 1002: Invalid email format: invalid-1001.example.com
2025-08-13 22:22:20 -    - Line 1009: Invalid email format: invalid-1008.example.com
2025-08-13 22:22:20 -    - Line 1016: Invalid email format: invalid-1015.example.com
2025-08-13 22:22:20 -    - Line 1023: Invalid email format: invalid-1022.example.com
2025-08-13 22:22:20 -    - Line 1030: Invalid email format: invalid-1029.example.com
2025-08-13 22:22:20 -    - Line 1037: Invalid email format: invalid-1036.example.com
2025-08-13 22:22:20 -    - Line 1044: Invalid email format: invalid-1043.example.com
2025-08-13 22:22:20 -    - Line 1051: Invalid email format: invalid-1050.example.com
2025-08-13 22:22:20 -    - Line 1058: Invalid email format: invalid-1057.example.com
2025-08-13 22:22:20 -    - Line 1065: Invalid email format: invalid-1064.example.com
2025-08-13 22:22:20 -    - Line 1072: Invalid email format: invalid-1071.example.com
2025-08-13 22:22:20 -    - Line 1079: Invalid email format: invalid-1078.example.com
2025-08-13 22:22:20 -    - Line 1086: Invalid email format: invalid-1085.example.com
2025-08-13 22:22:20 -    - Line 1093: Invalid email format: invalid-1092.example.com
2025-08-13 22:22:20 -    - Line 1100: Invalid email format: invalid-1099.example.com
2025-08-13 22:22:20 -    - Line 1107: Invalid email format: invalid-1106.example.com
2025-08-13 22:22:20 -    - Line 1114: Invalid email format: invalid-1113.example.com
2025-08-13 22:22:20 -    - Line 1121: Invalid email format: invalid-1120.example.com
2025-08-13 22:22:20 -    - Line 1128: Invalid email format: invalid-1127.example.com
2025-08-13 22:22:20 -    - Line 1135: Invalid email format: invalid-1134.example.com
2025-08-13 22:22:20 -    - Line 1142: Invalid email format: invalid-1141.example.com
2025-08-13 22:22:20 -    - Line 1149: Invalid email format: invalid-1148.example.com
2025-08-13 22:22:20 -    - Line 1156: Invalid email format: invalid-1155.example.com
2025-08-13 22:22:20 -    - Line 1163: Invalid email format: invalid-1162.example.com
2025-08-13 22:22:20 -    - Line 1170: Invalid email format: invalid-1169.example.com
2025-08-13 22:22:20 -    - Line 1177: Invalid email format: invalid-1176.example.com
2025-08-13 22:22:20 -    - Line 1184: Invalid email format: invalid-1183.example.com
2025-08-13 22:22:20 -    - Line 1191: Invalid email format: invalid-1190.example.com
2025-08-13 22:22:20 -    - Line 1198: Invalid email format: invalid-1197.example.com
2025-08-13 22:22:20 -    - Line 1205: Invalid email format: invalid-1204.example.com
2025-08-13 22:22:20 -    - Line 1212: Invalid email format: invalid-1211.example.com
2025-08-13 22:22:20 -    - Line 1219: Invalid email format: invalid-1218.example.com
2025-08-13 22:22:20 -    - Line 1226: Invalid email format: invalid-1225.example.com
2025-08-13 22:22:20 -    - Line 1233: Invalid email format: invalid-1232.example.com
2025-08-13 22:22:20 -    - Line 1240: Invalid email format: invalid-1239.example.com
2025-08-13 22:22:20 -    - Line 1247: Invalid email format: invalid-1246.example.com
2025-08-13 22:22:20 -    - Line 1254: Invalid email format: invalid-1253.example.com
2025-08-13 22:22:20 -    - Line 1261: Invalid email format: invalid-1260.example.com
2025-08-13 22:22:20 -    - Line 1268: Invalid email format: invalid-1267.example.com
2025-08-13 22:22:20 -    - Line 1275: Invalid email format: invalid-1274.example.com
2025-08-13 22:22:20 -    - Line 1282: Invalid email format: invalid-1281.example.com
2025-08-13 22:22:20 -    - Line 1289: Invalid email format: invalid-1288.example.com
2025-08-13 22:22:20 -    - Line 1296: Invalid email format: invalid-1295.example.com
2025-08-13 22:22:20 -    - Line 1303: Invalid email format: invalid-1302.example.com
2025-08-13 22:22:20 -    - Line 1310: Invalid email format: invalid-1309.example.com
2025-08-13 22:22:20 -    - Line 1317: Invalid email format: invalid-1316.example.com
2025-08-13 22:22:20 -    - Line 1324: Invalid email format: invalid-1323.example.com
2025-08-13 22:22:20 -    - Line 1331: Invalid email format: invalid-1330.example.com
2025-08-13 22:22:20 -    - Line 1338: Invalid email format: invalid-1337.example.com
2025-08-13 22:22:20 -    - Line 1345: Invalid email format: invalid-1344.example.com
2025-08-13 22:22:20 -    - Line 1352: Invalid email format: invalid-1351.example.com
2025-08-13 22:22:20 -    - Line 1359: Invalid email format: invalid-1358.example.com
2025-08-13 22:22:20 -    - Line 1366: Invalid email format: invalid-1365.example.com
2025-08-13 22:22:20 -    - Line 1373: Invalid email format: invalid-1372.example.com
2025-08-13 22:22:20 -    - Line 1380: Invalid email format: invalid-1379.example.com
2025-08-13 22:22:20 -    - Line 1387: Invalid email format: invalid-1386.example.com
2025-08-13 22:22:20 -    - Line 1394: Invalid email format: invalid-1393.example.com
2025-08-13 22:22:20 -    - Line 1401: Invalid email format: invalid-1400.example.com
2025-08-13 22:22:20 -    - Line 1408: Invalid email format: invalid-1407.example.com
2025-08-13 22:22:20 -    - Line 1415: Invalid email format: invalid-1414.example.com
2025-08-13 22:22:20 -    - Line 1422: Invalid email format: invalid-1421.example.com
2025-08-13 22:22:20 -    - Line 1429: Invalid email format: invalid-1428.example.com
2025-08-13 22:22:20 -    - Line 1436: Invalid email format: invalid-1435.example.com
2025-08-13 22:22:20 -    - Line 1443: Invalid email format: invalid-1442.example.com
2025-08-13 22:22:20 -    - Line 1450: Invalid email format: invalid-1449.example.com
2025-08-13 22:22:20 -    - Line 1457: Invalid email format: invalid-1456.example.com
2025-08-13 22:22:20 -    - Line 1464: Invalid email format: invalid-1463.example.com
2025-08-13 22:22:20 -    - Line 1471: Invalid email format: invalid-1470.example.com
2025-08-13 22:22:20 -    - Line 1478: Invalid email format: invalid-1477.example.com
2025-08-13 22:22:20 -    - Line 1485: Invalid email format: invalid-1484.example.com
2025-08-13 22:22:20 -    - Line 1492: Invalid email format: invalid-1491.example.com
2025-08-13 22:22:20 -    - Line 1499: Invalid email format: invalid-1498.example.com
2025-08-13 22:22:20 -    - Line 1506: Invalid email format: invalid-1505.example.com
2025-08-13 22:22:20 -    - Line 1513: Invalid email format: invalid-1512.example.com
2025-08-13 22:22:20 -    - Line 1520: Invalid email format: invalid-1519.example.com
2025-08-13 22:22:20 -    - Line 1527: Invalid email format: invalid-1526.example.com
2025-08-13 22:22:20 -    - Line 1534: Invalid email format: invalid-1533.example.com
2025-08-13 22:22:20 -    - Line 1541: Invalid email format: invalid-1540.example.com
2025-08-13 22:22:20 -    - Line 1548: Invalid email format: invalid-1547.example.com
2025-08-13 22:22:20 -    - Line 1555: Invalid email format: invalid-1554.example.com
2025-08-13 22:22:20 -    - Line 1562: Invalid email format: invalid-1561.example.com
2025-08-13 22:22:20 -    - Line 1569: Invalid email format: invalid-1568.example.com
2025-08-13 22:22:20 -    - Line 1576: Invalid email format: invalid-1575.example.com
2025-08-13 22:22:20 -    - Line 1583: Invalid email format: invalid-1582.example.com
2025-08-13 22:22:20 -    - Line 1590: Invalid email format: invalid-1589.example.com
2025-08-13 22:22:20 -    - Line 1597: Invalid email format: invalid-1596.example.com
2025-08-13 22:22:20 -    - Line 1604: Invalid email format: invalid-1603.example.com
2025-08-13 22:22:20 -    - Line 1611: Invalid email format: invalid-1610.example.com
2025-08-13 22:22:20 -    - Line 1618: Invalid email format: invalid-1617.example.com
2025-08-13 22:22:20 -    - Line 1625: Invalid email format: invalid-1624.example.com
2025-08-13 22:22:20 -    - Line 1632: Invalid email format: invalid-1631.example.com
2025-08-13 22:22:20 -    - Line 1639: Invalid email format: invalid-1638.example.com
2025-08-13 22:22:20 -    - Line 1646: Invalid email format: invalid-1645.example.com
2025-08-13 22:22:20 -    - Line 1653: Invalid email format: invalid-1652.example.com
2025-08-13 22:22:20 -    - Line 1660: Invalid email format: invalid-1659.example.com
2025-08-13 22:22:20 -    - Line 1667: Invalid email format: invalid-1666.example.com
2025-08-13 22:22:20 -    - Line 1674: Invalid email format: invalid-1673.example.com
2025-08-13 22:22:20 -    - Line 1681: Invalid email format: invalid-1680.example.com
2025-08-13 22:22:20 -    - Line 1688: Invalid email format: invalid-1687.example.com
2025-08-13 22:22:20 -    - Line 1695: Invalid email format: invalid-1694.example.com
2025-08-13 22:22:20 -    - Line 1702: Invalid email format: invalid-1701.example.com
2025-08-13 22:22:20 -    - Line 1709: Invalid email format: invalid-1708.example.com
2025-08-13 22:22:20 -    - Line 1716: Invalid email format: invalid-1715.example.com
2025-08-13 22:22:20 -    - Line 1723: Invalid email format: invalid-1722.example.com
2025-08-13 22:22:20 -    - Line 1730: Invalid email format: invalid-1729.example.com
2025-08-13 22:22:20 -    - Line 1737: Invalid email format: invalid-1736.example.com
2025-08-13 22:22:20 -    - Line 1744: Invalid email format: invalid-1743.example.com
2025-08-13 22:22:20 -    - Line 1751: Invalid email format: invalid-1750.example.com
2025-08-13 22:22:20 -    - Line 1758: Invalid email format: invalid-1757.example.com
2025-08-13 22:22:20 -    - Line 1765: Invalid email format: invalid-1764.example.com
2025-08-13 22:22:20 -    - Line 1772: Invalid email format: invalid-1771.example.com
2025-08-13 22:22:20 -    - Line 1779: Invalid email format: invalid-1778.example.com
2025-08-13 22:22:20 -    - Line 1786: Invalid email format: invalid-1785.example.com
2025-08-13 22:22:20 -    - Line 1793: Invalid email format: invalid-1792.example.com
2025-08-13 22:22:20 -    - Line 1800: Invalid email format: invalid-1799.example.com
2025-08-13 22:22:20 -    - Line 1807: Invalid email format: invalid-1806.example.com
2025-08-13 22:22:20 -    - Line 1814: Invalid email format: invalid-1813.example.com
2025-08-13 22:22:20 -    - Line 1821: Invalid email format: invalid-1820.example.com
2025-08-13 22:22:20 -    - Line 1828: Invalid email format: invalid-1827.example.com
2025-08-13 22:22:20 -    - Line 1835: Invalid email format: invalid-1834.example.com
2025-08-13 22:22:20 -    - Line 1842: Invalid email format: invalid-1841.example.com
2025-08-13 22:22:20 -    - Line 1849: Invalid email format: invalid-1848.example.com
2025-08-13 22:22:20 -    - Line 1856: Invalid email format: invalid-1855.example.com
2025-08-13 22:22:20 -    - Line 1863: Invalid email format: invalid-1862.example.com
2025-08-13 22:22:20 -    - Line 1870: Invalid email format: invalid-1869.example.com
2025-08-13 22:22:20 -    - Line 1877: Invalid email format: invalid-1876.example.com
2025-08-13 22:22:20 -    - Line 1884: Invalid email format: invalid-1883.example.com
2025-08-13 22:22:20 -    - Line 1891: Invalid email format: invalid-1890.example.com
2025-08-13 22:22:20 -    - Line 1898: Invalid email format: invalid-1897.example.com
2025-08-13 22:22:20 -    - Line 1905: Invalid email format: invalid-1904.example.com
2025-08-13 22:22:20 -    - Line 1912: Invalid email format: invalid-1911.example.com
2025-08-13 22:22:20 -    - Line 1919: Invalid email format: invalid-1918.example.com
2025-08-13 22:22:20 -    - Line 1926: Invalid email format: invalid-1925.example.com
2025-08-13 22:22:20 -    - Line 1933: Invalid email format: invalid-1932.example.com
2025-08-13 22:22:20 -    - Line 1940: Invalid email format: invalid-1939.example.com
2025-08-13 22:22:20 -    - Line 1947: Invalid email format: invalid-1946.example.com
2025-08-13 22:22:20 -    - Line 1954: Invalid email format: invalid-1953.example.com
2025-08-13 22:22:20 -    - Line 1961: Invalid email format: invalid-1960.example.com
2025-08-13 22:22:20 -    - Line 1968: Invalid email format: invalid-1967.example.com
2025-08-13 22:22:20 -    - Line 1975: Invalid email format: invalid-1974.example.com
2025-08-13 22:22:20 -    - Line 1982: Invalid email format: invalid-1981.example.com
2025-08-13 22:22:20 -    - Line 1989: Invalid email format: invalid-1988.example.com
2025-08-13 22:22:20 -    - Line 1996: Invalid email format: invalid-1995.example.com
2025-08-13 22:22:20 -    - Line 2003: Invalid email format: invalid-2002.example.com
2025-08-13 22:22:20 -    - Line 2010: Invalid email format: invalid-2009.example.com
2025-08-13 22:22:20 -    - Line 2017: Invalid email format: invalid-2016.example.com
2025-08-13 22:22:20 -    - Line 2024: Invalid email format: invalid-2023.example.com
2025-08-13 22:22:20 -    - Line 2031: Invalid email format: invalid-2030.example.com
2025-08-13 22:22:20 -    - Line 2038: Invalid email format: invalid-2037.example.com
2025-08-13 22:22:20 -    - Line 2045: Invalid email format: invalid-2044.example.com
2025-08-13 22:22:20 -    - Line 2052: Invalid email format: invalid-2051.example.com
2025-08-13 22:22:20 -    - Line 2059: Invalid email format: invalid-2058.example.com
2025-08-13 22:22:20 -    - Line 2066: Invalid email format: invalid-2065.example.com
2025-08-13 22:22:20 -    - Line 2073: Invalid email format: invalid-2072.example.com
2025-08-13 22:22:20 -    - Line 2080: Invalid email format: invalid-2079.example.com
2025-08-13 22:22:20 -    - Line 2087: Invalid email format: invalid-2086.example.com
2025-08-13 22:22:20 -    - Line 2094: Invalid email format: invalid-2093.example.com
2025-08-13 22:22:20 -    - Line 2101: Invalid email format: invalid-2100.example.com
2025-08-13 22:22:20 -    - Line 2108: Invalid email format: invalid-2107.example.com
2025-08-13 22:22:20 -    - Line 2115: Invalid email format: invalid-2114.example.com
2025-08-13 22:22:20 -    - Line 2122: Invalid email format: invalid-2121.example.com
2025-08-13 22:22:20 -    - Line 2129: Invalid email format: invalid-2128.example.com
2025-08-13 22:22:20 -    - Line 2136: Invalid email format: invalid-2135.example.com
2025-08-13 22:22:20 -    - Line 2143: Invalid email format: invalid-2142.example.com
2025-08-13 22:22:20 -    - Line 2150: Invalid email format: invalid-2149.example.com
2025-08-13 22:22:20 -    - Line 2157: Invalid email format: invalid-2156.example.com
2025-08-13 22:22:20 -    - Line 2164: Invalid email format: invalid-2163.example.com
2025-08-13 22:22:20 -    - Line 2171: Invalid email format: invalid-2170.example.com
2025-08-13 22:22:20 -    - Line 2178: Invalid email format: invalid-2177.example.com
2025-08-13 22:22:20 -    - Line 2185: Invalid email format: invalid-2184.example.com
2025-08-13 22:22:20 -    - Line 2192: Invalid email format: invalid-2191.example.com
2025-08-13 22:22:20 -    - Line 2199: Invalid email format: invalid-2198.example.com
2025-08-13 22:22:20 -    - Line 2206: Invalid email format: invalid-2205.example.com
2025-08-13 22:22:20 -    - Line 2213: Invalid email format: invalid-2212.example.com
2025-08-13 22:22:20 -    - Line 2220: Invalid email format: invalid-2219.example.com
2025-08-13 22:22:20 -    - Line 2227: Invalid email format: invalid-2226.example.com
2025-08-13 22:22:20 -    - Line 2234: Invalid email format: invalid-2233.example.com
2025-08-13 22:22:20 -    - Line 2241: Invalid email format: invalid-2240.example.com
2025-08-13 22:22:20 -    - Line 2248: Invalid email format: invalid-2247.example.com
2025-08-13 22:22:20 -    - Line 2255: Invalid email format: invalid-2254.example.com
2025-08-13 22:22:20 -    - Line 2262: Invalid email format: invalid-2261.example.com
2025-08-13 22:22:20 -    - Line 2269: Invalid email format: invalid-2268.example.com
2025-08-13 22:22:20 -    - Line 2276: Invalid email format: invalid-2275.example.com
2025-08-13 22:22:20 -    - Line 2283: Invalid email format: invalid-2282.example.com
2025-08-13 22:22:20 -    - Line 2290: Invalid email format: invalid-2289.example.com
2025-08-13 22:22:20 -    - Line 2297: Invalid email format: invalid-2296.example.com
2025-08-13 22:22:20 -    - Line 2304: Invalid email format: invalid-2303.example.com
2025-08-13 22:22:20 -    - Line 2311: Invalid email format: invalid-2310.example.com
2025-08-13 22:22:20 -    - Line 2318: Invalid email format: invalid-2317.example.com
2025-08-13 22:22:20 -    - Line 2325: Invalid email format: invalid-2324.example.com
2025-08-13 22:22:20 -    - Line 2332: Invalid email format: invalid-2331.example.com
2025-08-13 22:22:20 -    - Line 2339: Invalid email format: invalid-2338.example.com
2025-08-13 22:22:20 -    - Line 2346: Invalid email format: invalid-2345.example.com
2025-08-13 22:22:20 -    - Line 2353: Invalid email format: invalid-2352.example.com
2025-08-13 22:22:20 -    - Line 2360: Invalid email format: invalid-2359.example.com
2025-08-13 22:22:20 -    - Line 2367: Invalid email format: invalid-2366.example.com
2025-08-13 22:22:20 -    - Line 2374: Invalid email format: invalid-2373.example.com
2025-08-13 22:22:20 -    - Line 2381: Invalid email format: invalid-2380.example.com
2025-08-13 22:22:20 -    - Line 2388: Invalid email format: invalid-2387.example.com
2025-08-13 22:22:20 -    - Line 2395: Invalid email format: invalid-2394.example.com
2025-08-13 22:22:20 -    - Line 2402: Invalid email format: invalid-2401.example.com
2025-08-13 22:22:20 -    - Line 2409: Invalid email format: invalid-2408.example.com
2025-08-13 22:22:20 -    - Line 2416: Invalid email format: invalid-2415.example.com
2025-08-13 22:22:20 -    - Line 2423: Invalid email format: invalid-2422.example.com
2025-08-13 22:22:20 -    - Line 2430: Invalid email format: invalid-2429.example.com
2025-08-13 22:22:20 -    - Line 2437: Invalid email format: invalid-2436.example.com
2025-08-13 22:22:20 -    - Line 2444: Invalid email format: invalid-2443.example.com
2025-08-13 22:22:20 -    - Line 2451: Invalid email format: invalid-2450.example.com
2025-08-13 22:22:20 -    - Line 2458: Invalid email format: invalid-2457.example.com
2025-08-13 22:22:20 -    - Line 2465: Invalid email format: invalid-2464.example.com
2025-08-13 22:22:20 -    - Line 2472: Invalid email format: invalid-2471.example.com
2025-08-13 22:22:20 -    - Line 2479: Invalid email format: invalid-2478.example.com
2025-08-13 22:22:20 -    - Line 2486: Invalid email format: invalid-2485.example.com
2025-08-13 22:22:20 -    - Line 2493: Invalid email format: invalid-2492.example.com
2025-08-13 22:22:20 -    - Line 2500: Invalid email format: invalid-2499.example.com
2025-08-13 22:22:20 -    - Line 2507: Invalid email format: invalid-2506.example.com
2025-08-13 22:22:20 -    - Line 2514: Invalid email format: invalid-2513.example.com
2025-08-13 22:22:20 -    - Line 2521: Invalid email format: invalid-2520.example.com
2025-08-13 22:22:20 -    - Line 2528: Invalid email format: invalid-2527.example.com
2025-08-13 22:22:20 -    - Line 2535: Invalid email format: invalid-2534.example.com
2025-08-13 22:22:20 -    - Line 2542: Invalid email format: invalid-2541.example.com
2025-08-13 22:22:20 -    - Line 2549: Invalid email format: invalid-2548.example.com
2025-08-13 22:22:20 -    - Line 2556: Invalid email format: invalid-2555.example.com
2025-08-13 22:22:20 -    - Line 2563: Invalid email format: invalid-2562.example.com
2025-08-13 22:22:20 -    - Line 2570: Invalid email format: invalid-2569.example.com
2025-08-13 22:22:20 -    - Line 2577: Invalid email format: invalid-2576.example.com
2025-08-13 22:22:20 -    - Line 2584: Invalid email format: invalid-2583.example.com
2025-08-13 22:22:20 -    - Line 2591: Invalid email format: invalid-2590.example.com
2025-08-13 22:22:20 -    - Line 2598: Invalid email format: invalid-2597.example.com
2025-08-13 22:22:20 -    - Line 2605: Invalid email format: invalid-2604.example.com
2025-08-13 22:22:20 -    - Line 2612: Invalid email format: invalid-2611.example.com
2025-08-13 22:22:20 -    - Line 2619: Invalid email format: invalid-2618.example.com
2025-08-13 22:22:20 -    - Line 2626: Invalid email format: invalid-2625.example.com
2025-08-13 22:22:20 -    - Line 2633: Invalid email format: invalid-2632.example.com
2025-08-13 22:22:20 -    - Line 2640: Invalid email format: invalid-2639.example.com
2025-08-13 22:22:20 -    - Line 2647: Invalid email format: invalid-2646.example.com
2025-08-13 22:22:20 -    - Line 2654: Invalid email format: invalid-2653.example.com
2025-08-13 22:22:20 -    - Line 2661: Invalid email format: invalid-2660.example.com
2025-08-13 22:22:20 -    - Line 2668: Invalid email format: invalid-2667.example.com
2025-08-13 22:22:20 -    - Line 2675: Invalid email format: invalid-2674.example.com
2025-08-13 22:22:20 -    - Line 2682: Invalid email format: invalid-2681.example.com
2025-08-13 22:22:20 -    - Line 2689: Invalid email format: invalid-2688.example.com
2025-08-13 22:22:20 -    - Line 2696: Invalid email format: invalid-2695.example.com
2025-08-13 22:22:20 -    - Line 2703: Invalid email format: invalid-2702.example.com
2025-08-13 22:22:20 -    - Line 2710: Invalid email format: invalid-2709.example.com
2025-08-13 22:22:20 -    - Line 2717: Invalid email format: invalid-2716.example.com
2025-08-13 22:22:20 -    - Line 2724: Invalid email format: invalid-2723.example.com
2025-08-13 22:22:20 -    - Line 2731: Invalid email format: invalid-2730.example.com
2025-08-13 22:22:20 -    - Line 2738: Invalid email format: invalid-2737.example.com
2025-08-13 22:22:20 -    - Line 2745: Invalid email format: invalid-2744.example.com
2025-08-13 22:22:20 -    - Line 2752: Invalid email format: invalid-2751.example.com
2025-08-13 22:22:20 -    - Line 2759: Invalid email format: invalid-2758.example.com
2025-08-13 22:22:20 -    - Line 2766: Invalid email format: invalid-2765.example.com
2025-08-13 22:22:20 -    - Line 2773: Invalid email format: invalid-2772.example.com
2025-08-13 22:22:20 -    - Line 2780: Invalid email format: invalid-2779.example.com
2025-08-13 22:22:20 -    - Line 2787: Invalid email format: invalid-2786.example.com
2025-08-13 22:22:20 -    - Line 2794: Invalid email format: invalid-2793.example.com
2025-08-13 22:22:20 -    - Line 2801: Invalid email format: invalid-2800.example.com
2025-08-13 22:22:20 -    - Line 2808: Invalid email format: invalid-2807.example.com
2025-08-13 22:22:20 -    - Line 2815: Invalid email format: invalid-2814.example.com
2025-08-13 22:22:20 -    - Line 2822: Invalid email format: invalid-2821.example.com
2025-08-13 22:22:20 -    - Line 2829: Invalid email format: invalid-2828.example.com
2025-08-13 22:22:20 -    - Line 2836: Invalid email format: invalid-2835.example.com
2025-08-13 22:22:20 -    - Line 2843: Invalid email format: invalid-2842.example.com
2025-08-13 22:22:20 -    - Line 2850: Invalid email format: invalid-2849.example.com
2025-08-13 22:22:20 -    - Line 2857: Invalid email format: invalid-2856.example.com
2025-08-13 22:22:20 -    - Line 2864: Invalid email format: invalid-2863.example.com
2025-08-13 22:22:20 -    - Line 2871: Invalid email format: invalid-2870.example.com
2025-08-13 22:22:20 -    - Line 2878: Invalid email format: invalid-2877.example.com
2025-08-13 22:22:20 -    - Line 2885: Invalid email format: invalid-2884.example.com
2025-08-13 22:22:20 -    - Line 2892: Invalid email format: invalid-2891.example.com
2025-08-13 22:22:20 -    - Line 2899: Invalid email format: invalid-2898.example.com
2025-08-13 22:22:20 -    - Line 2906: Invalid email format: invalid-2905.example.com
2025-08-13 22:22:20 -    - Line 2913: Invalid email format: invalid-2912.example.com
2025-08-13 22:22:20 -    - Line 2920: Invalid email format: invalid-2919.example.com
2025-08-13 22:22:20 -    - Line 2927: Invalid email format: invalid-2926.example.com
2025-08-13 22:22:20 -    - Line 2934: Invalid email format: invalid-2933.example.com
2025-08-13 22:22:20 -    - Line 2941: Invalid email format: invalid-2940.example.com
2025-08-13 22:22:20 -    - Line 2948: Invalid email format: invalid-2947.example.com
2025-08-13 22:22:20 -    - Line 2955: Invalid email format: invalid-2954.example.com
2025-08-13 22:22:20 -    - Line 2962: Invalid email format: invalid-2961.example.com
2025-08-13 22:22:20 -    - Line 2969: Invalid email format: invalid-2968.example.com
2025-08-13 22:22:20 -    - Line 2976: Invalid email format: invalid-2975.example.com
2025-08-13 22:22:20 -    - Line 2983: Invalid email format: invalid-2982.example.com
2025-08-13 22:22:20 -    - Line 2990: Invalid email format: invalid-2989.example.com
2025-08-13 22:22:20 -    - Line 2997: Invalid email format: invalid-2996.example.com
2025-08-13 22:22:20 -    - Line 3004: Invalid email format: invalid-3003.example.com
2025-08-13 22:22:20 -    - Line 3011: Invalid email format: invalid-3010.example.com
2025-08-13 22:22:20 -    - Line 3018: Invalid email format: invalid-3017.example.com
2025-08-13 22:22:20 -    - Line 3025: Invalid email format: invalid-3024.example.com
2025-08-13 22:22:20 -    - Line 3032: Invalid email format: invalid-3031.example.com
2025-08-13 22:22:20 -    - Line 3039: Invalid email format: invalid-3038.example.com
2025-08-13 22:22:20 -    - Line 3046: Invalid email format: invalid-3045.example.com
2025-08-13 22:22:20 -    - Line 3053: Invalid email format: invalid-3052.example.com
2025-08-13 22:22:20 -    - Line 3060: Invalid email format: invalid-3059.example.com
2025-08-13 22:22:20 -    - Line 3067: Invalid email format: invalid-3066.example.com
2025-08-13 22:22:20 -    - Line 3074: Invalid email format: invalid-3073.example.com
2025-08-13 22:22:20 -    - Line 3081: Invalid email format: invalid-3080.example.com
2025-08-13 22:22:20 -    - Line 3088: Invalid email format: invalid-3087.example.com
2025-08-13 22:22:20 -    - Line 3095: Invalid email format: invalid-3094.example.com
2025-08-13 22:22:20 -    - Line 3102: Invalid email format: invalid-3101.example.com
2025-08-13 22:22:20 -    - Line 3109: Invalid email format: invalid-3108.example.com
2025-08-13 22:22:20 -    - Line 3116: Invalid email format: invalid-3115.example.com
2025-08-13 22:22:20 -    - Line 3123: Invalid email format: invalid-3122.example.com
2025-08-13 22:22:20 -    - Line 3130: Invalid email format: invalid-3129.example.com
2025-08-13 22:22:20 -    - Line 3137: Invalid email format: invalid-3136.example.com
2025-08-13 22:22:20 -    - Line 3144: Invalid email format: invalid-3143.example.com
2025-08-13 22:22:20 -    - Line 3151: Invalid email format: invalid-3150.example.com
2025-08-13 22:22:20 -    - Line 3158: Invalid email format: invalid-3157.example.com
2025-08-13 22:22:20 -    - Line 3165: Invalid email format: invalid-3164.example.com
2025-08-13 22:22:20 -    - Line 3172: Invalid email format: invalid-3171.example.com
2025-08-13 22:22:20 -    - Line 3179: Invalid email format: invalid-3178.example.com
2025-08-13 22:22:20 -    - Line 3186: Invalid email format: invalid-3185.example.com
2025-08-13 22:22:20 -    - Line 3193: Invalid email format: invalid-3192.example.com
2025-08-13 22:22:20 -    - Line 3200: Invalid email format: invalid-3199.example.com
2025-08-13 22:22:20 -    - Line 3207: Invalid email format: invalid-3206.example.com
2025-08-13 22:22:20 -    - Line 3214: Invalid email format: invalid-3213.example.com
2025-08-13 22:22:20 -    - Line 3221: Invalid email format: invalid-3220.example.com
2025-08-13 22:22:20 -    - Line 3228: Invalid email format: invalid-3227.example.com
2025-08-13 22:22:20 -    - Line 3235: Invalid email format: invalid-3234.example.com
2025-08-13 22:22:20 -    - Line 3242: Invalid email format: invalid-3241.example.com
2025-08-13 22:22:20 -    - Line 3249: Invalid email format: invalid-3248.example.com
2025-08-13 22:22:20 -    - Line 3256: Invalid email format: invalid-3255.example.com
2025-08-13 22:22:20 -    - Line 3263: Invalid email format: invalid-3262.example.com
2025-08-13 22:22:20 -    - Line 3270: Invalid email format: invalid-3269.example.com
2025-08-13 22:22:20 -    - Line 3277: Invalid email format: invalid-3276.example.com
2025-08-13 22:22:20 -    - Line 3284: Invalid email format: invalid-3283.example.com
2025-08-13 22:22:20 -    - Line 3291: Invalid email format: invalid-3290.example.com
2025-08-13 22:22:20 -    - Line 3298: Invalid email format: invalid-3297.example.com
2025-08-13 22:22:20 -    - Line 3305: Invalid email format: invalid-3304.example.com
2025-08-13 22:22:20 -    - Line 3312: Invalid email format: invalid-3311.example.com
2025-08-13 22:22:20 -    - Line 3319: Invalid email format: invalid-3318.example.com
2025-08-13 22:22:20 -    - Line 3326: Invalid email format: invalid-3325.example.com
2025-08-13 22:22:20 -    - Line 3333: Invalid email format: invalid-3332.example.com
2025-08-13 22:22:20 -    - Line 3340: Invalid email format: invalid-3339.example.com
2025-08-13 22:22:20 -    - Line 3347: Invalid email format: invalid-3346.example.com
2025-08-13 22:22:20 -    - Line 3354: Invalid email format: invalid-3353.example.com
2025-08-13 22:22:20 -    - Line 3361: Invalid email format: invalid-3360.example.com
2025-08-13 22:22:20 -    - Line 3368: Invalid email format: invalid-3367.example.com
2025-08-13 22:22:20 -    - Line 3375: Invalid email format: invalid-3374.example.com
2025-08-13 22:22:20 -    - Line 3382: Invalid email format: invalid-3381.example.com
2025-08-13 22:22:20 -    - Line 3389: Invalid email format: invalid-3388.example.com
2025-08-13 22:22:20 -    - Line 3396: Invalid email format: invalid-3395.example.com
2025-08-13 22:22:20 -    - Line 3403: Invalid email format: invalid-3402.example.com
2025-08-13 22:22:20 -    - Line 3410: Invalid email format: invalid-3409.example.com
2025-08-13 22:22:20 -    - Line 3417: Invalid email format: invalid-3416.example.com
2025-08-13 22:22:20 -    - Line 3424: Invalid email format: invalid-3423.example.com
2025-08-13 22:22:20 -    - Line 3431: Invalid email format: invalid-3430.example.com
2025-08-13 22:22:20 -    - Line 3438: Invalid email format: invalid-3437.example.com
2025-08-13 22:22:20 -    - Line 3445: Invalid email format: invalid-3444.example.com
2025-08-13 22:22:20 -    - Line 3452: Invalid email format: invalid-3451.example.com
2025-08-13 22:22:20 -    - Line 3459: Invalid email format: invalid-3458.example.com
2025-08-13 22:22:20 -    - Line 3466: Invalid email format: invalid-3465.example.com
2025-08-13 22:22:20 -    - Line 3473: Invalid email format: invalid-3472.example.com
2025-08-13 22:22:20 -    - Line 3480: Invalid email format: invalid-3479.example.com
2025-08-13 22:22:20 -    - Line 3487: Invalid email format: invalid-3486.example.com
2025-08-13 22:22:20 -    - Line 3494: Invalid email format: invalid-3493.example.com
2025-08-13 22:22:20 -    - Line 3501: Invalid email format: invalid-3500.example.com
2025-08-13 22:22:20 -    - Line 3508: Invalid email format: invalid-3507.example.com
2025-08-13 22:22:20 -    - Line 3515: Invalid email format: invalid-3514.example.com
2025-08-13 22:22:20 -    - Line 3522: Invalid email format: invalid-3521.example.com
2025-08-13 22:22:20 -    - Line 3529: Invalid email format: invalid-3528.example.com
2025-08-13 22:22:20 -    - Line 3536: Invalid email format: invalid-3535.example.com
2025-08-13 22:22:20 -    - Line 3543: Invalid email format: invalid-3542.example.com
2025-08-13 22:22:20 -    - Line 3550: Invalid email format: invalid-3549.example.com
2025-08-13 22:22:20 -    - Line 3557: Invalid email format: invalid-3556.example.com
2025-08-13 22:22:20 -    - Line 3564: Invalid email format: invalid-3563.example.com
2025-08-13 22:22:20 -    - Line 3571: Invalid email format: invalid-3570.example.com
2025-08-13 22:22:20 -    - Line 3578: Invalid email format: invalid-3577.example.com
2025-08-13 22:22:20 -    - Line 3585: Invalid email format: invalid-3584.example.com
2025-08-13 22:22:20 -    - Line 3592: Invalid email format: invalid-3591.example.com
2025-08-13 22:22:20 -    - Line 3599: Invalid email format: invalid-3598.example.com
2025-08-13 22:22:20 -    - Line 3606: Invalid email format: invalid-3605.example.com
2025-08-13 22:22:20 -    - Line 3613: Invalid email format: invalid-3612.example.com
2025-08-13 22:22:20 -    - Line 3620: Invalid email format: invalid-3619.example.com
2025-08-13 22:22:20 -    - Line 3627: Invalid email format: invalid-3626.example.com
2025-08-13 22:22:20 -    - Line 3634: Invalid email format: invalid-3633.example.com
2025-08-13 22:22:20 -    - Line 3641: Invalid email format: invalid-3640.example.com
2025-08-13 22:22:20 -    - Line 3648: Invalid email format: invalid-3647.example.com
2025-08-13 22:22:20 -    - Line 3655: Invalid email format: invalid-3654.example.com
2025-08-13 22:22:20 -    - Line 3662: Invalid email format: invalid-3661.example.com
2025-08-13 22:22:20 -    - Line 3669: Invalid email format: invalid-3668.example.com
2025-08-13 22:22:20 -    - Line 3676: Invalid email format: invalid-3675.example.com
2025-08-13 22:22:20 -    - Line 3683: Invalid email format: invalid-3682.example.com
2025-08-13 22:22:20 -    - Line 3690: Invalid email format: invalid-3689.example.com
2025-08-13 22:22:20 -    - Line 3697: Invalid email format: invalid-3696.example.com
2025-08-13 22:22:20 -    - Line 3704: Invalid email format: invalid-3703.example.com
2025-08-13 22:22:20 -    - Line 3711: Invalid email format: invalid-3710.example.com
2025-08-13 22:22:20 -    - Line 3718: Invalid email format: invalid-3717.example.com
2025-08-13 22:22:20 -    - Line 3725: Invalid email format: invalid-3724.example.com
2025-08-13 22:22:20 -    - Line 3732: Invalid email format: invalid-3731.example.com
2025-08-13 22:22:20 -    - Line 3739: Invalid email format: invalid-3738.example.com
2025-08-13 22:22:20 -    - Line 3746: Invalid email format: invalid-3745.example.com
2025-08-13 22:22:20 -    - Line 3753: Invalid email format: invalid-3752.example.com
2025-08-13 22:22:20 -    - Line 3760: Invalid email format: invalid-3759.example.com
2025-08-13 22:22:20 -    - Line 3767: Invalid email format: invalid-3766.example.com
2025-08-13 22:22:20 -    - Line 3774: Invalid email format: invalid-3773.example.com
2025-08-13 22:22:20 -    - Line 3781: Invalid email format: invalid-3780.example.com
2025-08-13 22:22:20 -    - Line 3788: Invalid email format: invalid-3787.example.com
2025-08-13 22:22:20 -    - Line 3795: Invalid email format: invalid-3794.example.com
2025-08-13 22:22:20 -    - Line 3802: Invalid email format: invalid-3801.example.com
2025-08-13 22:22:20 -    - Line 3809: Invalid email format: invalid-3808.example.com
2025-08-13 22:22:20 -    - Line 3816: Invalid email format: invalid-3815.example.com
2025-08-13 22:22:20 -    - Line 3823: Invalid email format: invalid-3822.example.com
2025-08-13 22:22:20 -    - Line 3830: Invalid email format: invalid-3829.example.com
2025-08-13 22:22:20 -    - Line 3837: Invalid email format: invalid-3836.example.com
2025-08-13 22:22:20 -    - Line 3844: Invalid email format: invalid-3843.example.com
2025-08-13 22:22:20 -    - Line 3851: Invalid email format: invalid-3850.example.com
2025-08-13 22:22:20 -    - Line 3858: Invalid email format: invalid-3857.example.com
2025-08-13 22:22:20 -    - Line 3865: Invalid email format: invalid-3864.example.com
2025-08-13 22:22:20 -    - Line 3872: Invalid email format: invalid-3871.example.com
2025-08-13 22:22:20 -    - Line 3879: Invalid email format: invalid-3878.example.com
2025-08-13 22:22:20 -    - Line 3886: Invalid email format: invalid-3885.example.com
2025-08-13 22:22:20 -    - Line 3893: Invalid email format: invalid-3892.example.com
2025-08-13 22:22:20 -    - Line 3900: Invalid email format: invalid-3899.example.com
2025-08-13 22:22:20 -    - Line 3907: Invalid email format: invalid-3906.example.com
2025-08-13 22:22:20 -    - Line 3914: Invalid email format: invalid-3913.example.com
2025-08-13 22:22:20 -    - Line 3921: Invalid email format: invalid-3920.example.com
2025-08-13 22:22:20 -    - Line 3928: Invalid email format: invalid-3927.example.com
2025-08-13 22:22:20 -    - Line 3935: Invalid email format: invalid-3934.example.com
2025-08-13 22:22:20 -    - Line 3942: Invalid email format: invalid-3941.example.com
2025-08-13 22:22:20 -    - Line 3949: Invalid email format: invalid-3948.example.com
2025-08-13 22:22:20 -    - Line 3956: Invalid email format: invalid-3955.example.com
2025-08-13 22:22:20 -    - Line 3963: Invalid email format: invalid-3962.example.com
2025-08-13 22:22:20 -    - Line 3970: Invalid email format: invalid-3969.example.com
2025-08-13 22:22:20 -    - Line 3977: Invalid email format: invalid-3976.example.com
2025-08-13 22:22:20 -    - Line 3984: Invalid email format: invalid-3983.example.com
2025-08-13 22:22:20 -    - Line 3991: Invalid email format: invalid-3990.example.com
2025-08-13 22:22:20 -    - Line 3998: Invalid email format: invalid-3997.example.com
2025-08-13 22:22:20 -    - Line 4005: Invalid email format: invalid-4004.example.com
2025-08-13 22:22:20 -    - Line 4012: Invalid email format: invalid-4011.example.com
2025-08-13 22:22:20 -    - Line 4019: Invalid email format: invalid-4018.example.com
2025-08-13 22:22:20 -    - Line 4026: Invalid email format: invalid-4025.example.com
2025-08-13 22:22:20 -    - Line 4033: Invalid email format: invalid-4032.example.com
2025-08-13 22:22:20 -    - Line 4040: Invalid email format: invalid-4039.example.com
2025-08-13 22:22:20 -    - Line 4047: Invalid email format: invalid-4046.example.com
2025-08-13 22:22:20 -    - Line 4054: Invalid email format: invalid-4053.example.com
2025-08-13 22:22:20 -    - Line 4061: Invalid email format: invalid-4060.example.com
2025-08-13 22:22:20 -    - Line 4068: Invalid email format: invalid-4067.example.com
2025-08-13 22:22:20 -    - Line 4075: Invalid email format: invalid-4074.example.com
2025-08-13 22:22:20 -    - Line 4082: Invalid email format: invalid-4081.example.com
2025-08-13 22:22:20 -    - Line 4089: Invalid email format: invalid-4088.example.com
2025-08-13 22:22:20 -    - Line 4096: Invalid email format: invalid-4095.example.com
2025-08-13 22:22:20 -    - Line 4103: Invalid email format: invalid-4102.example.com
2025-08-13 22:22:20 -    - Line 4110: Invalid email format: invalid-4109.example.com
2025-08-13 22:22:20 -    - Line 4117: Invalid email format: invalid-4116.example.com
2025-08-13 22:22:20 -    - Line 4124: Invalid email format: invalid-4123.example.com
2025-08-13 22:22:20 -    - Line 4131: Invalid email format: invalid-4130.example.com
2025-08-13 22:22:20 -    - Line 4138: Invalid email format: invalid-4137.example.com
2025-08-13 22:22:20 -    - Line 4145: Invalid email format: invalid-4144.example.com
2025-08-13 22:22:20 -    - Line 4152: Invalid email format: invalid-4151.example.com
2025-08-13 22:22:20 -    - Line 4159: Invalid email format: invalid-4158.example.com
2025-08-13 22:22:20 -    - Line 4166: Invalid email format: invalid-4165.example.com
2025-08-13 22:22:20 -    - Line 4173: Invalid email format: invalid-4172.example.com
2025-08-13 22:22:20 -    - Line 4180: Invalid email format: invalid-4179.example.com
2025-08-13 22:22:20 -    - Line 4187: Invalid email format: invalid-4186.example.com
2025-08-13 22:22:20 -    - Line 4194: Invalid email format: invalid-4193.example.com
2025-08-13 22:22:20 -    - Line 4201: Invalid email format: invalid-4200.example.com
2025-08-13 22:22:20 -    - Line 4208: Invalid email format: invalid-4207.example.com
2025-08-13 22:22:20 -    - Line 4215: Invalid email format: invalid-4214.example.com
2025-08-13 22:22:20 -    - Line 4222: Invalid email format: invalid-4221.example.com
2025-08-13 22:22:20 -    - Line 4229: Invalid email format: invalid-4228.example.com
2025-08-13 22:22:20 -    - Line 4236: Invalid email format: invalid-4235.example.com
2025-08-13 22:22:20 -    - Line 4243: Invalid email format: invalid-4242.example.com
2025-08-13 22:22:20 -    - Line 4250: Invalid email format: invalid-4249.example.com
2025-08-13 22:22:20 -    - Line 4257: Invalid email format: invalid-4256.example.com
2025-08-13 22:22:20 -    - Line 4264: Invalid email format: invalid-4263.example.com
2025-08-13 22:22:20 -    - Line 4271: Invalid email format: invalid-4270.example.com
2025-08-13 22:22:20 -    - Line 4278: Invalid email format: invalid-4277.example.com
2025-08-13 22:22:20 -    - Line 4285: Invalid email format: invalid-4284.example.com
2025-08-13 22:22:20 -    - Line 4292: Invalid email format: invalid-4291.example.com
2025-08-13 22:22:20 -    - Line 4299: Invalid email format: invalid-4298.example.com
2025-08-13 22:22:20 -    - Line 4306: Invalid email format: invalid-4305.example.com
2025-08-13 22:22:20 -    - Line 4313: Invalid email format: invalid-4312.example.com
2025-08-13 22:22:20 -    - Line 4320: Invalid email format: invalid-4319.example.com
2025-08-13 22:22:20 -    - Line 4327: Invalid email format: invalid-4326.example.com
2025-08-13 22:22:20 -    - Line 4334: Invalid email format: invalid-4333.example.com
2025-08-13 22:22:20 -    - Line 4341: Invalid email format: invalid-4340.example.com
2025-08-13 22:22:20 -    - Line 4348: Invalid email format: invalid-4347.example.com
2025-08-13 22:22:20 -    - Line 4355: Invalid email format: invalid-4354.example.com
2025-08-13 22:22:20 -    - Line 4362: Invalid email format: invalid-4361.example.com
2025-08-13 22:22:20 -    - Line 4369: Invalid email format: invalid-4368.example.com
2025-08-13 22:22:20 -    - Line 4376: Invalid email format: invalid-4375.example.com
2025-08-13 22:22:20 -    - Line 4383: Invalid email format: invalid-4382.example.com
2025-08-13 22:22:20 -    - Line 4390: Invalid email format: invalid-4389.example.com
2025-08-13 22:22:20 -    - Line 4397: Invalid email format: invalid-4396.example.com
2025-08-13 22:22:20 -    - Line 4404: Invalid email format: invalid-4403.example.com
2025-08-13 22:22:20 -    - Line 4411: Invalid email format: invalid-4410.example.com
2025-08-13 22:22:20 -    - Line 4418: Invalid email format: invalid-4417.example.com
2025-08-13 22:22:20 -    - Line 4425: Invalid email format: invalid-4424.example.com
2025-08-13 22:22:20 -    - Line 4432: Invalid email format: invalid-4431.example.com
2025-08-13 22:22:20 -    - Line 4439: Invalid email format: invalid-4438.example.com
2025-08-13 22:22:20 -    - Line 4446: Invalid email format: invalid-4445.example.com
2025-08-13 22:22:20 -    - Line 4453: Invalid email format: invalid-4452.example.com
2025-08-13 22:22:20 -    - Line 4460: Invalid email format: invalid-4459.example.com
2025-08-13 22:22:20 -    - Line 4467: Invalid email format: invalid-4466.example.com
2025-08-13 22:22:20 -    - Line 4474: Invalid email format: invalid-4473.example.com
2025-08-13 22:22:20 -    - Line 4481: Invalid email format: invalid-4480.example.com
2025-08-13 22:22:20 -    - Line 4488: Invalid email format: invalid-4487.example.com
2025-08-13 22:22:20 -    - Line 4495: Invalid email format: invalid-4494.example.com
2025-08-13 22:22:20 -    - Line 4502: Invalid email format: invalid-4501.example.com
2025-08-13 22:22:20 -    - Line 4509: Invalid email format: invalid-4508.example.com
2025-08-13 22:22:20 -    - Line 4516: Invalid email format: invalid-4515.example.com
2025-08-13 22:22:20 -    - Line 4523: Invalid email format: invalid-4522.example.com
2025-08-13 22:22:20 -    - Line 4530: Invalid email format: invalid-4529.example.com
2025-08-13 22:22:20 -    - Line 4537: Invalid email format: invalid-4536.example.com
2025-08-13 22:22:20 -    - Line 4544: Invalid email format: invalid-4543.example.com
2025-08-13 22:22:20 -    - Line 4551: Invalid email format: invalid-4550.example.com
2025-08-13 22:22:20 -    - Line 4558: Invalid email format: invalid-4557.example.com
2025-08-13 22:22:20 -    - Line 4565: Invalid email format: invalid-4564.example.com
2025-08-13 22:22:20 -    - Line 4572: Invalid email format: invalid-4571.example.com
2025-08-13 22:22:20 -    - Line 4579: Invalid email format: invalid-4578.example.com
2025-08-13 22:22:20 -    - Line 4586: Invalid email format: invalid-4585.example.com
2025-08-13 22:22:20 -    - Line 4593: Invalid email format: invalid-4592.example.com
2025-08-13 22:22:20 -    - Line 4600: Invalid email format: invalid-4599.example.com
2025-08-13 22:22:20 -    - Line 4607: Invalid email format: invalid-4606.example.com
2025-08-13 22:22:20 -    - Line 4614: Invalid email format: invalid-4613.example.com
2025-08-13 22:22:20 -    - Line 4621: Invalid email format: invalid-4620.example.com
2025-08-13 22:22:20 -    - Line 4628: Invalid email format: invalid-4627.example.com
2025-08-13 22:22:20 -    - Line 4635: Invalid email format: invalid-4634.example.com
2025-08-13 22:22:20 -    - Line 4642: Invalid email format: invalid-4641.example.com
2025-08-13 22:22:20 -    - Line 4649: Invalid email format: invalid-4648.example.com
2025-08-13 22:22:20 -    - Line 4656: Invalid email format: invalid-4655.example.com
2025-08-13 22:22:20 -    - Line 4663: Invalid email format: invalid-4662.example.com
2025-08-13 22:22:20 -    - Line 4670: Invalid email format: invalid-4669.example.com
2025-08-13 22:22:20 -    - Line 4677: Invalid email format: invalid-4676.example.com
2025-08-13 22:22:20 -    - Line 4684: Invalid email format: invalid-4683.example.com
2025-08-13 22:22:20 -    - Line 4691: Invalid email format: invalid-4690.example.com
2025-08-13 22:22:20 -    - Line 4698: Invalid email format: invalid-4697.example.com
2025-08-13 22:22:20 -    - Line 4705: Invalid email format: invalid-4704.example.com
2025-08-13 22:22:20 -    - Line 4712: Invalid email format: invalid-4711.example.com
2025-08-13 22:22:20 -    - Line 4719: Invalid email format: invalid-4718.example.com
2025-08-13 22:22:20 -    - Line 4726: Invalid email format: invalid-4725.example.com
2025-08-13 22:22:20 -    - Line 4733: Invalid email format: invalid-4732.example.com
2025-08-13 22:22:20 -    - Line 4740: Invalid email format: invalid-4739.example.com
2025-08-13 22:22:20 -    - Line 4747: Invalid email format: invalid-4746.example.com
2025-08-13 22:22:20 -    - Line 4754: Invalid email format: invalid-4753.example.com
2025-08-13 22:22:20 -    - Line 4761: Invalid email format: invalid-4760.example.com
2025-08-13 22:22:20 -    - Line 4768: Invalid email format: invalid-4767.example.com
2025-08-13 22:22:20 -    - Line 4775: Invalid email format: invalid-4774.example.com
2025-08-13 22:22:20 -    - Line 4782: Invalid email format: invalid-4781.example.com
2025-08-13 22:22:20 -    - Line 4789: Invalid email format: invalid-4788.example.com
2025-08-13 22:22:20 -    - Line 4796: Invalid email format: invalid-4795.example.com
2025-08-13 22:22:20 -    - Line 4803: Invalid email format: invalid-4802.example.com
2025-08-13 22:22:20 -    - Line 4810: Invalid email format: invalid-4809.example.com
2025-08-13 22:22:20 -    - Line 4817: Invalid email format: invalid-4816.example.com
2025-08-13 22:22:20 -    - Line 4824: Invalid email format: invalid-4823.example.com
2025-08-13 22:22:20 -    - Line 4831: Invalid email format: invalid-4830.example.com
2025-08-13 22:22:20 -    - Line 4838: Invalid email format: invalid-4837.example.com
2025-08-13 22:22:20 -    - Line 4845: Invalid email format: invalid-4844.example.com
2025-08-13 22:22:20 -    - Line 4852: Invalid email format: invalid-4851.example.com
2025-08-13 22:22:20 -    - Line 4859: Invalid email format: invalid-4858.example.com
2025-08-13 22:22:20 -    - Line 4866: Invalid email format: invalid-4865.example.com
2025-08-13 22:22:20 -    - Line 4873: Invalid email format: invalid-4872.example.com
2025-08-13 22:22:20 -    - Line 4880: Invalid email format: invalid-4879.example.com
2025-08-13 22:22:20 -    - Line 4887: Invalid email format: invalid-4886.example.com
2025-08-13 22:22:20 -    - Line 4894: Invalid email format: invalid-4893.example.com
2025-08-13 22:22:20 -    - Line 4901: Invalid email format: invalid-4900.example.com
2025-08-13 22:22:20 -    - Line 4908: Invalid email format: invalid-4907.example.com
2025-08-13 22:22:20 -    - Line 4915: Invalid email format: invalid-4914.example.com
2025-08-13 22:22:20 -    - Line 4922: Invalid email format: invalid-4921.example.com
2025-08-13 22:22:20 -    - Line 4929: Invalid email format: invalid-4928.example.com
2025-08-13 22:22:20 -    - Line 4936: Invalid email format: invalid-4935.example.com
2025-08-13 22:22:20 -    - Line 4943: Invalid email format: invalid-4942.example.com
2025-08-13 22:22:20 -    - Line 4950: Invalid email format: invalid-4949.example.com
2025-08-13 22:22:20 -    - Line 4957: Invalid email format: invalid-4956.example.com
2025-08-13 22:22:20 -    - Line 4964: Invalid email format: invalid-4963.example.com
2025-08-13 22:22:20 -    - Line 4971: Invalid email format: invalid-4970.example.com
2025-08-13 22:22:20 -    - Line 4978: Invalid email format: invalid-4977.example.com
2025-08-13 22:22:20 -    - Line 4985: Invalid email format: invalid-4984.example.com
2025-08-13 22:22:20 -    - Line 4992: Invalid email format: invalid-4991.example.com
2025-08-13 22:22:20 -    - Line 4999: Invalid email format: invalid-4998.example.com
2025-08-13 22:22:20 -    - Line 5006: Invalid email format: invalid-5005.example.com
2025-08-13 22:22:20 -    - Line 5013: Invalid email format: invalid-5012.example.com
2025-08-13 22:22:20 -    - Line 5020: Invalid email format: invalid-5019.example.com
2025-08-13 22:22:20 -    - Line 5027: Invalid email format: invalid-5026.example.com
2025-08-13 22:22:20 -    - Line 5034: Invalid email format: invalid-5033.example.com
2025-08-13 22:22:20 -    - Line 5041: Invalid email format: invalid-5040.example.com
2025-08-13 22:22:20 -    - Line 5048: Invalid email format: invalid-5047.example.com
2025-08-13 22:22:20 -    - Line 5055: Invalid email format: invalid-5054.example.com
2025-08-13 22:22:20 -    - Line 5062: Invalid email format: invalid-5061.example.com
2025-08-13 22:22:20 -    - Line 5069: Invalid email format: invalid-5068.example.com
2025-08-13 22:22:20 -    - Line 5076: Invalid email format: invalid-5075.example.com
2025-08-13 22:22:20 -    - Line 5083: Invalid email format: invalid-5082.example.com
2025-08-13 22:22:20 -    - Line 5090: Invalid email format: invalid-5089.example.com
2025-08-13 22:22:20 -    - Line 5097: Invalid email format: invalid-5096.example.com
2025-08-13 22:22:20 -    - Line 5104: Invalid email format: invalid-5103.example.com
2025-08-13 22:22:20 -    - Line 5111: Invalid email format: invalid-5110.example.com
2025-08-13 22:22:20 -    - Line 5118: Invalid email format: invalid-5117.example.com
2025-08-13 22:22:20 -    - Line 5125: Invalid email format: invalid-5124.example.com
2025-08-13 22:22:20 -    - Line 5132: Invalid email format: invalid-5131.example.com
2025-08-13 22:22:20 -    - Line 5139: Invalid email format: invalid-5138.example.com
2025-08-13 22:22:20 -    - Line 5146: Invalid email format: invalid-5145.example.com
2025-08-13 22:22:20 -    - Line 5153: Invalid email format: invalid-5152.example.com
2025-08-13 22:22:20 -    - Line 5160: Invalid email format: invalid-5159.example.com
2025-08-13 22:22:20 -    - Line 5167: Invalid email format: invalid-5166.example.com
2025-08-13 22:22:20 -    - Line 5174: Invalid email format: invalid-5173.example.com
2025-08-13 22:22:20 -    - Line 5181: Invalid email format: invalid-5180.example.com
2025-08-13 22:22:20 -    - Line 5188: Invalid email format: invalid-5187.example.com
2025-08-13 22:22:20 -    - Line 5195: Invalid email format: invalid-5194.example.com
2025-08-13 22:22:20 -    - Line 5202: Invalid email format: invalid-5201.example.com
2025-08-13 22:22:20 -    - Line 5209: Invalid email format: invalid-5208.example.com
2025-08-13 22:22:20 -    - Line 5216: Invalid email format: invalid-5215.example.com
2025-08-13 22:22:20 -    - Line 5223: Invalid email format: invalid-5222.example.com
2025-08-13 22:22:20 -    - Line 5230: Invalid email format: invalid-5229.example.com
2025-08-13 22:22:20 -    - Line 5237: Invalid email format: invalid-5236.example.com
2025-08-13 22:22:20 -    - Line 5244: Invalid email format: invalid-5243.example.com
2025-08-13 22:22:20 -    - Line 5251: Invalid email format: invalid-5250.example.com
2025-08-13 22:22:20 -    - Line 5258: Invalid email format: invalid-5257.example.com
2025-08-13 22:22:20 -    - Line 5265: Invalid email format: invalid-5264.example.com
2025-08-13 22:22:20 -    - Line 5272: Invalid email format: invalid-5271.example.com
2025-08-13 22:22:20 -    - Line 5279: Invalid email format: invalid-5278.example.com
2025-08-13 22:22:20 -    - Line 5286: Invalid email format: invalid-5285.example.com
2025-08-13 22:22:20 -    - Line 5293: Invalid email format: invalid-5292.example.com
2025-08-13 22:22:20 -    - Line 5300: Invalid email format: invalid-5299.example.com
2025-08-13 22:22:20 -    - Line 5307: Invalid email format: invalid-5306.example.com
2025-08-13 22:22:20 -    - Line 5314: Invalid email format: invalid-5313.example.com
2025-08-13 22:22:20 -    - Line 5321: Invalid email format: invalid-5320.example.com
2025-08-13 22:22:20 -    - Line 5328: Invalid email format: invalid-5327.example.com
2025-08-13 22:22:20 -    - Line 5335: Invalid email format: invalid-5334.example.com
2025-08-13 22:22:20 -    - Line 5342: Invalid email format: invalid-5341.example.com
2025-08-13 22:22:20 -    - Line 5349: Invalid email format: invalid-5348.example.com
2025-08-13 22:22:20 -    - Line 5356: Invalid email format: invalid-5355.example.com
2025-08-13 22:22:20 -    - Line 5363: Invalid email format: invalid-5362.example.com
2025-08-13 22:22:20 -    - Line 5370: Invalid email format: invalid-5369.example.com
2025-08-13 22:22:20 -    - Line 5377: Invalid email format: invalid-5376.example.com
2025-08-13 22:22:20 -    - Line 5384: Invalid email format: invalid-5383.example.com
2025-08-13 22:22:20 -    - Line 5391: Invalid email format: invalid-5390.example.com
2025-08-13 22:22:20 -    - Line 5398: Invalid email format: invalid-5397.example.com
2025-08-13 22:22:20 -    - Line 5405: Invalid email format: invalid-5404.example.com
2025-08-13 22:22:20 -    - Line 5412: Invalid email format: invalid-5411.example.com
2025-08-13 22:22:20 -    - Line 5419: Invalid email format: invalid-5418.example.com
2025-08-13 22:22:20 -    - Line 5426: Invalid email format: invalid-5425.example.com
2025-08-13 22:22:20 -    - Line 5433: Invalid email format: invalid-5432.example.com
2025-08-13 22:22:20 -    - Line 5440: Invalid email format: invalid-5439.example.com
2025-08-13 22:22:20 -    - Line 5447: Invalid email format: invalid-5446.example.com
2025-08-13 22:22:20 -    - Line 5454: Invalid email format: invalid-5453.example.com
2025-08-13 22:22:20 -    - Line 5461: Invalid email format: invalid-5460.example.com
2025-08-13 22:22:20 -    - Line 5468: Invalid email format: invalid-5467.example.com
2025-08-13 22:22:20 -    - Line 5475: Invalid email format: invalid-5474.example.com
2025-08-13 22:22:20 -    - Line 5482: Invalid email format: invalid-5481.example.com
2025-08-13 22:22:20 -    - Line 5489: Invalid email format: invalid-5488.example.com
2025-08-13 22:22:20 -    - Line 5496: Invalid email format: invalid-5495.example.com
2025-08-13 22:22:20 -    - Line 5503: Invalid email format: invalid-5502.example.com
2025-08-13 22:22:20 -    - Line 5510: Invalid email format: invalid-5509.example.com
2025-08-13 22:22:20 -    - Line 5517: Invalid email format: invalid-5516.example.com
2025-08-13 22:22:20 -    - Line 5524: Invalid email format: invalid-5523.example.com
2025-08-13 22:22:20 -    - Line 5531: Invalid email format: invalid-5530.example.com
2025-08-13 22:22:20 -    - Line 5538: Invalid email format: invalid-5537.example.com
2025-08-13 22:22:20 -    - Line 5545: Invalid email format: invalid-5544.example.com
2025-08-13 22:22:20 -    - Line 5552: Invalid email format: invalid-5551.example.com
2025-08-13 22:22:20 -    - Line 5559: Invalid email format: invalid-5558.example.com
2025-08-13 22:22:20 -    - Line 5566: Invalid email format: invalid-5565.example.com
2025-08-13 22:22:20 -    - Line 5573: Invalid email format: invalid-5572.example.com
2025-08-13 22:22:20 -    - Line 5580: Invalid email format: invalid-5579.example.com
2025-08-13 22:22:20 -    - Line 5587: Invalid email format: invalid-5586.example.com
2025-08-13 22:22:20 -    - Line 5594: Invalid email format: invalid-5593.example.com
2025-08-13 22:22:20 -    - Line 5601: Invalid email format: invalid-5600.example.com
2025-08-13 22:22:20 -    - Line 5608: Invalid email format: invalid-5607.example.com
2025-08-13 22:22:20 -    - Line 5615: Invalid email format: invalid-5614.example.com
2025-08-13 22:22:20 -    - Line 5622: Invalid email format: invalid-5621.example.com
2025-08-13 22:22:20 -    - Line 5629: Invalid email format: invalid-5628.example.com
2025-08-13 22:22:20 -    - Line 5636: Invalid email format: invalid-5635.example.com
2025-08-13 22:22:20 -    - Line 5643: Invalid email format: invalid-5642.example.com
2025-08-13 22:22:20 -    - Line 5650: Invalid email format: invalid-5649.example.com
2025-08-13 22:22:20 -    - Line 5657: Invalid email format: invalid-5656.example.com
2025-08-13 22:22:20 -    - Line 5664: Invalid email format: invalid-5663.example.com
2025-08-13 22:22:20 -    - Line 5671: Invalid email format: invalid-5670.example.com
2025-08-13 22:22:20 -    - Line 5678: Invalid email format: invalid-5677.example.com
2025-08-13 22:22:20 -    - Line 5685: Invalid email format: invalid-5684.example.com
2025-08-13 22:22:20 -    - Line 5692: Invalid email format: invalid-5691.example.com
2025-08-13 22:22:20 -    - Line 5699: Invalid email format: invalid-5698.example.com
2025-08-13 22:22:20 -    - Line 5706: Invalid email format: invalid-5705.example.com
2025-08-13 22:22:20 -    - Line 5713: Invalid email format: invalid-5712.example.com
2025-08-13 22:22:20 -    - Line 5720: Invalid email format: invalid-5719.example.com
2025-08-13 22:22:20 -    - Line 5727: Invalid email format: invalid-5726.example.com
2025-08-13 22:22:20 -    - Line 5734: Invalid email format: invalid-5733.example.com
2025-08-13 22:22:20 -    - Line 5741: Invalid email format: invalid-5740.example.com
2025-08-13 22:22:20 -    - Line 5748: Invalid email format: invalid-5747.example.com
2025-08-13 22:22:20 -    - Line 5755: Invalid email format: invalid-5754.example.com
2025-08-13 22:22:20 -    - Line 5762: Invalid email format: invalid-5761.example.com
2025-08-13 22:22:20 -    - Line 5769: Invalid email format: invalid-5768.example.com
2025-08-13 22:22:20 -    - Line 5776: Invalid email format: invalid-5775.example.com
2025-08-13 22:22:20 -    - Line 5783: Invalid email format: invalid-5782.example.com
2025-08-13 22:22:20 -    - Line 5790: Invalid email format: invalid-5789.example.com
2025-08-13 22:22:20 -    - Line 5797: Invalid email format: invalid-5796.example.com
2025-08-13 22:22:20 -    - Line 5804: Invalid email format: invalid-5803.example.com
2025-08-13 22:22:20 -    - Line 5811: Invalid email format: invalid-5810.example.com
2025-08-13 22:22:20 -    - Line 5818: Invalid email format: invalid-5817.example.com
2025-08-13 22:22:20 -    - Line 5825: Invalid email format: invalid-5824.example.com
2025-08-13 22:22:20 -    - Line 5832: Invalid email format: invalid-5831.example.com
2025-08-13 22:22:20 -    - Line 5839: Invalid email format: invalid-5838.example.com
2025-08-13 22:22:20 -    - Line 5846: Invalid email format: invalid-5845.example.com
2025-08-13 22:22:20 -    - Line 5853: Invalid email format: invalid-5852.example.com
2025-08-13 22:22:20 -    - Line 5860: Invalid email format: invalid-5859.example.com
2025-08-13 22:22:20 -    - Line 5867: Invalid email format: invalid-5866.example.com
2025-08-13 22:22:20 -    - Line 5874: Invalid email format: invalid-5873.example.com
2025-08-13 22:22:20 -    - Line 5881: Invalid email format: invalid-5880.example.com
2025-08-13 22:22:20 -    - Line 5888: Invalid email format: invalid-5887.example.com
2025-08-13 22:22:20 -    - Line 5895: Invalid email format: invalid-5894.example.com
2025-08-13 22:22:20 -    - Line 5902: Invalid email format: invalid-5901.example.com
2025-08-13 22:22:20 -    - Line 5909: Invalid email format: invalid-5908.example.com
2025-08-13 22:22:20 -    - Line 5916: Invalid email format: invalid-5915.example.com
2025-08-13 22:22:20 -    - Line 5923: Invalid email format: invalid-5922.example.com
2025-08-13 22:22:20 -    - Line 5930: Invalid email format: invalid-5929.example.com
2025-08-13 22:22:20 -    - Line 5937: Invalid email format: invalid-5936.example.com
2025-08-13 22:22:20 -    - Line 5944: Invalid email format: invalid-5943.example.com
2025-08-13 22:22:20 -    - Line 5951: Invalid email format: invalid-5950.example.com
2025-08-13 22:22:20 -    - Line 5958: Invalid email format: invalid-5957.example.com
2025-08-13 22:22:20 -    - Line 5965: Invalid email format: invalid-5964.example.com
2025-08-13 22:22:20 -    - Line 5972: Invalid email format: invalid-5971.example.com
2025-08-13 22:22:20 -    - Line 5979: Invalid email format: invalid-5978.example.com
2025-08-13 22:22:20 -    - Line 5986: Invalid email format: invalid-5985.example.com
2025-08-13 22:22:20 -    - Line 5993: Invalid email format: invalid-5992.example.com
2025-08-13 22:22:20 -    - Line 6000: Invalid email format: invalid-5999.example.com
2025-08-13 22:22:20 -    - Line 6007: Invalid email format: invalid-6006.example.com
2025-08-13 22:22:20 -    - Line 6014: Invalid email format: invalid-6013.example.com
2025-08-13 22:22:20 -    - Line 6021: Invalid email format: invalid-6020.example.com
2025-08-13 22:22:20 -    - Line 6028: Invalid email format: invalid-6027.example.com
2025-08-13 22:22:20 -    - Line 6035: Invalid email format: invalid-6034.example.com
2025-08-13 22:22:20 -    - Line 6042: Invalid email format: invalid-6041.example.com
2025-08-13 22:22:20 -    - Line 6049: Invalid email format: invalid-6048.example.com
2025-08-13 22:22:20 -    - Line 6056: Invalid email format: invalid-6055.example.com
2025-08-13 22:22:20 -    - Line 6063: Invalid email format: invalid-6062.example.com
2025-08-13 22:22:20 -    - Line 6070: Invalid email format: invalid-6069.example.com
2025-08-13 22:22:20 -    - Line 6077: Invalid email format: invalid-6076.example.com
2025-08-13 22:22:20 -    - Line 6084: Invalid email format: invalid-6083.example.com
2025-08-13 22:22:20 -    - Line 6091: Invalid email format: invalid-6090.example.com
2025-08-13 22:22:20 -    - Line 6098: Invalid email format: invalid-6097.example.com
2025-08-13 22:22:20 -    - Line 6105: Invalid email format: invalid-6104.example.com
2025-08-13 22:22:20 -    - Line 6112: Invalid email format: invalid-6111.example.com
2025-08-13 22:22:20 -    - Line 6119: Invalid email format: invalid-6118.example.com
2025-08-13 22:22:20 -    - Line 6126: Invalid email format: invalid-6125.example.com
2025-08-13 22:22:20 -    - Line 6133: Invalid email format: invalid-6132.example.com
2025-08-13 22:22:20 -    - Line 6140: Invalid email format: invalid-6139.example.com
2025-08-13 22:22:20 -    - Line 6147: Invalid email format: invalid-6146.example.com
2025-08-13 22:22:20 -    - Line 6154: Invalid email format: invalid-6153.example.com
2025-08-13 22:22:20 -    - Line 6161: Invalid email format: invalid-6160.example.com
2025-08-13 22:22:20 -    - Line 6168: Invalid email format: invalid-6167.example.com
2025-08-13 22:22:20 -    - Line 6175: Invalid email format: invalid-6174.example.com
2025-08-13 22:22:20 -    - Line 6182: Invalid email format: invalid-6181.example.com
2025-08-13 22:22:20 -    - Line 6189: Invalid email format: invalid-6188.example.com
2025-08-13 22:22:20 -    - Line 6196: Invalid email format: invalid-6195.example.com
2025-08-13 22:22:20 -    - Line 6203: Invalid email format: invalid-6202.example.com
2025-08-13 22:22:20 -    - Line 6210: Invalid email format: invalid-6209.example.com
2025-08-13 22:22:20 -    - Line 6217: Invalid email format: invalid-6216.example.com
2025-08-13 22:22:20 -    - Line 6224: Invalid email format: invalid-6223.example.com
2025-08-13 22:22:20 -    - Line 6231: Invalid email format: invalid-6230.example.com
2025-08-13 22:22:20 -    - Line 6238: Invalid email format: invalid-6237.example.com
2025-08-13 22:22:20 -    - Line 6245: Invalid email format: invalid-6244.example.com
2025-08-13 22:22:20 -    - Line 6252: Invalid email format: invalid-6251.example.com
2025-08-13 22:22:20 -    - Line 6259: Invalid email format: invalid-6258.example.com
2025-08-13 22:22:20 -    - Line 6266: Invalid email format: invalid-6265.example.com
2025-08-13 22:22:20 -    - Line 6273: Invalid email format: invalid-6272.example.com
2025-08-13 22:22:20 -    - Line 6280: Invalid email format: invalid-6279.example.com
2025-08-13 22:22:20 -    - Line 6287: Invalid email format: invalid-6286.example.com
2025-08-13 22:22:20 -    - Line 6294: Invalid email format: invalid-6293.example.com
2025-08-13 22:22:20 -    - Line 6301: Invalid email format: invalid-6300.example.com
2025-08-13 22:22:20 -    - Line 6308: Invalid email format: invalid-6307.example.com
2025-08-13 22:22:20 -    - Line 6315: Invalid email format: invalid-6314.example.com
2025-08-13 22:22:20 -    - Line 6322: Invalid email format: invalid-6321.example.com
2025-08-13 22:22:20 -    - Line 6329: Invalid email format: invalid-6328.example.com
2025-08-13 22:22:20 -    - Line 6336: Invalid email format: invalid-6335.example.com
2025-08-13 22:22:20 -    - Line 6343: Invalid email format: invalid-6342.example.com
2025-08-13 22:22:20 -    - Line 6350: Invalid email format: invalid-6349.example.com
2025-08-13 22:22:20 -    - Line 6357: Invalid email format: invalid-6356.example.com
2025-08-13 22:22:20 -    - Line 6364: Invalid email format: invalid-6363.example.com
2025-08-13 22:22:20 -    - Line 6371: Invalid email format: invalid-6370.example.com
2025-08-13 22:22:20 -    - Line 6378: Invalid email format: invalid-6377.example.com
2025-08-13 22:22:20 -    - Line 6385: Invalid email format: invalid-6384.example.com
2025-08-13 22:22:20 -    - Line 6392: Invalid email format: invalid-6391.example.com
2025-08-13 22:22:20 -    - Line 6399: Invalid email format: invalid-6398.example.com
2025-08-13 22:22:20 -    - Line 6406: Invalid email format: invalid-6405.example.com
2025-08-13 22:22:20 -    - Line 6413: Invalid email format: invalid-6412.example.com
2025-08-13 22:22:20 -    - Line 6420: Invalid email format: invalid-6419.example.com
2025-08-13 22:22:20 -    - Line 6427: Invalid email format: invalid-6426.example.com
2025-08-13 22:22:20 -    - Line 6434: Invalid email format: invalid-6433.example.com
2025-08-13 22:22:20 -    - Line 6441: Invalid email format: invalid-6440.example.com
2025-08-13 22:22:20 -    - Line 6448: Invalid email format: invalid-6447.example.com
2025-08-13 22:22:20 -    - Line 6455: Invalid email format: invalid-6454.example.com
2025-08-13 22:22:20 -    - Line 6462: Invalid email format: invalid-6461.example.com
2025-08-13 22:22:20 -    - Line 6469: Invalid email format: invalid-6468.example.com
2025-08-13 22:22:20 -    - Line 6476: Invalid email format: invalid-6475.example.com
2025-08-13 22:22:20 -    - Line 6483: Invalid email format: invalid-6482.example.com
2025-08-13 22:22:20 -    - Line 6490: Invalid email format: invalid-6489.example.com
2025-08-13 22:22:20 -    - Line 6497: Invalid email format: invalid-6496.example.com
2025-08-13 22:22:20 -    - Line 6504: Invalid email format: invalid-6503.example.com
2025-08-13 22:22:20 -    - Line 6511: Invalid email format: invalid-6510.example.com
2025-08-13 22:22:20 -    - Line 6518: Invalid email format: invalid-6517.example.com
2025-08-13 22:22:20 -    - Line 6525: Invalid email format: invalid-6524.example.com
2025-08-13 22:22:20 -    - Line 6532: Invalid email format: invalid-6531.example.com
2025-08-13 22:22:20 -    - Line 6539: Invalid email format: invalid-6538.example.com
2025-08-13 22:22:20 -    - Line 6546: Invalid email format: invalid-6545.example.com
2025-08-13 22:22:20 -    - Line 6553: Invalid email format: invalid-6552.example.com
2025-08-13 22:22:20 -    - Line 6560: Invalid email format: invalid-6559.example.com
2025-08-13 22:22:20 -    - Line 6567: Invalid email format: invalid-6566.example.com
2025-08-13 22:22:20 -    - Line 6574: Invalid email format: invalid-6573.example.com
2025-08-13 22:22:20 -    - Line 6581: Invalid email format: invalid-6580.example.com
2025-08-13 22:22:20 -    - Line 6588: Invalid email format: invalid-6587.example.com
2025-08-13 22:22:20 -    - Line 6595: Invalid email format: invalid-6594.example.com
2025-08-13 22:22:20 -    - Line 6602: Invalid email format: invalid-6601.example.com
2025-08-13 22:22:20 -    - Line 6609: Invalid email format: invalid-6608.example.com
2025-08-13 22:22:20 -    - Line 6616: Invalid email format: invalid-6615.example.com
2025-08-13 22:22:20 -    - Line 6623: Invalid email format: invalid-6622.example.com
2025-08-13 22:22:20 -    - Line 6630: Invalid email format: invalid-6629.example.com
2025-08-13 22:22:20 -    - Line 6637: Invalid email format: invalid-6636.example.com
2025-08-13 22:22:20 -    - Line 6644: Invalid email format: invalid-6643.example.com
2025-08-13 22:22:20 -    - Line 6651: Invalid email format: invalid-6650.example.com
2025-08-13 22:22:20 -    - Line 6658: Invalid email format: invalid-6657.example.com
2025-08-13 22:22:20 -    - Line 6665: Invalid email format: invalid-6664.example.com
2025-08-13 22:22:20 -    - Line 6672: Invalid email format: invalid-6671.example.com
2025-08-13 22:22:20 -    - Line 6679: Invalid email format: invalid-6678.example.com
2025-08-13 22:22:20 -    - Line 6686: Invalid email format: invalid-6685.example.com
2025-08-13 22:22:20 -    - Line 6693: Invalid email format: invalid-6692.example.com
2025-08-13 22:22:20 -    - Line 6700: Invalid email format: invalid-6699.example.com
2025-08-13 22:22:20 -    - Line 6707: Invalid email format: invalid-6706.example.com
2025-08-13 22:22:20 -    - Line 6714: Invalid email format: invalid-6713.example.com
2025-08-13 22:22:20 -    - Line 6721: Invalid email format: invalid-6720.example.com
2025-08-13 22:22:20 -    - Line 6728: Invalid email format: invalid-6727.example.com
2025-08-13 22:22:20 -    - Line 6735: Invalid email format: invalid-6734.example.com
2025-08-13 22:22:20 -    - Line 6742: Invalid email format: invalid-6741.example.com
2025-08-13 22:22:20 -    - Line 6749: Invalid email format: invalid-6748.example.com
2025-08-13 22:22:20 -    - Line 6756: Invalid email format: invalid-6755.example.com
2025-08-13 22:22:20 -    - Line 6763: Invalid email format: invalid-6762.example.com
2025-08-13 22:22:20 -    - Line 6770: Invalid email format: invalid-6769.example.com
2025-08-13 22:22:20 -    - Line 6777: Invalid email format: invalid-6776.example.com
2025-08-13 22:22:20 -    - Line 6784: Invalid email format: invalid-6783.example.com
2025-08-13 22:22:20 -    - Line 6791: Invalid email format: invalid-6790.example.com
2025-08-13 22:22:20 -    - Line 6798: Invalid email format: invalid-6797.example.com
2025-08-13 22:22:20 -    - Line 6805: Invalid email format: invalid-6804.example.com
2025-08-13 22:22:20 -    - Line 6812: Invalid email format: invalid-6811.example.com
2025-08-13 22:22:20 -    - Line 6819: Invalid email format: invalid-6818.example.com
2025-08-13 22:22:20 -    - Line 6826: Invalid email format: invalid-6825.example.com
2025-08-13 22:22:20 -    - Line 6833: Invalid email format: invalid-6832.example.com
2025-08-13 22:22:20 -    - Line 6840: Invalid email format: invalid-6839.example.com
2025-08-13 22:22:20 -    - Line 6847: Invalid email format: invalid-6846.example.com
2025-08-13 22:22:20 -    - Line 6854: Invalid email format: invalid-6853.example.com
2025-08-13 22:22:20 -    - Line 6861: Invalid email format: invalid-6860.example.com
2025-08-13 22:22:20 -    - Line 6868: Invalid email format: invalid-6867.example.com
2025-08-13 22:22:20 -    - Line 6875: Invalid email format: invalid-6874.example.com
2025-08-13 22:22:20 -    - Line 6882: Invalid email format: invalid-6881.example.com
2025-08-13 22:22:20 -    - Line 6889: Invalid email format: invalid-6888.example.com
2025-08-13 22:22:20 -    - Line 6896: Invalid email format: invalid-6895.example.com
2025-08-13 22:22:20 -    - Line 6903: Invalid email format: invalid-6902.example.com
2025-08-13 22:22:20 -    - Line 6910: Invalid email format: invalid-6909.example.com
2025-08-13 22:22:20 -    - Line 6917: Invalid email format: invalid-6916.example.com
2025-08-13 22:22:20 -    - Line 6924: Invalid email format: invalid-6923.example.com
2025-08-13 22:22:20 -    - Line 6931: Invalid email format: invalid-6930.example.com
2025-08-13 22:22:20 -    - Line 6938: Invalid email format: invalid-6937.example.com
2025-08-13 22:22:20 -    - Line 6945: Invalid email format: invalid-6944.example.com
2025-08-13 22:22:20 -    - Line 6952: Invalid email format: invalid-6951.example.com
2025-08-13 22:22:20 -    - Line 6959: Invalid email format: invalid-6958.example.com
2025-08-13 22:22:20 -    - Line 6966: Invalid email format: invalid-6965.example.com
2025-08-13 22:22:20 -    - Line 6973: Invalid email format: invalid-6972.example.com
2025-08-13 22:22:20 -    - Line 6980: Invalid email format: invalid-6979.example.com
2025-08-13 22:22:20 -    - Line 6987: Invalid email format: invalid-6986.example.com
2025-08-13 22:22:20 -    - Line 6994: Invalid email format: invalid-6993.example.com
2025-08-13 22:22:20 -    - Line 7001: Invalid email format: invalid-7000.example.com
2025-08-13 22:22:20 -    - Line 7008: Invalid email format: invalid-7007.example.com
2025-08-13 22:22:20 -    - Line 7015: Invalid email format: invalid-7014.example.com
2025-08-13 22:22:20 -    - Line 7022: Invalid email format: invalid-7021.example.com
2025-08-13 22:22:20 -    - Line 7029: Invalid email format: invalid-7028.example.com
2025-08-13 22:22:20 -    - Line 7036: Invalid email format: invalid-7035.example.com
2025-08-13 22:22:20 -    - Line 7043: Invalid email format: invalid-7042.example.com
2025-08-13 22:22:20 -    - Line 7050: Invalid email format: invalid-7049.example.com
2025-08-13 22:22:20 -    - Line 7057: Invalid email format: invalid-7056.example.com
2025-08-13 22:22:20 -    - Line 7064: Invalid email format: invalid-7063.example.com
2025-08-13 22:22:20 -    - Line 7071: Invalid email format: invalid-7070.example.com
2025-08-13 22:22:20 -    - Line 7078: Invalid email format: invalid-7077.example.com
2025-08-13 22:22:20 -    - Line 7085: Invalid email format: invalid-7084.example.com
2025-08-13 22:22:20 -    - Line 7092: Invalid email format: invalid-7091.example.com
2025-08-13 22:22:20 -    - Line 7099: Invalid email format: invalid-7098.example.com
2025-08-13 22:22:20 -    - Line 7106: Invalid email format: invalid-7105.example.com
2025-08-13 22:22:20 -    - Line 7113: Invalid email format: invalid-7112.example.com
2025-08-13 22:22:20 -    - Line 7120: Invalid email format: invalid-7119.example.com
2025-08-13 22:22:20 -    - Line 7127: Invalid email format: invalid-7126.example.com
2025-08-13 22:22:20 -    - Line 7134: Invalid email format: invalid-7133.example.com
2025-08-13 22:22:20 -    - Line 7141: Invalid email format: invalid-7140.example.com
2025-08-13 22:22:20 -    - Line 7148: Invalid email format: invalid-7147.example.com
2025-08-13 22:22:20 -    - Line 7155: Invalid email format: invalid-7154.example.com
2025-08-13 22:22:20 -    - Line 7162: Invalid email format: invalid-7161.example.com
2025-08-13 22:22:20 -    - Line 7169: Invalid email format: invalid-7168.example.com
2025-08-13 22:22:20 -    - Line 7176: Invalid email format: invalid-7175.example.com
2025-08-13 22:22:20 -    - Line 7183: Invalid email format: invalid-7182.example.com
2025-08-13 22:22:20 -    - Line 7190: Invalid email format: invalid-7189.example.com
2025-08-13 22:22:20 -    - Line 7197: Invalid email format: invalid-7196.example.com
2025-08-13 22:22:20 -    - Line 7204: Invalid email format: invalid-7203.example.com
2025-08-13 22:22:20 -    - Line 7211: Invalid email format: invalid-7210.example.com
2025-08-13 22:22:20 -    - Line 7218: Invalid email format: invalid-7217.example.com
2025-08-13 22:22:20 -    - Line 7225: Invalid email format: invalid-7224.example.com
2025-08-13 22:22:20 -    - Line 7232: Invalid email format: invalid-7231.example.com
2025-08-13 22:22:20 -    - Line 7239: Invalid email format: invalid-7238.example.com
2025-08-13 22:22:20 -    - Line 7246: Invalid email format: invalid-7245.example.com
2025-08-13 22:22:20 -    - Line 7253: Invalid email format: invalid-7252.example.com
2025-08-13 22:22:20 -    - Line 7260: Invalid email format: invalid-7259.example.com
2025-08-13 22:22:20 -    - Line 7267: Invalid email format: invalid-7266.example.com
2025-08-13 22:22:20 -    - Line 7274: Invalid email format: invalid-7273.example.com
2025-08-13 22:22:20 -    - Line 7281: Invalid email format: invalid-7280.example.com
2025-08-13 22:22:20 -    - Line 7288: Invalid email format: invalid-7287.example.com
2025-08-13 22:22:20 -    - Line 7295: Invalid email format: invalid-7294.example.com
2025-08-13 22:22:20 -    - Line 7302: Invalid email format: invalid-7301.example.com
2025-08-13 22:22:20 -    - Line 7309: Invalid email format: invalid-7308.example.com
2025-08-13 22:22:20 -    - Line 7316: Invalid email format: invalid-7315.example.com
2025-08-13 22:22:20 -    - Line 7323: Invalid email format: invalid-7322.example.com
2025-08-13 22:22:20 -    - Line 7330: Invalid email format: invalid-7329.example.com
2025-08-13 22:22:20 -    - Line 7337: Invalid email format: invalid-7336.example.com
2025-08-13 22:22:20 -    - Line 7344: Invalid email format: invalid-7343.example.com
2025-08-13 22:22:20 -    - Line 7351: Invalid email format: invalid-7350.example.com
2025-08-13 22:22:20 -    - Line 7358: Invalid email format: invalid-7357.example.com
2025-08-13 22:22:20 -    - Line 7365: Invalid email format: invalid-7364.example.com
2025-08-13 22:22:20 -    - Line 7372: Invalid email format: invalid-7371.example.com
2025-08-13 22:22:20 -    - Line 7379: Invalid email format: invalid-7378.example.com
2025-08-13 22:22:20 -    - Line 7386: Invalid email format: invalid-7385.example.com
2025-08-13 22:22:20 -    - Line 7393: Invalid email format: invalid-7392.example.com
2025-08-13 22:22:20 -    - Line 7400: Invalid email format: invalid-7399.example.com
2025-08-13 22:22:20 -    - Line 7407: Invalid email format: invalid-7406.example.com
2025-08-13 22:22:20 -    - Line 7414: Invalid email format: invalid-7413.example.com
2025-08-13 22:22:20 -    - Line 7421: Invalid email format: invalid-7420.example.com
2025-08-13 22:22:20 -    - Line 7428: Invalid email format: invalid-7427.example.com
2025-08-13 22:22:20 -    - Line 7435: Invalid email format: invalid-7434.example.com
2025-08-13 22:22:20 -    - Line 7442: Invalid email format: invalid-7441.example.com
2025-08-13 22:22:20 -    - Line 7449: Invalid email format: invalid-7448.example.com
2025-08-13 22:22:20 -    - Line 7456: Invalid email format: invalid-7455.example.com
2025-08-13 22:22:20 -    - Line 7463: Invalid email format: invalid-7462.example.com
2025-08-13 22:22:20 -    - Line 7470: Invalid email format: invalid-7469.example.com
2025-08-13 22:22:20 -    - Line 7477: Invalid email format: invalid-7476.example.com
2025-08-13 22:22:20 -    - Line 7484: Invalid email format: invalid-7483.example.com
2025-08-13 22:22:20 -    - Line 7491: Invalid email format: invalid-7490.example.com
2025-08-13 22:22:20 -    - Line 7498: Invalid email format: invalid-7497.example.com
2025-08-13 22:22:20 -    - Line 7505: Invalid email format: invalid-7504.example.com
2025-08-13 22:22:20 -    - Line 7512: Invalid email format: invalid-7511.example.com
2025-08-13 22:22:20 -    - Line 7519: Invalid email format: invalid-7518.example.com
2025-08-13 22:22:20 -    - Line 7526: Invalid email format: invalid-7525.example.com
2025-08-13 22:22:20 -    - Line 7533: Invalid email format: invalid-7532.example.com
2025-08-13 22:22:20 -    - Line 7540: Invalid email format: invalid-7539.example.com
2025-08-13 22:22:20 -    - Line 7547: Invalid email format: invalid-7546.example.com
2025-08-13 22:22:20 -    - Line 7554: Invalid email format: invalid-7553.example.com
2025-08-13 22:22:20 -    - Line 7561: Invalid email format: invalid-7560.example.com
2025-08-13 22:22:20 -    - Line 7568: Invalid email format: invalid-7567.example.com
2025-08-13 22:22:20 -    - Line 7575: Invalid email format: invalid-7574.example.com
2025-08-13 22:22:20 -    - Line 7582: Invalid email format: invalid-7581.example.com
2025-08-13 22:22:20 -    - Line 7589: Invalid email format: invalid-7588.example.com
2025-08-13 22:22:20 -    - Line 7596: Invalid email format: invalid-7595.example.com
2025-08-13 22:22:20 -    - Line 7603: Invalid email format: invalid-7602.example.com
2025-08-13 22:22:20 -    - Line 7610: Invalid email format: invalid-7609.example.com
2025-08-13 22:22:20 -    - Line 7617: Invalid email format: invalid-7616.example.com
2025-08-13 22:22:20 -    - Line 7624: Invalid email format: invalid-7623.example.com
2025-08-13 22:22:20 -    - Line 7631: Invalid email format: invalid-7630.example.com
2025-08-13 22:22:20 -    - Line 7638: Invalid email format: invalid-7637.example.com
2025-08-13 22:22:20 -    - Line 7645: Invalid email format: invalid-7644.example.com
2025-08-13 22:22:20 -    - Line 7652: Invalid email format: invalid-7651.example.com
2025-08-13 22:22:20 -    - Line 7659: Invalid email format: invalid-7658.example.com
2025-08-13 22:22:20 -    - Line 7666: Invalid email format: invalid-7665.example.com
2025-08-13 22:22:20 -    - Line 7673: Invalid email format: invalid-7672.example.com
2025-08-13 22:22:20 -    - Line 7680: Invalid email format: invalid-7679.example.com
2025-08-13 22:22:20 -    - Line 7687: Invalid email format: invalid-7686.example.com
2025-08-13 22:22:20 -    - Line 7694: Invalid email format: invalid-7693.example.com
2025-08-13 22:22:20 -    - Line 7701: Invalid email format: invalid-7700.example.com
2025-08-13 22:22:20 -    - Line 7708: Invalid email format: invalid-7707.example.com
2025-08-13 22:22:20 -    - Line 7715: Invalid email format: invalid-7714.example.com
2025-08-13 22:22:20 -    - Line 7722: Invalid email format: invalid-7721.example.com
2025-08-13 22:22:20 -    - Line 7729: Invalid email format: invalid-7728.example.com
2025-08-13 22:22:20 -    - Line 7736: Invalid email format: invalid-7735.example.com
2025-08-13 22:22:20 -    - Line 7743: Invalid email format: invalid-7742.example.com
2025-08-13 22:22:20 -    - Line 7750: Invalid email format: invalid-7749.example.com
2025-08-13 22:22:20 -    - Line 7757: Invalid email format: invalid-7756.example.com
2025-08-13 22:22:20 -    - Line 7764: Invalid email format: invalid-7763.example.com
2025-08-13 22:22:20 -    - Line 7771: Invalid email format: invalid-7770.example.com
2025-08-13 22:22:20 -    - Line 7778: Invalid email format: invalid-7777.example.com
2025-08-13 22:22:20 -    - Line 7785: Invalid email format: invalid-7784.example.com
2025-08-13 22:22:20 -    - Line 7792: Invalid email format: invalid-7791.example.com
2025-08-13 22:22:20 -    - Line 7799: Invalid email format: invalid-7798.example.com
2025-08-13 22:22:20 -    - Line 7806: Invalid email format: invalid-7805.example.com
2025-08-13 22:22:20 -    - Line 7813: Invalid email format: invalid-7812.example.com
2025-08-13 22:22:20 -    - Line 7820: Invalid email format: invalid-7819.example.com
2025-08-13 22:22:20 -    - Line 7827: Invalid email format: invalid-7826.example.com
2025-08-13 22:22:20 -    - Line 7834: Invalid email format: invalid-7833.example.com
2025-08-13 22:22:20 -    - Line 7841: Invalid email format: invalid-7840.example.com
2025-08-13 22:22:20 -    - Line 7848: Invalid email format: invalid-7847.example.com
2025-08-13 22:22:20 -    - Line 7855: Invalid email format: invalid-7854.example.com
2025-08-13 22:22:20 -    - Line 7862: Invalid email format: invalid-7861.example.com
2025-08-13 22:22:20 -    - Line 7869: Invalid email format: invalid-7868.example.com
2025-08-13 22:22:20 -    - Line 7876: Invalid email format: invalid-7875.example.com
2025-08-13 22:22:20 -    - Line 7883: Invalid email format: invalid-7882.example.com
2025-08-13 22:22:20 -    - Line 7890: Invalid email format: invalid-7889.example.com
2025-08-13 22:22:20 -    - Line 7897: Invalid email format: invalid-7896.example.com
2025-08-13 22:22:20 -    - Line 7904: Invalid email format: invalid-7903.example.com
2025-08-13 22:22:20 -    - Line 7911: Invalid email format: invalid-7910.example.com
2025-08-13 22:22:20 -    - Line 7918: Invalid email format: invalid-7917.example.com
2025-08-13 22:22:20 -    - Line 7925: Invalid email format: invalid-7924.example.com
2025-08-13 22:22:20 -    - Line 7932: Invalid email format: invalid-7931.example.com
2025-08-13 22:22:20 -    - Line 7939: Invalid email format: invalid-7938.example.com
2025-08-13 22:22:20 -    - Line 7946: Invalid email format: invalid-7945.example.com
2025-08-13 22:22:20 -    - Line 7953: Invalid email format: invalid-7952.example.com
2025-08-13 22:22:20 -    - Line 7960: Invalid email format: invalid-7959.example.com
2025-08-13 22:22:20 -    - Line 7967: Invalid email format: invalid-7966.example.com
2025-08-13 22:22:20 -    - Line 7974: Invalid email format: invalid-7973.example.com
2025-08-13 22:22:20 -    - Line 7981: Invalid email format: invalid-7980.example.com
2025-08-13 22:22:20 -    - Line 7988: Invalid email format: invalid-7987.example.com
2025-08-13 22:22:20 -    - Line 7995: Invalid email format: invalid-7994.example.com
2025-08-13 22:22:20 -    - Line 8002: Invalid email format: invalid-8001.example.com
2025-08-13 22:22:20 -    - Line 8009: Invalid email format: invalid-8008.example.com
2025-08-13 22:22:20 -    - Line 8016: Invalid email format: invalid-8015.example.com
2025-08-13 22:22:20 -    - Line 8023: Invalid email format: invalid-8022.example.com
2025-08-13 22:22:20 -    - Line 8030: Invalid email format: invalid-8029.example.com
2025-08-13 22:22:20 -    - Line 8037: Invalid email format: invalid-8036.example.com
2025-08-13 22:22:20 -    - Line 8044: Invalid email format: invalid-8043.example.com
2025-08-13 22:22:20 -    - Line 8051: Invalid email format: invalid-8050.example.com
2025-08-13 22:22:20 -    - Line 8058: Invalid email format: invalid-8057.example.com
2025-08-13 22:22:20 -    - Line 8065: Invalid email format: invalid-8064.example.com
2025-08-13 22:22:20 -    - Line 8072: Invalid email format: invalid-8071.example.com
2025-08-13 22:22:20 -    - Line 8079: Invalid email format: invalid-8078.example.com
2025-08-13 22:22:20 -    - Line 8086: Invalid email format: invalid-8085.example.com
2025-08-13 22:22:20 -    - Line 8093: Invalid email format: invalid-8092.example.com
2025-08-13 22:22:20 -    - Line 8100: Invalid email format: invalid-8099.example.com
2025-08-13 22:22:20 -    - Line 8107: Invalid email format: invalid-8106.example.com
2025-08-13 22:22:20 -    - Line 8114: Invalid email format: invalid-8113.example.com
2025-08-13 22:22:20 -    - Line 8121: Invalid email format: invalid-8120.example.com
2025-08-13 22:22:20 -    - Line 8128: Invalid email format: invalid-8127.example.com
2025-08-13 22:22:20 -    - Line 8135: Invalid email format: invalid-8134.example.com
2025-08-13 22:22:20 -    - Line 8142: Invalid email format: invalid-8141.example.com
2025-08-13 22:22:20 -    - Line 8149: Invalid email format: invalid-8148.example.com
2025-08-13 22:22:20 -    - Line 8156: Invalid email format: invalid-8155.example.com
2025-08-13 22:22:20 -    - Line 8163: Invalid email format: invalid-8162.example.com
2025-08-13 22:22:20 -    - Line 8170: Invalid email format: invalid-8169.example.com
2025-08-13 22:22:20 -    - Line 8177: Invalid email format: invalid-8176.example.com
2025-08-13 22:22:20 -    - Line 8184: Invalid email format: invalid-8183.example.com
2025-08-13 22:22:20 -    - Line 8191: Invalid email format: invalid-8190.example.com
2025-08-13 22:22:20 -    - Line 8198: Invalid email format: invalid-8197.example.com
2025-08-13 22:22:20 -    - Line 8205: Invalid email format: invalid-8204.example.com
2025-08-13 22:22:20 -    - Line 8212: Invalid email format: invalid-8211.example.com
2025-08-13 22:22:20 -    - Line 8219: Invalid email format: invalid-8218.example.com
2025-08-13 22:22:20 -    - Line 8226: Invalid email format: invalid-8225.example.com
2025-08-13 22:22:20 -    - Line 8233: Invalid email format: invalid-8232.example.com
2025-08-13 22:22:20 -    - Line 8240: Invalid email format: invalid-8239.example.com
2025-08-13 22:22:20 -    - Line 8247: Invalid email format: invalid-8246.example.com
2025-08-13 22:22:20 -    - Line 8254: Invalid email format: invalid-8253.example.com
2025-08-13 22:22:20 -    - Line 8261: Invalid email format: invalid-8260.example.com
2025-08-13 22:22:20 -    - Line 8268: Invalid email format: invalid-8267.example.com
2025-08-13 22:22:20 -    - Line 8275: Invalid email format: invalid-8274.example.com
2025-08-13 22:22:20 -    - Line 8282: Invalid email format: invalid-8281.example.com
2025-08-13 22:22:20 -    - Line 8289: Invalid email format: invalid-8288.example.com
2025-08-13 22:22:20 -    - Line 8296: Invalid email format: invalid-8295.example.com
2025-08-13 22:22:20 -    - Line 8303: Invalid email format: invalid-8302.example.com
2025-08-13 22:22:20 -    - Line 8310: Invalid email format: invalid-8309.example.com
2025-08-13 22:22:20 -    - Line 8317: Invalid email format: invalid-8316.example.com
2025-08-13 22:22:20 -    - Line 8324: Invalid email format: invalid-8323.example.com
2025-08-13 22:22:20 -    - Line 8331: Invalid email format: invalid-8330.example.com
2025-08-13 22:22:20 -    - Line 8338: Invalid email format: invalid-8337.example.com
2025-08-13 22:22:20 -    - Line 8345: Invalid email format: invalid-8344.example.com
2025-08-13 22:22:20 -    - Line 8352: Invalid email format: invalid-8351.example.com
2025-08-13 22:22:20 -    - Line 8359: Invalid email format: invalid-8358.example.com
2025-08-13 22:22:20 -    - Line 8366: Invalid email format: invalid-8365.example.com
2025-08-13 22:22:20 -    - Line 8373: Invalid email format: invalid-8372.example.com
2025-08-13 22:22:20 -    - Line 8380: Invalid email format: invalid-8379.example.com
2025-08-13 22:22:20 -    - Line 8387: Invalid email format: invalid-8386.example.com
2025-08-13 22:22:20 -    - Line 8394: Invalid email format: invalid-8393.example.com
2025-08-13 22:22:20 -    - Line 8401: Invalid email format: invalid-8400.example.com
2025-08-13 22:22:20 -    - Line 8408: Invalid email format: invalid-8407.example.com
2025-08-13 22:22:20 -    - Line 8415: Invalid email format: invalid-8414.example.com
2025-08-13 22:22:20 -    - Line 8422: Invalid email format: invalid-8421.example.com
2025-08-13 22:22:20 -    - Line 8429: Invalid email format: invalid-8428.example.com
2025-08-13 22:22:20 -    - Line 8436: Invalid email format: invalid-8435.example.com
2025-08-13 22:22:20 -    - Line 8443: Invalid email format: invalid-8442.example.com
2025-08-13 22:22:20 -    - Line 8450: Invalid email format: invalid-8449.example.com
2025-08-13 22:22:20 -    - Line 8457: Invalid email format: invalid-8456.example.com
2025-08-13 22:22:20 -    - Line 8464: Invalid email format: invalid-8463.example.com
2025-08-13 22:22:20 -    - Line 8471: Invalid email format: invalid-8470.example.com
2025-08-13 22:22:20 -    - Line 8478: Invalid email format: invalid-8477.example.com
2025-08-13 22:22:20 -    - Line 8485: Invalid email format: invalid-8484.example.com
2025-08-13 22:22:20 -    - Line 8492: Invalid email format: invalid-8491.example.com
2025-08-13 22:22:20 -    - Line 8499: Invalid email format: invalid-8498.example.com
2025-08-13 22:22:20 -    - Line 8506: Invalid email format: invalid-8505.example.com
2025-08-13 22:22:20 -    - Line 8513: Invalid email format: invalid-8512.example.com
2025-08-13 22:22:20 -    - Line 8520: Invalid email format: invalid-8519.example.com
2025-08-13 22:22:20 -    - Line 8527: Invalid email format: invalid-8526.example.com
2025-08-13 22:22:20 -    - Line 8534: Invalid email format: invalid-8533.example.com
2025-08-13 22:22:20 -    - Line 8541: Invalid email format: invalid-8540.example.com
2025-08-13 22:22:20 -    - Line 8548: Invalid email format: invalid-8547.example.com
2025-08-13 22:22:20 -    - Line 8555: Invalid email format: invalid-8554.example.com
2025-08-13 22:22:20 -    - Line 8562: Invalid email format: invalid-8561.example.com
2025-08-13 22:22:20 -    - Line 8569: Invalid email format: invalid-8568.example.com
2025-08-13 22:22:20 -    - Line 8576: Invalid email format: invalid-8575.example.com
2025-08-13 22:22:20 -    - Line 8583: Invalid email format: invalid-8582.example.com
2025-08-13 22:22:20 -    - Line 8590: Invalid email format: invalid-8589.example.com
2025-08-13 22:22:20 -    - Line 8597: Invalid email format: invalid-8596.example.com
2025-08-13 22:22:20 -    - Line 8604: Invalid email format: invalid-8603.example.com
2025-08-13 22:22:20 -    - Line 8611: Invalid email format: invalid-8610.example.com
2025-08-13 22:22:20 -    - Line 8618: Invalid email format: invalid-8617.example.com
2025-08-13 22:22:20 -    - Line 8625: Invalid email format: invalid-8624.example.com
2025-08-13 22:22:20 -    - Line 8632: Invalid email format: invalid-8631.example.com
2025-08-13 22:22:20 -    - Line 8639: Invalid email format: invalid-8638.example.com
2025-08-13 22:22:20 -    - Line 8646: Invalid email format: invalid-8645.example.com
2025-08-13 22:22:20 -    - Line 8653: Invalid email format: invalid-8652.example.com
2025-08-13 22:22:20 -    - Line 8660: Invalid email format: invalid-8659.example.com
2025-08-13 22:22:20 -    - Line 8667: Invalid email format: invalid-8666.example.com
2025-08-13 22:22:20 -    - Line 8674: Invalid email format: invalid-8673.example.com
2025-08-13 22:22:20 -    - Line 8681: Invalid email format: invalid-8680.example.com
2025-08-13 22:22:20 -    - Line 8688: Invalid email format: invalid-8687.example.com
2025-08-13 22:22:20 -    - Line 8695: Invalid email format: invalid-8694.example.com
2025-08-13 22:22:20 -    - Line 8702: Invalid email format: invalid-8701.example.com
2025-08-13 22:22:20 -    - Line 8709: Invalid email format: invalid-8708.example.com
2025-08-13 22:22:20 -    - Line 8716: Invalid email format: invalid-8715.example.com
2025-08-13 22:22:20 -    - Line 8723: Invalid email format: invalid-8722.example.com
2025-08-13 22:22:20 -    - Line 8730: Invalid email format: invalid-8729.example.com
2025-08-13 22:22:20 -    - Line 8737: Invalid email format: invalid-8736.example.com
2025-08-13 22:22:20 -    - Line 8744: Invalid email format: invalid-8743.example.com
2025-08-13 22:22:20 -    - Line 8751: Invalid email format: invalid-8750.example.com
2025-08-13 22:22:20 -    - Line 8758: Invalid email format: invalid-8757.example.com
2025-08-13 22:22:20 -    - Line 8765: Invalid email format: invalid-8764.example.com
2025-08-13 22:22:20 -    - Line 8772: Invalid email format: invalid-8771.example.com
2025-08-13 22:22:20 -    - Line 8779: Invalid email format: invalid-8778.example.com
2025-08-13 22:22:20 -    - Line 8786: Invalid email format: invalid-8785.example.com
2025-08-13 22:22:20 -    - Line 8793: Invalid email format: invalid-8792.example.com
2025-08-13 22:22:20 -    - Line 8800: Invalid email format: invalid-8799.example.com
2025-08-13 22:22:20 -    - Line 8807: Invalid email format: invalid-8806.example.com
2025-08-13 22:22:20 -    - Line 8814: Invalid email format: invalid-8813.example.com
2025-08-13 22:22:20 -    - Line 8821: Invalid email format: invalid-8820.example.com
2025-08-13 22:22:20 -    - Line 8828: Invalid email format: invalid-8827.example.com
2025-08-13 22:22:20 -    - Line 8835: Invalid email format: invalid-8834.example.com
2025-08-13 22:22:20 -    - Line 8842: Invalid email format: invalid-8841.example.com
2025-08-13 22:22:20 -    - Line 8849: Invalid email format: invalid-8848.example.com
2025-08-13 22:22:20 -    - Line 8856: Invalid email format: invalid-8855.example.com
2025-08-13 22:22:20 -    - Line 8863: Invalid email format: invalid-8862.example.com
2025-08-13 22:22:20 -    - Line 8870: Invalid email format: invalid-8869.example.com
2025-08-13 22:22:20 -    - Line 8877: Invalid email format: invalid-8876.example.com
2025-08-13 22:22:20 -    - Line 8884: Invalid email format: invalid-8883.example.com
2025-08-13 22:22:20 -    - Line 8891: Invalid email format: invalid-8890.example.com
2025-08-13 22:22:20 -    - Line 8898: Invalid email format: invalid-8897.example.com
2025-08-13 22:22:20 -    - Line 8905: Invalid email format: invalid-8904.example.com
2025-08-13 22:22:20 -    - Line 8912: Invalid email format: invalid-8911.example.com
2025-08-13 22:22:20 -    - Line 8919: Invalid email format: invalid-8918.example.com
2025-08-13 22:22:20 -    - Line 8926: Invalid email format: invalid-8925.example.com
2025-08-13 22:22:20 -    - Line 8933: Invalid email format: invalid-8932.example.com
2025-08-13 22:22:20 -    - Line 8940: Invalid email format: invalid-8939.example.com
2025-08-13 22:22:20 -    - Line 8947: Invalid email format: invalid-8946.example.com
2025-08-13 22:22:20 -    - Line 8954: Invalid email format: invalid-8953.example.com
2025-08-13 22:22:20 -    - Line 8961: Invalid email format: invalid-8960.example.com
2025-08-13 22:22:20 -    - Line 8968: Invalid email format: invalid-8967.example.com
2025-08-13 22:22:20 -    - Line 8975: Invalid email format: invalid-8974.example.com
2025-08-13 22:22:20 -    - Line 8982: Invalid email format: invalid-8981.example.com
2025-08-13 22:22:20 -    - Line 8989: Invalid email format: invalid-8988.example.com
2025-08-13 22:22:20 -    - Line 8996: Invalid email format: invalid-8995.example.com
2025-08-13 22:22:20 -    - Line 9003: Invalid email format: invalid-9002.example.com
2025-08-13 22:22:20 -    - Line 9010: Invalid email format: invalid-9009.example.com
2025-08-13 22:22:20 -    - Line 9017: Invalid email format: invalid-9016.example.com
2025-08-13 22:22:20 -    - Line 9024: Invalid email format: invalid-9023.example.com
2025-08-13 22:22:20 -    - Line 9031: Invalid email format: invalid-9030.example.com
2025-08-13 22:22:20 -    - Line 9038: Invalid email format: invalid-9037.example.com
2025-08-13 22:22:20 -    - Line 9045: Invalid email format: invalid-9044.example.com
2025-08-13 22:22:20 -    - Line 9052: Invalid email format: invalid-9051.example.com
2025-08-13 22:22:20 -    - Line 9059: Invalid email format: invalid-9058.example.com
2025-08-13 22:22:20 -    - Line 9066: Invalid email format: invalid-9065.example.com
2025-08-13 22:22:20 -    - Line 9073: Invalid email format: invalid-9072.example.com
2025-08-13 22:22:20 -    - Line 9080: Invalid email format: invalid-9079.example.com
2025-08-13 22:22:20 -    - Line 9087: Invalid email format: invalid-9086.example.com
2025-08-13 22:22:20 -    - Line 9094: Invalid email format: invalid-9093.example.com
2025-08-13 22:22:20 -    - Line 9101: Invalid email format: invalid-9100.example.com
2025-08-13 22:22:20 -    - Line 9108: Invalid email format: invalid-9107.example.com
2025-08-13 22:22:20 -    - Line 9115: Invalid email format: invalid-9114.example.com
2025-08-13 22:22:20 -    - Line 9122: Invalid email format: invalid-9121.example.com
2025-08-13 22:22:20 -    - Line 9129: Invalid email format: invalid-9128.example.com
2025-08-13 22:22:20 -    - Line 9136: Invalid email format: invalid-9135.example.com
2025-08-13 22:22:20 -    - Line 9143: Invalid email format: invalid-9142.example.com
2025-08-13 22:22:20 -    - Line 9150: Invalid email format: invalid-9149.example.com
2025-08-13 22:22:20 -    - Line 9157: Invalid email format: invalid-9156.example.com
2025-08-13 22:22:20 -    - Line 9164: Invalid email format: invalid-9163.example.com
2025-08-13 22:22:20 -    - Line 9171: Invalid email format: invalid-9170.example.com
2025-08-13 22:22:20 -    - Line 9178: Invalid email format: invalid-9177.example.com
2025-08-13 22:22:20 -    - Line 9185: Invalid email format: invalid-9184.example.com
2025-08-13 22:22:20 -    - Line 9192: Invalid email format: invalid-9191.example.com
2025-08-13 22:22:20 -    - Line 9199: Invalid email format: invalid-9198.example.com
2025-08-13 22:22:20 -    - Line 9206: Invalid email format: invalid-9205.example.com
2025-08-13 22:22:20 -    - Line 9213: Invalid email format: invalid-9212.example.com
2025-08-13 22:22:20 -    - Line 9220: Invalid email format: invalid-9219.example.com
2025-08-13 22:22:20 -    - Line 9227: Invalid email format: invalid-9226.example.com
2025-08-13 22:22:20 -    - Line 9234: Invalid email format: invalid-9233.example.com
2025-08-13 22:22:20 -    - Line 9241: Invalid email format: invalid-9240.example.com
2025-08-13 22:22:20 -    - Line 9248: Invalid email format: invalid-9247.example.com
2025-08-13 22:22:20 -    - Line 9255: Invalid email format: invalid-9254.example.com
2025-08-13 22:22:20 -    - Line 9262: Invalid email format: invalid-9261.example.com
2025-08-13 22:22:20 -    - Line 9269: Invalid email format: invalid-9268.example.com
2025-08-13 22:22:20 -    - Line 9276: Invalid email format: invalid-9275.example.com
2025-08-13 22:22:20 -    - Line 9283: Invalid email format: invalid-9282.example.com
2025-08-13 22:22:20 -    - Line 9290: Invalid email format: invalid-9289.example.com
2025-08-13 22:22:20 -    - Line 9297: Invalid email format: invalid-9296.example.com
2025-08-13 22:22:20 -    - Line 9304: Invalid email format: invalid-9303.example.com
2025-08-13 22:22:20 -    - Line 9311: Invalid email format: invalid-9310.example.com
2025-08-13 22:22:20 -    - Line 9318: Invalid email format: invalid-9317.example.com
2025-08-13 22:22:20 -    - Line 9325: Invalid email format: invalid-9324.example.com
2025-08-13 22:22:20 -    - Line 9332: Invalid email format: invalid-9331.example.com
2025-08-13 22:22:20 -    - Line 9339: Invalid email format: invalid-9338.example.com
2025-08-13 22:22:20 -    - Line 9346: Invalid email format: invalid-9345.example.com
2025-08-13 22:22:20 -    - Line 9353: Invalid email format: invalid-9352.example.com
2025-08-13 22:22:20 -    - Line 9360: Invalid email format: invalid-9359.example.com
2025-08-13 22:22:20 -    - Line 9367: Invalid email format: invalid-9366.example.com
2025-08-13 22:22:20 -    - Line 9374: Invalid email format: invalid-9373.example.com
2025-08-13 22:22:20 -    - Line 9381: Invalid email format: invalid-9380.example.com
2025-08-13 22:22:20 -    - Line 9388: Invalid email format: invalid-9387.example.com
2025-08-13 22:22:20 -    - Line 9395: Invalid email format: invalid-9394.example.com
2025-08-13 22:22:20 -    - Line 9402: Invalid email format: invalid-9401.example.com
2025-08-13 22:22:20 -    - Line 9409: Invalid email format: invalid-9408.example.com
2025-08-13 22:22:20 -    - Line 9416: Invalid email format: invalid-9415.example.com
2025-08-13 22:22:20 -    - Line 9423: Invalid email format: invalid-9422.example.com
2025-08-13 22:22:20 -    - Line 9430: Invalid email format: invalid-9429.example.com
2025-08-13 22:22:20 -    - Line 9437: Invalid email format: invalid-9436.example.com
2025-08-13 22:22:20 -    - Line 9444: Invalid email format: invalid-9443.example.com
2025-08-13 22:22:20 -    - Line 9451: Invalid email format: invalid-9450.example.com
2025-08-13 22:22:20 -    - Line 9458: Invalid email format: invalid-9457.example.com
2025-08-13 22:22:20 -    - Line 9465: Invalid email format: invalid-9464.example.com
2025-08-13 22:22:20 -    - Line 9472: Invalid email format: invalid-9471.example.com
2025-08-13 22:22:20 -    - Line 9479: Invalid email format: invalid-9478.example.com
2025-08-13 22:22:20 -    - Line 9486: Invalid email format: invalid-9485.example.com
2025-08-13 22:22:20 -    - Line 9493: Invalid email format: invalid-9492.example.com
2025-08-13 22:22:20 -    - Line 9500: Invalid email format: invalid-9499.example.com
2025-08-13 22:22:20 -    - Line 9507: Invalid email format: invalid-9506.example.com
2025-08-13 22:22:20 -    - Line 9514: Invalid email format: invalid-9513.example.com
2025-08-13 22:22:20 -    - Line 9521: Invalid email format: invalid-9520.example.com
2025-08-13 22:22:20 -    - Line 9528: Invalid email format: invalid-9527.example.com
2025-08-13 22:22:20 -    - Line 9535: Invalid email format: invalid-9534.example.com
2025-08-13 22:22:20 -    - Line 9542: Invalid email format: invalid-9541.example.com
2025-08-13 22:22:20 -    - Line 9549: Invalid email format: invalid-9548.example.com
2025-08-13 22:22:20 -    - Line 9556: Invalid email format: invalid-9555.example.com
2025-08-13 22:22:20 -    - Line 9563: Invalid email format: invalid-9562.example.com
2025-08-13 22:22:20 -    - Line 9570: Invalid email format: invalid-9569.example.com
2025-08-13 22:22:20 -    - Line 9577: Invalid email format: invalid-9576.example.com
2025-08-13 22:22:20 -    - Line 9584: Invalid email format: invalid-9583.example.com
2025-08-13 22:22:20 -    - Line 9591: Invalid email format: invalid-9590.example.com
2025-08-13 22:22:20 -    - Line 9598: Invalid email format: invalid-9597.example.com
2025-08-13 22:22:20 -    - Line 9605: Invalid email format: invalid-9604.example.com
2025-08-13 22:22:20 -    - Line 9612: Invalid email format: invalid-9611.example.com
2025-08-13 22:22:20 -    - Line 9619: Invalid email format: invalid-9618.example.com
2025-08-13 22:22:20 -    - Line 9626: Invalid email format: invalid-9625.example.com
2025-08-13 22:22:20 -    - Line 9633: Invalid email format: invalid-9632.example.com
2025-08-13 22:22:20 -    - Line 9640: Invalid email format: invalid-9639.example.com
2025-08-13 22:22:20 -    - Line 9647: Invalid email format: invalid-9646.example.com
2025-08-13 22:22:20 -    - Line 9654: Invalid email format: invalid-9653.example.com
2025-08-13 22:22:20 -    - Line 9661: Invalid email format: invalid-9660.example.com
2025-08-13 22:22:20 -    - Line 9668: Invalid email format: invalid-9667.example.com
2025-08-13 22:22:20 -    - Line 9675: Invalid email format: invalid-9674.example.com
2025-08-13 22:22:20 -    - Line 9682: Invalid email format: invalid-9681.example.com
2025-08-13 22:22:20 -    - Line 9689: Invalid email format: invalid-9688.example.com
2025-08-13 22:22:20 -    - Line 9696: Invalid email format: invalid-9695.example.com
2025-08-13 22:22:20 -    - Line 9703: Invalid email format: invalid-9702.example.com
2025-08-13 22:22:20 -    - Line 9710: Invalid email format: invalid-9709.example.com
2025-08-13 22:22:20 -    - Line 9717: Invalid email format: invalid-9716.example.com
2025-08-13 22:22:20 -    - Line 9724: Invalid email format: invalid-9723.example.com
2025-08-13 22:22:20 -    - Line 9731: Invalid email format: invalid-9730.example.com
2025-08-13 22:22:20 -    - Line 9738: Invalid email format: invalid-9737.example.com
2025-08-13 22:22:20 -    - Line 9745: Invalid email format: invalid-9744.example.com
2025-08-13 22:22:20 -    - Line 9752: Invalid email format: invalid-9751.example.com
2025-08-13 22:22:20 -    - Line 9759: Invalid email format: invalid-9758.example.com
2025-08-13 22:22:20 -    - Line 9766: Invalid email format: invalid-9765.example.com
2025-08-13 22:22:20 -    - Line 9773: Invalid email format: invalid-9772.example.com
2025-08-13 22:22:20 -    - Line 9780: Invalid email format: invalid-9779.example.com
2025-08-13 22:22:20 -    - Line 9787: Invalid email format: invalid-9786.example.com
2025-08-13 22:22:20 -    - Line 9794: Invalid email format: invalid-9793.example.com
2025-08-13 22:22:20 -    - Line 9801: Invalid email format: invalid-9800.example.com
2025-08-13 22:22:20 -    - Line 9808: Invalid email format: invalid-9807.example.com
2025-08-13 22:22:20 -    - Line 9815: Invalid email format: invalid-9814.example.com
2025-08-13 22:22:20 -    - Line 9822: Invalid email format: invalid-9821.example.com
2025-08-13 22:22:20 -    - Line 9829: Invalid email format: invalid-9828.example.com
2025-08-13 22:22:20 -    - Line 9836: Invalid email format: invalid-9835.example.com
2025-08-13 22:22:20 -    - Line 9843: Invalid email format: invalid-9842.example.com
2025-08-13 22:22:20 -    - Line 9850: Invalid email format: invalid-9849.example.com
2025-08-13 22:22:20 -    - Line 9857: Invalid email format: invalid-9856.example.com
2025-08-13 22:22:20 -    - Line 9864: Invalid email format: invalid-9863.example.com
2025-08-13 22:22:20 -    - Line 9871: Invalid email format: invalid-9870.example.com
2025-08-13 22:22:20 -    - Line 9878: Invalid email format: invalid-9877.example.com
2025-08-13 22:22:20 -    - Line 9885: Invalid email format: invalid-9884.example.com
2025-08-13 22:22:20 -    - Line 9892: Invalid email format: invalid-9891.example.com
2025-08-13 22:22:20 -    - Line 9899: Invalid email format: invalid-9898.example.com
2025-08-13 22:22:20 -    - Line 9906: Invalid email format: invalid-9905.example.com
2025-08-13 22:22:20 -    - Line 9913: Invalid email format: invalid-9912.example.com
2025-08-13 22:22:20 -    - Line 9920: Invalid email format: invalid-9919.example.com
2025-08-13 22:22:20 -    - Line 9927: Invalid email format: invalid-9926.example.com
2025-08-13 22:22:20 -    - Line 9934: Invalid email format: invalid-9933.example.com
2025-08-13 22:22:20 -    - Line 9941: Invalid email format: invalid-9940.example.com
2025-08-13 22:22:20 -    - Line 9948: Invalid email format: invalid-9947.example.com
2025-08-13 22:22:20 -    - Line 9955: Invalid email format: invalid-9954.example.com
2025-08-13 22:22:20 -    - Line 9962: Invalid email format: invalid-9961.example.com
2025-08-13 22:22:20 -    - Line 9969: Invalid email format: invalid-9968.example.com
2025-08-13 22:22:20 -    - Line 9976: Invalid email format: invalid-9975.example.com
2025-08-13 22:22:20 -    - Line 9983: Invalid email format: invalid-9982.example.com
2025-08-13 22:22:20 -    - Line 9990: Invalid email format: invalid-9989.example.com
2025-08-13 22:22:20 -    - Line 9997: Invalid email format: invalid-9996.example.com
2025-08-13 22:22:20 - 📊 Successfully parsed 8572 persons from CSV file
2025-08-13 22:22:20 - 📊 Loaded 8572 persons from CSV file
2025-08-13 22:22:22 - 🏁 Finished reading CSV data - processed 8572 persons
2025-08-13 22:22:22 - ✅ Completed Step 1: Save to database
2025-08-13 22:22:22 -    - Read count: 8572
2025-08-13 22:22:22 -    - Write count: 8572
2025-08-13 22:22:22 -    - Skip count: 0
2025-08-13 22:22:22 -    📦 Upsert summary - inserted: 8572, updated: 0, written: 8572
2025-08-13 22:22:22 - Step: [step1SaveToDatabase] executed in 2s241ms
2025-08-13 22:22:22 - Executing step: [step2CalculateAge]
2025-08-13 22:22:22 - 🚀 Starting Step 2: Calculating ages via API
2025-08-13 22:22:22 -    - Chunk size: 5
2025-08-13 22:22:22 -    - Step name: step2CalculateAge
2025-08-13 22:22:22 - 🗄️ Creating database item reader
2025-08-13 22:22:22 - 🔄 Initializing database reader - loading all persons
2025-08-13 22:22:23 - 📊 Loaded 8572 persons from database for execution 1
2025-08-13 22:22:23 - 🧮 Creating age calculation processor
2025-08-13 22:22:24 - 🌐 External age API batch request - size=100 (one call for entire chunk)
2025-08-13 22:22:24 - 🌐 External age API batch request - size=100 (one call for entire chunk)
2025-08-13 22:22:25 - 🌐 External age API batch request - size=100 (one call for entire chunk)
2025-08-13 22:22:25 - 🌐 External age API batch request - size=100 (one call for entire chunk)
2025-08-13 22:22:26 - 🌐 External age API batch request - size=100 (one call for entire chunk)
2025-08-13 22:22:28 - 🌐 External age API batch request - size=100 (one call for entire chunk)
2025-08-13 22:22:28 - 🌐 External age API batch request - size=100 (one call for entire chunk)
2025-08-13 22:22:29 - 🌐 External age API batch request - size=100 (one call for entire chunk)
2025-08-13 22:22:30 - 🌐 External age API batch request - size=100 (one call for entire chunk)
2025-08-13 22:22:30 - 🌐 External age API batch request - size=100 (one call for entire chunk)
2025-08-13 22:22:32 - 🌐 External age API batch request - size=100 (one call for entire chunk)
2025-08-13 22:22:32 - 🌐 External age API batch request - size=100 (one call for entire chunk)
2025-08-13 22:22:33 - 🌐 External age API batch request - size=100 (one call for entire chunk)
2025-08-13 22:22:34 - 🌐 External age API batch request - size=100 (one call for entire chunk)
2025-08-13 22:22:34 - 🌐 External age API batch request - size=100 (one call for entire chunk)
2025-08-13 22:22:36 - 🌐 External age API batch request - size=100 (one call for entire chunk)
2025-08-13 22:22:36 - 🌐 External age API batch request - size=100 (one call for entire chunk)
2025-08-13 22:22:37 - 🌐 External age API batch request - size=100 (one call for entire chunk)
2025-08-13 22:22:38 - 🌐 External age API batch request - size=100 (one call for entire chunk)
2025-08-13 22:22:38 - 🌐 External age API batch request - size=100 (one call for entire chunk)
2025-08-13 22:22:40 - 🌐 External age API batch request - size=100 (one call for entire chunk)
2025-08-13 22:22:40 - 🌐 External age API batch request - size=100 (one call for entire chunk)
2025-08-13 22:22:41 - 🌐 External age API batch request - size=100 (one call for entire chunk)
2025-08-13 22:22:42 - 🌐 External age API batch request - size=100 (one call for entire chunk)
2025-08-13 22:22:42 - 🌐 External age API batch request - size=100 (one call for entire chunk)
2025-08-13 22:22:44 - 🌐 External age API batch request - size=100 (one call for entire chunk)
2025-08-13 22:22:44 - 🌐 External age API batch request - size=100 (one call for entire chunk)
2025-08-13 22:22:45 - 🌐 External age API batch request - size=100 (one call for entire chunk)
2025-08-13 22:22:46 - 🌐 External age API batch request - size=100 (one call for entire chunk)
2025-08-13 22:22:46 - 🌐 External age API batch request - size=100 (one call for entire chunk)
2025-08-13 22:22:48 - 🌐 External age API batch request - size=100 (one call for entire chunk)
2025-08-13 22:22:48 - 🌐 External age API batch request - size=100 (one call for entire chunk)
2025-08-13 22:22:49 - 🌐 External age API batch request - size=100 (one call for entire chunk)
2025-08-13 22:22:50 - 🌐 External age API batch request - size=100 (one call for entire chunk)
2025-08-13 22:22:50 - 🌐 External age API batch request - size=100 (one call for entire chunk)
2025-08-13 22:22:52 - 🌐 External age API batch request - size=100 (one call for entire chunk)
2025-08-13 22:22:52 - 🌐 External age API batch request - size=100 (one call for entire chunk)
2025-08-13 22:22:53 - 🌐 External age API batch request - size=100 (one call for entire chunk)
2025-08-13 22:22:54 - 🌐 External age API batch request - size=100 (one call for entire chunk)
2025-08-13 22:22:54 - 🌐 External age API batch request - size=100 (one call for entire chunk)
2025-08-13 22:22:56 - 🌐 External age API batch request - size=100 (one call for entire chunk)
2025-08-13 22:22:56 - 🌐 External age API batch request - size=100 (one call for entire chunk)
2025-08-13 22:22:57 - 🌐 External age API batch request - size=100 (one call for entire chunk)
2025-08-13 22:22:57 - 🌐 External age API batch request - size=100 (one call for entire chunk)
2025-08-13 22:22:58 - 🌐 External age API batch request - size=100 (one call for entire chunk)
2025-08-13 22:23:00 - 🌐 External age API batch request - size=100 (one call for entire chunk)
2025-08-13 22:23:00 - 🌐 External age API batch request - size=100 (one call for entire chunk)
2025-08-13 22:23:01 - 🌐 External age API batch request - size=100 (one call for entire chunk)
2025-08-13 22:23:01 - 🌐 External age API batch request - size=100 (one call for entire chunk)
2025-08-13 22:23:02 - 🌐 External age API batch request - size=100 (one call for entire chunk)
2025-08-13 22:23:03 - 🌐 External age API batch request - size=100 (one call for entire chunk)
2025-08-13 22:23:04 - 🌐 External age API batch request - size=100 (one call for entire chunk)
2025-08-13 22:23:05 - 🌐 External age API batch request - size=100 (one call for entire chunk)
2025-08-13 22:23:05 - 🌐 External age API batch request - size=100 (one call for entire chunk)
2025-08-13 22:23:06 - 🌐 External age API batch request - size=100 (one call for entire chunk)
2025-08-13 22:23:07 - 🌐 External age API batch request - size=100 (one call for entire chunk)
2025-08-13 22:23:08 - 🌐 External age API batch request - size=100 (one call for entire chunk)
2025-08-13 22:23:09 - 🌐 External age API batch request - size=100 (one call for entire chunk)
2025-08-13 22:23:09 - 🌐 External age API batch request - size=100 (one call for entire chunk)
2025-08-13 22:23:10 - 🌐 External age API batch request - size=100 (one call for entire chunk)
2025-08-13 22:23:11 - 🌐 External age API batch request - size=100 (one call for entire chunk)
2025-08-13 22:23:12 - 🌐 External age API batch request - size=100 (one call for entire chunk)
2025-08-13 22:23:13 - 🌐 External age API batch request - size=100 (one call for entire chunk)
2025-08-13 22:23:13 - 🌐 External age API batch request - size=100 (one call for entire chunk)
2025-08-13 22:23:14 - 🌐 External age API batch request - size=100 (one call for entire chunk)
2025-08-13 22:23:15 - 🌐 External age API batch request - size=100 (one call for entire chunk)
2025-08-13 22:23:16 - 🌐 External age API batch request - size=100 (one call for entire chunk)
2025-08-13 22:23:17 - 🌐 External age API batch request - size=100 (one call for entire chunk)
2025-08-13 22:23:17 - 🌐 External age API batch request - size=100 (one call for entire chunk)
2025-08-13 22:23:18 - 🌐 External age API batch request - size=100 (one call for entire chunk)
2025-08-13 22:23:19 - 🌐 External age API batch request - size=100 (one call for entire chunk)
2025-08-13 22:23:20 - 🌐 External age API batch request - size=100 (one call for entire chunk)
2025-08-13 22:23:20 - 🌐 External age API batch request - size=100 (one call for entire chunk)
2025-08-13 22:23:21 - 🌐 External age API batch request - size=100 (one call for entire chunk)
2025-08-13 22:23:22 - 🌐 External age API batch request - size=100 (one call for entire chunk)
2025-08-13 22:23:23 - 🌐 External age API batch request - size=100 (one call for entire chunk)
2025-08-13 22:23:24 - 🌐 External age API batch request - size=100 (one call for entire chunk)
2025-08-13 22:23:24 - 🌐 External age API batch request - size=100 (one call for entire chunk)
2025-08-13 22:23:25 - 🌐 External age API batch request - size=100 (one call for entire chunk)
2025-08-13 22:23:26 - 🌐 External age API batch request - size=100 (one call for entire chunk)
2025-08-13 22:23:27 - 🌐 External age API batch request - size=100 (one call for entire chunk)
2025-08-13 22:23:28 - 🌐 External age API batch request - size=100 (one call for entire chunk)
2025-08-13 22:23:28 - 🌐 External age API batch request - size=100 (one call for entire chunk)
2025-08-13 22:23:29 - 🌐 External age API batch request - size=100 (one call for entire chunk)
2025-08-13 22:23:30 - 🌐 External age API batch request - size=100 (one call for entire chunk)
2025-08-13 22:23:30 - 🏁 Finished reading from database - processed 8572 persons
2025-08-13 22:23:30 - 🌐 External age API batch request - size=72 (one call for entire chunk)
2025-08-13 22:23:31 - ✅ Completed Step 2: Age calculation
2025-08-13 22:23:31 -    - Read count: 8572
2025-08-13 22:23:31 -    - Write count: 8572
2025-08-13 22:23:31 -    - Skip count: 0
2025-08-13 22:23:31 -    📦 Upsert summary - inserted: 0, updated: 8572, written: 8572
2025-08-13 22:23:31 - Step: [step2CalculateAge] executed in 1m8s294ms
2025-08-13 22:23:31 - Executing step: [step3WriteToFile]
2025-08-13 22:23:31 - 🚀 Starting Step 3: Writing results to file
2025-08-13 22:23:31 -    - Chunk size: 10
2025-08-13 22:23:31 -    - Output file: output/persons_with_age.txt
2025-08-13 22:23:31 -    - Step name: step3WriteToFile
2025-08-13 22:23:31 - 📄 Creating database item reader for file output
2025-08-13 22:23:31 - 🔄 Initializing file output database reader - loading all persons
2025-08-13 22:23:31 - 📊 Loaded 8572 persons from database for file output (exec=1, age != null)
2025-08-13 22:23:31 - 🏁 Finished reading from database for file output - processed 8572 persons
2025-08-13 22:23:31 - ✅ Completed Step 3: Write to file
2025-08-13 22:23:31 -    - Read count: 8572
2025-08-13 22:23:31 -    - Write count: 8572
2025-08-13 22:23:31 -    - Skip count: 0
2025-08-13 22:23:31 - Step: [step3WriteToFile] executed in 199ms
2025-08-13 22:23:31 - 🏁 ========================================
2025-08-13 22:23:31 - ✅ JOB COMPLETED: processPersonJob
2025-08-13 22:23:31 - 📋 Job Instance ID: 1
2025-08-13 22:23:31 - 🆔 Job Execution ID: 1
2025-08-13 22:23:31 - 📊 Final Status: COMPLETED
2025-08-13 22:23:31 - ⏰ Start Time: 2025-08-13T22:22:20.678631
2025-08-13 22:23:31 - ⏰ End Time: 2025-08-13T22:23:31.430202
2025-08-13 22:23:31 - ⏱️ Total Duration: 70751 ms
2025-08-13 22:23:31 - 📈 Exit Code: COMPLETED
2025-08-13 22:23:31 - 📝 Exit Description: 
2025-08-13 22:23:31 - 📋 Step Execution Summary:
2025-08-13 22:23:31 -    📝 Step: step1SaveToDatabase - Status: COMPLETED - Read: 8572 - Write: 8572 - Skip: 0
2025-08-13 22:23:31 -    ⏱️ Step Duration: 2241 ms
2025-08-13 22:23:31 -    📝 Step: step2CalculateAge - Status: COMPLETED - Read: 8572 - Write: 8572 - Skip: 0
2025-08-13 22:23:31 -    ⏱️ Step Duration: 68294 ms
2025-08-13 22:23:31 -    📝 Step: step3WriteToFile - Status: COMPLETED - Read: 8572 - Write: 8572 - Skip: 0
2025-08-13 22:23:31 -    ⏱️ Step Duration: 199 ms
2025-08-13 22:23:31 - 🎉 JOB SUCCESSFULLY COMPLETED!
2025-08-13 22:23:31 - ========================================


2025-08-13 22:23:31 - Job: [SimpleJob: [name=processPersonJob]] completed with the following parameters: [{'csvPath':'{value=input/persons.csv, type=class java.lang.String, identifying=true}','time':'{value=9c65ac05-67cd-435d-b2a0-4419a37a71f5, type=class java.lang.String, identifying=true}','scenario':'{value=RETRYABLE, type=class java.lang.String, identifying=true}','retryAttempts':'{value=2, type=class java.lang.String, identifying=true}'}] and the following status: [COMPLETED] in 1m10s751ms
]]></system-out>
  </testcase>
  <testcase name="partialScenario_skipsEvery2_completesWithSkips" classname="com.example.springbatchtutorial.ScenarioIntegrationTests" time="0.148">
    <system-out><![CDATA[2025-08-13 22:23:31 - Job: [SimpleJob: [name=processPersonJob]] launched with the following parameters: [{'skipEvery':'{value=2, type=class java.lang.String, identifying=true}','csvPath':'{value=input/persons.csv, type=class java.lang.String, identifying=true}','time':'{value=45f62146-a5e8-41b8-8382-f154dec5764b, type=class java.lang.String, identifying=true}','scenario':'{value=PARTIAL, type=class java.lang.String, identifying=true}'}]
2025-08-13 22:23:31 - 

🎬 ========================================
2025-08-13 22:23:31 - 🚀 JOB STARTING: processPersonJob
2025-08-13 22:23:31 - 📋 Job Instance ID: 2
2025-08-13 22:23:31 - 🆔 Job Execution ID: 2
2025-08-13 22:23:31 - ⏰ Start Time: 2025-08-13T22:23:31.442389
2025-08-13 22:23:31 - 📊 Job Parameters: {'skipEvery':'{value=2, type=class java.lang.String, identifying=true}','csvPath':'{value=input/persons.csv, type=class java.lang.String, identifying=true}','time':'{value=45f62146-a5e8-41b8-8382-f154dec5764b, type=class java.lang.String, identifying=true}','scenario':'{value=PARTIAL, type=class java.lang.String, identifying=true}'}
2025-08-13 22:23:31 - 🎯 Expected Steps: processPersonJob
2025-08-13 22:23:31 - ========================================


2025-08-13 22:23:31 - Executing step: [step1SaveToDatabase]
2025-08-13 22:23:31 - 🚀 Starting Step 1: Reading CSV and saving to database
2025-08-13 22:23:31 -    - Chunk size: 100
2025-08-13 22:23:31 -    - Step name: step1SaveToDatabase
2025-08-13 22:23:31 - 📖 Creating CSV item reader
2025-08-13 22:23:31 - 🔄 Initializing CSV reader - loading data from file
2025-08-13 22:23:31 - 📂 Reading CSV file: input/persons.csv
2025-08-13 22:23:31 - 📄 File exists, size: 1264 bytes
2025-08-13 22:23:31 - 📋 CSV Header: FirstName, LastName, Email, DateOfBirth
2025-08-13 22:23:31 - ⚠️ Line 27: Insufficient columns (expected 4, got 1)
2025-08-13 22:23:31 - ⚠️ Line 28: Insufficient columns (expected 4, got 1)
2025-08-13 22:23:31 - 📊 CSV Processing Summary:
2025-08-13 22:23:31 -    - Total lines processed: 27
2025-08-13 22:23:31 -    - Valid records: 25
2025-08-13 22:23:31 -    - Invalid records: 2
2025-08-13 22:23:31 -    - Success rate: 93%
2025-08-13 22:23:31 - ⚠️ Validation Errors Summary:
2025-08-13 22:23:31 -    - Line 27: Insufficient columns (expected 4, got 1)
2025-08-13 22:23:31 -    - Line 28: Insufficient columns (expected 4, got 1)
2025-08-13 22:23:31 - 📊 Successfully parsed 25 persons from CSV file
2025-08-13 22:23:31 - 📊 Loaded 25 persons from CSV file
2025-08-13 22:23:31 - 🏁 Finished reading CSV data - processed 25 persons
2025-08-13 22:23:31 - ✅ Completed Step 1: Save to database
2025-08-13 22:23:31 -    - Read count: 25
2025-08-13 22:23:31 -    - Write count: 25
2025-08-13 22:23:31 -    - Skip count: 0
2025-08-13 22:23:31 -    📦 Upsert summary - inserted: 25, updated: 0, written: 25
2025-08-13 22:23:31 - Step: [step1SaveToDatabase] executed in 15ms
2025-08-13 22:23:31 - Executing step: [step2CalculateAge]
2025-08-13 22:23:31 - 🚀 Starting Step 2: Calculating ages via API
2025-08-13 22:23:31 -    - Chunk size: 5
2025-08-13 22:23:31 -    - Step name: step2CalculateAge
2025-08-13 22:23:31 - 🗄️ Creating database item reader
2025-08-13 22:23:31 - 🔄 Initializing database reader - loading all persons
2025-08-13 22:23:31 - 📊 Loaded 25 persons from database for execution 2
2025-08-13 22:23:31 - 🏁 Finished reading from database - processed 25 persons
2025-08-13 22:23:31 - 🧮 Creating age calculation processor
2025-08-13 22:23:31 - 🌐 External age API batch request - size=1 (one call for entire chunk)
2025-08-13 22:23:31 - ✅ Completed Step 2: Age calculation
2025-08-13 22:23:31 -    - Read count: 25
2025-08-13 22:23:31 -    - Write count: 1
2025-08-13 22:23:31 -    - Skip count: 24
2025-08-13 22:23:31 -    ⚠️ Skipped 24 items during processing (see logs for item details)
2025-08-13 22:23:31 -    📦 Upsert summary - inserted: 0, updated: 1, written: 1
2025-08-13 22:23:31 - Step: [step2CalculateAge] executed in 117ms
2025-08-13 22:23:31 - Executing step: [step3WriteToFile]
2025-08-13 22:23:31 - 🚀 Starting Step 3: Writing results to file
2025-08-13 22:23:31 -    - Chunk size: 10
2025-08-13 22:23:31 -    - Output file: output/persons_with_age.txt
2025-08-13 22:23:31 -    - Step name: step3WriteToFile
2025-08-13 22:23:31 - 📄 Creating database item reader for file output
2025-08-13 22:23:31 - 🔄 Initializing file output database reader - loading all persons
2025-08-13 22:23:31 - 📊 Loaded 1 persons from database for file output (exec=2, age != null)
2025-08-13 22:23:31 - 🏁 Finished reading from database for file output - processed 1 persons
2025-08-13 22:23:31 - ✅ Completed Step 3: Write to file
2025-08-13 22:23:31 -    - Read count: 1
2025-08-13 22:23:31 -    - Write count: 1
2025-08-13 22:23:31 -    - Skip count: 0
2025-08-13 22:23:31 - Step: [step3WriteToFile] executed in 3ms
2025-08-13 22:23:31 - 🏁 ========================================
2025-08-13 22:23:31 - ✅ JOB COMPLETED: processPersonJob
2025-08-13 22:23:31 - 📋 Job Instance ID: 2
2025-08-13 22:23:31 - 🆔 Job Execution ID: 2
2025-08-13 22:23:31 - 📊 Final Status: COMPLETED
2025-08-13 22:23:31 - ⏰ Start Time: 2025-08-13T22:23:31.442389
2025-08-13 22:23:31 - ⏰ End Time: 2025-08-13T22:23:31.583915
2025-08-13 22:23:31 - ⏱️ Total Duration: 141 ms
2025-08-13 22:23:31 - 📈 Exit Code: COMPLETED
2025-08-13 22:23:31 - 📝 Exit Description: 
2025-08-13 22:23:31 - 📋 Step Execution Summary:
2025-08-13 22:23:31 -    📝 Step: step1SaveToDatabase - Status: COMPLETED - Read: 25 - Write: 25 - Skip: 0
2025-08-13 22:23:31 -    ⏱️ Step Duration: 15 ms
2025-08-13 22:23:31 -    📝 Step: step2CalculateAge - Status: COMPLETED - Read: 25 - Write: 1 - Skip: 24
2025-08-13 22:23:31 -    ⏱️ Step Duration: 117 ms
2025-08-13 22:23:31 -    ⚠️ 24 items were skipped in step step2CalculateAge
2025-08-13 22:23:31 -    📝 Step: step3WriteToFile - Status: COMPLETED - Read: 1 - Write: 1 - Skip: 0
2025-08-13 22:23:31 -    ⏱️ Step Duration: 3 ms
2025-08-13 22:23:31 - 🎉 JOB SUCCESSFULLY COMPLETED!
2025-08-13 22:23:31 - ========================================


2025-08-13 22:23:31 - Job: [SimpleJob: [name=processPersonJob]] completed with the following parameters: [{'skipEvery':'{value=2, type=class java.lang.String, identifying=true}','csvPath':'{value=input/persons.csv, type=class java.lang.String, identifying=true}','time':'{value=45f62146-a5e8-41b8-8382-f154dec5764b, type=class java.lang.String, identifying=true}','scenario':'{value=PARTIAL, type=class java.lang.String, identifying=true}'}] and the following status: [COMPLETED] in 141ms
]]></system-out>
  </testcase>
  <testcase name="editableCsv_fixThenRerun_upsertsFixedPersons" classname="com.example.springbatchtutorial.ScenarioIntegrationTests" time="0.493">
    <system-out><![CDATA[2025-08-13 22:23:31 - Job: [SimpleJob: [name=processPersonJob]] launched with the following parameters: [{'csvPath':'{value=input/persons.csv, type=class java.lang.String, identifying=true}','time':'{value=79b74597-e5af-43b4-9895-8e8edaeaea61, type=class java.lang.String, identifying=true}','scenario':'{value=SUCCESS, type=class java.lang.String, identifying=true}'}]
2025-08-13 22:23:31 - 

🎬 ========================================
2025-08-13 22:23:31 - 🚀 JOB STARTING: processPersonJob
2025-08-13 22:23:31 - 📋 Job Instance ID: 3
2025-08-13 22:23:31 - 🆔 Job Execution ID: 3
2025-08-13 22:23:31 - ⏰ Start Time: 2025-08-13T22:23:31.588991
2025-08-13 22:23:31 - 📊 Job Parameters: {'csvPath':'{value=input/persons.csv, type=class java.lang.String, identifying=true}','time':'{value=79b74597-e5af-43b4-9895-8e8edaeaea61, type=class java.lang.String, identifying=true}','scenario':'{value=SUCCESS, type=class java.lang.String, identifying=true}'}
2025-08-13 22:23:31 - 🎯 Expected Steps: processPersonJob
2025-08-13 22:23:31 - ========================================


2025-08-13 22:23:31 - Executing step: [step1SaveToDatabase]
2025-08-13 22:23:31 - 🚀 Starting Step 1: Reading CSV and saving to database
2025-08-13 22:23:31 -    - Chunk size: 100
2025-08-13 22:23:31 -    - Step name: step1SaveToDatabase
2025-08-13 22:23:31 - 📖 Creating CSV item reader
2025-08-13 22:23:31 - 🔄 Initializing CSV reader - loading data from file
2025-08-13 22:23:31 - 📂 Reading CSV file: input/persons.csv
2025-08-13 22:23:31 - 📄 File exists, size: 1572 bytes
2025-08-13 22:23:31 - 📋 CSV Header: FirstName, LastName, Email, DateOfBirth
2025-08-13 22:23:31 - ⚠️ Line 4: Invalid email format: partial.invalid.email.example.com
2025-08-13 22:23:31 - ⚠️ Line 6: Date of birth is in the future: 2999-05-05
2025-08-13 22:23:31 - ⚠️ Line 8: Empty required field - FirstName: 'PARTIAL_EMPTY_DOB', LastName: 'Demo', Email: 'partial.emptydob@example.com', DateOfBirth: ''
2025-08-13 22:23:31 - ⚠️ Line 10: Date of birth seems unrealistic: 1800-01-01
2025-08-13 22:23:31 - ⚠️ Line 13: Invalid email format: partial.invalid2.example.com
2025-08-13 22:23:31 - ⚠️ Line 17: Date of birth is in the future: 2999-02-14
2025-08-13 22:23:31 - ⚠️ Line 19: Empty required field - FirstName: 'PARTIAL_EMPTY_DOB2', LastName: 'Demo', Email: 'partial.emptydob2@example.com', DateOfBirth: ''
2025-08-13 22:23:31 - ⚠️ Line 22: Date of birth seems unrealistic: 1800-06-18
2025-08-13 22:23:31 - ⚠️ Line 27: Insufficient columns (expected 4, got 1)
2025-08-13 22:23:31 - ⚠️ Line 28: Insufficient columns (expected 4, got 1)
2025-08-13 22:23:31 - 📊 CSV Processing Summary:
2025-08-13 22:23:31 -    - Total lines processed: 27
2025-08-13 22:23:31 -    - Valid records: 17
2025-08-13 22:23:31 -    - Invalid records: 10
2025-08-13 22:23:31 -    - Success rate: 63%
2025-08-13 22:23:31 - ⚠️ Validation Errors Summary:
2025-08-13 22:23:31 -    - Line 4: Invalid email format: partial.invalid.email.example.com
2025-08-13 22:23:31 -    - Line 6: Date of birth is in the future: 2999-05-05
2025-08-13 22:23:31 -    - Line 8: Empty required field - FirstName: 'PARTIAL_EMPTY_DOB', LastName: 'Demo', Email: 'partial.emptydob@example.com', DateOfBirth: ''
2025-08-13 22:23:31 -    - Line 10: Date of birth seems unrealistic: 1800-01-01
2025-08-13 22:23:31 -    - Line 13: Invalid email format: partial.invalid2.example.com
2025-08-13 22:23:31 -    - Line 17: Date of birth is in the future: 2999-02-14
2025-08-13 22:23:31 -    - Line 19: Empty required field - FirstName: 'PARTIAL_EMPTY_DOB2', LastName: 'Demo', Email: 'partial.emptydob2@example.com', DateOfBirth: ''
2025-08-13 22:23:31 -    - Line 22: Date of birth seems unrealistic: 1800-06-18
2025-08-13 22:23:31 -    - Line 27: Insufficient columns (expected 4, got 1)
2025-08-13 22:23:31 -    - Line 28: Insufficient columns (expected 4, got 1)
2025-08-13 22:23:31 - 📊 Successfully parsed 17 persons from CSV file
2025-08-13 22:23:31 - 📊 Loaded 17 persons from CSV file
2025-08-13 22:23:31 - 🏁 Finished reading CSV data - processed 17 persons
2025-08-13 22:23:31 - ✅ Completed Step 1: Save to database
2025-08-13 22:23:31 -    - Read count: 17
2025-08-13 22:23:31 -    - Write count: 17
2025-08-13 22:23:31 -    - Skip count: 0
2025-08-13 22:23:31 -    📦 Upsert summary - inserted: 17, updated: 0, written: 17
2025-08-13 22:23:31 - Step: [step1SaveToDatabase] executed in 3ms
2025-08-13 22:23:31 - Executing step: [step2CalculateAge]
2025-08-13 22:23:31 - 🚀 Starting Step 2: Calculating ages via API
2025-08-13 22:23:31 -    - Chunk size: 5
2025-08-13 22:23:31 -    - Step name: step2CalculateAge
2025-08-13 22:23:31 - 🗄️ Creating database item reader
2025-08-13 22:23:31 - 🔄 Initializing database reader - loading all persons
2025-08-13 22:23:31 - 📊 Loaded 17 persons from database for execution 3
2025-08-13 22:23:31 - 🏁 Finished reading from database - processed 17 persons
2025-08-13 22:23:31 - 🧮 Creating age calculation processor
2025-08-13 22:23:31 - 🌐 External age API batch request - size=17 (one call for entire chunk)
2025-08-13 22:23:31 - ✅ Completed Step 2: Age calculation
2025-08-13 22:23:31 -    - Read count: 17
2025-08-13 22:23:31 -    - Write count: 17
2025-08-13 22:23:31 -    - Skip count: 0
2025-08-13 22:23:31 -    📦 Upsert summary - inserted: 0, updated: 17, written: 17
2025-08-13 22:23:31 - Step: [step2CalculateAge] executed in 197ms
2025-08-13 22:23:31 - Executing step: [step3WriteToFile]
2025-08-13 22:23:31 - 🚀 Starting Step 3: Writing results to file
2025-08-13 22:23:31 -    - Chunk size: 10
2025-08-13 22:23:31 -    - Output file: output/persons_with_age.txt
2025-08-13 22:23:31 -    - Step name: step3WriteToFile
2025-08-13 22:23:31 - 📄 Creating database item reader for file output
2025-08-13 22:23:31 - 🔄 Initializing file output database reader - loading all persons
2025-08-13 22:23:31 - 📊 Loaded 17 persons from database for file output (exec=3, age != null)
2025-08-13 22:23:31 - 🏁 Finished reading from database for file output - processed 17 persons
2025-08-13 22:23:31 - ✅ Completed Step 3: Write to file
2025-08-13 22:23:31 -    - Read count: 17
2025-08-13 22:23:31 -    - Write count: 17
2025-08-13 22:23:31 -    - Skip count: 0
2025-08-13 22:23:31 - Step: [step3WriteToFile] executed in 3ms
2025-08-13 22:23:31 - 🏁 ========================================
2025-08-13 22:23:31 - ✅ JOB COMPLETED: processPersonJob
2025-08-13 22:23:31 - 📋 Job Instance ID: 3
2025-08-13 22:23:31 - 🆔 Job Execution ID: 3
2025-08-13 22:23:31 - 📊 Final Status: COMPLETED
2025-08-13 22:23:31 - ⏰ Start Time: 2025-08-13T22:23:31.588991
2025-08-13 22:23:31 - ⏰ End Time: 2025-08-13T22:23:31.797229
2025-08-13 22:23:31 - ⏱️ Total Duration: 208 ms
2025-08-13 22:23:31 - 📈 Exit Code: COMPLETED
2025-08-13 22:23:31 - 📝 Exit Description: 
2025-08-13 22:23:31 - 📋 Step Execution Summary:
2025-08-13 22:23:31 -    📝 Step: step1SaveToDatabase - Status: COMPLETED - Read: 17 - Write: 17 - Skip: 0
2025-08-13 22:23:31 -    ⏱️ Step Duration: 3 ms
2025-08-13 22:23:31 -    📝 Step: step2CalculateAge - Status: COMPLETED - Read: 17 - Write: 17 - Skip: 0
2025-08-13 22:23:31 -    ⏱️ Step Duration: 197 ms
2025-08-13 22:23:31 -    📝 Step: step3WriteToFile - Status: COMPLETED - Read: 17 - Write: 17 - Skip: 0
2025-08-13 22:23:31 -    ⏱️ Step Duration: 3 ms
2025-08-13 22:23:31 - 🎉 JOB SUCCESSFULLY COMPLETED!
2025-08-13 22:23:31 - ========================================


2025-08-13 22:23:31 - Job: [SimpleJob: [name=processPersonJob]] completed with the following parameters: [{'csvPath':'{value=input/persons.csv, type=class java.lang.String, identifying=true}','time':'{value=79b74597-e5af-43b4-9895-8e8edaeaea61, type=class java.lang.String, identifying=true}','scenario':'{value=SUCCESS, type=class java.lang.String, identifying=true}'}] and the following status: [COMPLETED] in 208ms
2025-08-13 22:23:31 - Job: [SimpleJob: [name=processPersonJob]] launched with the following parameters: [{'csvPath':'{value=input/persons.csv, type=class java.lang.String, identifying=true}','time':'{value=7a23f99a-086d-4461-8b6b-9a4c6022fd91, type=class java.lang.String, identifying=true}','scenario':'{value=SUCCESS, type=class java.lang.String, identifying=true}'}]
2025-08-13 22:23:31 - 

🎬 ========================================
2025-08-13 22:23:31 - 🚀 JOB STARTING: processPersonJob
2025-08-13 22:23:31 - 📋 Job Instance ID: 4
2025-08-13 22:23:31 - 🆔 Job Execution ID: 4
2025-08-13 22:23:31 - ⏰ Start Time: 2025-08-13T22:23:31.818606
2025-08-13 22:23:31 - 📊 Job Parameters: {'csvPath':'{value=input/persons.csv, type=class java.lang.String, identifying=true}','time':'{value=7a23f99a-086d-4461-8b6b-9a4c6022fd91, type=class java.lang.String, identifying=true}','scenario':'{value=SUCCESS, type=class java.lang.String, identifying=true}'}
2025-08-13 22:23:31 - 🎯 Expected Steps: processPersonJob
2025-08-13 22:23:31 - ========================================


2025-08-13 22:23:31 - Executing step: [step1SaveToDatabase]
2025-08-13 22:23:31 - 🚀 Starting Step 1: Reading CSV and saving to database
2025-08-13 22:23:31 -    - Chunk size: 100
2025-08-13 22:23:31 -    - Step name: step1SaveToDatabase
2025-08-13 22:23:31 - 📖 Creating CSV item reader
2025-08-13 22:23:31 - 🔄 Initializing CSV reader - loading data from file
2025-08-13 22:23:31 - 📂 Reading CSV file: input/persons.csv
2025-08-13 22:23:31 - 📄 File exists, size: 1592 bytes
2025-08-13 22:23:31 - 📋 CSV Header: FirstName, LastName, Email, DateOfBirth
2025-08-13 22:23:31 - ⚠️ Line 27: Insufficient columns (expected 4, got 1)
2025-08-13 22:23:31 - ⚠️ Line 28: Insufficient columns (expected 4, got 1)
2025-08-13 22:23:31 - 📊 CSV Processing Summary:
2025-08-13 22:23:31 -    - Total lines processed: 27
2025-08-13 22:23:31 -    - Valid records: 25
2025-08-13 22:23:31 -    - Invalid records: 2
2025-08-13 22:23:31 -    - Success rate: 93%
2025-08-13 22:23:31 - ⚠️ Validation Errors Summary:
2025-08-13 22:23:31 -    - Line 27: Insufficient columns (expected 4, got 1)
2025-08-13 22:23:31 -    - Line 28: Insufficient columns (expected 4, got 1)
2025-08-13 22:23:31 - 📊 Successfully parsed 25 persons from CSV file
2025-08-13 22:23:31 - 📊 Loaded 25 persons from CSV file
2025-08-13 22:23:31 - 🏁 Finished reading CSV data - processed 25 persons
2025-08-13 22:23:31 - ✅ Completed Step 1: Save to database
2025-08-13 22:23:31 -    - Read count: 25
2025-08-13 22:23:31 -    - Write count: 25
2025-08-13 22:23:31 -    - Skip count: 0
2025-08-13 22:23:31 -    📦 Upsert summary - inserted: 8, updated: 17, written: 25
2025-08-13 22:23:31 - Step: [step1SaveToDatabase] executed in 9ms
2025-08-13 22:23:31 - Executing step: [step2CalculateAge]
2025-08-13 22:23:31 - 🚀 Starting Step 2: Calculating ages via API
2025-08-13 22:23:31 -    - Chunk size: 5
2025-08-13 22:23:31 -    - Step name: step2CalculateAge
2025-08-13 22:23:31 - 🗄️ Creating database item reader
2025-08-13 22:23:31 - 🔄 Initializing database reader - loading all persons
2025-08-13 22:23:31 - 📊 Loaded 25 persons from database for execution 4
2025-08-13 22:23:31 - 🏁 Finished reading from database - processed 25 persons
2025-08-13 22:23:31 - 🧮 Creating age calculation processor
2025-08-13 22:23:31 - 🌐 External age API batch request - size=25 (one call for entire chunk)
2025-08-13 22:23:32 - ✅ Completed Step 2: Age calculation
2025-08-13 22:23:32 -    - Read count: 25
2025-08-13 22:23:32 -    - Write count: 25
2025-08-13 22:23:32 -    - Skip count: 0
2025-08-13 22:23:32 -    📦 Upsert summary - inserted: 0, updated: 25, written: 25
2025-08-13 22:23:32 - Step: [step2CalculateAge] executed in 239ms
2025-08-13 22:23:32 - Executing step: [step3WriteToFile]
2025-08-13 22:23:32 - 🚀 Starting Step 3: Writing results to file
2025-08-13 22:23:32 -    - Chunk size: 10
2025-08-13 22:23:32 -    - Output file: output/persons_with_age.txt
2025-08-13 22:23:32 -    - Step name: step3WriteToFile
2025-08-13 22:23:32 - 📄 Creating database item reader for file output
2025-08-13 22:23:32 - 🔄 Initializing file output database reader - loading all persons
2025-08-13 22:23:32 - 📊 Loaded 25 persons from database for file output (exec=4, age != null)
2025-08-13 22:23:32 - 🏁 Finished reading from database for file output - processed 25 persons
2025-08-13 22:23:32 - ✅ Completed Step 3: Write to file
2025-08-13 22:23:32 -    - Read count: 25
2025-08-13 22:23:32 -    - Write count: 25
2025-08-13 22:23:32 -    - Skip count: 0
2025-08-13 22:23:32 - Step: [step3WriteToFile] executed in 4ms
2025-08-13 22:23:32 - 🏁 ========================================
2025-08-13 22:23:32 - ✅ JOB COMPLETED: processPersonJob
2025-08-13 22:23:32 - 📋 Job Instance ID: 4
2025-08-13 22:23:32 - 🆔 Job Execution ID: 4
2025-08-13 22:23:32 - 📊 Final Status: COMPLETED
2025-08-13 22:23:32 - ⏰ Start Time: 2025-08-13T22:23:31.818606
2025-08-13 22:23:32 - ⏰ End Time: 2025-08-13T22:23:32.076558
2025-08-13 22:23:32 - ⏱️ Total Duration: 257 ms
2025-08-13 22:23:32 - 📈 Exit Code: COMPLETED
2025-08-13 22:23:32 - 📝 Exit Description: 
2025-08-13 22:23:32 - 📋 Step Execution Summary:
2025-08-13 22:23:32 -    📝 Step: step1SaveToDatabase - Status: COMPLETED - Read: 25 - Write: 25 - Skip: 0
2025-08-13 22:23:32 -    ⏱️ Step Duration: 9 ms
2025-08-13 22:23:32 -    📝 Step: step2CalculateAge - Status: COMPLETED - Read: 25 - Write: 25 - Skip: 0
2025-08-13 22:23:32 -    ⏱️ Step Duration: 239 ms
2025-08-13 22:23:32 -    📝 Step: step3WriteToFile - Status: COMPLETED - Read: 25 - Write: 25 - Skip: 0
2025-08-13 22:23:32 -    ⏱️ Step Duration: 4 ms
2025-08-13 22:23:32 - 🎉 JOB SUCCESSFULLY COMPLETED!
2025-08-13 22:23:32 - ========================================


2025-08-13 22:23:32 - Job: [SimpleJob: [name=processPersonJob]] completed with the following parameters: [{'csvPath':'{value=input/persons.csv, type=class java.lang.String, identifying=true}','time':'{value=7a23f99a-086d-4461-8b6b-9a4c6022fd91, type=class java.lang.String, identifying=true}','scenario':'{value=SUCCESS, type=class java.lang.String, identifying=true}'}] and the following status: [COMPLETED] in 257ms
]]></system-out>
  </testcase>
  <testcase name="retryableScenario_retriesThenSucceeds" classname="com.example.springbatchtutorial.ScenarioIntegrationTests" time="0.266">
    <system-out><![CDATA[2025-08-13 22:23:32 - Job: [SimpleJob: [name=processPersonJob]] launched with the following parameters: [{'csvPath':'{value=input/persons.csv, type=class java.lang.String, identifying=true}','time':'{value=721ae2c1-833d-494b-8085-1661fc0171af, type=class java.lang.String, identifying=true}','scenario':'{value=RETRYABLE, type=class java.lang.String, identifying=true}','retryAttempts':'{value=2, type=class java.lang.String, identifying=true}'}]
2025-08-13 22:23:32 - 

🎬 ========================================
2025-08-13 22:23:32 - 🚀 JOB STARTING: processPersonJob
2025-08-13 22:23:32 - 📋 Job Instance ID: 5
2025-08-13 22:23:32 - 🆔 Job Execution ID: 5
2025-08-13 22:23:32 - ⏰ Start Time: 2025-08-13T22:23:32.083692
2025-08-13 22:23:32 - 📊 Job Parameters: {'csvPath':'{value=input/persons.csv, type=class java.lang.String, identifying=true}','time':'{value=721ae2c1-833d-494b-8085-1661fc0171af, type=class java.lang.String, identifying=true}','scenario':'{value=RETRYABLE, type=class java.lang.String, identifying=true}','retryAttempts':'{value=2, type=class java.lang.String, identifying=true}'}
2025-08-13 22:23:32 - 🎯 Expected Steps: processPersonJob
2025-08-13 22:23:32 - ========================================


2025-08-13 22:23:32 - Executing step: [step1SaveToDatabase]
2025-08-13 22:23:32 - 🚀 Starting Step 1: Reading CSV and saving to database
2025-08-13 22:23:32 -    - Chunk size: 100
2025-08-13 22:23:32 -    - Step name: step1SaveToDatabase
2025-08-13 22:23:32 - 📖 Creating CSV item reader
2025-08-13 22:23:32 - 🔄 Initializing CSV reader - loading data from file
2025-08-13 22:23:32 - 📂 Reading CSV file: input/persons.csv
2025-08-13 22:23:32 - 📄 File exists, size: 1164 bytes
2025-08-13 22:23:32 - 📋 CSV Header: FirstName, LastName, Email, DateOfBirth
2025-08-13 22:23:32 - ⚠️ Line 27: Insufficient columns (expected 4, got 1)
2025-08-13 22:23:32 - ⚠️ Line 28: Insufficient columns (expected 4, got 1)
2025-08-13 22:23:32 - 📊 CSV Processing Summary:
2025-08-13 22:23:32 -    - Total lines processed: 27
2025-08-13 22:23:32 -    - Valid records: 25
2025-08-13 22:23:32 -    - Invalid records: 2
2025-08-13 22:23:32 -    - Success rate: 93%
2025-08-13 22:23:32 - ⚠️ Validation Errors Summary:
2025-08-13 22:23:32 -    - Line 27: Insufficient columns (expected 4, got 1)
2025-08-13 22:23:32 -    - Line 28: Insufficient columns (expected 4, got 1)
2025-08-13 22:23:32 - 📊 Successfully parsed 25 persons from CSV file
2025-08-13 22:23:32 - 📊 Loaded 25 persons from CSV file
2025-08-13 22:23:32 - 🏁 Finished reading CSV data - processed 25 persons
2025-08-13 22:23:32 - ✅ Completed Step 1: Save to database
2025-08-13 22:23:32 -    - Read count: 25
2025-08-13 22:23:32 -    - Write count: 25
2025-08-13 22:23:32 -    - Skip count: 0
2025-08-13 22:23:32 -    📦 Upsert summary - inserted: 25, updated: 0, written: 25
2025-08-13 22:23:32 - Step: [step1SaveToDatabase] executed in 6ms
2025-08-13 22:23:32 - Executing step: [step2CalculateAge]
2025-08-13 22:23:32 - 🚀 Starting Step 2: Calculating ages via API
2025-08-13 22:23:32 -    - Chunk size: 5
2025-08-13 22:23:32 -    - Step name: step2CalculateAge
2025-08-13 22:23:32 - 🗄️ Creating database item reader
2025-08-13 22:23:32 - 🔄 Initializing database reader - loading all persons
2025-08-13 22:23:32 - 📊 Loaded 25 persons from database for execution 5
2025-08-13 22:23:32 - 🏁 Finished reading from database - processed 25 persons
2025-08-13 22:23:32 - 🧮 Creating age calculation processor
2025-08-13 22:23:32 - 🌐 External age API batch request - size=25 (one call for entire chunk)
2025-08-13 22:23:32 - ✅ Completed Step 2: Age calculation
2025-08-13 22:23:32 -    - Read count: 25
2025-08-13 22:23:32 -    - Write count: 25
2025-08-13 22:23:32 -    - Skip count: 0
2025-08-13 22:23:32 -    📦 Upsert summary - inserted: 0, updated: 25, written: 25
2025-08-13 22:23:32 - Step: [step2CalculateAge] executed in 249ms
2025-08-13 22:23:32 - Executing step: [step3WriteToFile]
2025-08-13 22:23:32 - 🚀 Starting Step 3: Writing results to file
2025-08-13 22:23:32 -    - Chunk size: 10
2025-08-13 22:23:32 -    - Output file: output/persons_with_age.txt
2025-08-13 22:23:32 -    - Step name: step3WriteToFile
2025-08-13 22:23:32 - 📄 Creating database item reader for file output
2025-08-13 22:23:32 - 🔄 Initializing file output database reader - loading all persons
2025-08-13 22:23:32 - 📊 Loaded 25 persons from database for file output (exec=5, age != null)
2025-08-13 22:23:32 - 🏁 Finished reading from database for file output - processed 25 persons
2025-08-13 22:23:32 - ✅ Completed Step 3: Write to file
2025-08-13 22:23:32 -    - Read count: 25
2025-08-13 22:23:32 -    - Write count: 25
2025-08-13 22:23:32 -    - Skip count: 0
2025-08-13 22:23:32 - Step: [step3WriteToFile] executed in 2ms
2025-08-13 22:23:32 - 🏁 ========================================
2025-08-13 22:23:32 - ✅ JOB COMPLETED: processPersonJob
2025-08-13 22:23:32 - 📋 Job Instance ID: 5
2025-08-13 22:23:32 - 🆔 Job Execution ID: 5
2025-08-13 22:23:32 - 📊 Final Status: COMPLETED
2025-08-13 22:23:32 - ⏰ Start Time: 2025-08-13T22:23:32.083692
2025-08-13 22:23:32 - ⏰ End Time: 2025-08-13T22:23:32.344997
2025-08-13 22:23:32 - ⏱️ Total Duration: 261 ms
2025-08-13 22:23:32 - 📈 Exit Code: COMPLETED
2025-08-13 22:23:32 - 📝 Exit Description: 
2025-08-13 22:23:32 - 📋 Step Execution Summary:
2025-08-13 22:23:32 -    📝 Step: step1SaveToDatabase - Status: COMPLETED - Read: 25 - Write: 25 - Skip: 0
2025-08-13 22:23:32 -    ⏱️ Step Duration: 6 ms
2025-08-13 22:23:32 -    📝 Step: step2CalculateAge - Status: COMPLETED - Read: 25 - Write: 25 - Skip: 0
2025-08-13 22:23:32 -    ⏱️ Step Duration: 249 ms
2025-08-13 22:23:32 -    📝 Step: step3WriteToFile - Status: COMPLETED - Read: 25 - Write: 25 - Skip: 0
2025-08-13 22:23:32 -    ⏱️ Step Duration: 2 ms
2025-08-13 22:23:32 - 🎉 JOB SUCCESSFULLY COMPLETED!
2025-08-13 22:23:32 - ========================================


2025-08-13 22:23:32 - Job: [SimpleJob: [name=processPersonJob]] completed with the following parameters: [{'csvPath':'{value=input/persons.csv, type=class java.lang.String, identifying=true}','time':'{value=721ae2c1-833d-494b-8085-1661fc0171af, type=class java.lang.String, identifying=true}','scenario':'{value=RETRYABLE, type=class java.lang.String, identifying=true}','retryAttempts':'{value=2, type=class java.lang.String, identifying=true}'}] and the following status: [COMPLETED] in 261ms
]]></system-out>
  </testcase>
  <testcase name="successScenario_usesSuccessCsv_completes" classname="com.example.springbatchtutorial.ScenarioIntegrationTests" time="0.255">
    <system-out><![CDATA[2025-08-13 22:23:32 - Job: [SimpleJob: [name=processPersonJob]] launched with the following parameters: [{'csvPath':'{value=input/persons.csv, type=class java.lang.String, identifying=true}','time':'{value=771e7b35-13ae-4510-8c8c-67213a11f1d5, type=class java.lang.String, identifying=true}','scenario':'{value=SUCCESS, type=class java.lang.String, identifying=true}'}]
2025-08-13 22:23:32 - 

🎬 ========================================
2025-08-13 22:23:32 - 🚀 JOB STARTING: processPersonJob
2025-08-13 22:23:32 - 📋 Job Instance ID: 6
2025-08-13 22:23:32 - 🆔 Job Execution ID: 6
2025-08-13 22:23:32 - ⏰ Start Time: 2025-08-13T22:23:32.349031
2025-08-13 22:23:32 - 📊 Job Parameters: {'csvPath':'{value=input/persons.csv, type=class java.lang.String, identifying=true}','time':'{value=771e7b35-13ae-4510-8c8c-67213a11f1d5, type=class java.lang.String, identifying=true}','scenario':'{value=SUCCESS, type=class java.lang.String, identifying=true}'}
2025-08-13 22:23:32 - 🎯 Expected Steps: processPersonJob
2025-08-13 22:23:32 - ========================================


2025-08-13 22:23:32 - Executing step: [step1SaveToDatabase]
2025-08-13 22:23:32 - 🚀 Starting Step 1: Reading CSV and saving to database
2025-08-13 22:23:32 -    - Chunk size: 100
2025-08-13 22:23:32 -    - Step name: step1SaveToDatabase
2025-08-13 22:23:32 - 📖 Creating CSV item reader
2025-08-13 22:23:32 - 🔄 Initializing CSV reader - loading data from file
2025-08-13 22:23:32 - 📂 Reading CSV file: input/persons.csv
2025-08-13 22:23:32 - 📄 File exists, size: 1264 bytes
2025-08-13 22:23:32 - 📋 CSV Header: FirstName, LastName, Email, DateOfBirth
2025-08-13 22:23:32 - ⚠️ Line 27: Insufficient columns (expected 4, got 1)
2025-08-13 22:23:32 - ⚠️ Line 28: Insufficient columns (expected 4, got 1)
2025-08-13 22:23:32 - 📊 CSV Processing Summary:
2025-08-13 22:23:32 -    - Total lines processed: 27
2025-08-13 22:23:32 -    - Valid records: 25
2025-08-13 22:23:32 -    - Invalid records: 2
2025-08-13 22:23:32 -    - Success rate: 93%
2025-08-13 22:23:32 - ⚠️ Validation Errors Summary:
2025-08-13 22:23:32 -    - Line 27: Insufficient columns (expected 4, got 1)
2025-08-13 22:23:32 -    - Line 28: Insufficient columns (expected 4, got 1)
2025-08-13 22:23:32 - 📊 Successfully parsed 25 persons from CSV file
2025-08-13 22:23:32 - 📊 Loaded 25 persons from CSV file
2025-08-13 22:23:32 - 🏁 Finished reading CSV data - processed 25 persons
2025-08-13 22:23:32 - ✅ Completed Step 1: Save to database
2025-08-13 22:23:32 -    - Read count: 25
2025-08-13 22:23:32 -    - Write count: 25
2025-08-13 22:23:32 -    - Skip count: 0
2025-08-13 22:23:32 -    📦 Upsert summary - inserted: 0, updated: 25, written: 25
2025-08-13 22:23:32 - Step: [step1SaveToDatabase] executed in 3ms
2025-08-13 22:23:32 - Executing step: [step2CalculateAge]
2025-08-13 22:23:32 - 🚀 Starting Step 2: Calculating ages via API
2025-08-13 22:23:32 -    - Chunk size: 5
2025-08-13 22:23:32 -    - Step name: step2CalculateAge
2025-08-13 22:23:32 - 🗄️ Creating database item reader
2025-08-13 22:23:32 - 🔄 Initializing database reader - loading all persons
2025-08-13 22:23:32 - 📊 Loaded 25 persons from database for execution 6
2025-08-13 22:23:32 - 🏁 Finished reading from database - processed 25 persons
2025-08-13 22:23:32 - 🧮 Creating age calculation processor
2025-08-13 22:23:32 - 🌐 External age API batch request - size=25 (one call for entire chunk)
2025-08-13 22:23:32 - ✅ Completed Step 2: Age calculation
2025-08-13 22:23:32 -    - Read count: 25
2025-08-13 22:23:32 -    - Write count: 25
2025-08-13 22:23:32 -    - Skip count: 0
2025-08-13 22:23:32 -    📦 Upsert summary - inserted: 0, updated: 25, written: 25
2025-08-13 22:23:32 - Step: [step2CalculateAge] executed in 239ms
2025-08-13 22:23:32 - Executing step: [step3WriteToFile]
2025-08-13 22:23:32 - 🚀 Starting Step 3: Writing results to file
2025-08-13 22:23:32 -    - Chunk size: 10
2025-08-13 22:23:32 -    - Output file: output/persons_with_age.txt
2025-08-13 22:23:32 -    - Step name: step3WriteToFile
2025-08-13 22:23:32 - 📄 Creating database item reader for file output
2025-08-13 22:23:32 - 🔄 Initializing file output database reader - loading all persons
2025-08-13 22:23:32 - 📊 Loaded 25 persons from database for file output (exec=6, age != null)
2025-08-13 22:23:32 - 🏁 Finished reading from database for file output - processed 25 persons
2025-08-13 22:23:32 - ✅ Completed Step 3: Write to file
2025-08-13 22:23:32 -    - Read count: 25
2025-08-13 22:23:32 -    - Write count: 25
2025-08-13 22:23:32 -    - Skip count: 0
2025-08-13 22:23:32 - Step: [step3WriteToFile] executed in 4ms
2025-08-13 22:23:32 - 🏁 ========================================
2025-08-13 22:23:32 - ✅ JOB COMPLETED: processPersonJob
2025-08-13 22:23:32 - 📋 Job Instance ID: 6
2025-08-13 22:23:32 - 🆔 Job Execution ID: 6
2025-08-13 22:23:32 - 📊 Final Status: COMPLETED
2025-08-13 22:23:32 - ⏰ Start Time: 2025-08-13T22:23:32.349031
2025-08-13 22:23:32 - ⏰ End Time: 2025-08-13T22:23:32.600010
2025-08-13 22:23:32 - ⏱️ Total Duration: 250 ms
2025-08-13 22:23:32 - 📈 Exit Code: COMPLETED
2025-08-13 22:23:32 - 📝 Exit Description: 
2025-08-13 22:23:32 - 📋 Step Execution Summary:
2025-08-13 22:23:32 -    📝 Step: step1SaveToDatabase - Status: COMPLETED - Read: 25 - Write: 25 - Skip: 0
2025-08-13 22:23:32 -    ⏱️ Step Duration: 3 ms
2025-08-13 22:23:32 -    📝 Step: step2CalculateAge - Status: COMPLETED - Read: 25 - Write: 25 - Skip: 0
2025-08-13 22:23:32 -    ⏱️ Step Duration: 239 ms
2025-08-13 22:23:32 -    📝 Step: step3WriteToFile - Status: COMPLETED - Read: 25 - Write: 25 - Skip: 0
2025-08-13 22:23:32 -    ⏱️ Step Duration: 4 ms
2025-08-13 22:23:32 - 🎉 JOB SUCCESSFULLY COMPLETED!
2025-08-13 22:23:32 - ========================================


2025-08-13 22:23:32 - Job: [SimpleJob: [name=processPersonJob]] completed with the following parameters: [{'csvPath':'{value=input/persons.csv, type=class java.lang.String, identifying=true}','time':'{value=771e7b35-13ae-4510-8c8c-67213a11f1d5, type=class java.lang.String, identifying=true}','scenario':'{value=SUCCESS, type=class java.lang.String, identifying=true}'}] and the following status: [COMPLETED] in 250ms
]]></system-out>
  </testcase>
  <testcase name="failScenario_failsImmediately" classname="com.example.springbatchtutorial.ScenarioIntegrationTests" time="0.02">
    <system-out><![CDATA[2025-08-13 22:23:32 - Job: [SimpleJob: [name=processPersonJob]] launched with the following parameters: [{'csvPath':'{value=input/persons.csv, type=class java.lang.String, identifying=true}','time':'{value=8baaa601-a518-46b1-a74e-7ce8d8433bbd, type=class java.lang.String, identifying=true}','scenario':'{value=FAIL, type=class java.lang.String, identifying=true}'}]
2025-08-13 22:23:32 - 

🎬 ========================================
2025-08-13 22:23:32 - 🚀 JOB STARTING: processPersonJob
2025-08-13 22:23:32 - 📋 Job Instance ID: 7
2025-08-13 22:23:32 - 🆔 Job Execution ID: 7
2025-08-13 22:23:32 - ⏰ Start Time: 2025-08-13T22:23:32.605071
2025-08-13 22:23:32 - 📊 Job Parameters: {'csvPath':'{value=input/persons.csv, type=class java.lang.String, identifying=true}','time':'{value=8baaa601-a518-46b1-a74e-7ce8d8433bbd, type=class java.lang.String, identifying=true}','scenario':'{value=FAIL, type=class java.lang.String, identifying=true}'}
2025-08-13 22:23:32 - 🎯 Expected Steps: processPersonJob
2025-08-13 22:23:32 - ========================================


2025-08-13 22:23:32 - Executing step: [step1SaveToDatabase]
2025-08-13 22:23:32 - 🚀 Starting Step 1: Reading CSV and saving to database
2025-08-13 22:23:32 -    - Chunk size: 100
2025-08-13 22:23:32 -    - Step name: step1SaveToDatabase
2025-08-13 22:23:32 - 📖 Creating CSV item reader
2025-08-13 22:23:32 - 🔄 Initializing CSV reader - loading data from file
2025-08-13 22:23:32 - 📂 Reading CSV file: input/persons.csv
2025-08-13 22:23:32 - 📄 File exists, size: 1113 bytes
2025-08-13 22:23:32 - 📋 CSV Header: FirstName, LastName, Email, DateOfBirth
2025-08-13 22:23:32 - ⚠️ Line 27: Insufficient columns (expected 4, got 1)
2025-08-13 22:23:32 - 📊 CSV Processing Summary:
2025-08-13 22:23:32 -    - Total lines processed: 26
2025-08-13 22:23:32 -    - Valid records: 25
2025-08-13 22:23:32 -    - Invalid records: 1
2025-08-13 22:23:32 -    - Success rate: 96%
2025-08-13 22:23:32 - ⚠️ Validation Errors Summary:
2025-08-13 22:23:32 -    - Line 27: Insufficient columns (expected 4, got 1)
2025-08-13 22:23:32 - 📊 Successfully parsed 25 persons from CSV file
2025-08-13 22:23:32 - 📊 Loaded 25 persons from CSV file
2025-08-13 22:23:32 - 🏁 Finished reading CSV data - processed 25 persons
2025-08-13 22:23:32 - ✅ Completed Step 1: Save to database
2025-08-13 22:23:32 -    - Read count: 25
2025-08-13 22:23:32 -    - Write count: 25
2025-08-13 22:23:32 -    - Skip count: 0
2025-08-13 22:23:32 -    📦 Upsert summary - inserted: 25, updated: 0, written: 25
2025-08-13 22:23:32 - Step: [step1SaveToDatabase] executed in 4ms
2025-08-13 22:23:32 - Executing step: [step2CalculateAge]
2025-08-13 22:23:32 - 🚀 Starting Step 2: Calculating ages via API
2025-08-13 22:23:32 -    - Chunk size: 5
2025-08-13 22:23:32 -    - Step name: step2CalculateAge
2025-08-13 22:23:32 - 🗄️ Creating database item reader
2025-08-13 22:23:32 - 🔄 Initializing database reader - loading all persons
2025-08-13 22:23:32 - 📊 Loaded 25 persons from database for execution 7
2025-08-13 22:23:32 - 🏁 Finished reading from database - processed 25 persons
2025-08-13 22:23:32 - 🧮 Creating age calculation processor
2025-08-13 22:23:32 - Encountered an error executing step step2CalculateAge in job processPersonJob
org.springframework.retry.RetryException: Non-skippable exception in recoverer while processing
	at org.springframework.batch.core.step.item.FaultTolerantChunkProcessor.lambda$transform$1(FaultTolerantChunkProcessor.java:284)
	at org.springframework.retry.support.RetryTemplate.handleRetryExhausted(RetryTemplate.java:543)
	at org.springframework.retry.support.RetryTemplate.doExecute(RetryTemplate.java:389)
	at org.springframework.retry.support.RetryTemplate.execute(RetryTemplate.java:255)
	at org.springframework.batch.core.step.item.BatchRetryTemplate.execute(BatchRetryTemplate.java:216)
	at org.springframework.batch.core.step.item.FaultTolerantChunkProcessor.transform(FaultTolerantChunkProcessor.java:291)
	at org.springframework.batch.core.step.item.SimpleChunkProcessor.process(SimpleChunkProcessor.java:220)
	at org.springframework.batch.core.step.item.ChunkOrientedTasklet.execute(ChunkOrientedTasklet.java:75)
	at org.springframework.batch.core.step.tasklet.TaskletStep$ChunkTransactionCallback.doInTransaction(TaskletStep.java:388)
	at org.springframework.batch.core.step.tasklet.TaskletStep$ChunkTransactionCallback.doInTransaction(TaskletStep.java:312)
	at org.springframework.transaction.support.TransactionTemplate.execute(TransactionTemplate.java:140)
	at org.springframework.batch.core.step.tasklet.TaskletStep$2.doInChunkContext(TaskletStep.java:255)
	at org.springframework.batch.core.scope.context.StepContextRepeatCallback.doInIteration(StepContextRepeatCallback.java:82)
	at org.springframework.batch.repeat.support.RepeatTemplate.getNextResult(RepeatTemplate.java:369)
	at org.springframework.batch.repeat.support.RepeatTemplate.executeInternal(RepeatTemplate.java:206)
	at org.springframework.batch.repeat.support.RepeatTemplate.iterate(RepeatTemplate.java:140)
	at org.springframework.batch.core.step.tasklet.TaskletStep.doExecute(TaskletStep.java:240)
	at org.springframework.batch.core.step.AbstractStep.execute(AbstractStep.java:229)
	at org.springframework.batch.core.job.SimpleStepHandler.handleStep(SimpleStepHandler.java:153)
	at org.springframework.batch.core.job.AbstractJob.handleStep(AbstractJob.java:418)
	at org.springframework.batch.core.job.SimpleJob.doExecute(SimpleJob.java:132)
	at org.springframework.batch.core.job.AbstractJob.execute(AbstractJob.java:317)
	at org.springframework.batch.core.launch.support.SimpleJobLauncher$1.run(SimpleJobLauncher.java:157)
	at org.springframework.core.task.SyncTaskExecutor.execute(SyncTaskExecutor.java:50)
	at org.springframework.batch.core.launch.support.SimpleJobLauncher.run(SimpleJobLauncher.java:148)
	at org.springframework.batch.core.launch.support.TaskExecutorJobLauncher.run(TaskExecutorJobLauncher.java:59)
	at org.springframework.batch.test.JobLauncherTestUtils.launchJob(JobLauncherTestUtils.java:146)
	at com.example.springbatchtutorial.ScenarioIntegrationTests.failScenario_failsImmediately(ScenarioIntegrationTests.java:73)
	at java.base/jdk.internal.reflect.NativeMethodAccessorImpl.invoke0(Native Method)
	at java.base/jdk.internal.reflect.NativeMethodAccessorImpl.invoke(NativeMethodAccessorImpl.java:77)
	at java.base/jdk.internal.reflect.DelegatingMethodAccessorImpl.invoke(DelegatingMethodAccessorImpl.java:43)
	at java.base/java.lang.reflect.Method.invoke(Method.java:568)
	at org.junit.platform.commons.util.ReflectionUtils.invokeMethod(ReflectionUtils.java:728)
	at org.junit.jupiter.engine.execution.MethodInvocation.proceed(MethodInvocation.java:60)
	at org.junit.jupiter.engine.execution.InvocationInterceptorChain$ValidatingInvocation.proceed(InvocationInterceptorChain.java:131)
	at org.junit.jupiter.engine.extension.TimeoutExtension.intercept(TimeoutExtension.java:156)
	at org.junit.jupiter.engine.extension.TimeoutExtension.interceptTestableMethod(TimeoutExtension.java:147)
	at org.junit.jupiter.engine.extension.TimeoutExtension.interceptTestMethod(TimeoutExtension.java:86)
	at org.junit.jupiter.engine.execution.InterceptingExecutableInvoker$ReflectiveInterceptorCall.lambda$ofVoidMethod$0(InterceptingExecutableInvoker.java:103)
	at org.junit.jupiter.engine.execution.InterceptingExecutableInvoker.lambda$invoke$0(InterceptingExecutableInvoker.java:93)
	at org.junit.jupiter.engine.execution.InvocationInterceptorChain$InterceptedInvocation.proceed(InvocationInterceptorChain.java:106)
	at org.junit.jupiter.engine.execution.InvocationInterceptorChain.proceed(InvocationInterceptorChain.java:64)
	at org.junit.jupiter.engine.execution.InvocationInterceptorChain.chainAndInvoke(InvocationInterceptorChain.java:45)
	at org.junit.jupiter.engine.execution.InvocationInterceptorChain.invoke(InvocationInterceptorChain.java:37)
	at org.junit.jupiter.engine.execution.InterceptingExecutableInvoker.invoke(InterceptingExecutableInvoker.java:92)
	at org.junit.jupiter.engine.execution.InterceptingExecutableInvoker.invoke(InterceptingExecutableInvoker.java:86)
	at org.junit.jupiter.engine.descriptor.TestMethodTestDescriptor.lambda$invokeTestMethod$7(TestMethodTestDescriptor.java:218)
	at org.junit.platform.engine.support.hierarchical.ThrowableCollector.execute(ThrowableCollector.java:73)
	at org.junit.jupiter.engine.descriptor.TestMethodTestDescriptor.invokeTestMethod(TestMethodTestDescriptor.java:214)
	at org.junit.jupiter.engine.descriptor.TestMethodTestDescriptor.execute(TestMethodTestDescriptor.java:139)
	at org.junit.jupiter.engine.descriptor.TestMethodTestDescriptor.execute(TestMethodTestDescriptor.java:69)
	at org.junit.platform.engine.support.hierarchical.NodeTestTask.lambda$executeRecursively$6(NodeTestTask.java:151)
	at org.junit.platform.engine.support.hierarchical.ThrowableCollector.execute(ThrowableCollector.java:73)
	at org.junit.platform.engine.support.hierarchical.NodeTestTask.lambda$executeRecursively$8(NodeTestTask.java:141)
	at org.junit.platform.engine.support.hierarchical.Node.around(Node.java:137)
	at org.junit.platform.engine.support.hierarchical.NodeTestTask.lambda$executeRecursively$9(NodeTestTask.java:139)
	at org.junit.platform.engine.support.hierarchical.ThrowableCollector.execute(ThrowableCollector.java:73)
	at org.junit.platform.engine.support.hierarchical.NodeTestTask.executeRecursively(NodeTestTask.java:138)
	at org.junit.platform.engine.support.hierarchical.NodeTestTask.execute(NodeTestTask.java:95)
	at java.base/java.util.ArrayList.forEach(ArrayList.java:1511)
	at org.junit.platform.engine.support.hierarchical.SameThreadHierarchicalTestExecutorService.invokeAll(SameThreadHierarchicalTestExecutorService.java:41)
	at org.junit.platform.engine.support.hierarchical.NodeTestTask.lambda$executeRecursively$6(NodeTestTask.java:155)
	at org.junit.platform.engine.support.hierarchical.ThrowableCollector.execute(ThrowableCollector.java:73)
	at org.junit.platform.engine.support.hierarchical.NodeTestTask.lambda$executeRecursively$8(NodeTestTask.java:141)
	at org.junit.platform.engine.support.hierarchical.Node.around(Node.java:137)
	at org.junit.platform.engine.support.hierarchical.NodeTestTask.lambda$executeRecursively$9(NodeTestTask.java:139)
	at org.junit.platform.engine.support.hierarchical.ThrowableCollector.execute(ThrowableCollector.java:73)
	at org.junit.platform.engine.support.hierarchical.NodeTestTask.executeRecursively(NodeTestTask.java:138)
	at org.junit.platform.engine.support.hierarchical.NodeTestTask.execute(NodeTestTask.java:95)
	at java.base/java.util.ArrayList.forEach(ArrayList.java:1511)
	at org.junit.platform.engine.support.hierarchical.SameThreadHierarchicalTestExecutorService.invokeAll(SameThreadHierarchicalTestExecutorService.java:41)
	at org.junit.platform.engine.support.hierarchical.NodeTestTask.lambda$executeRecursively$6(NodeTestTask.java:155)
	at org.junit.platform.engine.support.hierarchical.ThrowableCollector.execute(ThrowableCollector.java:73)
	at org.junit.platform.engine.support.hierarchical.NodeTestTask.lambda$executeRecursively$8(NodeTestTask.java:141)
	at org.junit.platform.engine.support.hierarchical.Node.around(Node.java:137)
	at org.junit.platform.engine.support.hierarchical.NodeTestTask.lambda$executeRecursively$9(NodeTestTask.java:139)
	at org.junit.platform.engine.support.hierarchical.ThrowableCollector.execute(ThrowableCollector.java:73)
	at org.junit.platform.engine.support.hierarchical.NodeTestTask.executeRecursively(NodeTestTask.java:138)
	at org.junit.platform.engine.support.hierarchical.NodeTestTask.execute(NodeTestTask.java:95)
	at org.junit.platform.engine.support.hierarchical.SameThreadHierarchicalTestExecutorService.submit(SameThreadHierarchicalTestExecutorService.java:35)
	at org.junit.platform.engine.support.hierarchical.HierarchicalTestExecutor.execute(HierarchicalTestExecutor.java:57)
	at org.junit.platform.engine.support.hierarchical.HierarchicalTestEngine.execute(HierarchicalTestEngine.java:54)
	at org.junit.platform.launcher.core.EngineExecutionOrchestrator.execute(EngineExecutionOrchestrator.java:198)
	at org.junit.platform.launcher.core.EngineExecutionOrchestrator.execute(EngineExecutionOrchestrator.java:169)
	at org.junit.platform.launcher.core.EngineExecutionOrchestrator.execute(EngineExecutionOrchestrator.java:93)
	at org.junit.platform.launcher.core.EngineExecutionOrchestrator.lambda$execute$0(EngineExecutionOrchestrator.java:58)
	at org.junit.platform.launcher.core.EngineExecutionOrchestrator.withInterceptedStreams(EngineExecutionOrchestrator.java:141)
	at org.junit.platform.launcher.core.EngineExecutionOrchestrator.execute(EngineExecutionOrchestrator.java:57)
	at org.junit.platform.launcher.core.DefaultLauncher.execute(DefaultLauncher.java:103)
	at org.junit.platform.launcher.core.DefaultLauncher.execute(DefaultLauncher.java:85)
	at org.junit.platform.launcher.core.DelegatingLauncher.execute(DelegatingLauncher.java:47)
	at org.apache.maven.surefire.junitplatform.LazyLauncher.execute(LazyLauncher.java:56)
	at org.apache.maven.surefire.junitplatform.JUnitPlatformProvider.execute(JUnitPlatformProvider.java:184)
	at org.apache.maven.surefire.junitplatform.JUnitPlatformProvider.invokeAllTests(JUnitPlatformProvider.java:148)
	at org.apache.maven.surefire.junitplatform.JUnitPlatformProvider.invoke(JUnitPlatformProvider.java:122)
	at org.apache.maven.surefire.booter.ForkedBooter.runSuitesInProcess(ForkedBooter.java:385)
	at org.apache.maven.surefire.booter.ForkedBooter.execute(ForkedBooter.java:162)
	at org.apache.maven.surefire.booter.ForkedBooter.run(ForkedBooter.java:507)
	at org.apache.maven.surefire.booter.ForkedBooter.main(ForkedBooter.java:495)
Caused by: java.lang.RuntimeException: Simulated hard failure for demonstration
	at com.example.springbatchtutorial.config.BatchConfig.lambda$1(BatchConfig.java:520)
	at jdk.internal.reflect.GeneratedMethodAccessor41.invoke(Unknown Source)
	at java.base/jdk.internal.reflect.DelegatingMethodAccessorImpl.invoke(DelegatingMethodAccessorImpl.java:43)
	at java.base/java.lang.reflect.Method.invoke(Method.java:568)
	at org.springframework.aop.support.AopUtils.invokeJoinpointUsingReflection(AopUtils.java:352)
	at org.springframework.aop.framework.ReflectiveMethodInvocation.invokeJoinpoint(ReflectiveMethodInvocation.java:196)
	at org.springframework.aop.framework.ReflectiveMethodInvocation.proceed(ReflectiveMethodInvocation.java:163)
	at org.springframework.aop.support.DelegatingIntroductionInterceptor.doProceed(DelegatingIntroductionInterceptor.java:137)
	at org.springframework.aop.support.DelegatingIntroductionInterceptor.invoke(DelegatingIntroductionInterceptor.java:124)
	at org.springframework.aop.framework.ReflectiveMethodInvocation.proceed(ReflectiveMethodInvocation.java:184)
	at org.springframework.aop.framework.JdkDynamicAopProxy.invoke(JdkDynamicAopProxy.java:249)
	at jdk.proxy2/jdk.proxy2.$Proxy155.process(Unknown Source)
	at jdk.internal.reflect.GeneratedMethodAccessor41.invoke(Unknown Source)
	at java.base/jdk.internal.reflect.DelegatingMethodAccessorImpl.invoke(DelegatingMethodAccessorImpl.java:43)
	at java.base/java.lang.reflect.Method.invoke(Method.java:568)
	at org.springframework.aop.support.AopUtils.invokeJoinpointUsingReflection(AopUtils.java:352)
	at org.springframework.aop.framework.JdkDynamicAopProxy.invoke(JdkDynamicAopProxy.java:242)
	at jdk.proxy2/jdk.proxy2.$Proxy148.process(Unknown Source)
	at org.springframework.batch.core.step.item.SimpleChunkProcessor.doProcess(SimpleChunkProcessor.java:146)
	at org.springframework.batch.core.step.item.FaultTolerantChunkProcessor.lambda$transform$0(FaultTolerantChunkProcessor.java:228)
	at org.springframework.retry.support.RetryTemplate.doExecute(RetryTemplate.java:329)
	... 96 common frames omitted
2025-08-13 22:23:32 - ✅ Completed Step 2: Age calculation
2025-08-13 22:23:32 -    - Read count: 25
2025-08-13 22:23:32 -    - Write count: 0
2025-08-13 22:23:32 -    - Skip count: 0
2025-08-13 22:23:32 -    📦 Upsert summary - inserted: 0, updated: 0, written: 0
2025-08-13 22:23:32 - Step: [step2CalculateAge] executed in 7ms
2025-08-13 22:23:32 - 🏁 ========================================
2025-08-13 22:23:32 - ✅ JOB COMPLETED: processPersonJob
2025-08-13 22:23:32 - 📋 Job Instance ID: 7
2025-08-13 22:23:32 - 🆔 Job Execution ID: 7
2025-08-13 22:23:32 - 📊 Final Status: FAILED
2025-08-13 22:23:32 - ⏰ Start Time: 2025-08-13T22:23:32.605071
2025-08-13 22:23:32 - ⏰ End Time: 2025-08-13T22:23:32.619424
2025-08-13 22:23:32 - ⏱️ Total Duration: 14 ms
2025-08-13 22:23:32 - 📈 Exit Code: FAILED
2025-08-13 22:23:32 - 📝 Exit Description: org.springframework.retry.RetryException: Non-skippable exception in recoverer while processing
	at org.springframework.batch.core.step.item.FaultTolerantChunkProcessor.lambda$transform$1(FaultTolerantChunkProcessor.java:284)
	at org.springframework.retry.support.RetryTemplate.handleRetryExhausted(RetryTemplate.java:543)
	at org.springframework.retry.support.RetryTemplate.doExecute(RetryTemplate.java:389)
	at org.springframework.retry.support.RetryTemplate.execute(RetryTemplate.java:255)
	at org.springframework.batch.core.step.item.BatchRetryTemplate.execute(BatchRetryTemplate.java:216)
	at org.springframework.batch.core.step.item.FaultTolerantChunkProcessor.transform(FaultTolerantChunkProcessor.java:291)
	at org.springframework.batch.core.step.item.SimpleChunkProcessor.process(SimpleChunkProcessor.java:220)
	at org.springframework.batch.core.step.item.ChunkOrientedTasklet.execute(ChunkOrientedTasklet.java:75)
	at org.springframework.batch.core.step.tasklet.TaskletStep$ChunkTransactionCallback.doInTransaction(TaskletStep.java:388)
	at org.springframework.batch.core.step.tasklet.TaskletStep$ChunkTransactionCallback.doInTransaction(TaskletStep.java:312)
	at org.springframework.transaction.support.TransactionTemplate.execute(TransactionTemplate.java:140)
	at org.springframework.batch.core.step.tasklet.TaskletStep$2.doInChunkContext(TaskletStep.java:255)
	at org.springframework.batch.core.scope.context.StepContextRepeatCallback.doInIteration(StepContextRepeatCallback.java:82)
	at org.springframework.batch.repeat.support.RepeatTemplate.getNextResult(RepeatTemplate.java:369)
	at org.springframework.batch.repeat.support.RepeatTemplate.executeInternal(RepeatTemplate.java:206)
	at org.springframework.batch.repeat.support.RepeatTemplate.iterate(RepeatTemplate.java:140)
	at org.springframework.batch.core.step.tasklet.TaskletStep.doExecute(TaskletStep.java:240)
	at org.springframework.batch.core.step.AbstractStep.execute(AbstractStep.java:229)
	at org.springframework.batch.core.job.SimpleStepHandler.handleStep(SimpleStepHandler.java:153)
	at org.springframework.batch.core.job.AbstractJob.handleStep(AbstractJob.java:418)
	at org.springframework.batch.core.job.SimpleJob.doExecute(SimpleJob.java:132)
	at org.springframework.batch.core.job.AbstractJob.execute(AbstractJob.java:317)
	at org.springframework.batch.core.launch.support.SimpleJobLauncher$1.run(SimpleJobLauncher.java:157)
	at org.springframework.core.task.SyncTaskExecutor.execute(SyncTaskExecutor.java:50)
	at org.springframework.batch.core.launch.support.SimpleJobLauncher.run(SimpleJobLauncher.java:148)
	at org.springframework.batch.core.launch.support.TaskExecutorJobLauncher.run(TaskExecutorJobLauncher.java:59)
	at org.springframework.batch.test.JobLauncherTestUtils.launchJob(JobLauncherTestUtils.java:146)
	at com.example.springbatchtutorial.ScenarioIntegrationTests.failScenario_failsImmediately(ScenarioIntegrationTests.java:73)
	at java.base/jdk.internal.reflect.NativeMethodAccessorImpl.invoke0(Native Method)
	at java.base/jdk.internal.reflect.NativeMethodAccessorImpl.invoke(NativeMethodAccessorImpl.java:77)
	at java.base/jdk.internal.reflect.DelegatingMethodAccessorImpl.invoke(DelegatingMethodAccessorImpl.java:43)
	at java.base/java.lang.reflect.Method.invoke(Method.java:568)
	at org.junit.platform.commons.util.ReflectionUtils.invokeMethod(ReflectionUtils.java:728)
	at org.junit.jupiter.engine.execution.MethodInvocation.proceed(MethodInvocation.java:60)
	at org.junit.jupiter.engine.execution.InvocationInterceptorChain$ValidatingInvocation.proceed(InvocationInterceptorChain.java:131)
	at org.junit.jupiter.engine.extension.TimeoutExtension.intercept(TimeoutExtension.java:156)
	at org.junit.jupiter.engine.extension.TimeoutExtension.interceptTestableMethod(TimeoutExtension.java:147)
	at org.junit.jupiter.engine.extension.TimeoutExtension.interceptTestMethod(TimeoutExtension.java:86)
	at org.junit.jupiter.engine.execution.InterceptingExecutableInvoker$ReflectiveInterceptorCall.lambda$ofVoidMethod$0(InterceptingExecutableInvoker.java:103)
	at org.junit.jupiter.engine.execution.InterceptingExecutableInvoker.lambda$invoke$0(InterceptingExecutableInvoker.java:93)
	at org.junit.jupiter.engine.execution.InvocationInterceptorChain$InterceptedInvocation.proceed(InvocationInterceptorChain.java:106)
	at org.junit.jupiter.engine.execution.InvocationInterceptorChain.proceed(InvocationInterceptorChain.java:64)
	at org.junit.jupiter.engine.execution.InvocationInterceptorChain.chainAndInvoke(InvocationInterceptorChain.java:45)
	at org.junit.jupiter.engine.execution.InvocationInterceptorChain.invoke(InvocationInterceptorChain.java:37)
	at org.junit.jupiter.engine.execution.InterceptingExecutableInvoker.invoke(InterceptingExecutableInvoker.java:92)
	at org.junit.jupiter.engine.execution.InterceptingExecutableInvoker.invoke(InterceptingExecutableInvoker.java:86)
	at org.junit.jupiter.engine.descriptor.TestMethodTestDescriptor.lambda$invokeTestMethod$7(TestMethodTestDescriptor.java:218)
	at org.junit.platform.engine.support.hierarchical.ThrowableCollector.execute(ThrowableCollector.java:73)
	at org.junit.jupiter.engine.descriptor.TestMethodTestDescriptor.invokeTestMethod(TestMethodTestDescriptor.java:214)
	at org.junit.jupiter.engine.descriptor.TestMethodTestDescriptor.execute(TestMethodTestDescriptor.java:139)
	at org.junit.jupiter.engine.descriptor.TestMethodTestDescriptor.execute(TestMethodTestDescriptor.java:69)
	at org.junit.platform.engine.support.hierarchical.NodeTestTask.lambda$executeRecursively$6(NodeTestTask.java:151)
	at org.junit.platform.engine.support.hierarchical.ThrowableCollector.execute(ThrowableCollector.java:73)
	at org.junit.platform.engine.support.hierarchical.NodeTestTask.lambda$executeRecursively$8(NodeTestTask.java:141)
	at org.junit.platform.engine.support.hierarchical.Node.around(Node.java:137)
	at org.junit.platform.engine.support.hierarchical.NodeTestTask.lambda$executeRecursively$9(NodeTestTask.java:139)
	at org.junit.platform.engine.support.hierarchical.ThrowableCollector.execute(ThrowableCollector.java:73)
	at org.junit.platform.engine.support.hierarchical.NodeTestTask.executeRecursively(NodeTestTask.java:138)
	at org.junit.platform.engine.support.hierarchical.NodeTestTask.execute(NodeTestTask.java:95)
	at java.base/java.util.ArrayList.forEach(ArrayList.java:1511)
	at org.junit.platform.engine.support.hierarchical.SameThreadHierarchicalTestExecutorService.invokeAll(SameThreadHierarchicalTestExecutorService.java:41)
	at org.junit.platform.engine.support.hierarchical.NodeTestTask.lambda$executeRecursively$6(NodeTestTask.java:155)
	at org.junit.platform.engine.support.hierarchical.ThrowableCollector.execute(ThrowableCollector.java:73)
	at org.junit.platform.engine.support.hierarchical.NodeTestTask.lambda$executeRecursively$8(NodeTestTask.java:141)
	at org.junit.platform.engine.support.hierarchical.Node.around(Node.java:137)
	at org.junit.platform.engine.support.hierarchical.NodeTestTask.lambda$executeRecursively$9(NodeTestTask.java:139)
	at org.junit.platform.engine.support.hierarchical.ThrowableCollector.execute(ThrowableCollector.java:73)
	at org.junit.platform.engine.support.hierarchical.NodeTestTask.executeRecursively(NodeTestTask.java:138)
	at org.junit.platform.engine.support.hierarchical.NodeTestTask.execute(NodeTestTask.java:95)
	at java.base/java.util.ArrayList.forEach(ArrayList.java:1511)
	at org.junit.platform.engine.support.hierarchical.SameThreadHierarchicalTestExecutorService.invokeAll(SameThreadHierarchicalTestExecutorService.java:41)
	at org.junit.platform.engine.support.hierarchical.NodeTestTask.lambda$executeRecursively$6(NodeTestTask.java:155)
	at org.junit.platform.engine.support.hierarchical.ThrowableCollector.execute(ThrowableCollector.java:73)
	at org.junit.platform.engine.support.hierarchical.NodeTestTask.lambda$executeRecursively$8(NodeTestTask.java:141)
	at org.junit.platform.engine.support.hierarchical.Node.around(Node.java:137)
	at org.junit.platform.engine.support.hierarchical.NodeTestTask.lambda$executeRecursively$9(NodeTestTask.java:139)
	at org.junit.platform.engine.support.hierarchical.ThrowableCollector.execute(ThrowableCollector.java:73)
	at org.junit.platform.engine.support.hierarchical.NodeTestTask.executeRecursively(NodeTestTask.java:138)
	at org.junit.platform.engine.support.hierarchical.NodeTestTask.execute(NodeTestTask.java:95)
	at org.junit.platform.engine.support.hierarchical.SameThreadHierarchicalTestExecutorService.submit(SameThreadHierarchicalTestExecutorService.java:35)
	at org.junit.platform.engine.support.hierarchical.HierarchicalTestExecutor.execute(HierarchicalTestExecutor.java:57)
	at org.junit.platform.engine.support.hierarchical.HierarchicalTestEngine.execute(HierarchicalTestEngine.java:54)
	at org.junit.platform.launcher.core.EngineExecutionOrchestrator.execute(EngineExecutionOrchestrator.java:198)
	at org.junit.platform.launcher.core.EngineExecutionOrchestrator.execute(EngineExecutionOrchestrator.java:169)
	at org.junit.platform.launcher.core.EngineExecutionOrchestrator.execute(EngineExecutionOrchestrator.java:93)
	at org.junit.platform.launcher.core.EngineExecutionOrchestrator.lambda$execute$0(EngineExecutionOrchestrator.java:58)
	at org.junit.platform.launcher.core.EngineExecutionOrchestrator.withInterceptedStreams(EngineExecutionOrchestrator.java:141)
	at org.junit.platform.launcher.core.EngineExecutionOrchestrator.execute(EngineExecutionOrchestrator.java:57)
	at org.junit.platform.launcher.core.DefaultLauncher.execute(DefaultLauncher.java:103)
	at org.junit.platform.launcher.core.DefaultLauncher.execute(DefaultLauncher.java:85)
	at org.junit.platform.launcher.core.DelegatingLauncher.execute(DelegatingLauncher.java:47)
	at org.apache.maven.surefire.junitplatform.LazyLauncher.execute(LazyLauncher.java:56)
	at org.apache.maven.surefire.junitplatform.JUnitPlatformProvider.execute(JUnitPlatformProvider.java:184)
	at org.apache.maven.surefire.junitplatform.JUnitPlatformProvider.invokeAllTests(JUnitPlatformProvider.java:148)
	at org.apache.maven.surefire.junitplatform.JUnitPlatformProvider.invoke(JUnitPlatformProvider.java:122)
	at org.apache.maven.surefire.booter.ForkedBooter.runSuitesInProcess(ForkedBooter.java:385)
	at org.apache.maven.surefire.booter.ForkedBooter.execute(ForkedBooter.java:162)
	at org.apache.maven.surefire.booter.ForkedBooter.run(ForkedBooter.java:507)
	at org.apache.maven.surefire.booter.ForkedBooter.main(ForkedBooter.java:495)
Caused by: java.lang.RuntimeException: Simulated hard failure for demonstration
	at com.example.springbatchtutorial.config.BatchConfig.lambda$1(BatchConfig.java:520)
	at jdk.internal.reflect.GeneratedMethodAccessor41.invoke(Unknown Source)
	at java.base/jdk.internal.reflect.DelegatingMethodAccessorImpl.invoke(DelegatingMethodAccessorImpl.java:43)
	at java.base/java.lang.reflect.Method.invoke(Method.java:568)
	at org.springframework.aop.support.AopUtils.invokeJoinpointUsingReflection(AopUtils.java:352)
	at org.springframework.aop.framework.ReflectiveMethodInvocation.invokeJoinpoint(ReflectiveMethodInvocation.java:196)
	at org.springframework.aop.framework.ReflectiveMethodInvocation.proceed(ReflectiveMethodInvocation.java:163)
	at org.springframework.aop.support.DelegatingIntroductionInterceptor.doProceed(DelegatingIntroductionInterceptor.java:137)
	at org.springframework.aop.support.DelegatingIntroductionInterceptor.invoke(DelegatingIntroductionInterceptor.java:124)
	at org.springframework.aop.framework.ReflectiveMethodInvocation.proceed(ReflectiveMethodInvocation.java:184)
	at org.springframework.aop.framework.JdkDynamicAopProxy.invoke(JdkDynamicAopProxy.java:249)
	at jdk.proxy2/jdk.proxy2.$Proxy155.process(Unknown Source)
	at jdk.internal.reflect.GeneratedMethodAccessor41.invoke(Unknown Source)
	at java.base/jdk.internal.reflect.DelegatingMethodAccessorImpl.invoke(DelegatingMethodAccessorImpl.java:43)
	at java.base/java.lang.reflect.Method.invoke(Method.java:568)
	at org.springframework.aop.support.AopUtils.invokeJoinpointUsingReflection(AopUtils.java:352)
	at org.springframework.aop.framework.JdkDynamicAopProxy.invoke(JdkDynamicAopProxy.java:242)
	at jdk.proxy2/jdk.proxy2.$Proxy148.process(Unknown Source)
	at org.springframework.batch.core.step.item.SimpleChunkProcessor.doProcess(SimpleChunkProcessor.java:146)
	at org.springframework.batch.core.step.item.FaultTolerantChunkProcessor.lambda$transform$0(FaultTolerantChunkProcessor.java:228)
	at org.springframework.retry.support.RetryTemplate.doExecute(RetryTemplate.java:329)
	... 96 more

2025-08-13 22:23:32 - 📋 Step Execution Summary:
2025-08-13 22:23:32 -    📝 Step: step1SaveToDatabase - Status: COMPLETED - Read: 25 - Write: 25 - Skip: 0
2025-08-13 22:23:32 -    ⏱️ Step Duration: 4 ms
2025-08-13 22:23:32 -    📝 Step: step2CalculateAge - Status: FAILED - Read: 25 - Write: 0 - Skip: 0
2025-08-13 22:23:32 -    ⏱️ Step Duration: 7 ms
2025-08-13 22:23:32 - ❌ JOB FAILED!
2025-08-13 22:23:32 - 🔍 Failure Exceptions:
2025-08-13 22:23:32 -    ❌ Exception: Non-skippable exception in recoverer while processing
org.springframework.retry.RetryException: Non-skippable exception in recoverer while processing
	at org.springframework.batch.core.step.item.FaultTolerantChunkProcessor.lambda$transform$1(FaultTolerantChunkProcessor.java:284)
	at org.springframework.retry.support.RetryTemplate.handleRetryExhausted(RetryTemplate.java:543)
	at org.springframework.retry.support.RetryTemplate.doExecute(RetryTemplate.java:389)
	at org.springframework.retry.support.RetryTemplate.execute(RetryTemplate.java:255)
	at org.springframework.batch.core.step.item.BatchRetryTemplate.execute(BatchRetryTemplate.java:216)
	at org.springframework.batch.core.step.item.FaultTolerantChunkProcessor.transform(FaultTolerantChunkProcessor.java:291)
	at org.springframework.batch.core.step.item.SimpleChunkProcessor.process(SimpleChunkProcessor.java:220)
	at org.springframework.batch.core.step.item.ChunkOrientedTasklet.execute(ChunkOrientedTasklet.java:75)
	at org.springframework.batch.core.step.tasklet.TaskletStep$ChunkTransactionCallback.doInTransaction(TaskletStep.java:388)
	at org.springframework.batch.core.step.tasklet.TaskletStep$ChunkTransactionCallback.doInTransaction(TaskletStep.java:312)
	at org.springframework.transaction.support.TransactionTemplate.execute(TransactionTemplate.java:140)
	at org.springframework.batch.core.step.tasklet.TaskletStep$2.doInChunkContext(TaskletStep.java:255)
	at org.springframework.batch.core.scope.context.StepContextRepeatCallback.doInIteration(StepContextRepeatCallback.java:82)
	at org.springframework.batch.repeat.support.RepeatTemplate.getNextResult(RepeatTemplate.java:369)
	at org.springframework.batch.repeat.support.RepeatTemplate.executeInternal(RepeatTemplate.java:206)
	at org.springframework.batch.repeat.support.RepeatTemplate.iterate(RepeatTemplate.java:140)
	at org.springframework.batch.core.step.tasklet.TaskletStep.doExecute(TaskletStep.java:240)
	at org.springframework.batch.core.step.AbstractStep.execute(AbstractStep.java:229)
	at org.springframework.batch.core.job.SimpleStepHandler.handleStep(SimpleStepHandler.java:153)
	at org.springframework.batch.core.job.AbstractJob.handleStep(AbstractJob.java:418)
	at org.springframework.batch.core.job.SimpleJob.doExecute(SimpleJob.java:132)
	at org.springframework.batch.core.job.AbstractJob.execute(AbstractJob.java:317)
	at org.springframework.batch.core.launch.support.SimpleJobLauncher$1.run(SimpleJobLauncher.java:157)
	at org.springframework.core.task.SyncTaskExecutor.execute(SyncTaskExecutor.java:50)
	at org.springframework.batch.core.launch.support.SimpleJobLauncher.run(SimpleJobLauncher.java:148)
	at org.springframework.batch.core.launch.support.TaskExecutorJobLauncher.run(TaskExecutorJobLauncher.java:59)
	at org.springframework.batch.test.JobLauncherTestUtils.launchJob(JobLauncherTestUtils.java:146)
	at com.example.springbatchtutorial.ScenarioIntegrationTests.failScenario_failsImmediately(ScenarioIntegrationTests.java:73)
	at java.base/jdk.internal.reflect.NativeMethodAccessorImpl.invoke0(Native Method)
	at java.base/jdk.internal.reflect.NativeMethodAccessorImpl.invoke(NativeMethodAccessorImpl.java:77)
	at java.base/jdk.internal.reflect.DelegatingMethodAccessorImpl.invoke(DelegatingMethodAccessorImpl.java:43)
	at java.base/java.lang.reflect.Method.invoke(Method.java:568)
	at org.junit.platform.commons.util.ReflectionUtils.invokeMethod(ReflectionUtils.java:728)
	at org.junit.jupiter.engine.execution.MethodInvocation.proceed(MethodInvocation.java:60)
	at org.junit.jupiter.engine.execution.InvocationInterceptorChain$ValidatingInvocation.proceed(InvocationInterceptorChain.java:131)
	at org.junit.jupiter.engine.extension.TimeoutExtension.intercept(TimeoutExtension.java:156)
	at org.junit.jupiter.engine.extension.TimeoutExtension.interceptTestableMethod(TimeoutExtension.java:147)
	at org.junit.jupiter.engine.extension.TimeoutExtension.interceptTestMethod(TimeoutExtension.java:86)
	at org.junit.jupiter.engine.execution.InterceptingExecutableInvoker$ReflectiveInterceptorCall.lambda$ofVoidMethod$0(InterceptingExecutableInvoker.java:103)
	at org.junit.jupiter.engine.execution.InterceptingExecutableInvoker.lambda$invoke$0(InterceptingExecutableInvoker.java:93)
	at org.junit.jupiter.engine.execution.InvocationInterceptorChain$InterceptedInvocation.proceed(InvocationInterceptorChain.java:106)
	at org.junit.jupiter.engine.execution.InvocationInterceptorChain.proceed(InvocationInterceptorChain.java:64)
	at org.junit.jupiter.engine.execution.InvocationInterceptorChain.chainAndInvoke(InvocationInterceptorChain.java:45)
	at org.junit.jupiter.engine.execution.InvocationInterceptorChain.invoke(InvocationInterceptorChain.java:37)
	at org.junit.jupiter.engine.execution.InterceptingExecutableInvoker.invoke(InterceptingExecutableInvoker.java:92)
	at org.junit.jupiter.engine.execution.InterceptingExecutableInvoker.invoke(InterceptingExecutableInvoker.java:86)
	at org.junit.jupiter.engine.descriptor.TestMethodTestDescriptor.lambda$invokeTestMethod$7(TestMethodTestDescriptor.java:218)
	at org.junit.platform.engine.support.hierarchical.ThrowableCollector.execute(ThrowableCollector.java:73)
	at org.junit.jupiter.engine.descriptor.TestMethodTestDescriptor.invokeTestMethod(TestMethodTestDescriptor.java:214)
	at org.junit.jupiter.engine.descriptor.TestMethodTestDescriptor.execute(TestMethodTestDescriptor.java:139)
	at org.junit.jupiter.engine.descriptor.TestMethodTestDescriptor.execute(TestMethodTestDescriptor.java:69)
	at org.junit.platform.engine.support.hierarchical.NodeTestTask.lambda$executeRecursively$6(NodeTestTask.java:151)
	at org.junit.platform.engine.support.hierarchical.ThrowableCollector.execute(ThrowableCollector.java:73)
	at org.junit.platform.engine.support.hierarchical.NodeTestTask.lambda$executeRecursively$8(NodeTestTask.java:141)
	at org.junit.platform.engine.support.hierarchical.Node.around(Node.java:137)
	at org.junit.platform.engine.support.hierarchical.NodeTestTask.lambda$executeRecursively$9(NodeTestTask.java:139)
	at org.junit.platform.engine.support.hierarchical.ThrowableCollector.execute(ThrowableCollector.java:73)
	at org.junit.platform.engine.support.hierarchical.NodeTestTask.executeRecursively(NodeTestTask.java:138)
	at org.junit.platform.engine.support.hierarchical.NodeTestTask.execute(NodeTestTask.java:95)
	at java.base/java.util.ArrayList.forEach(ArrayList.java:1511)
	at org.junit.platform.engine.support.hierarchical.SameThreadHierarchicalTestExecutorService.invokeAll(SameThreadHierarchicalTestExecutorService.java:41)
	at org.junit.platform.engine.support.hierarchical.NodeTestTask.lambda$executeRecursively$6(NodeTestTask.java:155)
	at org.junit.platform.engine.support.hierarchical.ThrowableCollector.execute(ThrowableCollector.java:73)
	at org.junit.platform.engine.support.hierarchical.NodeTestTask.lambda$executeRecursively$8(NodeTestTask.java:141)
	at org.junit.platform.engine.support.hierarchical.Node.around(Node.java:137)
	at org.junit.platform.engine.support.hierarchical.NodeTestTask.lambda$executeRecursively$9(NodeTestTask.java:139)
	at org.junit.platform.engine.support.hierarchical.ThrowableCollector.execute(ThrowableCollector.java:73)
	at org.junit.platform.engine.support.hierarchical.NodeTestTask.executeRecursively(NodeTestTask.java:138)
	at org.junit.platform.engine.support.hierarchical.NodeTestTask.execute(NodeTestTask.java:95)
	at java.base/java.util.ArrayList.forEach(ArrayList.java:1511)
	at org.junit.platform.engine.support.hierarchical.SameThreadHierarchicalTestExecutorService.invokeAll(SameThreadHierarchicalTestExecutorService.java:41)
	at org.junit.platform.engine.support.hierarchical.NodeTestTask.lambda$executeRecursively$6(NodeTestTask.java:155)
	at org.junit.platform.engine.support.hierarchical.ThrowableCollector.execute(ThrowableCollector.java:73)
	at org.junit.platform.engine.support.hierarchical.NodeTestTask.lambda$executeRecursively$8(NodeTestTask.java:141)
	at org.junit.platform.engine.support.hierarchical.Node.around(Node.java:137)
	at org.junit.platform.engine.support.hierarchical.NodeTestTask.lambda$executeRecursively$9(NodeTestTask.java:139)
	at org.junit.platform.engine.support.hierarchical.ThrowableCollector.execute(ThrowableCollector.java:73)
	at org.junit.platform.engine.support.hierarchical.NodeTestTask.executeRecursively(NodeTestTask.java:138)
	at org.junit.platform.engine.support.hierarchical.NodeTestTask.execute(NodeTestTask.java:95)
	at org.junit.platform.engine.support.hierarchical.SameThreadHierarchicalTestExecutorService.submit(SameThreadHierarchicalTestExecutorService.java:35)
	at org.junit.platform.engine.support.hierarchical.HierarchicalTestExecutor.execute(HierarchicalTestExecutor.java:57)
	at org.junit.platform.engine.support.hierarchical.HierarchicalTestEngine.execute(HierarchicalTestEngine.java:54)
	at org.junit.platform.launcher.core.EngineExecutionOrchestrator.execute(EngineExecutionOrchestrator.java:198)
	at org.junit.platform.launcher.core.EngineExecutionOrchestrator.execute(EngineExecutionOrchestrator.java:169)
	at org.junit.platform.launcher.core.EngineExecutionOrchestrator.execute(EngineExecutionOrchestrator.java:93)
	at org.junit.platform.launcher.core.EngineExecutionOrchestrator.lambda$execute$0(EngineExecutionOrchestrator.java:58)
	at org.junit.platform.launcher.core.EngineExecutionOrchestrator.withInterceptedStreams(EngineExecutionOrchestrator.java:141)
	at org.junit.platform.launcher.core.EngineExecutionOrchestrator.execute(EngineExecutionOrchestrator.java:57)
	at org.junit.platform.launcher.core.DefaultLauncher.execute(DefaultLauncher.java:103)
	at org.junit.platform.launcher.core.DefaultLauncher.execute(DefaultLauncher.java:85)
	at org.junit.platform.launcher.core.DelegatingLauncher.execute(DelegatingLauncher.java:47)
	at org.apache.maven.surefire.junitplatform.LazyLauncher.execute(LazyLauncher.java:56)
	at org.apache.maven.surefire.junitplatform.JUnitPlatformProvider.execute(JUnitPlatformProvider.java:184)
	at org.apache.maven.surefire.junitplatform.JUnitPlatformProvider.invokeAllTests(JUnitPlatformProvider.java:148)
	at org.apache.maven.surefire.junitplatform.JUnitPlatformProvider.invoke(JUnitPlatformProvider.java:122)
	at org.apache.maven.surefire.booter.ForkedBooter.runSuitesInProcess(ForkedBooter.java:385)
	at org.apache.maven.surefire.booter.ForkedBooter.execute(ForkedBooter.java:162)
	at org.apache.maven.surefire.booter.ForkedBooter.run(ForkedBooter.java:507)
	at org.apache.maven.surefire.booter.ForkedBooter.main(ForkedBooter.java:495)
Caused by: java.lang.RuntimeException: Simulated hard failure for demonstration
	at com.example.springbatchtutorial.config.BatchConfig.lambda$1(BatchConfig.java:520)
	at jdk.internal.reflect.GeneratedMethodAccessor41.invoke(Unknown Source)
	at java.base/jdk.internal.reflect.DelegatingMethodAccessorImpl.invoke(DelegatingMethodAccessorImpl.java:43)
	at java.base/java.lang.reflect.Method.invoke(Method.java:568)
	at org.springframework.aop.support.AopUtils.invokeJoinpointUsingReflection(AopUtils.java:352)
	at org.springframework.aop.framework.ReflectiveMethodInvocation.invokeJoinpoint(ReflectiveMethodInvocation.java:196)
	at org.springframework.aop.framework.ReflectiveMethodInvocation.proceed(ReflectiveMethodInvocation.java:163)
	at org.springframework.aop.support.DelegatingIntroductionInterceptor.doProceed(DelegatingIntroductionInterceptor.java:137)
	at org.springframework.aop.support.DelegatingIntroductionInterceptor.invoke(DelegatingIntroductionInterceptor.java:124)
	at org.springframework.aop.framework.ReflectiveMethodInvocation.proceed(ReflectiveMethodInvocation.java:184)
	at org.springframework.aop.framework.JdkDynamicAopProxy.invoke(JdkDynamicAopProxy.java:249)
	at jdk.proxy2/jdk.proxy2.$Proxy155.process(Unknown Source)
	at jdk.internal.reflect.GeneratedMethodAccessor41.invoke(Unknown Source)
	at java.base/jdk.internal.reflect.DelegatingMethodAccessorImpl.invoke(DelegatingMethodAccessorImpl.java:43)
	at java.base/java.lang.reflect.Method.invoke(Method.java:568)
	at org.springframework.aop.support.AopUtils.invokeJoinpointUsingReflection(AopUtils.java:352)
	at org.springframework.aop.framework.JdkDynamicAopProxy.invoke(JdkDynamicAopProxy.java:242)
	at jdk.proxy2/jdk.proxy2.$Proxy148.process(Unknown Source)
	at org.springframework.batch.core.step.item.SimpleChunkProcessor.doProcess(SimpleChunkProcessor.java:146)
	at org.springframework.batch.core.step.item.FaultTolerantChunkProcessor.lambda$transform$0(FaultTolerantChunkProcessor.java:228)
	at org.springframework.retry.support.RetryTemplate.doExecute(RetryTemplate.java:329)
	... 96 common frames omitted
2025-08-13 22:23:32 - ========================================


2025-08-13 22:23:32 - Job: [SimpleJob: [name=processPersonJob]] completed with the following parameters: [{'csvPath':'{value=input/persons.csv, type=class java.lang.String, identifying=true}','time':'{value=8baaa601-a518-46b1-a74e-7ce8d8433bbd, type=class java.lang.String, identifying=true}','scenario':'{value=FAIL, type=class java.lang.String, identifying=true}'}] and the following status: [FAILED] in 14ms
]]></system-out>
  </testcase>
</testsuite>